[2025-05-06T00:00:13.801+0000] {processor.py:157} INFO - Started process (PID=23567) to work on /opt/airflow/dags/Config_MLFlow.py
[2025-05-06T00:00:13.803+0000] {processor.py:829} INFO - Processing file /opt/airflow/dags/Config_MLFlow.py for tasks to queue
[2025-05-06T00:00:13.822+0000] {logging_mixin.py:154} INFO - [2025-05-06T00:00:13.812+0000] {dagbag.py:536} INFO - Filling up the DagBag from /opt/airflow/dags/Config_MLFlow.py
[2025-05-06T00:00:23.591+0000] {processor.py:839} INFO - DAG(s) dict_keys(['Mlflow_Configuration']) retrieved from /opt/airflow/dags/Config_MLFlow.py
[2025-05-06T00:00:24.838+0000] {logging_mixin.py:154} INFO - [2025-05-06T00:00:24.837+0000] {dag.py:2941} INFO - Sync 1 DAGs
[2025-05-06T00:00:24.958+0000] {logging_mixin.py:154} INFO - [2025-05-06T00:00:24.957+0000] {dag.py:3722} INFO - Setting next_dagrun for Mlflow_Configuration to None, run_after=None
[2025-05-06T00:00:25.047+0000] {processor.py:179} INFO - Processing /opt/airflow/dags/Config_MLFlow.py took 11.298 seconds
[2025-05-06T00:00:56.151+0000] {processor.py:157} INFO - Started process (PID=23588) to work on /opt/airflow/dags/Config_MLFlow.py
[2025-05-06T00:00:56.164+0000] {processor.py:829} INFO - Processing file /opt/airflow/dags/Config_MLFlow.py for tasks to queue
[2025-05-06T00:00:56.174+0000] {logging_mixin.py:154} INFO - [2025-05-06T00:00:56.170+0000] {dagbag.py:536} INFO - Filling up the DagBag from /opt/airflow/dags/Config_MLFlow.py
[2025-05-06T00:01:05.455+0000] {processor.py:839} INFO - DAG(s) dict_keys(['Mlflow_Configuration']) retrieved from /opt/airflow/dags/Config_MLFlow.py
[2025-05-06T00:01:05.532+0000] {logging_mixin.py:154} INFO - [2025-05-06T00:01:05.530+0000] {dag.py:2941} INFO - Sync 1 DAGs
[2025-05-06T00:01:05.559+0000] {logging_mixin.py:154} INFO - [2025-05-06T00:01:05.558+0000] {dag.py:3722} INFO - Setting next_dagrun for Mlflow_Configuration to None, run_after=None
[2025-05-06T00:01:05.622+0000] {processor.py:179} INFO - Processing /opt/airflow/dags/Config_MLFlow.py took 9.528 seconds
[2025-05-06T00:01:37.740+0000] {processor.py:157} INFO - Started process (PID=23613) to work on /opt/airflow/dags/Config_MLFlow.py
[2025-05-06T00:01:37.745+0000] {processor.py:829} INFO - Processing file /opt/airflow/dags/Config_MLFlow.py for tasks to queue
[2025-05-06T00:01:37.748+0000] {logging_mixin.py:154} INFO - [2025-05-06T00:01:37.747+0000] {dagbag.py:536} INFO - Filling up the DagBag from /opt/airflow/dags/Config_MLFlow.py
[2025-05-06T00:01:47.074+0000] {processor.py:839} INFO - DAG(s) dict_keys(['Mlflow_Configuration']) retrieved from /opt/airflow/dags/Config_MLFlow.py
[2025-05-06T00:01:47.178+0000] {logging_mixin.py:154} INFO - [2025-05-06T00:01:47.172+0000] {dag.py:2941} INFO - Sync 1 DAGs
[2025-05-06T00:01:47.224+0000] {logging_mixin.py:154} INFO - [2025-05-06T00:01:47.224+0000] {dag.py:3722} INFO - Setting next_dagrun for Mlflow_Configuration to None, run_after=None
[2025-05-06T00:01:47.287+0000] {processor.py:179} INFO - Processing /opt/airflow/dags/Config_MLFlow.py took 9.583 seconds
[2025-05-06T00:02:17.918+0000] {processor.py:157} INFO - Started process (PID=23632) to work on /opt/airflow/dags/Config_MLFlow.py
[2025-05-06T00:02:17.922+0000] {processor.py:829} INFO - Processing file /opt/airflow/dags/Config_MLFlow.py for tasks to queue
[2025-05-06T00:02:17.924+0000] {logging_mixin.py:154} INFO - [2025-05-06T00:02:17.923+0000] {dagbag.py:536} INFO - Filling up the DagBag from /opt/airflow/dags/Config_MLFlow.py
[2025-05-06T00:02:34.905+0000] {processor.py:839} INFO - DAG(s) dict_keys(['Mlflow_Configuration']) retrieved from /opt/airflow/dags/Config_MLFlow.py
[2025-05-06T00:02:35.360+0000] {logging_mixin.py:154} INFO - [2025-05-06T00:02:35.359+0000] {dag.py:2941} INFO - Sync 1 DAGs
[2025-05-06T00:02:35.396+0000] {logging_mixin.py:154} INFO - [2025-05-06T00:02:35.395+0000] {dag.py:3722} INFO - Setting next_dagrun for Mlflow_Configuration to None, run_after=None
[2025-05-06T00:02:35.915+0000] {processor.py:179} INFO - Processing /opt/airflow/dags/Config_MLFlow.py took 18.020 seconds
[2025-05-06T00:03:06.670+0000] {processor.py:157} INFO - Started process (PID=23652) to work on /opt/airflow/dags/Config_MLFlow.py
[2025-05-06T00:03:06.674+0000] {processor.py:829} INFO - Processing file /opt/airflow/dags/Config_MLFlow.py for tasks to queue
[2025-05-06T00:03:06.676+0000] {logging_mixin.py:154} INFO - [2025-05-06T00:03:06.675+0000] {dagbag.py:536} INFO - Filling up the DagBag from /opt/airflow/dags/Config_MLFlow.py
[2025-05-06T00:03:24.553+0000] {processor.py:839} INFO - DAG(s) dict_keys(['Mlflow_Configuration']) retrieved from /opt/airflow/dags/Config_MLFlow.py
[2025-05-06T00:03:24.847+0000] {logging_mixin.py:154} INFO - [2025-05-06T00:03:24.805+0000] {dag.py:2941} INFO - Sync 1 DAGs
[2025-05-06T00:03:24.906+0000] {logging_mixin.py:154} INFO - [2025-05-06T00:03:24.904+0000] {dag.py:3722} INFO - Setting next_dagrun for Mlflow_Configuration to None, run_after=None
[2025-05-06T00:03:25.218+0000] {processor.py:179} INFO - Processing /opt/airflow/dags/Config_MLFlow.py took 18.561 seconds
[2025-05-06T00:03:56.140+0000] {processor.py:157} INFO - Started process (PID=23669) to work on /opt/airflow/dags/Config_MLFlow.py
[2025-05-06T00:03:56.145+0000] {processor.py:829} INFO - Processing file /opt/airflow/dags/Config_MLFlow.py for tasks to queue
[2025-05-06T00:03:56.146+0000] {logging_mixin.py:154} INFO - [2025-05-06T00:03:56.146+0000] {dagbag.py:536} INFO - Filling up the DagBag from /opt/airflow/dags/Config_MLFlow.py
[2025-05-06T00:04:03.230+0000] {processor.py:839} INFO - DAG(s) dict_keys(['Mlflow_Configuration']) retrieved from /opt/airflow/dags/Config_MLFlow.py
[2025-05-06T00:04:03.416+0000] {logging_mixin.py:154} INFO - [2025-05-06T00:04:03.415+0000] {dag.py:2941} INFO - Sync 1 DAGs
[2025-05-06T00:04:03.496+0000] {logging_mixin.py:154} INFO - [2025-05-06T00:04:03.482+0000] {dag.py:3722} INFO - Setting next_dagrun for Mlflow_Configuration to None, run_after=None
[2025-05-06T00:04:03.604+0000] {processor.py:179} INFO - Processing /opt/airflow/dags/Config_MLFlow.py took 7.488 seconds
[2025-05-06T00:04:34.073+0000] {processor.py:157} INFO - Started process (PID=23690) to work on /opt/airflow/dags/Config_MLFlow.py
[2025-05-06T00:04:34.080+0000] {processor.py:829} INFO - Processing file /opt/airflow/dags/Config_MLFlow.py for tasks to queue
[2025-05-06T00:04:34.082+0000] {logging_mixin.py:154} INFO - [2025-05-06T00:04:34.081+0000] {dagbag.py:536} INFO - Filling up the DagBag from /opt/airflow/dags/Config_MLFlow.py
[2025-05-06T00:04:39.155+0000] {processor.py:839} INFO - DAG(s) dict_keys(['Mlflow_Configuration']) retrieved from /opt/airflow/dags/Config_MLFlow.py
[2025-05-06T00:04:39.231+0000] {logging_mixin.py:154} INFO - [2025-05-06T00:04:39.230+0000] {dag.py:2941} INFO - Sync 1 DAGs
[2025-05-06T00:04:39.259+0000] {logging_mixin.py:154} INFO - [2025-05-06T00:04:39.259+0000] {dag.py:3722} INFO - Setting next_dagrun for Mlflow_Configuration to None, run_after=None
[2025-05-06T00:04:39.295+0000] {processor.py:179} INFO - Processing /opt/airflow/dags/Config_MLFlow.py took 5.235 seconds
[2025-05-06T00:05:10.180+0000] {processor.py:157} INFO - Started process (PID=23714) to work on /opt/airflow/dags/Config_MLFlow.py
[2025-05-06T00:05:10.190+0000] {processor.py:829} INFO - Processing file /opt/airflow/dags/Config_MLFlow.py for tasks to queue
[2025-05-06T00:05:10.192+0000] {logging_mixin.py:154} INFO - [2025-05-06T00:05:10.191+0000] {dagbag.py:536} INFO - Filling up the DagBag from /opt/airflow/dags/Config_MLFlow.py
[2025-05-06T00:05:15.192+0000] {processor.py:839} INFO - DAG(s) dict_keys(['Mlflow_Configuration']) retrieved from /opt/airflow/dags/Config_MLFlow.py
[2025-05-06T00:05:15.246+0000] {logging_mixin.py:154} INFO - [2025-05-06T00:05:15.245+0000] {dag.py:2941} INFO - Sync 1 DAGs
[2025-05-06T00:05:15.275+0000] {logging_mixin.py:154} INFO - [2025-05-06T00:05:15.275+0000] {dag.py:3722} INFO - Setting next_dagrun for Mlflow_Configuration to None, run_after=None
[2025-05-06T00:05:15.323+0000] {processor.py:179} INFO - Processing /opt/airflow/dags/Config_MLFlow.py took 5.163 seconds
[2025-05-06T00:05:45.496+0000] {processor.py:157} INFO - Started process (PID=23737) to work on /opt/airflow/dags/Config_MLFlow.py
[2025-05-06T00:05:45.499+0000] {processor.py:829} INFO - Processing file /opt/airflow/dags/Config_MLFlow.py for tasks to queue
[2025-05-06T00:05:45.501+0000] {logging_mixin.py:154} INFO - [2025-05-06T00:05:45.501+0000] {dagbag.py:536} INFO - Filling up the DagBag from /opt/airflow/dags/Config_MLFlow.py
[2025-05-06T00:05:50.155+0000] {processor.py:839} INFO - DAG(s) dict_keys(['Mlflow_Configuration']) retrieved from /opt/airflow/dags/Config_MLFlow.py
[2025-05-06T00:05:50.195+0000] {logging_mixin.py:154} INFO - [2025-05-06T00:05:50.193+0000] {dag.py:2941} INFO - Sync 1 DAGs
[2025-05-06T00:05:50.213+0000] {logging_mixin.py:154} INFO - [2025-05-06T00:05:50.212+0000] {dag.py:3722} INFO - Setting next_dagrun for Mlflow_Configuration to None, run_after=None
[2025-05-06T00:05:50.243+0000] {processor.py:179} INFO - Processing /opt/airflow/dags/Config_MLFlow.py took 4.766 seconds
[2025-05-06T00:06:21.094+0000] {processor.py:157} INFO - Started process (PID=23758) to work on /opt/airflow/dags/Config_MLFlow.py
[2025-05-06T00:06:21.100+0000] {processor.py:829} INFO - Processing file /opt/airflow/dags/Config_MLFlow.py for tasks to queue
[2025-05-06T00:06:21.102+0000] {logging_mixin.py:154} INFO - [2025-05-06T00:06:21.102+0000] {dagbag.py:536} INFO - Filling up the DagBag from /opt/airflow/dags/Config_MLFlow.py
[2025-05-06T00:06:25.384+0000] {processor.py:839} INFO - DAG(s) dict_keys(['Mlflow_Configuration']) retrieved from /opt/airflow/dags/Config_MLFlow.py
[2025-05-06T00:06:25.475+0000] {logging_mixin.py:154} INFO - [2025-05-06T00:06:25.474+0000] {dag.py:2941} INFO - Sync 1 DAGs
[2025-05-06T00:06:25.530+0000] {logging_mixin.py:154} INFO - [2025-05-06T00:06:25.529+0000] {dag.py:3722} INFO - Setting next_dagrun for Mlflow_Configuration to None, run_after=None
[2025-05-06T00:06:25.602+0000] {processor.py:179} INFO - Processing /opt/airflow/dags/Config_MLFlow.py took 4.516 seconds
[2025-05-06T00:06:55.804+0000] {processor.py:157} INFO - Started process (PID=23779) to work on /opt/airflow/dags/Config_MLFlow.py
[2025-05-06T00:06:55.808+0000] {processor.py:829} INFO - Processing file /opt/airflow/dags/Config_MLFlow.py for tasks to queue
[2025-05-06T00:06:55.812+0000] {logging_mixin.py:154} INFO - [2025-05-06T00:06:55.809+0000] {dagbag.py:536} INFO - Filling up the DagBag from /opt/airflow/dags/Config_MLFlow.py
[2025-05-06T00:07:00.484+0000] {processor.py:839} INFO - DAG(s) dict_keys(['Mlflow_Configuration']) retrieved from /opt/airflow/dags/Config_MLFlow.py
[2025-05-06T00:07:00.551+0000] {logging_mixin.py:154} INFO - [2025-05-06T00:07:00.550+0000] {dag.py:2941} INFO - Sync 1 DAGs
[2025-05-06T00:07:00.576+0000] {logging_mixin.py:154} INFO - [2025-05-06T00:07:00.576+0000] {dag.py:3722} INFO - Setting next_dagrun for Mlflow_Configuration to None, run_after=None
[2025-05-06T00:07:00.634+0000] {processor.py:179} INFO - Processing /opt/airflow/dags/Config_MLFlow.py took 4.845 seconds
[2025-05-06T00:07:31.086+0000] {processor.py:157} INFO - Started process (PID=23800) to work on /opt/airflow/dags/Config_MLFlow.py
[2025-05-06T00:07:31.091+0000] {processor.py:829} INFO - Processing file /opt/airflow/dags/Config_MLFlow.py for tasks to queue
[2025-05-06T00:07:31.093+0000] {logging_mixin.py:154} INFO - [2025-05-06T00:07:31.092+0000] {dagbag.py:536} INFO - Filling up the DagBag from /opt/airflow/dags/Config_MLFlow.py
[2025-05-06T00:07:35.449+0000] {processor.py:839} INFO - DAG(s) dict_keys(['Mlflow_Configuration']) retrieved from /opt/airflow/dags/Config_MLFlow.py
[2025-05-06T00:07:35.501+0000] {logging_mixin.py:154} INFO - [2025-05-06T00:07:35.500+0000] {dag.py:2941} INFO - Sync 1 DAGs
[2025-05-06T00:07:35.519+0000] {logging_mixin.py:154} INFO - [2025-05-06T00:07:35.519+0000] {dag.py:3722} INFO - Setting next_dagrun for Mlflow_Configuration to None, run_after=None
[2025-05-06T00:07:35.561+0000] {processor.py:179} INFO - Processing /opt/airflow/dags/Config_MLFlow.py took 4.489 seconds
[2025-05-06T00:08:05.783+0000] {processor.py:157} INFO - Started process (PID=23821) to work on /opt/airflow/dags/Config_MLFlow.py
[2025-05-06T00:08:05.787+0000] {processor.py:829} INFO - Processing file /opt/airflow/dags/Config_MLFlow.py for tasks to queue
[2025-05-06T00:08:05.789+0000] {logging_mixin.py:154} INFO - [2025-05-06T00:08:05.788+0000] {dagbag.py:536} INFO - Filling up the DagBag from /opt/airflow/dags/Config_MLFlow.py
[2025-05-06T00:08:10.438+0000] {processor.py:839} INFO - DAG(s) dict_keys(['Mlflow_Configuration']) retrieved from /opt/airflow/dags/Config_MLFlow.py
[2025-05-06T00:08:10.554+0000] {logging_mixin.py:154} INFO - [2025-05-06T00:08:10.553+0000] {dag.py:2941} INFO - Sync 1 DAGs
[2025-05-06T00:08:10.580+0000] {logging_mixin.py:154} INFO - [2025-05-06T00:08:10.580+0000] {dag.py:3722} INFO - Setting next_dagrun for Mlflow_Configuration to None, run_after=None
[2025-05-06T00:08:10.622+0000] {processor.py:179} INFO - Processing /opt/airflow/dags/Config_MLFlow.py took 4.863 seconds
[2025-05-06T00:08:41.356+0000] {processor.py:157} INFO - Started process (PID=23842) to work on /opt/airflow/dags/Config_MLFlow.py
[2025-05-06T00:08:41.361+0000] {processor.py:829} INFO - Processing file /opt/airflow/dags/Config_MLFlow.py for tasks to queue
[2025-05-06T00:08:41.362+0000] {logging_mixin.py:154} INFO - [2025-05-06T00:08:41.362+0000] {dagbag.py:536} INFO - Filling up the DagBag from /opt/airflow/dags/Config_MLFlow.py
[2025-05-06T00:08:45.213+0000] {processor.py:839} INFO - DAG(s) dict_keys(['Mlflow_Configuration']) retrieved from /opt/airflow/dags/Config_MLFlow.py
[2025-05-06T00:08:45.306+0000] {logging_mixin.py:154} INFO - [2025-05-06T00:08:45.305+0000] {dag.py:2941} INFO - Sync 1 DAGs
[2025-05-06T00:08:45.333+0000] {logging_mixin.py:154} INFO - [2025-05-06T00:08:45.330+0000] {dag.py:3722} INFO - Setting next_dagrun for Mlflow_Configuration to None, run_after=None
[2025-05-06T00:08:45.390+0000] {processor.py:179} INFO - Processing /opt/airflow/dags/Config_MLFlow.py took 4.043 seconds
[2025-05-06T00:09:15.621+0000] {processor.py:157} INFO - Started process (PID=23863) to work on /opt/airflow/dags/Config_MLFlow.py
[2025-05-06T00:09:15.624+0000] {processor.py:829} INFO - Processing file /opt/airflow/dags/Config_MLFlow.py for tasks to queue
[2025-05-06T00:09:15.626+0000] {logging_mixin.py:154} INFO - [2025-05-06T00:09:15.625+0000] {dagbag.py:536} INFO - Filling up the DagBag from /opt/airflow/dags/Config_MLFlow.py
[2025-05-06T00:09:20.182+0000] {processor.py:839} INFO - DAG(s) dict_keys(['Mlflow_Configuration']) retrieved from /opt/airflow/dags/Config_MLFlow.py
[2025-05-06T00:09:20.220+0000] {logging_mixin.py:154} INFO - [2025-05-06T00:09:20.218+0000] {dag.py:2941} INFO - Sync 1 DAGs
[2025-05-06T00:09:20.237+0000] {logging_mixin.py:154} INFO - [2025-05-06T00:09:20.237+0000] {dag.py:3722} INFO - Setting next_dagrun for Mlflow_Configuration to None, run_after=None
[2025-05-06T00:09:20.272+0000] {processor.py:179} INFO - Processing /opt/airflow/dags/Config_MLFlow.py took 4.669 seconds
[2025-05-06T00:09:50.541+0000] {processor.py:157} INFO - Started process (PID=23885) to work on /opt/airflow/dags/Config_MLFlow.py
[2025-05-06T00:09:50.544+0000] {processor.py:829} INFO - Processing file /opt/airflow/dags/Config_MLFlow.py for tasks to queue
[2025-05-06T00:09:50.546+0000] {logging_mixin.py:154} INFO - [2025-05-06T00:09:50.545+0000] {dagbag.py:536} INFO - Filling up the DagBag from /opt/airflow/dags/Config_MLFlow.py
[2025-05-06T00:09:54.223+0000] {processor.py:839} INFO - DAG(s) dict_keys(['Mlflow_Configuration']) retrieved from /opt/airflow/dags/Config_MLFlow.py
[2025-05-06T00:09:54.256+0000] {logging_mixin.py:154} INFO - [2025-05-06T00:09:54.255+0000] {dag.py:2941} INFO - Sync 1 DAGs
[2025-05-06T00:09:54.274+0000] {logging_mixin.py:154} INFO - [2025-05-06T00:09:54.273+0000] {dag.py:3722} INFO - Setting next_dagrun for Mlflow_Configuration to None, run_after=None
[2025-05-06T00:09:54.301+0000] {processor.py:179} INFO - Processing /opt/airflow/dags/Config_MLFlow.py took 3.770 seconds
[2025-05-06T00:10:24.828+0000] {processor.py:157} INFO - Started process (PID=23906) to work on /opt/airflow/dags/Config_MLFlow.py
[2025-05-06T00:10:24.832+0000] {processor.py:829} INFO - Processing file /opt/airflow/dags/Config_MLFlow.py for tasks to queue
[2025-05-06T00:10:24.834+0000] {logging_mixin.py:154} INFO - [2025-05-06T00:10:24.833+0000] {dagbag.py:536} INFO - Filling up the DagBag from /opt/airflow/dags/Config_MLFlow.py
[2025-05-06T00:10:28.359+0000] {processor.py:839} INFO - DAG(s) dict_keys(['Mlflow_Configuration']) retrieved from /opt/airflow/dags/Config_MLFlow.py
[2025-05-06T00:10:28.418+0000] {logging_mixin.py:154} INFO - [2025-05-06T00:10:28.416+0000] {dag.py:2941} INFO - Sync 1 DAGs
[2025-05-06T00:10:28.444+0000] {logging_mixin.py:154} INFO - [2025-05-06T00:10:28.444+0000] {dag.py:3722} INFO - Setting next_dagrun for Mlflow_Configuration to None, run_after=None
[2025-05-06T00:10:28.487+0000] {processor.py:179} INFO - Processing /opt/airflow/dags/Config_MLFlow.py took 3.669 seconds
[2025-05-06T00:10:58.897+0000] {processor.py:157} INFO - Started process (PID=23927) to work on /opt/airflow/dags/Config_MLFlow.py
[2025-05-06T00:10:58.900+0000] {processor.py:829} INFO - Processing file /opt/airflow/dags/Config_MLFlow.py for tasks to queue
[2025-05-06T00:10:58.902+0000] {logging_mixin.py:154} INFO - [2025-05-06T00:10:58.902+0000] {dagbag.py:536} INFO - Filling up the DagBag from /opt/airflow/dags/Config_MLFlow.py
[2025-05-06T00:11:02.263+0000] {processor.py:839} INFO - DAG(s) dict_keys(['Mlflow_Configuration']) retrieved from /opt/airflow/dags/Config_MLFlow.py
[2025-05-06T00:11:02.330+0000] {logging_mixin.py:154} INFO - [2025-05-06T00:11:02.329+0000] {dag.py:2941} INFO - Sync 1 DAGs
[2025-05-06T00:11:02.373+0000] {logging_mixin.py:154} INFO - [2025-05-06T00:11:02.373+0000] {dag.py:3722} INFO - Setting next_dagrun for Mlflow_Configuration to None, run_after=None
[2025-05-06T00:11:02.475+0000] {processor.py:179} INFO - Processing /opt/airflow/dags/Config_MLFlow.py took 3.588 seconds
[2025-05-06T00:11:32.686+0000] {processor.py:157} INFO - Started process (PID=23948) to work on /opt/airflow/dags/Config_MLFlow.py
[2025-05-06T00:11:32.690+0000] {processor.py:829} INFO - Processing file /opt/airflow/dags/Config_MLFlow.py for tasks to queue
[2025-05-06T00:11:32.692+0000] {logging_mixin.py:154} INFO - [2025-05-06T00:11:32.691+0000] {dagbag.py:536} INFO - Filling up the DagBag from /opt/airflow/dags/Config_MLFlow.py
[2025-05-06T00:11:37.610+0000] {processor.py:839} INFO - DAG(s) dict_keys(['Mlflow_Configuration']) retrieved from /opt/airflow/dags/Config_MLFlow.py
[2025-05-06T00:11:37.674+0000] {logging_mixin.py:154} INFO - [2025-05-06T00:11:37.669+0000] {dag.py:2941} INFO - Sync 1 DAGs
[2025-05-06T00:11:37.735+0000] {logging_mixin.py:154} INFO - [2025-05-06T00:11:37.730+0000] {dag.py:3722} INFO - Setting next_dagrun for Mlflow_Configuration to None, run_after=None
[2025-05-06T00:11:37.813+0000] {processor.py:179} INFO - Processing /opt/airflow/dags/Config_MLFlow.py took 5.136 seconds
[2025-05-06T00:12:08.349+0000] {processor.py:157} INFO - Started process (PID=23971) to work on /opt/airflow/dags/Config_MLFlow.py
[2025-05-06T00:12:08.353+0000] {processor.py:829} INFO - Processing file /opt/airflow/dags/Config_MLFlow.py for tasks to queue
[2025-05-06T00:12:08.355+0000] {logging_mixin.py:154} INFO - [2025-05-06T00:12:08.354+0000] {dagbag.py:536} INFO - Filling up the DagBag from /opt/airflow/dags/Config_MLFlow.py
[2025-05-06T00:12:12.815+0000] {processor.py:839} INFO - DAG(s) dict_keys(['Mlflow_Configuration']) retrieved from /opt/airflow/dags/Config_MLFlow.py
[2025-05-06T00:12:12.859+0000] {logging_mixin.py:154} INFO - [2025-05-06T00:12:12.858+0000] {dag.py:2941} INFO - Sync 1 DAGs
[2025-05-06T00:12:12.883+0000] {logging_mixin.py:154} INFO - [2025-05-06T00:12:12.882+0000] {dag.py:3722} INFO - Setting next_dagrun for Mlflow_Configuration to None, run_after=None
[2025-05-06T00:12:12.914+0000] {processor.py:179} INFO - Processing /opt/airflow/dags/Config_MLFlow.py took 4.576 seconds
[2025-05-06T00:12:43.691+0000] {processor.py:157} INFO - Started process (PID=23994) to work on /opt/airflow/dags/Config_MLFlow.py
[2025-05-06T00:12:43.696+0000] {processor.py:829} INFO - Processing file /opt/airflow/dags/Config_MLFlow.py for tasks to queue
[2025-05-06T00:12:43.699+0000] {logging_mixin.py:154} INFO - [2025-05-06T00:12:43.697+0000] {dagbag.py:536} INFO - Filling up the DagBag from /opt/airflow/dags/Config_MLFlow.py
[2025-05-06T00:12:47.763+0000] {processor.py:839} INFO - DAG(s) dict_keys(['Mlflow_Configuration']) retrieved from /opt/airflow/dags/Config_MLFlow.py
[2025-05-06T00:12:47.806+0000] {logging_mixin.py:154} INFO - [2025-05-06T00:12:47.805+0000] {dag.py:2941} INFO - Sync 1 DAGs
[2025-05-06T00:12:47.827+0000] {logging_mixin.py:154} INFO - [2025-05-06T00:12:47.827+0000] {dag.py:3722} INFO - Setting next_dagrun for Mlflow_Configuration to None, run_after=None
[2025-05-06T00:12:47.857+0000] {processor.py:179} INFO - Processing /opt/airflow/dags/Config_MLFlow.py took 4.181 seconds
[2025-05-06T00:13:18.873+0000] {processor.py:157} INFO - Started process (PID=24015) to work on /opt/airflow/dags/Config_MLFlow.py
[2025-05-06T00:13:18.881+0000] {processor.py:829} INFO - Processing file /opt/airflow/dags/Config_MLFlow.py for tasks to queue
[2025-05-06T00:13:18.883+0000] {logging_mixin.py:154} INFO - [2025-05-06T00:13:18.882+0000] {dagbag.py:536} INFO - Filling up the DagBag from /opt/airflow/dags/Config_MLFlow.py
[2025-05-06T00:13:25.525+0000] {processor.py:839} INFO - DAG(s) dict_keys(['Mlflow_Configuration']) retrieved from /opt/airflow/dags/Config_MLFlow.py
[2025-05-06T00:13:25.618+0000] {logging_mixin.py:154} INFO - [2025-05-06T00:13:25.617+0000] {dag.py:2941} INFO - Sync 1 DAGs
[2025-05-06T00:13:25.700+0000] {logging_mixin.py:154} INFO - [2025-05-06T00:13:25.678+0000] {dag.py:3722} INFO - Setting next_dagrun for Mlflow_Configuration to None, run_after=None
[2025-05-06T00:13:25.773+0000] {processor.py:179} INFO - Processing /opt/airflow/dags/Config_MLFlow.py took 6.911 seconds
[2025-05-06T00:13:56.381+0000] {processor.py:157} INFO - Started process (PID=24037) to work on /opt/airflow/dags/Config_MLFlow.py
[2025-05-06T00:13:56.387+0000] {processor.py:829} INFO - Processing file /opt/airflow/dags/Config_MLFlow.py for tasks to queue
[2025-05-06T00:13:56.395+0000] {logging_mixin.py:154} INFO - [2025-05-06T00:13:56.394+0000] {dagbag.py:536} INFO - Filling up the DagBag from /opt/airflow/dags/Config_MLFlow.py
[2025-05-06T00:14:03.025+0000] {processor.py:839} INFO - DAG(s) dict_keys(['Mlflow_Configuration']) retrieved from /opt/airflow/dags/Config_MLFlow.py
[2025-05-06T00:14:03.116+0000] {logging_mixin.py:154} INFO - [2025-05-06T00:14:03.115+0000] {dag.py:2941} INFO - Sync 1 DAGs
[2025-05-06T00:14:03.157+0000] {logging_mixin.py:154} INFO - [2025-05-06T00:14:03.157+0000] {dag.py:3722} INFO - Setting next_dagrun for Mlflow_Configuration to None, run_after=None
[2025-05-06T00:14:03.235+0000] {processor.py:179} INFO - Processing /opt/airflow/dags/Config_MLFlow.py took 6.905 seconds
[2025-05-06T00:14:33.751+0000] {processor.py:157} INFO - Started process (PID=24054) to work on /opt/airflow/dags/Config_MLFlow.py
[2025-05-06T00:14:33.754+0000] {processor.py:829} INFO - Processing file /opt/airflow/dags/Config_MLFlow.py for tasks to queue
[2025-05-06T00:14:33.762+0000] {logging_mixin.py:154} INFO - [2025-05-06T00:14:33.758+0000] {dagbag.py:536} INFO - Filling up the DagBag from /opt/airflow/dags/Config_MLFlow.py
[2025-05-06T00:14:44.221+0000] {processor.py:839} INFO - DAG(s) dict_keys(['Mlflow_Configuration']) retrieved from /opt/airflow/dags/Config_MLFlow.py
[2025-05-06T00:14:44.310+0000] {logging_mixin.py:154} INFO - [2025-05-06T00:14:44.308+0000] {dag.py:2941} INFO - Sync 1 DAGs
[2025-05-06T00:14:44.342+0000] {logging_mixin.py:154} INFO - [2025-05-06T00:14:44.342+0000] {dag.py:3722} INFO - Setting next_dagrun for Mlflow_Configuration to None, run_after=None
[2025-05-06T00:14:44.414+0000] {processor.py:179} INFO - Processing /opt/airflow/dags/Config_MLFlow.py took 10.693 seconds
[2025-05-06T00:15:15.208+0000] {processor.py:157} INFO - Started process (PID=24072) to work on /opt/airflow/dags/Config_MLFlow.py
[2025-05-06T00:15:15.211+0000] {processor.py:829} INFO - Processing file /opt/airflow/dags/Config_MLFlow.py for tasks to queue
[2025-05-06T00:15:15.213+0000] {logging_mixin.py:154} INFO - [2025-05-06T00:15:15.212+0000] {dagbag.py:536} INFO - Filling up the DagBag from /opt/airflow/dags/Config_MLFlow.py
[2025-05-06T00:15:31.724+0000] {processor.py:839} INFO - DAG(s) dict_keys(['Mlflow_Configuration']) retrieved from /opt/airflow/dags/Config_MLFlow.py
[2025-05-06T00:15:31.862+0000] {logging_mixin.py:154} INFO - [2025-05-06T00:15:31.861+0000] {dag.py:2941} INFO - Sync 1 DAGs
[2025-05-06T00:15:31.891+0000] {logging_mixin.py:154} INFO - [2025-05-06T00:15:31.890+0000] {dag.py:3722} INFO - Setting next_dagrun for Mlflow_Configuration to None, run_after=None
[2025-05-06T00:15:31.937+0000] {processor.py:179} INFO - Processing /opt/airflow/dags/Config_MLFlow.py took 16.740 seconds
[2025-05-06T00:16:02.938+0000] {processor.py:157} INFO - Started process (PID=24092) to work on /opt/airflow/dags/Config_MLFlow.py
[2025-05-06T00:16:02.941+0000] {processor.py:829} INFO - Processing file /opt/airflow/dags/Config_MLFlow.py for tasks to queue
[2025-05-06T00:16:02.945+0000] {logging_mixin.py:154} INFO - [2025-05-06T00:16:02.945+0000] {dagbag.py:536} INFO - Filling up the DagBag from /opt/airflow/dags/Config_MLFlow.py
[2025-05-06T00:16:12.017+0000] {processor.py:839} INFO - DAG(s) dict_keys(['Mlflow_Configuration']) retrieved from /opt/airflow/dags/Config_MLFlow.py
[2025-05-06T00:16:12.321+0000] {logging_mixin.py:154} INFO - [2025-05-06T00:16:12.311+0000] {dag.py:2941} INFO - Sync 1 DAGs
[2025-05-06T00:16:12.481+0000] {logging_mixin.py:154} INFO - [2025-05-06T00:16:12.463+0000] {dag.py:3722} INFO - Setting next_dagrun for Mlflow_Configuration to None, run_after=None
[2025-05-06T00:16:12.649+0000] {processor.py:179} INFO - Processing /opt/airflow/dags/Config_MLFlow.py took 9.732 seconds
[2025-05-06T00:16:43.204+0000] {processor.py:157} INFO - Started process (PID=24113) to work on /opt/airflow/dags/Config_MLFlow.py
[2025-05-06T00:16:43.210+0000] {processor.py:829} INFO - Processing file /opt/airflow/dags/Config_MLFlow.py for tasks to queue
[2025-05-06T00:16:43.216+0000] {logging_mixin.py:154} INFO - [2025-05-06T00:16:43.211+0000] {dagbag.py:536} INFO - Filling up the DagBag from /opt/airflow/dags/Config_MLFlow.py
[2025-05-06T00:16:52.449+0000] {processor.py:839} INFO - DAG(s) dict_keys(['Mlflow_Configuration']) retrieved from /opt/airflow/dags/Config_MLFlow.py
[2025-05-06T00:16:52.516+0000] {logging_mixin.py:154} INFO - [2025-05-06T00:16:52.515+0000] {dag.py:2941} INFO - Sync 1 DAGs
[2025-05-06T00:16:52.555+0000] {logging_mixin.py:154} INFO - [2025-05-06T00:16:52.555+0000] {dag.py:3722} INFO - Setting next_dagrun for Mlflow_Configuration to None, run_after=None
[2025-05-06T00:16:52.639+0000] {processor.py:179} INFO - Processing /opt/airflow/dags/Config_MLFlow.py took 9.460 seconds
[2025-05-06T00:17:23.010+0000] {processor.py:157} INFO - Started process (PID=24136) to work on /opt/airflow/dags/Config_MLFlow.py
[2025-05-06T00:17:23.018+0000] {processor.py:829} INFO - Processing file /opt/airflow/dags/Config_MLFlow.py for tasks to queue
[2025-05-06T00:17:23.020+0000] {logging_mixin.py:154} INFO - [2025-05-06T00:17:23.019+0000] {dagbag.py:536} INFO - Filling up the DagBag from /opt/airflow/dags/Config_MLFlow.py
[2025-05-06T00:17:30.548+0000] {processor.py:839} INFO - DAG(s) dict_keys(['Mlflow_Configuration']) retrieved from /opt/airflow/dags/Config_MLFlow.py
[2025-05-06T00:17:30.806+0000] {logging_mixin.py:154} INFO - [2025-05-06T00:17:30.796+0000] {dag.py:2941} INFO - Sync 1 DAGs
[2025-05-06T00:17:30.936+0000] {logging_mixin.py:154} INFO - [2025-05-06T00:17:30.935+0000] {dag.py:3722} INFO - Setting next_dagrun for Mlflow_Configuration to None, run_after=None
[2025-05-06T00:17:31.201+0000] {processor.py:179} INFO - Processing /opt/airflow/dags/Config_MLFlow.py took 8.227 seconds
[2025-05-06T00:18:03.026+0000] {processor.py:157} INFO - Started process (PID=24160) to work on /opt/airflow/dags/Config_MLFlow.py
[2025-05-06T00:18:03.030+0000] {processor.py:829} INFO - Processing file /opt/airflow/dags/Config_MLFlow.py for tasks to queue
[2025-05-06T00:18:03.032+0000] {logging_mixin.py:154} INFO - [2025-05-06T00:18:03.032+0000] {dagbag.py:536} INFO - Filling up the DagBag from /opt/airflow/dags/Config_MLFlow.py
[2025-05-06T00:18:09.453+0000] {processor.py:839} INFO - DAG(s) dict_keys(['Mlflow_Configuration']) retrieved from /opt/airflow/dags/Config_MLFlow.py
[2025-05-06T00:18:09.505+0000] {logging_mixin.py:154} INFO - [2025-05-06T00:18:09.503+0000] {dag.py:2941} INFO - Sync 1 DAGs
[2025-05-06T00:18:09.533+0000] {logging_mixin.py:154} INFO - [2025-05-06T00:18:09.533+0000] {dag.py:3722} INFO - Setting next_dagrun for Mlflow_Configuration to None, run_after=None
[2025-05-06T00:18:09.566+0000] {processor.py:179} INFO - Processing /opt/airflow/dags/Config_MLFlow.py took 6.552 seconds
[2025-05-06T00:18:40.114+0000] {processor.py:157} INFO - Started process (PID=24181) to work on /opt/airflow/dags/Config_MLFlow.py
[2025-05-06T00:18:40.127+0000] {processor.py:829} INFO - Processing file /opt/airflow/dags/Config_MLFlow.py for tasks to queue
[2025-05-06T00:18:40.129+0000] {logging_mixin.py:154} INFO - [2025-05-06T00:18:40.128+0000] {dagbag.py:536} INFO - Filling up the DagBag from /opt/airflow/dags/Config_MLFlow.py
[2025-05-06T00:18:47.912+0000] {processor.py:839} INFO - DAG(s) dict_keys(['Mlflow_Configuration']) retrieved from /opt/airflow/dags/Config_MLFlow.py
[2025-05-06T00:18:47.988+0000] {logging_mixin.py:154} INFO - [2025-05-06T00:18:47.987+0000] {dag.py:2941} INFO - Sync 1 DAGs
[2025-05-06T00:18:48.021+0000] {logging_mixin.py:154} INFO - [2025-05-06T00:18:48.019+0000] {dag.py:3722} INFO - Setting next_dagrun for Mlflow_Configuration to None, run_after=None
[2025-05-06T00:18:48.122+0000] {processor.py:179} INFO - Processing /opt/airflow/dags/Config_MLFlow.py took 8.046 seconds
[2025-05-06T00:19:18.463+0000] {processor.py:157} INFO - Started process (PID=24202) to work on /opt/airflow/dags/Config_MLFlow.py
[2025-05-06T00:19:18.468+0000] {processor.py:829} INFO - Processing file /opt/airflow/dags/Config_MLFlow.py for tasks to queue
[2025-05-06T00:19:18.470+0000] {logging_mixin.py:154} INFO - [2025-05-06T00:19:18.469+0000] {dagbag.py:536} INFO - Filling up the DagBag from /opt/airflow/dags/Config_MLFlow.py
[2025-05-06T00:19:23.556+0000] {processor.py:839} INFO - DAG(s) dict_keys(['Mlflow_Configuration']) retrieved from /opt/airflow/dags/Config_MLFlow.py
[2025-05-06T00:19:23.601+0000] {logging_mixin.py:154} INFO - [2025-05-06T00:19:23.600+0000] {dag.py:2941} INFO - Sync 1 DAGs
[2025-05-06T00:19:23.627+0000] {logging_mixin.py:154} INFO - [2025-05-06T00:19:23.627+0000] {dag.py:3722} INFO - Setting next_dagrun for Mlflow_Configuration to None, run_after=None
[2025-05-06T00:19:23.670+0000] {processor.py:179} INFO - Processing /opt/airflow/dags/Config_MLFlow.py took 5.232 seconds
[2025-05-06T00:19:54.171+0000] {processor.py:157} INFO - Started process (PID=24223) to work on /opt/airflow/dags/Config_MLFlow.py
[2025-05-06T00:19:54.174+0000] {processor.py:829} INFO - Processing file /opt/airflow/dags/Config_MLFlow.py for tasks to queue
[2025-05-06T00:19:54.178+0000] {logging_mixin.py:154} INFO - [2025-05-06T00:19:54.177+0000] {dagbag.py:536} INFO - Filling up the DagBag from /opt/airflow/dags/Config_MLFlow.py
[2025-05-06T00:19:59.449+0000] {processor.py:839} INFO - DAG(s) dict_keys(['Mlflow_Configuration']) retrieved from /opt/airflow/dags/Config_MLFlow.py
[2025-05-06T00:19:59.618+0000] {logging_mixin.py:154} INFO - [2025-05-06T00:19:59.615+0000] {dag.py:2941} INFO - Sync 1 DAGs
[2025-05-06T00:19:59.662+0000] {logging_mixin.py:154} INFO - [2025-05-06T00:19:59.661+0000] {dag.py:3722} INFO - Setting next_dagrun for Mlflow_Configuration to None, run_after=None
[2025-05-06T00:19:59.786+0000] {processor.py:179} INFO - Processing /opt/airflow/dags/Config_MLFlow.py took 5.653 seconds
[2025-05-06T00:20:30.139+0000] {processor.py:157} INFO - Started process (PID=24244) to work on /opt/airflow/dags/Config_MLFlow.py
[2025-05-06T00:20:30.147+0000] {processor.py:829} INFO - Processing file /opt/airflow/dags/Config_MLFlow.py for tasks to queue
[2025-05-06T00:20:30.154+0000] {logging_mixin.py:154} INFO - [2025-05-06T00:20:30.148+0000] {dagbag.py:536} INFO - Filling up the DagBag from /opt/airflow/dags/Config_MLFlow.py
[2025-05-06T00:20:39.920+0000] {processor.py:839} INFO - DAG(s) dict_keys(['Mlflow_Configuration']) retrieved from /opt/airflow/dags/Config_MLFlow.py
[2025-05-06T00:20:39.994+0000] {logging_mixin.py:154} INFO - [2025-05-06T00:20:39.992+0000] {dag.py:2941} INFO - Sync 1 DAGs
[2025-05-06T00:20:40.045+0000] {logging_mixin.py:154} INFO - [2025-05-06T00:20:40.044+0000] {dag.py:3722} INFO - Setting next_dagrun for Mlflow_Configuration to None, run_after=None
[2025-05-06T00:20:40.097+0000] {processor.py:179} INFO - Processing /opt/airflow/dags/Config_MLFlow.py took 9.989 seconds
[2025-05-06T00:21:10.408+0000] {processor.py:157} INFO - Started process (PID=24266) to work on /opt/airflow/dags/Config_MLFlow.py
[2025-05-06T00:21:10.414+0000] {processor.py:829} INFO - Processing file /opt/airflow/dags/Config_MLFlow.py for tasks to queue
[2025-05-06T00:21:10.416+0000] {logging_mixin.py:154} INFO - [2025-05-06T00:21:10.415+0000] {dagbag.py:536} INFO - Filling up the DagBag from /opt/airflow/dags/Config_MLFlow.py
[2025-05-06T00:21:20.928+0000] {processor.py:839} INFO - DAG(s) dict_keys(['Mlflow_Configuration']) retrieved from /opt/airflow/dags/Config_MLFlow.py
[2025-05-06T00:21:21.055+0000] {logging_mixin.py:154} INFO - [2025-05-06T00:21:21.053+0000] {dag.py:2941} INFO - Sync 1 DAGs
[2025-05-06T00:21:21.156+0000] {logging_mixin.py:154} INFO - [2025-05-06T00:21:21.156+0000] {dag.py:3722} INFO - Setting next_dagrun for Mlflow_Configuration to None, run_after=None
[2025-05-06T00:21:21.287+0000] {processor.py:179} INFO - Processing /opt/airflow/dags/Config_MLFlow.py took 10.892 seconds
[2025-05-06T00:21:51.943+0000] {processor.py:157} INFO - Started process (PID=24291) to work on /opt/airflow/dags/Config_MLFlow.py
[2025-05-06T00:21:51.951+0000] {processor.py:829} INFO - Processing file /opt/airflow/dags/Config_MLFlow.py for tasks to queue
[2025-05-06T00:21:51.964+0000] {logging_mixin.py:154} INFO - [2025-05-06T00:21:51.955+0000] {dagbag.py:536} INFO - Filling up the DagBag from /opt/airflow/dags/Config_MLFlow.py
[2025-05-06T00:21:58.669+0000] {processor.py:839} INFO - DAG(s) dict_keys(['Mlflow_Configuration']) retrieved from /opt/airflow/dags/Config_MLFlow.py
[2025-05-06T00:21:58.798+0000] {logging_mixin.py:154} INFO - [2025-05-06T00:21:58.797+0000] {dag.py:2941} INFO - Sync 1 DAGs
[2025-05-06T00:21:58.868+0000] {logging_mixin.py:154} INFO - [2025-05-06T00:21:58.868+0000] {dag.py:3722} INFO - Setting next_dagrun for Mlflow_Configuration to None, run_after=None
[2025-05-06T00:21:58.973+0000] {processor.py:179} INFO - Processing /opt/airflow/dags/Config_MLFlow.py took 7.080 seconds
[2025-05-06T00:22:29.149+0000] {processor.py:157} INFO - Started process (PID=24312) to work on /opt/airflow/dags/Config_MLFlow.py
[2025-05-06T00:22:29.154+0000] {processor.py:829} INFO - Processing file /opt/airflow/dags/Config_MLFlow.py for tasks to queue
[2025-05-06T00:22:29.157+0000] {logging_mixin.py:154} INFO - [2025-05-06T00:22:29.156+0000] {dagbag.py:536} INFO - Filling up the DagBag from /opt/airflow/dags/Config_MLFlow.py
[2025-05-06T00:22:32.760+0000] {processor.py:839} INFO - DAG(s) dict_keys(['Mlflow_Configuration']) retrieved from /opt/airflow/dags/Config_MLFlow.py
[2025-05-06T00:22:32.811+0000] {logging_mixin.py:154} INFO - [2025-05-06T00:22:32.809+0000] {dag.py:2941} INFO - Sync 1 DAGs
[2025-05-06T00:22:32.838+0000] {logging_mixin.py:154} INFO - [2025-05-06T00:22:32.837+0000] {dag.py:3722} INFO - Setting next_dagrun for Mlflow_Configuration to None, run_after=None
[2025-05-06T00:22:32.884+0000] {processor.py:179} INFO - Processing /opt/airflow/dags/Config_MLFlow.py took 3.749 seconds
[2025-05-06T00:23:03.492+0000] {processor.py:157} INFO - Started process (PID=24333) to work on /opt/airflow/dags/Config_MLFlow.py
[2025-05-06T00:23:03.501+0000] {processor.py:829} INFO - Processing file /opt/airflow/dags/Config_MLFlow.py for tasks to queue
[2025-05-06T00:23:03.508+0000] {logging_mixin.py:154} INFO - [2025-05-06T00:23:03.504+0000] {dagbag.py:536} INFO - Filling up the DagBag from /opt/airflow/dags/Config_MLFlow.py
[2025-05-06T00:23:09.558+0000] {processor.py:839} INFO - DAG(s) dict_keys(['Mlflow_Configuration']) retrieved from /opt/airflow/dags/Config_MLFlow.py
[2025-05-06T00:23:09.608+0000] {logging_mixin.py:154} INFO - [2025-05-06T00:23:09.607+0000] {dag.py:2941} INFO - Sync 1 DAGs
[2025-05-06T00:23:09.639+0000] {logging_mixin.py:154} INFO - [2025-05-06T00:23:09.637+0000] {dag.py:3722} INFO - Setting next_dagrun for Mlflow_Configuration to None, run_after=None
[2025-05-06T00:23:09.872+0000] {processor.py:179} INFO - Processing /opt/airflow/dags/Config_MLFlow.py took 6.410 seconds
[2025-05-06T00:23:40.302+0000] {processor.py:157} INFO - Started process (PID=24354) to work on /opt/airflow/dags/Config_MLFlow.py
[2025-05-06T00:23:40.307+0000] {processor.py:829} INFO - Processing file /opt/airflow/dags/Config_MLFlow.py for tasks to queue
[2025-05-06T00:23:40.309+0000] {logging_mixin.py:154} INFO - [2025-05-06T00:23:40.308+0000] {dagbag.py:536} INFO - Filling up the DagBag from /opt/airflow/dags/Config_MLFlow.py
[2025-05-06T00:23:48.814+0000] {processor.py:839} INFO - DAG(s) dict_keys(['Mlflow_Configuration']) retrieved from /opt/airflow/dags/Config_MLFlow.py
[2025-05-06T00:23:48.872+0000] {logging_mixin.py:154} INFO - [2025-05-06T00:23:48.865+0000] {dag.py:2941} INFO - Sync 1 DAGs
[2025-05-06T00:23:48.910+0000] {logging_mixin.py:154} INFO - [2025-05-06T00:23:48.909+0000] {dag.py:3722} INFO - Setting next_dagrun for Mlflow_Configuration to None, run_after=None
[2025-05-06T00:23:48.984+0000] {processor.py:179} INFO - Processing /opt/airflow/dags/Config_MLFlow.py took 8.714 seconds
[2025-05-06T00:24:19.615+0000] {processor.py:157} INFO - Started process (PID=24373) to work on /opt/airflow/dags/Config_MLFlow.py
[2025-05-06T00:24:19.635+0000] {processor.py:829} INFO - Processing file /opt/airflow/dags/Config_MLFlow.py for tasks to queue
[2025-05-06T00:24:19.642+0000] {logging_mixin.py:154} INFO - [2025-05-06T00:24:19.641+0000] {dagbag.py:536} INFO - Filling up the DagBag from /opt/airflow/dags/Config_MLFlow.py
[2025-05-06T00:24:30.081+0000] {processor.py:839} INFO - DAG(s) dict_keys(['Mlflow_Configuration']) retrieved from /opt/airflow/dags/Config_MLFlow.py
[2025-05-06T00:24:30.152+0000] {logging_mixin.py:154} INFO - [2025-05-06T00:24:30.151+0000] {dag.py:2941} INFO - Sync 1 DAGs
[2025-05-06T00:24:30.171+0000] {logging_mixin.py:154} INFO - [2025-05-06T00:24:30.170+0000] {dag.py:3722} INFO - Setting next_dagrun for Mlflow_Configuration to None, run_after=None
[2025-05-06T00:24:30.204+0000] {processor.py:179} INFO - Processing /opt/airflow/dags/Config_MLFlow.py took 10.622 seconds
[2025-05-06T00:25:00.654+0000] {processor.py:157} INFO - Started process (PID=24393) to work on /opt/airflow/dags/Config_MLFlow.py
[2025-05-06T00:25:00.660+0000] {processor.py:829} INFO - Processing file /opt/airflow/dags/Config_MLFlow.py for tasks to queue
[2025-05-06T00:25:00.661+0000] {logging_mixin.py:154} INFO - [2025-05-06T00:25:00.661+0000] {dagbag.py:536} INFO - Filling up the DagBag from /opt/airflow/dags/Config_MLFlow.py
[2025-05-06T00:25:09.774+0000] {processor.py:839} INFO - DAG(s) dict_keys(['Mlflow_Configuration']) retrieved from /opt/airflow/dags/Config_MLFlow.py
[2025-05-06T00:25:09.869+0000] {logging_mixin.py:154} INFO - [2025-05-06T00:25:09.868+0000] {dag.py:2941} INFO - Sync 1 DAGs
[2025-05-06T00:25:09.905+0000] {logging_mixin.py:154} INFO - [2025-05-06T00:25:09.904+0000] {dag.py:3722} INFO - Setting next_dagrun for Mlflow_Configuration to None, run_after=None
[2025-05-06T00:25:10.037+0000] {processor.py:179} INFO - Processing /opt/airflow/dags/Config_MLFlow.py took 9.393 seconds
[2025-05-06T00:25:40.918+0000] {processor.py:157} INFO - Started process (PID=24411) to work on /opt/airflow/dags/Config_MLFlow.py
[2025-05-06T00:25:40.928+0000] {processor.py:829} INFO - Processing file /opt/airflow/dags/Config_MLFlow.py for tasks to queue
[2025-05-06T00:25:40.932+0000] {logging_mixin.py:154} INFO - [2025-05-06T00:25:40.931+0000] {dagbag.py:536} INFO - Filling up the DagBag from /opt/airflow/dags/Config_MLFlow.py
[2025-05-06T00:25:49.932+0000] {processor.py:839} INFO - DAG(s) dict_keys(['Mlflow_Configuration']) retrieved from /opt/airflow/dags/Config_MLFlow.py
[2025-05-06T00:25:50.074+0000] {logging_mixin.py:154} INFO - [2025-05-06T00:25:50.073+0000] {dag.py:2941} INFO - Sync 1 DAGs
[2025-05-06T00:25:50.137+0000] {logging_mixin.py:154} INFO - [2025-05-06T00:25:50.131+0000] {dag.py:3722} INFO - Setting next_dagrun for Mlflow_Configuration to None, run_after=None
[2025-05-06T00:25:50.242+0000] {processor.py:179} INFO - Processing /opt/airflow/dags/Config_MLFlow.py took 9.348 seconds
[2025-05-06T00:26:20.504+0000] {processor.py:157} INFO - Started process (PID=24431) to work on /opt/airflow/dags/Config_MLFlow.py
[2025-05-06T00:26:20.511+0000] {processor.py:829} INFO - Processing file /opt/airflow/dags/Config_MLFlow.py for tasks to queue
[2025-05-06T00:26:20.513+0000] {logging_mixin.py:154} INFO - [2025-05-06T00:26:20.512+0000] {dagbag.py:536} INFO - Filling up the DagBag from /opt/airflow/dags/Config_MLFlow.py
[2025-05-06T00:26:26.469+0000] {processor.py:839} INFO - DAG(s) dict_keys(['Mlflow_Configuration']) retrieved from /opt/airflow/dags/Config_MLFlow.py
[2025-05-06T00:26:26.758+0000] {logging_mixin.py:154} INFO - [2025-05-06T00:26:26.750+0000] {dag.py:2941} INFO - Sync 1 DAGs
[2025-05-06T00:26:26.836+0000] {logging_mixin.py:154} INFO - [2025-05-06T00:26:26.830+0000] {dag.py:3722} INFO - Setting next_dagrun for Mlflow_Configuration to None, run_after=None
[2025-05-06T00:26:26.978+0000] {processor.py:179} INFO - Processing /opt/airflow/dags/Config_MLFlow.py took 6.496 seconds
[2025-05-06T00:26:58.210+0000] {processor.py:157} INFO - Started process (PID=24453) to work on /opt/airflow/dags/Config_MLFlow.py
[2025-05-06T00:26:58.222+0000] {processor.py:829} INFO - Processing file /opt/airflow/dags/Config_MLFlow.py for tasks to queue
[2025-05-06T00:26:58.232+0000] {logging_mixin.py:154} INFO - [2025-05-06T00:26:58.231+0000] {dagbag.py:536} INFO - Filling up the DagBag from /opt/airflow/dags/Config_MLFlow.py
[2025-05-06T00:27:09.029+0000] {processor.py:839} INFO - DAG(s) dict_keys(['Mlflow_Configuration']) retrieved from /opt/airflow/dags/Config_MLFlow.py
[2025-05-06T00:27:09.175+0000] {logging_mixin.py:154} INFO - [2025-05-06T00:27:09.174+0000] {dag.py:2941} INFO - Sync 1 DAGs
[2025-05-06T00:27:09.274+0000] {logging_mixin.py:154} INFO - [2025-05-06T00:27:09.274+0000] {dag.py:3722} INFO - Setting next_dagrun for Mlflow_Configuration to None, run_after=None
[2025-05-06T00:27:09.422+0000] {processor.py:179} INFO - Processing /opt/airflow/dags/Config_MLFlow.py took 11.297 seconds
[2025-05-06T00:27:39.843+0000] {processor.py:157} INFO - Started process (PID=24478) to work on /opt/airflow/dags/Config_MLFlow.py
[2025-05-06T00:27:39.850+0000] {processor.py:829} INFO - Processing file /opt/airflow/dags/Config_MLFlow.py for tasks to queue
[2025-05-06T00:27:39.856+0000] {logging_mixin.py:154} INFO - [2025-05-06T00:27:39.855+0000] {dagbag.py:536} INFO - Filling up the DagBag from /opt/airflow/dags/Config_MLFlow.py
[2025-05-06T00:27:49.406+0000] {processor.py:839} INFO - DAG(s) dict_keys(['Mlflow_Configuration']) retrieved from /opt/airflow/dags/Config_MLFlow.py
[2025-05-06T00:27:49.623+0000] {logging_mixin.py:154} INFO - [2025-05-06T00:27:49.620+0000] {dag.py:2941} INFO - Sync 1 DAGs
[2025-05-06T00:27:49.731+0000] {logging_mixin.py:154} INFO - [2025-05-06T00:27:49.731+0000] {dag.py:3722} INFO - Setting next_dagrun for Mlflow_Configuration to None, run_after=None
[2025-05-06T00:27:49.923+0000] {processor.py:179} INFO - Processing /opt/airflow/dags/Config_MLFlow.py took 10.107 seconds
[2025-05-06T00:28:20.946+0000] {processor.py:157} INFO - Started process (PID=24499) to work on /opt/airflow/dags/Config_MLFlow.py
[2025-05-06T00:28:20.951+0000] {processor.py:829} INFO - Processing file /opt/airflow/dags/Config_MLFlow.py for tasks to queue
[2025-05-06T00:28:20.952+0000] {logging_mixin.py:154} INFO - [2025-05-06T00:28:20.952+0000] {dagbag.py:536} INFO - Filling up the DagBag from /opt/airflow/dags/Config_MLFlow.py
[2025-05-06T00:28:24.885+0000] {processor.py:839} INFO - DAG(s) dict_keys(['Mlflow_Configuration']) retrieved from /opt/airflow/dags/Config_MLFlow.py
[2025-05-06T00:28:24.994+0000] {logging_mixin.py:154} INFO - [2025-05-06T00:28:24.993+0000] {dag.py:2941} INFO - Sync 1 DAGs
[2025-05-06T00:28:25.049+0000] {logging_mixin.py:154} INFO - [2025-05-06T00:28:25.048+0000] {dag.py:3722} INFO - Setting next_dagrun for Mlflow_Configuration to None, run_after=None
[2025-05-06T00:28:25.121+0000] {processor.py:179} INFO - Processing /opt/airflow/dags/Config_MLFlow.py took 4.188 seconds
[2025-05-06T00:28:55.414+0000] {processor.py:157} INFO - Started process (PID=24520) to work on /opt/airflow/dags/Config_MLFlow.py
[2025-05-06T00:28:55.417+0000] {processor.py:829} INFO - Processing file /opt/airflow/dags/Config_MLFlow.py for tasks to queue
[2025-05-06T00:28:55.418+0000] {logging_mixin.py:154} INFO - [2025-05-06T00:28:55.418+0000] {dagbag.py:536} INFO - Filling up the DagBag from /opt/airflow/dags/Config_MLFlow.py
[2025-05-06T00:28:59.975+0000] {processor.py:839} INFO - DAG(s) dict_keys(['Mlflow_Configuration']) retrieved from /opt/airflow/dags/Config_MLFlow.py
[2025-05-06T00:29:00.061+0000] {logging_mixin.py:154} INFO - [2025-05-06T00:29:00.059+0000] {dag.py:2941} INFO - Sync 1 DAGs
[2025-05-06T00:29:00.107+0000] {logging_mixin.py:154} INFO - [2025-05-06T00:29:00.107+0000] {dag.py:3722} INFO - Setting next_dagrun for Mlflow_Configuration to None, run_after=None
[2025-05-06T00:29:00.153+0000] {processor.py:179} INFO - Processing /opt/airflow/dags/Config_MLFlow.py took 4.755 seconds
[2025-05-06T00:29:30.360+0000] {processor.py:157} INFO - Started process (PID=24541) to work on /opt/airflow/dags/Config_MLFlow.py
[2025-05-06T00:29:30.365+0000] {processor.py:829} INFO - Processing file /opt/airflow/dags/Config_MLFlow.py for tasks to queue
[2025-05-06T00:29:30.367+0000] {logging_mixin.py:154} INFO - [2025-05-06T00:29:30.366+0000] {dagbag.py:536} INFO - Filling up the DagBag from /opt/airflow/dags/Config_MLFlow.py
[2025-05-06T00:29:33.966+0000] {processor.py:839} INFO - DAG(s) dict_keys(['Mlflow_Configuration']) retrieved from /opt/airflow/dags/Config_MLFlow.py
[2025-05-06T00:29:34.065+0000] {logging_mixin.py:154} INFO - [2025-05-06T00:29:34.063+0000] {dag.py:2941} INFO - Sync 1 DAGs
[2025-05-06T00:29:34.089+0000] {logging_mixin.py:154} INFO - [2025-05-06T00:29:34.089+0000] {dag.py:3722} INFO - Setting next_dagrun for Mlflow_Configuration to None, run_after=None
[2025-05-06T00:29:34.140+0000] {processor.py:179} INFO - Processing /opt/airflow/dags/Config_MLFlow.py took 3.789 seconds
[2025-05-06T00:30:04.503+0000] {processor.py:157} INFO - Started process (PID=24562) to work on /opt/airflow/dags/Config_MLFlow.py
[2025-05-06T00:30:04.507+0000] {processor.py:829} INFO - Processing file /opt/airflow/dags/Config_MLFlow.py for tasks to queue
[2025-05-06T00:30:04.511+0000] {logging_mixin.py:154} INFO - [2025-05-06T00:30:04.508+0000] {dagbag.py:536} INFO - Filling up the DagBag from /opt/airflow/dags/Config_MLFlow.py
[2025-05-06T00:30:08.280+0000] {processor.py:839} INFO - DAG(s) dict_keys(['Mlflow_Configuration']) retrieved from /opt/airflow/dags/Config_MLFlow.py
[2025-05-06T00:30:08.353+0000] {logging_mixin.py:154} INFO - [2025-05-06T00:30:08.352+0000] {dag.py:2941} INFO - Sync 1 DAGs
[2025-05-06T00:30:08.383+0000] {logging_mixin.py:154} INFO - [2025-05-06T00:30:08.383+0000] {dag.py:3722} INFO - Setting next_dagrun for Mlflow_Configuration to None, run_after=None
[2025-05-06T00:30:08.440+0000] {processor.py:179} INFO - Processing /opt/airflow/dags/Config_MLFlow.py took 3.949 seconds
[2025-05-06T00:30:38.773+0000] {processor.py:157} INFO - Started process (PID=24584) to work on /opt/airflow/dags/Config_MLFlow.py
[2025-05-06T00:30:38.776+0000] {processor.py:829} INFO - Processing file /opt/airflow/dags/Config_MLFlow.py for tasks to queue
[2025-05-06T00:30:38.778+0000] {logging_mixin.py:154} INFO - [2025-05-06T00:30:38.777+0000] {dagbag.py:536} INFO - Filling up the DagBag from /opt/airflow/dags/Config_MLFlow.py
[2025-05-06T00:30:42.263+0000] {processor.py:839} INFO - DAG(s) dict_keys(['Mlflow_Configuration']) retrieved from /opt/airflow/dags/Config_MLFlow.py
[2025-05-06T00:30:42.340+0000] {logging_mixin.py:154} INFO - [2025-05-06T00:30:42.334+0000] {dag.py:2941} INFO - Sync 1 DAGs
[2025-05-06T00:30:42.380+0000] {logging_mixin.py:154} INFO - [2025-05-06T00:30:42.380+0000] {dag.py:3722} INFO - Setting next_dagrun for Mlflow_Configuration to None, run_after=None
[2025-05-06T00:30:42.434+0000] {processor.py:179} INFO - Processing /opt/airflow/dags/Config_MLFlow.py took 3.672 seconds
[2025-05-06T00:31:12.726+0000] {processor.py:157} INFO - Started process (PID=24605) to work on /opt/airflow/dags/Config_MLFlow.py
[2025-05-06T00:31:12.732+0000] {processor.py:829} INFO - Processing file /opt/airflow/dags/Config_MLFlow.py for tasks to queue
[2025-05-06T00:31:12.733+0000] {logging_mixin.py:154} INFO - [2025-05-06T00:31:12.733+0000] {dagbag.py:536} INFO - Filling up the DagBag from /opt/airflow/dags/Config_MLFlow.py
[2025-05-06T00:31:17.182+0000] {processor.py:839} INFO - DAG(s) dict_keys(['Mlflow_Configuration']) retrieved from /opt/airflow/dags/Config_MLFlow.py
[2025-05-06T00:31:17.226+0000] {logging_mixin.py:154} INFO - [2025-05-06T00:31:17.223+0000] {dag.py:2941} INFO - Sync 1 DAGs
[2025-05-06T00:31:17.244+0000] {logging_mixin.py:154} INFO - [2025-05-06T00:31:17.244+0000] {dag.py:3722} INFO - Setting next_dagrun for Mlflow_Configuration to None, run_after=None
[2025-05-06T00:31:17.273+0000] {processor.py:179} INFO - Processing /opt/airflow/dags/Config_MLFlow.py took 4.559 seconds
[2025-05-06T00:31:48.258+0000] {processor.py:157} INFO - Started process (PID=24627) to work on /opt/airflow/dags/Config_MLFlow.py
[2025-05-06T00:31:48.264+0000] {processor.py:829} INFO - Processing file /opt/airflow/dags/Config_MLFlow.py for tasks to queue
[2025-05-06T00:31:48.269+0000] {logging_mixin.py:154} INFO - [2025-05-06T00:31:48.268+0000] {dagbag.py:536} INFO - Filling up the DagBag from /opt/airflow/dags/Config_MLFlow.py
[2025-05-06T00:31:52.168+0000] {processor.py:839} INFO - DAG(s) dict_keys(['Mlflow_Configuration']) retrieved from /opt/airflow/dags/Config_MLFlow.py
[2025-05-06T00:31:52.262+0000] {logging_mixin.py:154} INFO - [2025-05-06T00:31:52.258+0000] {dag.py:2941} INFO - Sync 1 DAGs
[2025-05-06T00:31:52.314+0000] {logging_mixin.py:154} INFO - [2025-05-06T00:31:52.314+0000] {dag.py:3722} INFO - Setting next_dagrun for Mlflow_Configuration to None, run_after=None
[2025-05-06T00:31:52.406+0000] {processor.py:179} INFO - Processing /opt/airflow/dags/Config_MLFlow.py took 4.158 seconds
[2025-05-06T00:32:23.013+0000] {processor.py:157} INFO - Started process (PID=24649) to work on /opt/airflow/dags/Config_MLFlow.py
[2025-05-06T00:32:23.018+0000] {processor.py:829} INFO - Processing file /opt/airflow/dags/Config_MLFlow.py for tasks to queue
[2025-05-06T00:32:23.020+0000] {logging_mixin.py:154} INFO - [2025-05-06T00:32:23.019+0000] {dagbag.py:536} INFO - Filling up the DagBag from /opt/airflow/dags/Config_MLFlow.py
[2025-05-06T00:32:28.597+0000] {processor.py:839} INFO - DAG(s) dict_keys(['Mlflow_Configuration']) retrieved from /opt/airflow/dags/Config_MLFlow.py
[2025-05-06T00:32:28.640+0000] {logging_mixin.py:154} INFO - [2025-05-06T00:32:28.638+0000] {dag.py:2941} INFO - Sync 1 DAGs
[2025-05-06T00:32:28.664+0000] {logging_mixin.py:154} INFO - [2025-05-06T00:32:28.664+0000] {dag.py:3722} INFO - Setting next_dagrun for Mlflow_Configuration to None, run_after=None
[2025-05-06T00:32:28.705+0000] {processor.py:179} INFO - Processing /opt/airflow/dags/Config_MLFlow.py took 5.702 seconds
[2025-05-06T00:32:59.489+0000] {processor.py:157} INFO - Started process (PID=24672) to work on /opt/airflow/dags/Config_MLFlow.py
[2025-05-06T00:32:59.492+0000] {processor.py:829} INFO - Processing file /opt/airflow/dags/Config_MLFlow.py for tasks to queue
[2025-05-06T00:32:59.493+0000] {logging_mixin.py:154} INFO - [2025-05-06T00:32:59.493+0000] {dagbag.py:536} INFO - Filling up the DagBag from /opt/airflow/dags/Config_MLFlow.py
[2025-05-06T00:33:03.321+0000] {processor.py:839} INFO - DAG(s) dict_keys(['Mlflow_Configuration']) retrieved from /opt/airflow/dags/Config_MLFlow.py
[2025-05-06T00:33:03.358+0000] {logging_mixin.py:154} INFO - [2025-05-06T00:33:03.357+0000] {dag.py:2941} INFO - Sync 1 DAGs
[2025-05-06T00:33:03.379+0000] {logging_mixin.py:154} INFO - [2025-05-06T00:33:03.379+0000] {dag.py:3722} INFO - Setting next_dagrun for Mlflow_Configuration to None, run_after=None
[2025-05-06T00:33:03.414+0000] {processor.py:179} INFO - Processing /opt/airflow/dags/Config_MLFlow.py took 3.935 seconds
[2025-05-06T00:33:34.188+0000] {processor.py:157} INFO - Started process (PID=24693) to work on /opt/airflow/dags/Config_MLFlow.py
[2025-05-06T00:33:34.192+0000] {processor.py:829} INFO - Processing file /opt/airflow/dags/Config_MLFlow.py for tasks to queue
[2025-05-06T00:33:34.193+0000] {logging_mixin.py:154} INFO - [2025-05-06T00:33:34.193+0000] {dagbag.py:536} INFO - Filling up the DagBag from /opt/airflow/dags/Config_MLFlow.py
[2025-05-06T00:33:38.142+0000] {processor.py:839} INFO - DAG(s) dict_keys(['Mlflow_Configuration']) retrieved from /opt/airflow/dags/Config_MLFlow.py
[2025-05-06T00:33:38.203+0000] {logging_mixin.py:154} INFO - [2025-05-06T00:33:38.202+0000] {dag.py:2941} INFO - Sync 1 DAGs
[2025-05-06T00:33:38.230+0000] {logging_mixin.py:154} INFO - [2025-05-06T00:33:38.230+0000] {dag.py:3722} INFO - Setting next_dagrun for Mlflow_Configuration to None, run_after=None
[2025-05-06T00:33:38.288+0000] {processor.py:179} INFO - Processing /opt/airflow/dags/Config_MLFlow.py took 4.116 seconds
[2025-05-06T00:34:09.327+0000] {processor.py:157} INFO - Started process (PID=24714) to work on /opt/airflow/dags/Config_MLFlow.py
[2025-05-06T00:34:09.333+0000] {processor.py:829} INFO - Processing file /opt/airflow/dags/Config_MLFlow.py for tasks to queue
[2025-05-06T00:34:09.335+0000] {logging_mixin.py:154} INFO - [2025-05-06T00:34:09.334+0000] {dagbag.py:536} INFO - Filling up the DagBag from /opt/airflow/dags/Config_MLFlow.py
[2025-05-06T00:34:12.831+0000] {processor.py:839} INFO - DAG(s) dict_keys(['Mlflow_Configuration']) retrieved from /opt/airflow/dags/Config_MLFlow.py
[2025-05-06T00:34:12.867+0000] {logging_mixin.py:154} INFO - [2025-05-06T00:34:12.866+0000] {dag.py:2941} INFO - Sync 1 DAGs
[2025-05-06T00:34:12.885+0000] {logging_mixin.py:154} INFO - [2025-05-06T00:34:12.885+0000] {dag.py:3722} INFO - Setting next_dagrun for Mlflow_Configuration to None, run_after=None
[2025-05-06T00:34:12.916+0000] {processor.py:179} INFO - Processing /opt/airflow/dags/Config_MLFlow.py took 3.605 seconds
[2025-05-06T00:34:44.063+0000] {processor.py:157} INFO - Started process (PID=24736) to work on /opt/airflow/dags/Config_MLFlow.py
[2025-05-06T00:34:44.085+0000] {processor.py:829} INFO - Processing file /opt/airflow/dags/Config_MLFlow.py for tasks to queue
[2025-05-06T00:34:44.089+0000] {logging_mixin.py:154} INFO - [2025-05-06T00:34:44.086+0000] {dagbag.py:536} INFO - Filling up the DagBag from /opt/airflow/dags/Config_MLFlow.py
[2025-05-06T00:34:48.324+0000] {processor.py:839} INFO - DAG(s) dict_keys(['Mlflow_Configuration']) retrieved from /opt/airflow/dags/Config_MLFlow.py
[2025-05-06T00:34:48.366+0000] {logging_mixin.py:154} INFO - [2025-05-06T00:34:48.363+0000] {dag.py:2941} INFO - Sync 1 DAGs
[2025-05-06T00:34:48.389+0000] {logging_mixin.py:154} INFO - [2025-05-06T00:34:48.389+0000] {dag.py:3722} INFO - Setting next_dagrun for Mlflow_Configuration to None, run_after=None
[2025-05-06T00:34:48.425+0000] {processor.py:179} INFO - Processing /opt/airflow/dags/Config_MLFlow.py took 4.427 seconds
[2025-05-06T00:35:18.577+0000] {processor.py:157} INFO - Started process (PID=24757) to work on /opt/airflow/dags/Config_MLFlow.py
[2025-05-06T00:35:18.580+0000] {processor.py:829} INFO - Processing file /opt/airflow/dags/Config_MLFlow.py for tasks to queue
[2025-05-06T00:35:18.585+0000] {logging_mixin.py:154} INFO - [2025-05-06T00:35:18.584+0000] {dagbag.py:536} INFO - Filling up the DagBag from /opt/airflow/dags/Config_MLFlow.py
[2025-05-06T00:35:22.072+0000] {processor.py:839} INFO - DAG(s) dict_keys(['Mlflow_Configuration']) retrieved from /opt/airflow/dags/Config_MLFlow.py
[2025-05-06T00:35:22.118+0000] {logging_mixin.py:154} INFO - [2025-05-06T00:35:22.117+0000] {dag.py:2941} INFO - Sync 1 DAGs
[2025-05-06T00:35:22.147+0000] {logging_mixin.py:154} INFO - [2025-05-06T00:35:22.146+0000] {dag.py:3722} INFO - Setting next_dagrun for Mlflow_Configuration to None, run_after=None
[2025-05-06T00:35:22.185+0000] {processor.py:179} INFO - Processing /opt/airflow/dags/Config_MLFlow.py took 3.619 seconds
[2025-05-06T00:35:52.366+0000] {processor.py:157} INFO - Started process (PID=24778) to work on /opt/airflow/dags/Config_MLFlow.py
[2025-05-06T00:35:52.373+0000] {processor.py:829} INFO - Processing file /opt/airflow/dags/Config_MLFlow.py for tasks to queue
[2025-05-06T00:35:52.375+0000] {logging_mixin.py:154} INFO - [2025-05-06T00:35:52.374+0000] {dagbag.py:536} INFO - Filling up the DagBag from /opt/airflow/dags/Config_MLFlow.py
[2025-05-06T00:35:56.966+0000] {processor.py:839} INFO - DAG(s) dict_keys(['Mlflow_Configuration']) retrieved from /opt/airflow/dags/Config_MLFlow.py
[2025-05-06T00:35:57.076+0000] {logging_mixin.py:154} INFO - [2025-05-06T00:35:57.071+0000] {dag.py:2941} INFO - Sync 1 DAGs
[2025-05-06T00:35:57.123+0000] {logging_mixin.py:154} INFO - [2025-05-06T00:35:57.116+0000] {dag.py:3722} INFO - Setting next_dagrun for Mlflow_Configuration to None, run_after=None
[2025-05-06T00:35:57.211+0000] {processor.py:179} INFO - Processing /opt/airflow/dags/Config_MLFlow.py took 4.860 seconds
[2025-05-06T00:36:27.388+0000] {processor.py:157} INFO - Started process (PID=24799) to work on /opt/airflow/dags/Config_MLFlow.py
[2025-05-06T00:36:27.392+0000] {processor.py:829} INFO - Processing file /opt/airflow/dags/Config_MLFlow.py for tasks to queue
[2025-05-06T00:36:27.397+0000] {logging_mixin.py:154} INFO - [2025-05-06T00:36:27.396+0000] {dagbag.py:536} INFO - Filling up the DagBag from /opt/airflow/dags/Config_MLFlow.py
[2025-05-06T00:36:31.518+0000] {processor.py:839} INFO - DAG(s) dict_keys(['Mlflow_Configuration']) retrieved from /opt/airflow/dags/Config_MLFlow.py
[2025-05-06T00:36:31.561+0000] {logging_mixin.py:154} INFO - [2025-05-06T00:36:31.559+0000] {dag.py:2941} INFO - Sync 1 DAGs
[2025-05-06T00:36:31.578+0000] {logging_mixin.py:154} INFO - [2025-05-06T00:36:31.578+0000] {dag.py:3722} INFO - Setting next_dagrun for Mlflow_Configuration to None, run_after=None
[2025-05-06T00:36:31.607+0000] {processor.py:179} INFO - Processing /opt/airflow/dags/Config_MLFlow.py took 4.239 seconds
[2025-05-06T00:37:02.063+0000] {processor.py:157} INFO - Started process (PID=24820) to work on /opt/airflow/dags/Config_MLFlow.py
[2025-05-06T00:37:02.065+0000] {processor.py:829} INFO - Processing file /opt/airflow/dags/Config_MLFlow.py for tasks to queue
[2025-05-06T00:37:02.067+0000] {logging_mixin.py:154} INFO - [2025-05-06T00:37:02.066+0000] {dagbag.py:536} INFO - Filling up the DagBag from /opt/airflow/dags/Config_MLFlow.py
[2025-05-06T00:37:07.059+0000] {processor.py:839} INFO - DAG(s) dict_keys(['Mlflow_Configuration']) retrieved from /opt/airflow/dags/Config_MLFlow.py
[2025-05-06T00:37:07.104+0000] {logging_mixin.py:154} INFO - [2025-05-06T00:37:07.103+0000] {dag.py:2941} INFO - Sync 1 DAGs
[2025-05-06T00:37:07.125+0000] {logging_mixin.py:154} INFO - [2025-05-06T00:37:07.125+0000] {dag.py:3722} INFO - Setting next_dagrun for Mlflow_Configuration to None, run_after=None
[2025-05-06T00:37:07.161+0000] {processor.py:179} INFO - Processing /opt/airflow/dags/Config_MLFlow.py took 5.110 seconds
[2025-05-06T00:37:37.360+0000] {processor.py:157} INFO - Started process (PID=24841) to work on /opt/airflow/dags/Config_MLFlow.py
[2025-05-06T00:37:37.363+0000] {processor.py:829} INFO - Processing file /opt/airflow/dags/Config_MLFlow.py for tasks to queue
[2025-05-06T00:37:37.367+0000] {logging_mixin.py:154} INFO - [2025-05-06T00:37:37.365+0000] {dagbag.py:536} INFO - Filling up the DagBag from /opt/airflow/dags/Config_MLFlow.py
[2025-05-06T00:37:41.286+0000] {processor.py:839} INFO - DAG(s) dict_keys(['Mlflow_Configuration']) retrieved from /opt/airflow/dags/Config_MLFlow.py
[2025-05-06T00:37:41.327+0000] {logging_mixin.py:154} INFO - [2025-05-06T00:37:41.325+0000] {dag.py:2941} INFO - Sync 1 DAGs
[2025-05-06T00:37:41.352+0000] {logging_mixin.py:154} INFO - [2025-05-06T00:37:41.352+0000] {dag.py:3722} INFO - Setting next_dagrun for Mlflow_Configuration to None, run_after=None
[2025-05-06T00:37:41.420+0000] {processor.py:179} INFO - Processing /opt/airflow/dags/Config_MLFlow.py took 4.072 seconds
[2025-05-06T00:38:11.561+0000] {processor.py:157} INFO - Started process (PID=24864) to work on /opt/airflow/dags/Config_MLFlow.py
[2025-05-06T00:38:11.564+0000] {processor.py:829} INFO - Processing file /opt/airflow/dags/Config_MLFlow.py for tasks to queue
[2025-05-06T00:38:11.566+0000] {logging_mixin.py:154} INFO - [2025-05-06T00:38:11.565+0000] {dagbag.py:536} INFO - Filling up the DagBag from /opt/airflow/dags/Config_MLFlow.py
[2025-05-06T00:38:16.137+0000] {processor.py:839} INFO - DAG(s) dict_keys(['Mlflow_Configuration']) retrieved from /opt/airflow/dags/Config_MLFlow.py
[2025-05-06T00:38:16.266+0000] {logging_mixin.py:154} INFO - [2025-05-06T00:38:16.263+0000] {dag.py:2941} INFO - Sync 1 DAGs
[2025-05-06T00:38:16.308+0000] {logging_mixin.py:154} INFO - [2025-05-06T00:38:16.308+0000] {dag.py:3722} INFO - Setting next_dagrun for Mlflow_Configuration to None, run_after=None
[2025-05-06T00:38:16.362+0000] {processor.py:179} INFO - Processing /opt/airflow/dags/Config_MLFlow.py took 4.811 seconds
[2025-05-06T00:38:47.148+0000] {processor.py:157} INFO - Started process (PID=24887) to work on /opt/airflow/dags/Config_MLFlow.py
[2025-05-06T00:38:47.151+0000] {processor.py:829} INFO - Processing file /opt/airflow/dags/Config_MLFlow.py for tasks to queue
[2025-05-06T00:38:47.152+0000] {logging_mixin.py:154} INFO - [2025-05-06T00:38:47.151+0000] {dagbag.py:536} INFO - Filling up the DagBag from /opt/airflow/dags/Config_MLFlow.py
[2025-05-06T00:38:50.656+0000] {processor.py:839} INFO - DAG(s) dict_keys(['Mlflow_Configuration']) retrieved from /opt/airflow/dags/Config_MLFlow.py
[2025-05-06T00:38:50.692+0000] {logging_mixin.py:154} INFO - [2025-05-06T00:38:50.691+0000] {dag.py:2941} INFO - Sync 1 DAGs
[2025-05-06T00:38:50.711+0000] {logging_mixin.py:154} INFO - [2025-05-06T00:38:50.710+0000] {dag.py:3722} INFO - Setting next_dagrun for Mlflow_Configuration to None, run_after=None
[2025-05-06T00:38:50.736+0000] {processor.py:179} INFO - Processing /opt/airflow/dags/Config_MLFlow.py took 3.596 seconds
[2025-05-06T00:39:20.920+0000] {processor.py:157} INFO - Started process (PID=24909) to work on /opt/airflow/dags/Config_MLFlow.py
[2025-05-06T00:39:20.923+0000] {processor.py:829} INFO - Processing file /opt/airflow/dags/Config_MLFlow.py for tasks to queue
[2025-05-06T00:39:20.924+0000] {logging_mixin.py:154} INFO - [2025-05-06T00:39:20.924+0000] {dagbag.py:536} INFO - Filling up the DagBag from /opt/airflow/dags/Config_MLFlow.py
[2025-05-06T00:39:24.486+0000] {processor.py:839} INFO - DAG(s) dict_keys(['Mlflow_Configuration']) retrieved from /opt/airflow/dags/Config_MLFlow.py
[2025-05-06T00:39:24.522+0000] {logging_mixin.py:154} INFO - [2025-05-06T00:39:24.521+0000] {dag.py:2941} INFO - Sync 1 DAGs
[2025-05-06T00:39:24.542+0000] {logging_mixin.py:154} INFO - [2025-05-06T00:39:24.541+0000] {dag.py:3722} INFO - Setting next_dagrun for Mlflow_Configuration to None, run_after=None
[2025-05-06T00:39:24.567+0000] {processor.py:179} INFO - Processing /opt/airflow/dags/Config_MLFlow.py took 3.659 seconds
[2025-05-06T00:39:54.931+0000] {processor.py:157} INFO - Started process (PID=24930) to work on /opt/airflow/dags/Config_MLFlow.py
[2025-05-06T00:39:54.934+0000] {processor.py:829} INFO - Processing file /opt/airflow/dags/Config_MLFlow.py for tasks to queue
[2025-05-06T00:39:54.936+0000] {logging_mixin.py:154} INFO - [2025-05-06T00:39:54.935+0000] {dagbag.py:536} INFO - Filling up the DagBag from /opt/airflow/dags/Config_MLFlow.py
[2025-05-06T00:39:58.354+0000] {processor.py:839} INFO - DAG(s) dict_keys(['Mlflow_Configuration']) retrieved from /opt/airflow/dags/Config_MLFlow.py
[2025-05-06T00:39:58.389+0000] {logging_mixin.py:154} INFO - [2025-05-06T00:39:58.388+0000] {dag.py:2941} INFO - Sync 1 DAGs
[2025-05-06T00:39:58.406+0000] {logging_mixin.py:154} INFO - [2025-05-06T00:39:58.405+0000] {dag.py:3722} INFO - Setting next_dagrun for Mlflow_Configuration to None, run_after=None
[2025-05-06T00:39:58.433+0000] {processor.py:179} INFO - Processing /opt/airflow/dags/Config_MLFlow.py took 3.514 seconds
[2025-05-06T00:40:28.839+0000] {processor.py:157} INFO - Started process (PID=24951) to work on /opt/airflow/dags/Config_MLFlow.py
[2025-05-06T00:40:28.850+0000] {processor.py:829} INFO - Processing file /opt/airflow/dags/Config_MLFlow.py for tasks to queue
[2025-05-06T00:40:28.852+0000] {logging_mixin.py:154} INFO - [2025-05-06T00:40:28.851+0000] {dagbag.py:536} INFO - Filling up the DagBag from /opt/airflow/dags/Config_MLFlow.py
[2025-05-06T00:40:33.162+0000] {processor.py:839} INFO - DAG(s) dict_keys(['Mlflow_Configuration']) retrieved from /opt/airflow/dags/Config_MLFlow.py
[2025-05-06T00:40:33.261+0000] {logging_mixin.py:154} INFO - [2025-05-06T00:40:33.260+0000] {dag.py:2941} INFO - Sync 1 DAGs
[2025-05-06T00:40:33.303+0000] {logging_mixin.py:154} INFO - [2025-05-06T00:40:33.302+0000] {dag.py:3722} INFO - Setting next_dagrun for Mlflow_Configuration to None, run_after=None
[2025-05-06T00:40:33.352+0000] {processor.py:179} INFO - Processing /opt/airflow/dags/Config_MLFlow.py took 4.536 seconds
[2025-05-06T00:41:03.983+0000] {processor.py:157} INFO - Started process (PID=24972) to work on /opt/airflow/dags/Config_MLFlow.py
[2025-05-06T00:41:03.986+0000] {processor.py:829} INFO - Processing file /opt/airflow/dags/Config_MLFlow.py for tasks to queue
[2025-05-06T00:41:03.987+0000] {logging_mixin.py:154} INFO - [2025-05-06T00:41:03.987+0000] {dagbag.py:536} INFO - Filling up the DagBag from /opt/airflow/dags/Config_MLFlow.py
[2025-05-06T00:41:07.172+0000] {processor.py:839} INFO - DAG(s) dict_keys(['Mlflow_Configuration']) retrieved from /opt/airflow/dags/Config_MLFlow.py
[2025-05-06T00:41:07.208+0000] {logging_mixin.py:154} INFO - [2025-05-06T00:41:07.207+0000] {dag.py:2941} INFO - Sync 1 DAGs
[2025-05-06T00:41:07.229+0000] {logging_mixin.py:154} INFO - [2025-05-06T00:41:07.229+0000] {dag.py:3722} INFO - Setting next_dagrun for Mlflow_Configuration to None, run_after=None
[2025-05-06T00:41:07.261+0000] {processor.py:179} INFO - Processing /opt/airflow/dags/Config_MLFlow.py took 3.290 seconds
[2025-05-06T00:41:37.930+0000] {processor.py:157} INFO - Started process (PID=24993) to work on /opt/airflow/dags/Config_MLFlow.py
[2025-05-06T00:41:37.944+0000] {processor.py:829} INFO - Processing file /opt/airflow/dags/Config_MLFlow.py for tasks to queue
[2025-05-06T00:41:37.955+0000] {logging_mixin.py:154} INFO - [2025-05-06T00:41:37.947+0000] {dagbag.py:536} INFO - Filling up the DagBag from /opt/airflow/dags/Config_MLFlow.py
[2025-05-06T00:41:42.261+0000] {processor.py:839} INFO - DAG(s) dict_keys(['Mlflow_Configuration']) retrieved from /opt/airflow/dags/Config_MLFlow.py
[2025-05-06T00:41:42.395+0000] {logging_mixin.py:154} INFO - [2025-05-06T00:41:42.394+0000] {dag.py:2941} INFO - Sync 1 DAGs
[2025-05-06T00:41:42.433+0000] {logging_mixin.py:154} INFO - [2025-05-06T00:41:42.432+0000] {dag.py:3722} INFO - Setting next_dagrun for Mlflow_Configuration to None, run_after=None
[2025-05-06T00:41:42.491+0000] {processor.py:179} INFO - Processing /opt/airflow/dags/Config_MLFlow.py took 4.605 seconds
[2025-05-06T00:42:12.843+0000] {processor.py:157} INFO - Started process (PID=25011) to work on /opt/airflow/dags/Config_MLFlow.py
[2025-05-06T00:42:12.849+0000] {processor.py:829} INFO - Processing file /opt/airflow/dags/Config_MLFlow.py for tasks to queue
[2025-05-06T00:42:12.850+0000] {logging_mixin.py:154} INFO - [2025-05-06T00:42:12.850+0000] {dagbag.py:536} INFO - Filling up the DagBag from /opt/airflow/dags/Config_MLFlow.py
[2025-05-06T00:42:19.107+0000] {processor.py:839} INFO - DAG(s) dict_keys(['Mlflow_Configuration']) retrieved from /opt/airflow/dags/Config_MLFlow.py
[2025-05-06T00:42:19.147+0000] {logging_mixin.py:154} INFO - [2025-05-06T00:42:19.146+0000] {dag.py:2941} INFO - Sync 1 DAGs
[2025-05-06T00:42:19.186+0000] {logging_mixin.py:154} INFO - [2025-05-06T00:42:19.186+0000] {dag.py:3722} INFO - Setting next_dagrun for Mlflow_Configuration to None, run_after=None
[2025-05-06T00:42:19.217+0000] {processor.py:179} INFO - Processing /opt/airflow/dags/Config_MLFlow.py took 6.395 seconds
[2025-05-06T00:42:49.856+0000] {processor.py:157} INFO - Started process (PID=25031) to work on /opt/airflow/dags/Config_MLFlow.py
[2025-05-06T00:42:49.863+0000] {processor.py:829} INFO - Processing file /opt/airflow/dags/Config_MLFlow.py for tasks to queue
[2025-05-06T00:42:49.868+0000] {logging_mixin.py:154} INFO - [2025-05-06T00:42:49.867+0000] {dagbag.py:536} INFO - Filling up the DagBag from /opt/airflow/dags/Config_MLFlow.py
[2025-05-06T00:42:56.793+0000] {processor.py:839} INFO - DAG(s) dict_keys(['Mlflow_Configuration']) retrieved from /opt/airflow/dags/Config_MLFlow.py
[2025-05-06T00:42:56.914+0000] {logging_mixin.py:154} INFO - [2025-05-06T00:42:56.913+0000] {dag.py:2941} INFO - Sync 1 DAGs
[2025-05-06T00:42:57.028+0000] {logging_mixin.py:154} INFO - [2025-05-06T00:42:57.028+0000] {dag.py:3722} INFO - Setting next_dagrun for Mlflow_Configuration to None, run_after=None
[2025-05-06T00:42:57.296+0000] {processor.py:179} INFO - Processing /opt/airflow/dags/Config_MLFlow.py took 7.461 seconds
[2025-05-06T00:43:27.831+0000] {processor.py:157} INFO - Started process (PID=25048) to work on /opt/airflow/dags/Config_MLFlow.py
[2025-05-06T00:43:27.835+0000] {processor.py:829} INFO - Processing file /opt/airflow/dags/Config_MLFlow.py for tasks to queue
[2025-05-06T00:43:27.838+0000] {logging_mixin.py:154} INFO - [2025-05-06T00:43:27.837+0000] {dagbag.py:536} INFO - Filling up the DagBag from /opt/airflow/dags/Config_MLFlow.py
[2025-05-06T00:43:35.621+0000] {processor.py:839} INFO - DAG(s) dict_keys(['Mlflow_Configuration']) retrieved from /opt/airflow/dags/Config_MLFlow.py
[2025-05-06T00:43:35.820+0000] {logging_mixin.py:154} INFO - [2025-05-06T00:43:35.810+0000] {dag.py:2941} INFO - Sync 1 DAGs
[2025-05-06T00:43:35.905+0000] {logging_mixin.py:154} INFO - [2025-05-06T00:43:35.900+0000] {dag.py:3722} INFO - Setting next_dagrun for Mlflow_Configuration to None, run_after=None
[2025-05-06T00:43:36.035+0000] {processor.py:179} INFO - Processing /opt/airflow/dags/Config_MLFlow.py took 8.217 seconds
[2025-05-06T00:44:06.906+0000] {processor.py:157} INFO - Started process (PID=25069) to work on /opt/airflow/dags/Config_MLFlow.py
[2025-05-06T00:44:06.916+0000] {processor.py:829} INFO - Processing file /opt/airflow/dags/Config_MLFlow.py for tasks to queue
[2025-05-06T00:44:06.917+0000] {logging_mixin.py:154} INFO - [2025-05-06T00:44:06.916+0000] {dagbag.py:536} INFO - Filling up the DagBag from /opt/airflow/dags/Config_MLFlow.py
[2025-05-06T00:44:12.470+0000] {processor.py:839} INFO - DAG(s) dict_keys(['Mlflow_Configuration']) retrieved from /opt/airflow/dags/Config_MLFlow.py
[2025-05-06T00:44:12.533+0000] {logging_mixin.py:154} INFO - [2025-05-06T00:44:12.532+0000] {dag.py:2941} INFO - Sync 1 DAGs
[2025-05-06T00:44:12.576+0000] {logging_mixin.py:154} INFO - [2025-05-06T00:44:12.574+0000] {dag.py:3722} INFO - Setting next_dagrun for Mlflow_Configuration to None, run_after=None
[2025-05-06T00:44:12.636+0000] {processor.py:179} INFO - Processing /opt/airflow/dags/Config_MLFlow.py took 5.747 seconds
[2025-05-06T00:44:43.800+0000] {processor.py:157} INFO - Started process (PID=25093) to work on /opt/airflow/dags/Config_MLFlow.py
[2025-05-06T00:44:43.810+0000] {processor.py:829} INFO - Processing file /opt/airflow/dags/Config_MLFlow.py for tasks to queue
[2025-05-06T00:44:43.812+0000] {logging_mixin.py:154} INFO - [2025-05-06T00:44:43.811+0000] {dagbag.py:536} INFO - Filling up the DagBag from /opt/airflow/dags/Config_MLFlow.py
[2025-05-06T00:44:49.218+0000] {processor.py:839} INFO - DAG(s) dict_keys(['Mlflow_Configuration']) retrieved from /opt/airflow/dags/Config_MLFlow.py
[2025-05-06T00:44:49.320+0000] {logging_mixin.py:154} INFO - [2025-05-06T00:44:49.318+0000] {dag.py:2941} INFO - Sync 1 DAGs
[2025-05-06T00:44:49.375+0000] {logging_mixin.py:154} INFO - [2025-05-06T00:44:49.375+0000] {dag.py:3722} INFO - Setting next_dagrun for Mlflow_Configuration to None, run_after=None
[2025-05-06T00:44:49.453+0000] {processor.py:179} INFO - Processing /opt/airflow/dags/Config_MLFlow.py took 5.672 seconds
[2025-05-06T00:45:19.797+0000] {processor.py:157} INFO - Started process (PID=25115) to work on /opt/airflow/dags/Config_MLFlow.py
[2025-05-06T00:45:19.801+0000] {processor.py:829} INFO - Processing file /opt/airflow/dags/Config_MLFlow.py for tasks to queue
[2025-05-06T00:45:19.807+0000] {logging_mixin.py:154} INFO - [2025-05-06T00:45:19.802+0000] {dagbag.py:536} INFO - Filling up the DagBag from /opt/airflow/dags/Config_MLFlow.py
[2025-05-06T00:45:24.757+0000] {processor.py:839} INFO - DAG(s) dict_keys(['Mlflow_Configuration']) retrieved from /opt/airflow/dags/Config_MLFlow.py
[2025-05-06T00:45:24.826+0000] {logging_mixin.py:154} INFO - [2025-05-06T00:45:24.824+0000] {dag.py:2941} INFO - Sync 1 DAGs
[2025-05-06T00:45:24.856+0000] {logging_mixin.py:154} INFO - [2025-05-06T00:45:24.855+0000] {dag.py:3722} INFO - Setting next_dagrun for Mlflow_Configuration to None, run_after=None
[2025-05-06T00:45:24.893+0000] {processor.py:179} INFO - Processing /opt/airflow/dags/Config_MLFlow.py took 5.110 seconds
[2025-05-06T00:45:55.549+0000] {processor.py:157} INFO - Started process (PID=25137) to work on /opt/airflow/dags/Config_MLFlow.py
[2025-05-06T00:45:55.553+0000] {processor.py:829} INFO - Processing file /opt/airflow/dags/Config_MLFlow.py for tasks to queue
[2025-05-06T00:45:55.558+0000] {logging_mixin.py:154} INFO - [2025-05-06T00:45:55.557+0000] {dagbag.py:536} INFO - Filling up the DagBag from /opt/airflow/dags/Config_MLFlow.py
[2025-05-06T00:45:59.115+0000] {processor.py:839} INFO - DAG(s) dict_keys(['Mlflow_Configuration']) retrieved from /opt/airflow/dags/Config_MLFlow.py
[2025-05-06T00:45:59.163+0000] {logging_mixin.py:154} INFO - [2025-05-06T00:45:59.162+0000] {dag.py:2941} INFO - Sync 1 DAGs
[2025-05-06T00:45:59.185+0000] {logging_mixin.py:154} INFO - [2025-05-06T00:45:59.184+0000] {dag.py:3722} INFO - Setting next_dagrun for Mlflow_Configuration to None, run_after=None
[2025-05-06T00:45:59.219+0000] {processor.py:179} INFO - Processing /opt/airflow/dags/Config_MLFlow.py took 3.689 seconds
[2025-05-06T00:46:29.794+0000] {processor.py:157} INFO - Started process (PID=25158) to work on /opt/airflow/dags/Config_MLFlow.py
[2025-05-06T00:46:29.797+0000] {processor.py:829} INFO - Processing file /opt/airflow/dags/Config_MLFlow.py for tasks to queue
[2025-05-06T00:46:29.801+0000] {logging_mixin.py:154} INFO - [2025-05-06T00:46:29.800+0000] {dagbag.py:536} INFO - Filling up the DagBag from /opt/airflow/dags/Config_MLFlow.py
[2025-05-06T00:46:33.352+0000] {processor.py:839} INFO - DAG(s) dict_keys(['Mlflow_Configuration']) retrieved from /opt/airflow/dags/Config_MLFlow.py
[2025-05-06T00:46:33.399+0000] {logging_mixin.py:154} INFO - [2025-05-06T00:46:33.398+0000] {dag.py:2941} INFO - Sync 1 DAGs
[2025-05-06T00:46:33.422+0000] {logging_mixin.py:154} INFO - [2025-05-06T00:46:33.421+0000] {dag.py:3722} INFO - Setting next_dagrun for Mlflow_Configuration to None, run_after=None
[2025-05-06T00:46:33.454+0000] {processor.py:179} INFO - Processing /opt/airflow/dags/Config_MLFlow.py took 3.671 seconds
