[2025-05-06T00:00:05.876+0000] {processor.py:157} INFO - Started process (PID=23566) to work on /opt/airflow/dags/Drop_And_Create_Table.py
[2025-05-06T00:00:05.878+0000] {processor.py:829} INFO - Processing file /opt/airflow/dags/Drop_And_Create_Table.py for tasks to queue
[2025-05-06T00:00:05.881+0000] {logging_mixin.py:154} INFO - [2025-05-06T00:00:05.880+0000] {dagbag.py:536} INFO - Filling up the DagBag from /opt/airflow/dags/Drop_And_Create_Table.py
[2025-05-06T00:00:05.955+0000] {processor.py:839} INFO - DAG(s) dict_keys(['Drop_And_Create_Table']) retrieved from /opt/airflow/dags/Drop_And_Create_Table.py
[2025-05-06T00:00:07.229+0000] {logging_mixin.py:154} INFO - [2025-05-06T00:00:07.229+0000] {dag.py:2941} INFO - Sync 1 DAGs
[2025-05-06T00:00:07.330+0000] {logging_mixin.py:154} INFO - [2025-05-06T00:00:07.329+0000] {dag.py:3722} INFO - Setting next_dagrun for Drop_And_Create_Table to None, run_after=None
[2025-05-06T00:00:07.462+0000] {processor.py:179} INFO - Processing /opt/airflow/dags/Drop_And_Create_Table.py took 1.604 seconds
[2025-05-06T00:00:38.398+0000] {processor.py:157} INFO - Started process (PID=23579) to work on /opt/airflow/dags/Drop_And_Create_Table.py
[2025-05-06T00:00:38.404+0000] {processor.py:829} INFO - Processing file /opt/airflow/dags/Drop_And_Create_Table.py for tasks to queue
[2025-05-06T00:00:38.411+0000] {logging_mixin.py:154} INFO - [2025-05-06T00:00:38.410+0000] {dagbag.py:536} INFO - Filling up the DagBag from /opt/airflow/dags/Drop_And_Create_Table.py
[2025-05-06T00:00:38.451+0000] {processor.py:839} INFO - DAG(s) dict_keys(['Drop_And_Create_Table']) retrieved from /opt/airflow/dags/Drop_And_Create_Table.py
[2025-05-06T00:00:38.528+0000] {logging_mixin.py:154} INFO - [2025-05-06T00:00:38.528+0000] {dag.py:2941} INFO - Sync 1 DAGs
[2025-05-06T00:00:38.557+0000] {logging_mixin.py:154} INFO - [2025-05-06T00:00:38.556+0000] {dag.py:3722} INFO - Setting next_dagrun for Drop_And_Create_Table to None, run_after=None
[2025-05-06T00:00:38.593+0000] {processor.py:179} INFO - Processing /opt/airflow/dags/Drop_And_Create_Table.py took 0.224 seconds
[2025-05-06T00:01:08.914+0000] {processor.py:157} INFO - Started process (PID=23600) to work on /opt/airflow/dags/Drop_And_Create_Table.py
[2025-05-06T00:01:08.920+0000] {processor.py:829} INFO - Processing file /opt/airflow/dags/Drop_And_Create_Table.py for tasks to queue
[2025-05-06T00:01:08.923+0000] {logging_mixin.py:154} INFO - [2025-05-06T00:01:08.921+0000] {dagbag.py:536} INFO - Filling up the DagBag from /opt/airflow/dags/Drop_And_Create_Table.py
[2025-05-06T00:01:08.973+0000] {processor.py:839} INFO - DAG(s) dict_keys(['Drop_And_Create_Table']) retrieved from /opt/airflow/dags/Drop_And_Create_Table.py
[2025-05-06T00:01:09.085+0000] {logging_mixin.py:154} INFO - [2025-05-06T00:01:09.084+0000] {dag.py:2941} INFO - Sync 1 DAGs
[2025-05-06T00:01:09.152+0000] {logging_mixin.py:154} INFO - [2025-05-06T00:01:09.151+0000] {dag.py:3722} INFO - Setting next_dagrun for Drop_And_Create_Table to None, run_after=None
[2025-05-06T00:01:09.243+0000] {processor.py:179} INFO - Processing /opt/airflow/dags/Drop_And_Create_Table.py took 0.361 seconds
[2025-05-06T00:01:39.529+0000] {processor.py:157} INFO - Started process (PID=23617) to work on /opt/airflow/dags/Drop_And_Create_Table.py
[2025-05-06T00:01:39.536+0000] {processor.py:829} INFO - Processing file /opt/airflow/dags/Drop_And_Create_Table.py for tasks to queue
[2025-05-06T00:01:39.539+0000] {logging_mixin.py:154} INFO - [2025-05-06T00:01:39.538+0000] {dagbag.py:536} INFO - Filling up the DagBag from /opt/airflow/dags/Drop_And_Create_Table.py
[2025-05-06T00:01:39.628+0000] {processor.py:839} INFO - DAG(s) dict_keys(['Drop_And_Create_Table']) retrieved from /opt/airflow/dags/Drop_And_Create_Table.py
[2025-05-06T00:01:39.706+0000] {logging_mixin.py:154} INFO - [2025-05-06T00:01:39.705+0000] {dag.py:2941} INFO - Sync 1 DAGs
[2025-05-06T00:01:39.749+0000] {logging_mixin.py:154} INFO - [2025-05-06T00:01:39.749+0000] {dag.py:3722} INFO - Setting next_dagrun for Drop_And_Create_Table to None, run_after=None
[2025-05-06T00:01:39.920+0000] {processor.py:179} INFO - Processing /opt/airflow/dags/Drop_And_Create_Table.py took 0.438 seconds
[2025-05-06T00:02:11.048+0000] {processor.py:157} INFO - Started process (PID=23630) to work on /opt/airflow/dags/Drop_And_Create_Table.py
[2025-05-06T00:02:11.054+0000] {processor.py:829} INFO - Processing file /opt/airflow/dags/Drop_And_Create_Table.py for tasks to queue
[2025-05-06T00:02:11.056+0000] {logging_mixin.py:154} INFO - [2025-05-06T00:02:11.055+0000] {dagbag.py:536} INFO - Filling up the DagBag from /opt/airflow/dags/Drop_And_Create_Table.py
[2025-05-06T00:02:11.141+0000] {processor.py:839} INFO - DAG(s) dict_keys(['Drop_And_Create_Table']) retrieved from /opt/airflow/dags/Drop_And_Create_Table.py
[2025-05-06T00:02:11.314+0000] {logging_mixin.py:154} INFO - [2025-05-06T00:02:11.313+0000] {dag.py:2941} INFO - Sync 1 DAGs
[2025-05-06T00:02:11.366+0000] {logging_mixin.py:154} INFO - [2025-05-06T00:02:11.360+0000] {dag.py:3722} INFO - Setting next_dagrun for Drop_And_Create_Table to None, run_after=None
[2025-05-06T00:02:11.470+0000] {processor.py:179} INFO - Processing /opt/airflow/dags/Drop_And_Create_Table.py took 0.452 seconds
[2025-05-06T00:02:42.185+0000] {processor.py:157} INFO - Started process (PID=23647) to work on /opt/airflow/dags/Drop_And_Create_Table.py
[2025-05-06T00:02:42.204+0000] {processor.py:829} INFO - Processing file /opt/airflow/dags/Drop_And_Create_Table.py for tasks to queue
[2025-05-06T00:02:42.219+0000] {logging_mixin.py:154} INFO - [2025-05-06T00:02:42.205+0000] {dagbag.py:536} INFO - Filling up the DagBag from /opt/airflow/dags/Drop_And_Create_Table.py
[2025-05-06T00:02:42.284+0000] {processor.py:839} INFO - DAG(s) dict_keys(['Drop_And_Create_Table']) retrieved from /opt/airflow/dags/Drop_And_Create_Table.py
[2025-05-06T00:02:42.483+0000] {logging_mixin.py:154} INFO - [2025-05-06T00:02:42.483+0000] {dag.py:2941} INFO - Sync 1 DAGs
[2025-05-06T00:02:42.512+0000] {logging_mixin.py:154} INFO - [2025-05-06T00:02:42.512+0000] {dag.py:3722} INFO - Setting next_dagrun for Drop_And_Create_Table to None, run_after=None
[2025-05-06T00:02:42.569+0000] {processor.py:179} INFO - Processing /opt/airflow/dags/Drop_And_Create_Table.py took 0.472 seconds
[2025-05-06T00:03:33.081+0000] {processor.py:157} INFO - Started process (PID=23668) to work on /opt/airflow/dags/Drop_And_Create_Table.py
[2025-05-06T00:03:33.085+0000] {processor.py:829} INFO - Processing file /opt/airflow/dags/Drop_And_Create_Table.py for tasks to queue
[2025-05-06T00:03:33.097+0000] {logging_mixin.py:154} INFO - [2025-05-06T00:03:33.094+0000] {dagbag.py:536} INFO - Filling up the DagBag from /opt/airflow/dags/Drop_And_Create_Table.py
[2025-05-06T00:03:33.279+0000] {processor.py:839} INFO - DAG(s) dict_keys(['Drop_And_Create_Table']) retrieved from /opt/airflow/dags/Drop_And_Create_Table.py
[2025-05-06T00:03:33.386+0000] {logging_mixin.py:154} INFO - [2025-05-06T00:03:33.385+0000] {dag.py:2941} INFO - Sync 1 DAGs
[2025-05-06T00:03:33.413+0000] {logging_mixin.py:154} INFO - [2025-05-06T00:03:33.413+0000] {dag.py:3722} INFO - Setting next_dagrun for Drop_And_Create_Table to None, run_after=None
[2025-05-06T00:03:33.459+0000] {processor.py:179} INFO - Processing /opt/airflow/dags/Drop_And_Create_Table.py took 0.420 seconds
[2025-05-06T00:04:06.334+0000] {processor.py:157} INFO - Started process (PID=23683) to work on /opt/airflow/dags/Drop_And_Create_Table.py
[2025-05-06T00:04:06.337+0000] {processor.py:829} INFO - Processing file /opt/airflow/dags/Drop_And_Create_Table.py for tasks to queue
[2025-05-06T00:04:06.339+0000] {logging_mixin.py:154} INFO - [2025-05-06T00:04:06.338+0000] {dagbag.py:536} INFO - Filling up the DagBag from /opt/airflow/dags/Drop_And_Create_Table.py
[2025-05-06T00:04:06.383+0000] {processor.py:839} INFO - DAG(s) dict_keys(['Drop_And_Create_Table']) retrieved from /opt/airflow/dags/Drop_And_Create_Table.py
[2025-05-06T00:04:06.533+0000] {logging_mixin.py:154} INFO - [2025-05-06T00:04:06.533+0000] {dag.py:2941} INFO - Sync 1 DAGs
[2025-05-06T00:04:06.608+0000] {logging_mixin.py:154} INFO - [2025-05-06T00:04:06.607+0000] {dag.py:3722} INFO - Setting next_dagrun for Drop_And_Create_Table to None, run_after=None
[2025-05-06T00:04:06.758+0000] {processor.py:179} INFO - Processing /opt/airflow/dags/Drop_And_Create_Table.py took 0.435 seconds
[2025-05-06T00:04:38.736+0000] {processor.py:157} INFO - Started process (PID=23700) to work on /opt/airflow/dags/Drop_And_Create_Table.py
[2025-05-06T00:04:38.745+0000] {processor.py:829} INFO - Processing file /opt/airflow/dags/Drop_And_Create_Table.py for tasks to queue
[2025-05-06T00:04:38.749+0000] {logging_mixin.py:154} INFO - [2025-05-06T00:04:38.748+0000] {dagbag.py:536} INFO - Filling up the DagBag from /opt/airflow/dags/Drop_And_Create_Table.py
[2025-05-06T00:04:38.792+0000] {processor.py:839} INFO - DAG(s) dict_keys(['Drop_And_Create_Table']) retrieved from /opt/airflow/dags/Drop_And_Create_Table.py
[2025-05-06T00:04:38.868+0000] {logging_mixin.py:154} INFO - [2025-05-06T00:04:38.867+0000] {dag.py:2941} INFO - Sync 1 DAGs
[2025-05-06T00:04:38.908+0000] {logging_mixin.py:154} INFO - [2025-05-06T00:04:38.907+0000] {dag.py:3722} INFO - Setting next_dagrun for Drop_And_Create_Table to None, run_after=None
[2025-05-06T00:04:38.965+0000] {processor.py:179} INFO - Processing /opt/airflow/dags/Drop_And_Create_Table.py took 0.245 seconds
[2025-05-06T00:05:09.652+0000] {processor.py:157} INFO - Started process (PID=23713) to work on /opt/airflow/dags/Drop_And_Create_Table.py
[2025-05-06T00:05:09.655+0000] {processor.py:829} INFO - Processing file /opt/airflow/dags/Drop_And_Create_Table.py for tasks to queue
[2025-05-06T00:05:09.656+0000] {logging_mixin.py:154} INFO - [2025-05-06T00:05:09.656+0000] {dagbag.py:536} INFO - Filling up the DagBag from /opt/airflow/dags/Drop_And_Create_Table.py
[2025-05-06T00:05:09.695+0000] {processor.py:839} INFO - DAG(s) dict_keys(['Drop_And_Create_Table']) retrieved from /opt/airflow/dags/Drop_And_Create_Table.py
[2025-05-06T00:05:09.828+0000] {logging_mixin.py:154} INFO - [2025-05-06T00:05:09.828+0000] {dag.py:2941} INFO - Sync 1 DAGs
[2025-05-06T00:05:09.877+0000] {logging_mixin.py:154} INFO - [2025-05-06T00:05:09.877+0000] {dag.py:3722} INFO - Setting next_dagrun for Drop_And_Create_Table to None, run_after=None
[2025-05-06T00:05:10.005+0000] {processor.py:179} INFO - Processing /opt/airflow/dags/Drop_And_Create_Table.py took 0.358 seconds
[2025-05-06T00:05:40.830+0000] {processor.py:157} INFO - Started process (PID=23733) to work on /opt/airflow/dags/Drop_And_Create_Table.py
[2025-05-06T00:05:40.860+0000] {processor.py:829} INFO - Processing file /opt/airflow/dags/Drop_And_Create_Table.py for tasks to queue
[2025-05-06T00:05:40.889+0000] {logging_mixin.py:154} INFO - [2025-05-06T00:05:40.871+0000] {dagbag.py:536} INFO - Filling up the DagBag from /opt/airflow/dags/Drop_And_Create_Table.py
[2025-05-06T00:05:41.027+0000] {processor.py:839} INFO - DAG(s) dict_keys(['Drop_And_Create_Table']) retrieved from /opt/airflow/dags/Drop_And_Create_Table.py
[2025-05-06T00:05:41.248+0000] {logging_mixin.py:154} INFO - [2025-05-06T00:05:41.248+0000] {dag.py:2941} INFO - Sync 1 DAGs
[2025-05-06T00:05:41.309+0000] {logging_mixin.py:154} INFO - [2025-05-06T00:05:41.308+0000] {dag.py:3722} INFO - Setting next_dagrun for Drop_And_Create_Table to None, run_after=None
[2025-05-06T00:05:41.414+0000] {processor.py:179} INFO - Processing /opt/airflow/dags/Drop_And_Create_Table.py took 0.632 seconds
[2025-05-06T00:06:11.629+0000] {processor.py:157} INFO - Started process (PID=23753) to work on /opt/airflow/dags/Drop_And_Create_Table.py
[2025-05-06T00:06:11.634+0000] {processor.py:829} INFO - Processing file /opt/airflow/dags/Drop_And_Create_Table.py for tasks to queue
[2025-05-06T00:06:11.639+0000] {logging_mixin.py:154} INFO - [2025-05-06T00:06:11.637+0000] {dagbag.py:536} INFO - Filling up the DagBag from /opt/airflow/dags/Drop_And_Create_Table.py
[2025-05-06T00:06:11.678+0000] {processor.py:839} INFO - DAG(s) dict_keys(['Drop_And_Create_Table']) retrieved from /opt/airflow/dags/Drop_And_Create_Table.py
[2025-05-06T00:06:11.766+0000] {logging_mixin.py:154} INFO - [2025-05-06T00:06:11.762+0000] {dag.py:2941} INFO - Sync 1 DAGs
[2025-05-06T00:06:11.804+0000] {logging_mixin.py:154} INFO - [2025-05-06T00:06:11.804+0000] {dag.py:3722} INFO - Setting next_dagrun for Drop_And_Create_Table to None, run_after=None
[2025-05-06T00:06:11.877+0000] {processor.py:179} INFO - Processing /opt/airflow/dags/Drop_And_Create_Table.py took 0.259 seconds
[2025-05-06T00:06:42.302+0000] {processor.py:157} INFO - Started process (PID=23774) to work on /opt/airflow/dags/Drop_And_Create_Table.py
[2025-05-06T00:06:42.306+0000] {processor.py:829} INFO - Processing file /opt/airflow/dags/Drop_And_Create_Table.py for tasks to queue
[2025-05-06T00:06:42.309+0000] {logging_mixin.py:154} INFO - [2025-05-06T00:06:42.307+0000] {dagbag.py:536} INFO - Filling up the DagBag from /opt/airflow/dags/Drop_And_Create_Table.py
[2025-05-06T00:06:42.348+0000] {processor.py:839} INFO - DAG(s) dict_keys(['Drop_And_Create_Table']) retrieved from /opt/airflow/dags/Drop_And_Create_Table.py
[2025-05-06T00:06:42.433+0000] {logging_mixin.py:154} INFO - [2025-05-06T00:06:42.432+0000] {dag.py:2941} INFO - Sync 1 DAGs
[2025-05-06T00:06:42.461+0000] {logging_mixin.py:154} INFO - [2025-05-06T00:06:42.461+0000] {dag.py:3722} INFO - Setting next_dagrun for Drop_And_Create_Table to None, run_after=None
[2025-05-06T00:06:42.500+0000] {processor.py:179} INFO - Processing /opt/airflow/dags/Drop_And_Create_Table.py took 0.209 seconds
[2025-05-06T00:07:13.127+0000] {processor.py:157} INFO - Started process (PID=23795) to work on /opt/airflow/dags/Drop_And_Create_Table.py
[2025-05-06T00:07:13.134+0000] {processor.py:829} INFO - Processing file /opt/airflow/dags/Drop_And_Create_Table.py for tasks to queue
[2025-05-06T00:07:13.136+0000] {logging_mixin.py:154} INFO - [2025-05-06T00:07:13.136+0000] {dagbag.py:536} INFO - Filling up the DagBag from /opt/airflow/dags/Drop_And_Create_Table.py
[2025-05-06T00:07:13.206+0000] {processor.py:839} INFO - DAG(s) dict_keys(['Drop_And_Create_Table']) retrieved from /opt/airflow/dags/Drop_And_Create_Table.py
[2025-05-06T00:07:13.493+0000] {logging_mixin.py:154} INFO - [2025-05-06T00:07:13.492+0000] {dag.py:2941} INFO - Sync 1 DAGs
[2025-05-06T00:07:13.697+0000] {logging_mixin.py:154} INFO - [2025-05-06T00:07:13.697+0000] {dag.py:3722} INFO - Setting next_dagrun for Drop_And_Create_Table to None, run_after=None
[2025-05-06T00:07:13.843+0000] {processor.py:179} INFO - Processing /opt/airflow/dags/Drop_And_Create_Table.py took 0.734 seconds
[2025-05-06T00:07:44.247+0000] {processor.py:157} INFO - Started process (PID=23812) to work on /opt/airflow/dags/Drop_And_Create_Table.py
[2025-05-06T00:07:44.251+0000] {processor.py:829} INFO - Processing file /opt/airflow/dags/Drop_And_Create_Table.py for tasks to queue
[2025-05-06T00:07:44.254+0000] {logging_mixin.py:154} INFO - [2025-05-06T00:07:44.253+0000] {dagbag.py:536} INFO - Filling up the DagBag from /opt/airflow/dags/Drop_And_Create_Table.py
[2025-05-06T00:07:44.311+0000] {processor.py:839} INFO - DAG(s) dict_keys(['Drop_And_Create_Table']) retrieved from /opt/airflow/dags/Drop_And_Create_Table.py
[2025-05-06T00:07:44.424+0000] {logging_mixin.py:154} INFO - [2025-05-06T00:07:44.424+0000] {dag.py:2941} INFO - Sync 1 DAGs
[2025-05-06T00:07:44.478+0000] {logging_mixin.py:154} INFO - [2025-05-06T00:07:44.477+0000] {dag.py:3722} INFO - Setting next_dagrun for Drop_And_Create_Table to None, run_after=None
[2025-05-06T00:07:44.529+0000] {processor.py:179} INFO - Processing /opt/airflow/dags/Drop_And_Create_Table.py took 0.303 seconds
[2025-05-06T00:08:14.808+0000] {processor.py:157} INFO - Started process (PID=23829) to work on /opt/airflow/dags/Drop_And_Create_Table.py
[2025-05-06T00:08:14.812+0000] {processor.py:829} INFO - Processing file /opt/airflow/dags/Drop_And_Create_Table.py for tasks to queue
[2025-05-06T00:08:14.815+0000] {logging_mixin.py:154} INFO - [2025-05-06T00:08:14.814+0000] {dagbag.py:536} INFO - Filling up the DagBag from /opt/airflow/dags/Drop_And_Create_Table.py
[2025-05-06T00:08:14.853+0000] {processor.py:839} INFO - DAG(s) dict_keys(['Drop_And_Create_Table']) retrieved from /opt/airflow/dags/Drop_And_Create_Table.py
[2025-05-06T00:08:14.957+0000] {logging_mixin.py:154} INFO - [2025-05-06T00:08:14.957+0000] {dag.py:2941} INFO - Sync 1 DAGs
[2025-05-06T00:08:15.007+0000] {logging_mixin.py:154} INFO - [2025-05-06T00:08:15.007+0000] {dag.py:3722} INFO - Setting next_dagrun for Drop_And_Create_Table to None, run_after=None
[2025-05-06T00:08:15.097+0000] {processor.py:179} INFO - Processing /opt/airflow/dags/Drop_And_Create_Table.py took 0.304 seconds
[2025-05-06T00:08:45.495+0000] {processor.py:157} INFO - Started process (PID=23850) to work on /opt/airflow/dags/Drop_And_Create_Table.py
[2025-05-06T00:08:45.500+0000] {processor.py:829} INFO - Processing file /opt/airflow/dags/Drop_And_Create_Table.py for tasks to queue
[2025-05-06T00:08:45.507+0000] {logging_mixin.py:154} INFO - [2025-05-06T00:08:45.506+0000] {dagbag.py:536} INFO - Filling up the DagBag from /opt/airflow/dags/Drop_And_Create_Table.py
[2025-05-06T00:08:45.571+0000] {processor.py:839} INFO - DAG(s) dict_keys(['Drop_And_Create_Table']) retrieved from /opt/airflow/dags/Drop_And_Create_Table.py
[2025-05-06T00:08:45.664+0000] {logging_mixin.py:154} INFO - [2025-05-06T00:08:45.664+0000] {dag.py:2941} INFO - Sync 1 DAGs
[2025-05-06T00:08:45.714+0000] {logging_mixin.py:154} INFO - [2025-05-06T00:08:45.714+0000] {dag.py:3722} INFO - Setting next_dagrun for Drop_And_Create_Table to None, run_after=None
[2025-05-06T00:08:45.789+0000] {processor.py:179} INFO - Processing /opt/airflow/dags/Drop_And_Create_Table.py took 0.321 seconds
[2025-05-06T00:09:16.377+0000] {processor.py:157} INFO - Started process (PID=23867) to work on /opt/airflow/dags/Drop_And_Create_Table.py
[2025-05-06T00:09:16.380+0000] {processor.py:829} INFO - Processing file /opt/airflow/dags/Drop_And_Create_Table.py for tasks to queue
[2025-05-06T00:09:16.381+0000] {logging_mixin.py:154} INFO - [2025-05-06T00:09:16.381+0000] {dagbag.py:536} INFO - Filling up the DagBag from /opt/airflow/dags/Drop_And_Create_Table.py
[2025-05-06T00:09:16.411+0000] {processor.py:839} INFO - DAG(s) dict_keys(['Drop_And_Create_Table']) retrieved from /opt/airflow/dags/Drop_And_Create_Table.py
[2025-05-06T00:09:16.721+0000] {logging_mixin.py:154} INFO - [2025-05-06T00:09:16.721+0000] {dag.py:2941} INFO - Sync 1 DAGs
[2025-05-06T00:09:16.786+0000] {logging_mixin.py:154} INFO - [2025-05-06T00:09:16.786+0000] {dag.py:3722} INFO - Setting next_dagrun for Drop_And_Create_Table to None, run_after=None
[2025-05-06T00:09:16.873+0000] {processor.py:179} INFO - Processing /opt/airflow/dags/Drop_And_Create_Table.py took 0.509 seconds
[2025-05-06T00:09:47.223+0000] {processor.py:157} INFO - Started process (PID=23884) to work on /opt/airflow/dags/Drop_And_Create_Table.py
[2025-05-06T00:09:47.228+0000] {processor.py:829} INFO - Processing file /opt/airflow/dags/Drop_And_Create_Table.py for tasks to queue
[2025-05-06T00:09:47.229+0000] {logging_mixin.py:154} INFO - [2025-05-06T00:09:47.229+0000] {dagbag.py:536} INFO - Filling up the DagBag from /opt/airflow/dags/Drop_And_Create_Table.py
[2025-05-06T00:09:47.259+0000] {processor.py:839} INFO - DAG(s) dict_keys(['Drop_And_Create_Table']) retrieved from /opt/airflow/dags/Drop_And_Create_Table.py
[2025-05-06T00:09:47.334+0000] {logging_mixin.py:154} INFO - [2025-05-06T00:09:47.334+0000] {dag.py:2941} INFO - Sync 1 DAGs
[2025-05-06T00:09:47.374+0000] {logging_mixin.py:154} INFO - [2025-05-06T00:09:47.373+0000] {dag.py:3722} INFO - Setting next_dagrun for Drop_And_Create_Table to None, run_after=None
[2025-05-06T00:09:47.425+0000] {processor.py:179} INFO - Processing /opt/airflow/dags/Drop_And_Create_Table.py took 0.213 seconds
[2025-05-06T00:10:17.823+0000] {processor.py:157} INFO - Started process (PID=23905) to work on /opt/airflow/dags/Drop_And_Create_Table.py
[2025-05-06T00:10:17.828+0000] {processor.py:829} INFO - Processing file /opt/airflow/dags/Drop_And_Create_Table.py for tasks to queue
[2025-05-06T00:10:17.830+0000] {logging_mixin.py:154} INFO - [2025-05-06T00:10:17.830+0000] {dagbag.py:536} INFO - Filling up the DagBag from /opt/airflow/dags/Drop_And_Create_Table.py
[2025-05-06T00:10:17.879+0000] {processor.py:839} INFO - DAG(s) dict_keys(['Drop_And_Create_Table']) retrieved from /opt/airflow/dags/Drop_And_Create_Table.py
[2025-05-06T00:10:18.066+0000] {logging_mixin.py:154} INFO - [2025-05-06T00:10:18.065+0000] {dag.py:2941} INFO - Sync 1 DAGs
[2025-05-06T00:10:18.132+0000] {logging_mixin.py:154} INFO - [2025-05-06T00:10:18.131+0000] {dag.py:3722} INFO - Setting next_dagrun for Drop_And_Create_Table to None, run_after=None
[2025-05-06T00:10:18.243+0000] {processor.py:179} INFO - Processing /opt/airflow/dags/Drop_And_Create_Table.py took 0.440 seconds
[2025-05-06T00:10:48.778+0000] {processor.py:157} INFO - Started process (PID=23918) to work on /opt/airflow/dags/Drop_And_Create_Table.py
[2025-05-06T00:10:48.781+0000] {processor.py:829} INFO - Processing file /opt/airflow/dags/Drop_And_Create_Table.py for tasks to queue
[2025-05-06T00:10:48.783+0000] {logging_mixin.py:154} INFO - [2025-05-06T00:10:48.782+0000] {dagbag.py:536} INFO - Filling up the DagBag from /opt/airflow/dags/Drop_And_Create_Table.py
[2025-05-06T00:10:48.811+0000] {processor.py:839} INFO - DAG(s) dict_keys(['Drop_And_Create_Table']) retrieved from /opt/airflow/dags/Drop_And_Create_Table.py
[2025-05-06T00:10:48.867+0000] {logging_mixin.py:154} INFO - [2025-05-06T00:10:48.866+0000] {dag.py:2941} INFO - Sync 1 DAGs
[2025-05-06T00:10:48.892+0000] {logging_mixin.py:154} INFO - [2025-05-06T00:10:48.892+0000] {dag.py:3722} INFO - Setting next_dagrun for Drop_And_Create_Table to None, run_after=None
[2025-05-06T00:10:48.923+0000] {processor.py:179} INFO - Processing /opt/airflow/dags/Drop_And_Create_Table.py took 0.158 seconds
[2025-05-06T00:11:19.242+0000] {processor.py:157} INFO - Started process (PID=23939) to work on /opt/airflow/dags/Drop_And_Create_Table.py
[2025-05-06T00:11:19.245+0000] {processor.py:829} INFO - Processing file /opt/airflow/dags/Drop_And_Create_Table.py for tasks to queue
[2025-05-06T00:11:19.247+0000] {logging_mixin.py:154} INFO - [2025-05-06T00:11:19.246+0000] {dagbag.py:536} INFO - Filling up the DagBag from /opt/airflow/dags/Drop_And_Create_Table.py
[2025-05-06T00:11:19.274+0000] {processor.py:839} INFO - DAG(s) dict_keys(['Drop_And_Create_Table']) retrieved from /opt/airflow/dags/Drop_And_Create_Table.py
[2025-05-06T00:11:19.331+0000] {logging_mixin.py:154} INFO - [2025-05-06T00:11:19.330+0000] {dag.py:2941} INFO - Sync 1 DAGs
[2025-05-06T00:11:19.367+0000] {logging_mixin.py:154} INFO - [2025-05-06T00:11:19.367+0000] {dag.py:3722} INFO - Setting next_dagrun for Drop_And_Create_Table to None, run_after=None
[2025-05-06T00:11:19.422+0000] {processor.py:179} INFO - Processing /opt/airflow/dags/Drop_And_Create_Table.py took 0.190 seconds
[2025-05-06T00:11:49.766+0000] {processor.py:157} INFO - Started process (PID=23960) to work on /opt/airflow/dags/Drop_And_Create_Table.py
[2025-05-06T00:11:49.769+0000] {processor.py:829} INFO - Processing file /opt/airflow/dags/Drop_And_Create_Table.py for tasks to queue
[2025-05-06T00:11:49.771+0000] {logging_mixin.py:154} INFO - [2025-05-06T00:11:49.770+0000] {dagbag.py:536} INFO - Filling up the DagBag from /opt/airflow/dags/Drop_And_Create_Table.py
[2025-05-06T00:11:49.796+0000] {processor.py:839} INFO - DAG(s) dict_keys(['Drop_And_Create_Table']) retrieved from /opt/airflow/dags/Drop_And_Create_Table.py
[2025-05-06T00:11:49.869+0000] {logging_mixin.py:154} INFO - [2025-05-06T00:11:49.868+0000] {dag.py:2941} INFO - Sync 1 DAGs
[2025-05-06T00:11:49.896+0000] {logging_mixin.py:154} INFO - [2025-05-06T00:11:49.895+0000] {dag.py:3722} INFO - Setting next_dagrun for Drop_And_Create_Table to None, run_after=None
[2025-05-06T00:11:49.940+0000] {processor.py:179} INFO - Processing /opt/airflow/dags/Drop_And_Create_Table.py took 0.186 seconds
[2025-05-06T00:12:20.080+0000] {processor.py:157} INFO - Started process (PID=23981) to work on /opt/airflow/dags/Drop_And_Create_Table.py
[2025-05-06T00:12:20.084+0000] {processor.py:829} INFO - Processing file /opt/airflow/dags/Drop_And_Create_Table.py for tasks to queue
[2025-05-06T00:12:20.088+0000] {logging_mixin.py:154} INFO - [2025-05-06T00:12:20.085+0000] {dagbag.py:536} INFO - Filling up the DagBag from /opt/airflow/dags/Drop_And_Create_Table.py
[2025-05-06T00:12:20.118+0000] {processor.py:839} INFO - DAG(s) dict_keys(['Drop_And_Create_Table']) retrieved from /opt/airflow/dags/Drop_And_Create_Table.py
[2025-05-06T00:12:20.166+0000] {logging_mixin.py:154} INFO - [2025-05-06T00:12:20.166+0000] {dag.py:2941} INFO - Sync 1 DAGs
[2025-05-06T00:12:20.198+0000] {logging_mixin.py:154} INFO - [2025-05-06T00:12:20.198+0000] {dag.py:3722} INFO - Setting next_dagrun for Drop_And_Create_Table to None, run_after=None
[2025-05-06T00:12:20.252+0000] {processor.py:179} INFO - Processing /opt/airflow/dags/Drop_And_Create_Table.py took 0.184 seconds
[2025-05-06T00:12:50.806+0000] {processor.py:157} INFO - Started process (PID=24002) to work on /opt/airflow/dags/Drop_And_Create_Table.py
[2025-05-06T00:12:50.810+0000] {processor.py:829} INFO - Processing file /opt/airflow/dags/Drop_And_Create_Table.py for tasks to queue
[2025-05-06T00:12:50.813+0000] {logging_mixin.py:154} INFO - [2025-05-06T00:12:50.811+0000] {dagbag.py:536} INFO - Filling up the DagBag from /opt/airflow/dags/Drop_And_Create_Table.py
[2025-05-06T00:12:50.847+0000] {processor.py:839} INFO - DAG(s) dict_keys(['Drop_And_Create_Table']) retrieved from /opt/airflow/dags/Drop_And_Create_Table.py
[2025-05-06T00:12:50.952+0000] {logging_mixin.py:154} INFO - [2025-05-06T00:12:50.951+0000] {dag.py:2941} INFO - Sync 1 DAGs
[2025-05-06T00:12:50.982+0000] {logging_mixin.py:154} INFO - [2025-05-06T00:12:50.982+0000] {dag.py:3722} INFO - Setting next_dagrun for Drop_And_Create_Table to None, run_after=None
[2025-05-06T00:12:51.026+0000] {processor.py:179} INFO - Processing /opt/airflow/dags/Drop_And_Create_Table.py took 0.238 seconds
[2025-05-06T00:13:21.378+0000] {processor.py:157} INFO - Started process (PID=24019) to work on /opt/airflow/dags/Drop_And_Create_Table.py
[2025-05-06T00:13:21.383+0000] {processor.py:829} INFO - Processing file /opt/airflow/dags/Drop_And_Create_Table.py for tasks to queue
[2025-05-06T00:13:21.388+0000] {logging_mixin.py:154} INFO - [2025-05-06T00:13:21.386+0000] {dagbag.py:536} INFO - Filling up the DagBag from /opt/airflow/dags/Drop_And_Create_Table.py
[2025-05-06T00:13:21.445+0000] {processor.py:839} INFO - DAG(s) dict_keys(['Drop_And_Create_Table']) retrieved from /opt/airflow/dags/Drop_And_Create_Table.py
[2025-05-06T00:13:21.912+0000] {logging_mixin.py:154} INFO - [2025-05-06T00:13:21.912+0000] {dag.py:2941} INFO - Sync 1 DAGs
[2025-05-06T00:13:21.974+0000] {logging_mixin.py:154} INFO - [2025-05-06T00:13:21.974+0000] {dag.py:3722} INFO - Setting next_dagrun for Drop_And_Create_Table to None, run_after=None
[2025-05-06T00:13:22.090+0000] {processor.py:179} INFO - Processing /opt/airflow/dags/Drop_And_Create_Table.py took 0.736 seconds
[2025-05-06T00:13:54.533+0000] {processor.py:157} INFO - Started process (PID=24033) to work on /opt/airflow/dags/Drop_And_Create_Table.py
[2025-05-06T00:13:54.536+0000] {processor.py:829} INFO - Processing file /opt/airflow/dags/Drop_And_Create_Table.py for tasks to queue
[2025-05-06T00:13:54.539+0000] {logging_mixin.py:154} INFO - [2025-05-06T00:13:54.538+0000] {dagbag.py:536} INFO - Filling up the DagBag from /opt/airflow/dags/Drop_And_Create_Table.py
[2025-05-06T00:13:54.578+0000] {processor.py:839} INFO - DAG(s) dict_keys(['Drop_And_Create_Table']) retrieved from /opt/airflow/dags/Drop_And_Create_Table.py
[2025-05-06T00:13:54.711+0000] {logging_mixin.py:154} INFO - [2025-05-06T00:13:54.711+0000] {dag.py:2941} INFO - Sync 1 DAGs
[2025-05-06T00:13:55.003+0000] {logging_mixin.py:154} INFO - [2025-05-06T00:13:55.002+0000] {dag.py:3722} INFO - Setting next_dagrun for Drop_And_Create_Table to None, run_after=None
[2025-05-06T00:13:55.147+0000] {processor.py:179} INFO - Processing /opt/airflow/dags/Drop_And_Create_Table.py took 0.718 seconds
[2025-05-06T00:14:26.014+0000] {processor.py:157} INFO - Started process (PID=24049) to work on /opt/airflow/dags/Drop_And_Create_Table.py
[2025-05-06T00:14:26.025+0000] {processor.py:829} INFO - Processing file /opt/airflow/dags/Drop_And_Create_Table.py for tasks to queue
[2025-05-06T00:14:26.028+0000] {logging_mixin.py:154} INFO - [2025-05-06T00:14:26.027+0000] {dagbag.py:536} INFO - Filling up the DagBag from /opt/airflow/dags/Drop_And_Create_Table.py
[2025-05-06T00:14:26.102+0000] {processor.py:839} INFO - DAG(s) dict_keys(['Drop_And_Create_Table']) retrieved from /opt/airflow/dags/Drop_And_Create_Table.py
[2025-05-06T00:14:26.184+0000] {logging_mixin.py:154} INFO - [2025-05-06T00:14:26.184+0000] {dag.py:2941} INFO - Sync 1 DAGs
[2025-05-06T00:14:26.231+0000] {logging_mixin.py:154} INFO - [2025-05-06T00:14:26.231+0000] {dag.py:3722} INFO - Setting next_dagrun for Drop_And_Create_Table to None, run_after=None
[2025-05-06T00:14:26.297+0000] {processor.py:179} INFO - Processing /opt/airflow/dags/Drop_And_Create_Table.py took 0.319 seconds
[2025-05-06T00:14:57.137+0000] {processor.py:157} INFO - Started process (PID=24069) to work on /opt/airflow/dags/Drop_And_Create_Table.py
[2025-05-06T00:14:57.177+0000] {processor.py:829} INFO - Processing file /opt/airflow/dags/Drop_And_Create_Table.py for tasks to queue
[2025-05-06T00:14:57.186+0000] {logging_mixin.py:154} INFO - [2025-05-06T00:14:57.178+0000] {dagbag.py:536} INFO - Filling up the DagBag from /opt/airflow/dags/Drop_And_Create_Table.py
[2025-05-06T00:14:57.384+0000] {processor.py:839} INFO - DAG(s) dict_keys(['Drop_And_Create_Table']) retrieved from /opt/airflow/dags/Drop_And_Create_Table.py
[2025-05-06T00:14:57.499+0000] {logging_mixin.py:154} INFO - [2025-05-06T00:14:57.499+0000] {dag.py:2941} INFO - Sync 1 DAGs
[2025-05-06T00:14:57.526+0000] {logging_mixin.py:154} INFO - [2025-05-06T00:14:57.526+0000] {dag.py:3722} INFO - Setting next_dagrun for Drop_And_Create_Table to None, run_after=None
[2025-05-06T00:14:57.575+0000] {processor.py:179} INFO - Processing /opt/airflow/dags/Drop_And_Create_Table.py took 0.482 seconds
[2025-05-06T00:15:37.135+0000] {processor.py:157} INFO - Started process (PID=24091) to work on /opt/airflow/dags/Drop_And_Create_Table.py
[2025-05-06T00:15:37.143+0000] {processor.py:829} INFO - Processing file /opt/airflow/dags/Drop_And_Create_Table.py for tasks to queue
[2025-05-06T00:15:37.151+0000] {logging_mixin.py:154} INFO - [2025-05-06T00:15:37.144+0000] {dagbag.py:536} INFO - Filling up the DagBag from /opt/airflow/dags/Drop_And_Create_Table.py
[2025-05-06T00:15:37.192+0000] {processor.py:839} INFO - DAG(s) dict_keys(['Drop_And_Create_Table']) retrieved from /opt/airflow/dags/Drop_And_Create_Table.py
[2025-05-06T00:15:37.249+0000] {logging_mixin.py:154} INFO - [2025-05-06T00:15:37.248+0000] {dag.py:2941} INFO - Sync 1 DAGs
[2025-05-06T00:15:37.272+0000] {logging_mixin.py:154} INFO - [2025-05-06T00:15:37.271+0000] {dag.py:3722} INFO - Setting next_dagrun for Drop_And_Create_Table to None, run_after=None
[2025-05-06T00:15:37.318+0000] {processor.py:179} INFO - Processing /opt/airflow/dags/Drop_And_Create_Table.py took 0.218 seconds
[2025-05-06T00:16:19.071+0000] {processor.py:157} INFO - Started process (PID=24112) to work on /opt/airflow/dags/Drop_And_Create_Table.py
[2025-05-06T00:16:19.078+0000] {processor.py:829} INFO - Processing file /opt/airflow/dags/Drop_And_Create_Table.py for tasks to queue
[2025-05-06T00:16:19.085+0000] {logging_mixin.py:154} INFO - [2025-05-06T00:16:19.083+0000] {dagbag.py:536} INFO - Filling up the DagBag from /opt/airflow/dags/Drop_And_Create_Table.py
[2025-05-06T00:16:19.151+0000] {processor.py:839} INFO - DAG(s) dict_keys(['Drop_And_Create_Table']) retrieved from /opt/airflow/dags/Drop_And_Create_Table.py
[2025-05-06T00:16:19.218+0000] {logging_mixin.py:154} INFO - [2025-05-06T00:16:19.218+0000] {dag.py:2941} INFO - Sync 1 DAGs
[2025-05-06T00:16:19.251+0000] {logging_mixin.py:154} INFO - [2025-05-06T00:16:19.250+0000] {dag.py:3722} INFO - Setting next_dagrun for Drop_And_Create_Table to None, run_after=None
[2025-05-06T00:16:19.297+0000] {processor.py:179} INFO - Processing /opt/airflow/dags/Drop_And_Create_Table.py took 0.272 seconds
[2025-05-06T00:16:57.035+0000] {processor.py:157} INFO - Started process (PID=24129) to work on /opt/airflow/dags/Drop_And_Create_Table.py
[2025-05-06T00:16:57.049+0000] {processor.py:829} INFO - Processing file /opt/airflow/dags/Drop_And_Create_Table.py for tasks to queue
[2025-05-06T00:16:57.054+0000] {logging_mixin.py:154} INFO - [2025-05-06T00:16:57.053+0000] {dagbag.py:536} INFO - Filling up the DagBag from /opt/airflow/dags/Drop_And_Create_Table.py
[2025-05-06T00:16:57.216+0000] {processor.py:839} INFO - DAG(s) dict_keys(['Drop_And_Create_Table']) retrieved from /opt/airflow/dags/Drop_And_Create_Table.py
[2025-05-06T00:16:57.443+0000] {logging_mixin.py:154} INFO - [2025-05-06T00:16:57.442+0000] {dag.py:2941} INFO - Sync 1 DAGs
[2025-05-06T00:16:57.528+0000] {logging_mixin.py:154} INFO - [2025-05-06T00:16:57.527+0000] {dag.py:3722} INFO - Setting next_dagrun for Drop_And_Create_Table to None, run_after=None
[2025-05-06T00:16:57.569+0000] {processor.py:179} INFO - Processing /opt/airflow/dags/Drop_And_Create_Table.py took 0.569 seconds
[2025-05-06T00:17:30.573+0000] {processor.py:157} INFO - Started process (PID=24146) to work on /opt/airflow/dags/Drop_And_Create_Table.py
[2025-05-06T00:17:30.580+0000] {processor.py:829} INFO - Processing file /opt/airflow/dags/Drop_And_Create_Table.py for tasks to queue
[2025-05-06T00:17:30.589+0000] {logging_mixin.py:154} INFO - [2025-05-06T00:17:30.587+0000] {dagbag.py:536} INFO - Filling up the DagBag from /opt/airflow/dags/Drop_And_Create_Table.py
[2025-05-06T00:17:30.676+0000] {processor.py:839} INFO - DAG(s) dict_keys(['Drop_And_Create_Table']) retrieved from /opt/airflow/dags/Drop_And_Create_Table.py
[2025-05-06T00:17:31.092+0000] {logging_mixin.py:154} INFO - [2025-05-06T00:17:31.089+0000] {dag.py:2941} INFO - Sync 1 DAGs
[2025-05-06T00:17:31.260+0000] {logging_mixin.py:154} INFO - [2025-05-06T00:17:31.259+0000] {dag.py:3722} INFO - Setting next_dagrun for Drop_And_Create_Table to None, run_after=None
[2025-05-06T00:17:31.502+0000] {processor.py:179} INFO - Processing /opt/airflow/dags/Drop_And_Create_Table.py took 0.957 seconds
[2025-05-06T00:18:02.343+0000] {processor.py:157} INFO - Started process (PID=24159) to work on /opt/airflow/dags/Drop_And_Create_Table.py
[2025-05-06T00:18:02.357+0000] {processor.py:829} INFO - Processing file /opt/airflow/dags/Drop_And_Create_Table.py for tasks to queue
[2025-05-06T00:18:02.378+0000] {logging_mixin.py:154} INFO - [2025-05-06T00:18:02.371+0000] {dagbag.py:536} INFO - Filling up the DagBag from /opt/airflow/dags/Drop_And_Create_Table.py
[2025-05-06T00:18:02.528+0000] {processor.py:839} INFO - DAG(s) dict_keys(['Drop_And_Create_Table']) retrieved from /opt/airflow/dags/Drop_And_Create_Table.py
[2025-05-06T00:18:02.775+0000] {logging_mixin.py:154} INFO - [2025-05-06T00:18:02.774+0000] {dag.py:2941} INFO - Sync 1 DAGs
[2025-05-06T00:18:02.842+0000] {logging_mixin.py:154} INFO - [2025-05-06T00:18:02.841+0000] {dag.py:3722} INFO - Setting next_dagrun for Drop_And_Create_Table to None, run_after=None
[2025-05-06T00:18:03.314+0000] {processor.py:179} INFO - Processing /opt/airflow/dags/Drop_And_Create_Table.py took 1.065 seconds
[2025-05-06T00:18:33.946+0000] {processor.py:157} INFO - Started process (PID=24179) to work on /opt/airflow/dags/Drop_And_Create_Table.py
[2025-05-06T00:18:33.969+0000] {processor.py:829} INFO - Processing file /opt/airflow/dags/Drop_And_Create_Table.py for tasks to queue
[2025-05-06T00:18:33.971+0000] {logging_mixin.py:154} INFO - [2025-05-06T00:18:33.970+0000] {dagbag.py:536} INFO - Filling up the DagBag from /opt/airflow/dags/Drop_And_Create_Table.py
[2025-05-06T00:18:34.029+0000] {processor.py:839} INFO - DAG(s) dict_keys(['Drop_And_Create_Table']) retrieved from /opt/airflow/dags/Drop_And_Create_Table.py
[2025-05-06T00:18:34.150+0000] {logging_mixin.py:154} INFO - [2025-05-06T00:18:34.149+0000] {dag.py:2941} INFO - Sync 1 DAGs
[2025-05-06T00:18:34.189+0000] {logging_mixin.py:154} INFO - [2025-05-06T00:18:34.189+0000] {dag.py:3722} INFO - Setting next_dagrun for Drop_And_Create_Table to None, run_after=None
[2025-05-06T00:18:34.333+0000] {processor.py:179} INFO - Processing /opt/airflow/dags/Drop_And_Create_Table.py took 0.456 seconds
[2025-05-06T00:19:04.735+0000] {processor.py:157} INFO - Started process (PID=24199) to work on /opt/airflow/dags/Drop_And_Create_Table.py
[2025-05-06T00:19:04.754+0000] {processor.py:829} INFO - Processing file /opt/airflow/dags/Drop_And_Create_Table.py for tasks to queue
[2025-05-06T00:19:04.760+0000] {logging_mixin.py:154} INFO - [2025-05-06T00:19:04.759+0000] {dagbag.py:536} INFO - Filling up the DagBag from /opt/airflow/dags/Drop_And_Create_Table.py
[2025-05-06T00:19:04.829+0000] {processor.py:839} INFO - DAG(s) dict_keys(['Drop_And_Create_Table']) retrieved from /opt/airflow/dags/Drop_And_Create_Table.py
[2025-05-06T00:19:04.940+0000] {logging_mixin.py:154} INFO - [2025-05-06T00:19:04.939+0000] {dag.py:2941} INFO - Sync 1 DAGs
[2025-05-06T00:19:05.002+0000] {logging_mixin.py:154} INFO - [2025-05-06T00:19:05.000+0000] {dag.py:3722} INFO - Setting next_dagrun for Drop_And_Create_Table to None, run_after=None
[2025-05-06T00:19:05.108+0000] {processor.py:179} INFO - Processing /opt/airflow/dags/Drop_And_Create_Table.py took 0.415 seconds
[2025-05-06T00:19:36.518+0000] {processor.py:157} INFO - Started process (PID=24217) to work on /opt/airflow/dags/Drop_And_Create_Table.py
[2025-05-06T00:19:36.522+0000] {processor.py:829} INFO - Processing file /opt/airflow/dags/Drop_And_Create_Table.py for tasks to queue
[2025-05-06T00:19:36.524+0000] {logging_mixin.py:154} INFO - [2025-05-06T00:19:36.523+0000] {dagbag.py:536} INFO - Filling up the DagBag from /opt/airflow/dags/Drop_And_Create_Table.py
[2025-05-06T00:19:36.591+0000] {processor.py:839} INFO - DAG(s) dict_keys(['Drop_And_Create_Table']) retrieved from /opt/airflow/dags/Drop_And_Create_Table.py
[2025-05-06T00:19:36.692+0000] {logging_mixin.py:154} INFO - [2025-05-06T00:19:36.692+0000] {dag.py:2941} INFO - Sync 1 DAGs
[2025-05-06T00:19:36.786+0000] {logging_mixin.py:154} INFO - [2025-05-06T00:19:36.786+0000] {dag.py:3722} INFO - Setting next_dagrun for Drop_And_Create_Table to None, run_after=None
[2025-05-06T00:19:36.899+0000] {processor.py:179} INFO - Processing /opt/airflow/dags/Drop_And_Create_Table.py took 0.399 seconds
[2025-05-06T00:20:07.332+0000] {processor.py:157} INFO - Started process (PID=24232) to work on /opt/airflow/dags/Drop_And_Create_Table.py
[2025-05-06T00:20:07.341+0000] {processor.py:829} INFO - Processing file /opt/airflow/dags/Drop_And_Create_Table.py for tasks to queue
[2025-05-06T00:20:07.344+0000] {logging_mixin.py:154} INFO - [2025-05-06T00:20:07.344+0000] {dagbag.py:536} INFO - Filling up the DagBag from /opt/airflow/dags/Drop_And_Create_Table.py
[2025-05-06T00:20:07.434+0000] {processor.py:839} INFO - DAG(s) dict_keys(['Drop_And_Create_Table']) retrieved from /opt/airflow/dags/Drop_And_Create_Table.py
[2025-05-06T00:20:07.574+0000] {logging_mixin.py:154} INFO - [2025-05-06T00:20:07.574+0000] {dag.py:2941} INFO - Sync 1 DAGs
[2025-05-06T00:20:07.621+0000] {logging_mixin.py:154} INFO - [2025-05-06T00:20:07.621+0000] {dag.py:3722} INFO - Setting next_dagrun for Drop_And_Create_Table to None, run_after=None
[2025-05-06T00:20:07.735+0000] {processor.py:179} INFO - Processing /opt/airflow/dags/Drop_And_Create_Table.py took 0.431 seconds
[2025-05-06T00:20:38.590+0000] {processor.py:157} INFO - Started process (PID=24252) to work on /opt/airflow/dags/Drop_And_Create_Table.py
[2025-05-06T00:20:38.624+0000] {processor.py:829} INFO - Processing file /opt/airflow/dags/Drop_And_Create_Table.py for tasks to queue
[2025-05-06T00:20:38.644+0000] {logging_mixin.py:154} INFO - [2025-05-06T00:20:38.643+0000] {dagbag.py:536} INFO - Filling up the DagBag from /opt/airflow/dags/Drop_And_Create_Table.py
[2025-05-06T00:20:38.816+0000] {processor.py:839} INFO - DAG(s) dict_keys(['Drop_And_Create_Table']) retrieved from /opt/airflow/dags/Drop_And_Create_Table.py
[2025-05-06T00:20:39.349+0000] {logging_mixin.py:154} INFO - [2025-05-06T00:20:39.348+0000] {dag.py:2941} INFO - Sync 1 DAGs
[2025-05-06T00:20:39.519+0000] {logging_mixin.py:154} INFO - [2025-05-06T00:20:39.518+0000] {dag.py:3722} INFO - Setting next_dagrun for Drop_And_Create_Table to None, run_after=None
[2025-05-06T00:20:39.680+0000] {processor.py:179} INFO - Processing /opt/airflow/dags/Drop_And_Create_Table.py took 1.186 seconds
[2025-05-06T00:21:10.328+0000] {processor.py:157} INFO - Started process (PID=24265) to work on /opt/airflow/dags/Drop_And_Create_Table.py
[2025-05-06T00:21:10.339+0000] {processor.py:829} INFO - Processing file /opt/airflow/dags/Drop_And_Create_Table.py for tasks to queue
[2025-05-06T00:21:10.344+0000] {logging_mixin.py:154} INFO - [2025-05-06T00:21:10.343+0000] {dagbag.py:536} INFO - Filling up the DagBag from /opt/airflow/dags/Drop_And_Create_Table.py
[2025-05-06T00:21:10.448+0000] {processor.py:839} INFO - DAG(s) dict_keys(['Drop_And_Create_Table']) retrieved from /opt/airflow/dags/Drop_And_Create_Table.py
[2025-05-06T00:21:10.734+0000] {logging_mixin.py:154} INFO - [2025-05-06T00:21:10.734+0000] {dag.py:2941} INFO - Sync 1 DAGs
[2025-05-06T00:21:10.816+0000] {logging_mixin.py:154} INFO - [2025-05-06T00:21:10.816+0000] {dag.py:3722} INFO - Setting next_dagrun for Drop_And_Create_Table to None, run_after=None
[2025-05-06T00:21:10.866+0000] {processor.py:179} INFO - Processing /opt/airflow/dags/Drop_And_Create_Table.py took 0.559 seconds
[2025-05-06T00:21:41.139+0000] {processor.py:157} INFO - Started process (PID=24286) to work on /opt/airflow/dags/Drop_And_Create_Table.py
[2025-05-06T00:21:41.150+0000] {processor.py:829} INFO - Processing file /opt/airflow/dags/Drop_And_Create_Table.py for tasks to queue
[2025-05-06T00:21:41.152+0000] {logging_mixin.py:154} INFO - [2025-05-06T00:21:41.151+0000] {dagbag.py:536} INFO - Filling up the DagBag from /opt/airflow/dags/Drop_And_Create_Table.py
[2025-05-06T00:21:41.202+0000] {processor.py:839} INFO - DAG(s) dict_keys(['Drop_And_Create_Table']) retrieved from /opt/airflow/dags/Drop_And_Create_Table.py
[2025-05-06T00:21:41.307+0000] {logging_mixin.py:154} INFO - [2025-05-06T00:21:41.307+0000] {dag.py:2941} INFO - Sync 1 DAGs
[2025-05-06T00:21:41.363+0000] {logging_mixin.py:154} INFO - [2025-05-06T00:21:41.362+0000] {dag.py:3722} INFO - Setting next_dagrun for Drop_And_Create_Table to None, run_after=None
[2025-05-06T00:21:41.455+0000] {processor.py:179} INFO - Processing /opt/airflow/dags/Drop_And_Create_Table.py took 0.338 seconds
[2025-05-06T00:22:12.300+0000] {processor.py:157} INFO - Started process (PID=24303) to work on /opt/airflow/dags/Drop_And_Create_Table.py
[2025-05-06T00:22:12.306+0000] {processor.py:829} INFO - Processing file /opt/airflow/dags/Drop_And_Create_Table.py for tasks to queue
[2025-05-06T00:22:12.310+0000] {logging_mixin.py:154} INFO - [2025-05-06T00:22:12.309+0000] {dagbag.py:536} INFO - Filling up the DagBag from /opt/airflow/dags/Drop_And_Create_Table.py
[2025-05-06T00:22:12.407+0000] {processor.py:839} INFO - DAG(s) dict_keys(['Drop_And_Create_Table']) retrieved from /opt/airflow/dags/Drop_And_Create_Table.py
[2025-05-06T00:22:12.533+0000] {logging_mixin.py:154} INFO - [2025-05-06T00:22:12.532+0000] {dag.py:2941} INFO - Sync 1 DAGs
[2025-05-06T00:22:12.578+0000] {logging_mixin.py:154} INFO - [2025-05-06T00:22:12.578+0000] {dag.py:3722} INFO - Setting next_dagrun for Drop_And_Create_Table to None, run_after=None
[2025-05-06T00:22:12.661+0000] {processor.py:179} INFO - Processing /opt/airflow/dags/Drop_And_Create_Table.py took 0.376 seconds
[2025-05-06T00:22:42.835+0000] {processor.py:157} INFO - Started process (PID=24320) to work on /opt/airflow/dags/Drop_And_Create_Table.py
[2025-05-06T00:22:42.849+0000] {processor.py:829} INFO - Processing file /opt/airflow/dags/Drop_And_Create_Table.py for tasks to queue
[2025-05-06T00:22:42.851+0000] {logging_mixin.py:154} INFO - [2025-05-06T00:22:42.851+0000] {dagbag.py:536} INFO - Filling up the DagBag from /opt/airflow/dags/Drop_And_Create_Table.py
[2025-05-06T00:22:42.890+0000] {processor.py:839} INFO - DAG(s) dict_keys(['Drop_And_Create_Table']) retrieved from /opt/airflow/dags/Drop_And_Create_Table.py
[2025-05-06T00:22:42.984+0000] {logging_mixin.py:154} INFO - [2025-05-06T00:22:42.984+0000] {dag.py:2941} INFO - Sync 1 DAGs
[2025-05-06T00:22:43.019+0000] {logging_mixin.py:154} INFO - [2025-05-06T00:22:43.018+0000] {dag.py:3722} INFO - Setting next_dagrun for Drop_And_Create_Table to None, run_after=None
[2025-05-06T00:22:43.087+0000] {processor.py:179} INFO - Processing /opt/airflow/dags/Drop_And_Create_Table.py took 0.263 seconds
[2025-05-06T00:23:13.278+0000] {processor.py:157} INFO - Started process (PID=24341) to work on /opt/airflow/dags/Drop_And_Create_Table.py
[2025-05-06T00:23:13.287+0000] {processor.py:829} INFO - Processing file /opt/airflow/dags/Drop_And_Create_Table.py for tasks to queue
[2025-05-06T00:23:13.289+0000] {logging_mixin.py:154} INFO - [2025-05-06T00:23:13.288+0000] {dagbag.py:536} INFO - Filling up the DagBag from /opt/airflow/dags/Drop_And_Create_Table.py
[2025-05-06T00:23:13.335+0000] {processor.py:839} INFO - DAG(s) dict_keys(['Drop_And_Create_Table']) retrieved from /opt/airflow/dags/Drop_And_Create_Table.py
[2025-05-06T00:23:13.476+0000] {logging_mixin.py:154} INFO - [2025-05-06T00:23:13.476+0000] {dag.py:2941} INFO - Sync 1 DAGs
[2025-05-06T00:23:13.510+0000] {logging_mixin.py:154} INFO - [2025-05-06T00:23:13.510+0000] {dag.py:3722} INFO - Setting next_dagrun for Drop_And_Create_Table to None, run_after=None
[2025-05-06T00:23:13.573+0000] {processor.py:179} INFO - Processing /opt/airflow/dags/Drop_And_Create_Table.py took 0.327 seconds
[2025-05-06T00:23:44.412+0000] {processor.py:157} INFO - Started process (PID=24358) to work on /opt/airflow/dags/Drop_And_Create_Table.py
[2025-05-06T00:23:44.432+0000] {processor.py:829} INFO - Processing file /opt/airflow/dags/Drop_And_Create_Table.py for tasks to queue
[2025-05-06T00:23:44.443+0000] {logging_mixin.py:154} INFO - [2025-05-06T00:23:44.442+0000] {dagbag.py:536} INFO - Filling up the DagBag from /opt/airflow/dags/Drop_And_Create_Table.py
[2025-05-06T00:23:44.535+0000] {processor.py:839} INFO - DAG(s) dict_keys(['Drop_And_Create_Table']) retrieved from /opt/airflow/dags/Drop_And_Create_Table.py
[2025-05-06T00:23:44.643+0000] {logging_mixin.py:154} INFO - [2025-05-06T00:23:44.643+0000] {dag.py:2941} INFO - Sync 1 DAGs
[2025-05-06T00:23:44.690+0000] {logging_mixin.py:154} INFO - [2025-05-06T00:23:44.688+0000] {dag.py:3722} INFO - Setting next_dagrun for Drop_And_Create_Table to None, run_after=None
[2025-05-06T00:23:44.797+0000] {processor.py:179} INFO - Processing /opt/airflow/dags/Drop_And_Create_Table.py took 0.446 seconds
[2025-05-06T00:24:15.641+0000] {processor.py:157} INFO - Started process (PID=24371) to work on /opt/airflow/dags/Drop_And_Create_Table.py
[2025-05-06T00:24:15.648+0000] {processor.py:829} INFO - Processing file /opt/airflow/dags/Drop_And_Create_Table.py for tasks to queue
[2025-05-06T00:24:15.649+0000] {logging_mixin.py:154} INFO - [2025-05-06T00:24:15.649+0000] {dagbag.py:536} INFO - Filling up the DagBag from /opt/airflow/dags/Drop_And_Create_Table.py
[2025-05-06T00:24:15.773+0000] {processor.py:839} INFO - DAG(s) dict_keys(['Drop_And_Create_Table']) retrieved from /opt/airflow/dags/Drop_And_Create_Table.py
[2025-05-06T00:24:15.990+0000] {logging_mixin.py:154} INFO - [2025-05-06T00:24:15.987+0000] {dag.py:2941} INFO - Sync 1 DAGs
[2025-05-06T00:24:16.034+0000] {logging_mixin.py:154} INFO - [2025-05-06T00:24:16.033+0000] {dag.py:3722} INFO - Setting next_dagrun for Drop_And_Create_Table to None, run_after=None
[2025-05-06T00:24:16.145+0000] {processor.py:179} INFO - Processing /opt/airflow/dags/Drop_And_Create_Table.py took 0.523 seconds
[2025-05-06T00:24:46.830+0000] {processor.py:157} INFO - Started process (PID=24388) to work on /opt/airflow/dags/Drop_And_Create_Table.py
[2025-05-06T00:24:46.836+0000] {processor.py:829} INFO - Processing file /opt/airflow/dags/Drop_And_Create_Table.py for tasks to queue
[2025-05-06T00:24:46.837+0000] {logging_mixin.py:154} INFO - [2025-05-06T00:24:46.837+0000] {dagbag.py:536} INFO - Filling up the DagBag from /opt/airflow/dags/Drop_And_Create_Table.py
[2025-05-06T00:24:46.890+0000] {processor.py:839} INFO - DAG(s) dict_keys(['Drop_And_Create_Table']) retrieved from /opt/airflow/dags/Drop_And_Create_Table.py
[2025-05-06T00:24:46.991+0000] {logging_mixin.py:154} INFO - [2025-05-06T00:24:46.991+0000] {dag.py:2941} INFO - Sync 1 DAGs
[2025-05-06T00:24:47.034+0000] {logging_mixin.py:154} INFO - [2025-05-06T00:24:47.034+0000] {dag.py:3722} INFO - Setting next_dagrun for Drop_And_Create_Table to None, run_after=None
[2025-05-06T00:24:47.098+0000] {processor.py:179} INFO - Processing /opt/airflow/dags/Drop_And_Create_Table.py took 0.285 seconds
[2025-05-06T00:25:17.287+0000] {processor.py:157} INFO - Started process (PID=24409) to work on /opt/airflow/dags/Drop_And_Create_Table.py
[2025-05-06T00:25:17.293+0000] {processor.py:829} INFO - Processing file /opt/airflow/dags/Drop_And_Create_Table.py for tasks to queue
[2025-05-06T00:25:17.295+0000] {logging_mixin.py:154} INFO - [2025-05-06T00:25:17.294+0000] {dagbag.py:536} INFO - Filling up the DagBag from /opt/airflow/dags/Drop_And_Create_Table.py
[2025-05-06T00:25:17.332+0000] {processor.py:839} INFO - DAG(s) dict_keys(['Drop_And_Create_Table']) retrieved from /opt/airflow/dags/Drop_And_Create_Table.py
[2025-05-06T00:25:17.405+0000] {logging_mixin.py:154} INFO - [2025-05-06T00:25:17.405+0000] {dag.py:2941} INFO - Sync 1 DAGs
[2025-05-06T00:25:17.443+0000] {logging_mixin.py:154} INFO - [2025-05-06T00:25:17.442+0000] {dag.py:3722} INFO - Setting next_dagrun for Drop_And_Create_Table to None, run_after=None
[2025-05-06T00:25:17.506+0000] {processor.py:179} INFO - Processing /opt/airflow/dags/Drop_And_Create_Table.py took 0.235 seconds
[2025-05-06T00:25:57.334+0000] {processor.py:157} INFO - Started process (PID=24430) to work on /opt/airflow/dags/Drop_And_Create_Table.py
[2025-05-06T00:25:57.343+0000] {processor.py:829} INFO - Processing file /opt/airflow/dags/Drop_And_Create_Table.py for tasks to queue
[2025-05-06T00:25:57.344+0000] {logging_mixin.py:154} INFO - [2025-05-06T00:25:57.344+0000] {dagbag.py:536} INFO - Filling up the DagBag from /opt/airflow/dags/Drop_And_Create_Table.py
[2025-05-06T00:25:57.499+0000] {processor.py:839} INFO - DAG(s) dict_keys(['Drop_And_Create_Table']) retrieved from /opt/airflow/dags/Drop_And_Create_Table.py
[2025-05-06T00:25:57.808+0000] {logging_mixin.py:154} INFO - [2025-05-06T00:25:57.807+0000] {dag.py:2941} INFO - Sync 1 DAGs
[2025-05-06T00:25:57.983+0000] {logging_mixin.py:154} INFO - [2025-05-06T00:25:57.983+0000] {dag.py:3722} INFO - Setting next_dagrun for Drop_And_Create_Table to None, run_after=None
[2025-05-06T00:25:58.200+0000] {processor.py:179} INFO - Processing /opt/airflow/dags/Drop_And_Create_Table.py took 0.899 seconds
[2025-05-06T00:26:28.714+0000] {processor.py:157} INFO - Started process (PID=24445) to work on /opt/airflow/dags/Drop_And_Create_Table.py
[2025-05-06T00:26:28.719+0000] {processor.py:829} INFO - Processing file /opt/airflow/dags/Drop_And_Create_Table.py for tasks to queue
[2025-05-06T00:26:28.721+0000] {logging_mixin.py:154} INFO - [2025-05-06T00:26:28.720+0000] {dagbag.py:536} INFO - Filling up the DagBag from /opt/airflow/dags/Drop_And_Create_Table.py
[2025-05-06T00:26:28.774+0000] {processor.py:839} INFO - DAG(s) dict_keys(['Drop_And_Create_Table']) retrieved from /opt/airflow/dags/Drop_And_Create_Table.py
[2025-05-06T00:26:28.934+0000] {logging_mixin.py:154} INFO - [2025-05-06T00:26:28.930+0000] {dag.py:2941} INFO - Sync 1 DAGs
[2025-05-06T00:26:28.994+0000] {logging_mixin.py:154} INFO - [2025-05-06T00:26:28.994+0000] {dag.py:3722} INFO - Setting next_dagrun for Drop_And_Create_Table to None, run_after=None
[2025-05-06T00:26:29.300+0000] {processor.py:179} INFO - Processing /opt/airflow/dags/Drop_And_Create_Table.py took 0.610 seconds
[2025-05-06T00:27:01.158+0000] {processor.py:157} INFO - Started process (PID=24458) to work on /opt/airflow/dags/Drop_And_Create_Table.py
[2025-05-06T00:27:01.165+0000] {processor.py:829} INFO - Processing file /opt/airflow/dags/Drop_And_Create_Table.py for tasks to queue
[2025-05-06T00:27:01.171+0000] {logging_mixin.py:154} INFO - [2025-05-06T00:27:01.170+0000] {dagbag.py:536} INFO - Filling up the DagBag from /opt/airflow/dags/Drop_And_Create_Table.py
[2025-05-06T00:27:01.289+0000] {processor.py:839} INFO - DAG(s) dict_keys(['Drop_And_Create_Table']) retrieved from /opt/airflow/dags/Drop_And_Create_Table.py
[2025-05-06T00:27:01.590+0000] {logging_mixin.py:154} INFO - [2025-05-06T00:27:01.590+0000] {dag.py:2941} INFO - Sync 1 DAGs
[2025-05-06T00:27:01.721+0000] {logging_mixin.py:154} INFO - [2025-05-06T00:27:01.721+0000] {dag.py:3722} INFO - Setting next_dagrun for Drop_And_Create_Table to None, run_after=None
[2025-05-06T00:27:01.841+0000] {processor.py:179} INFO - Processing /opt/airflow/dags/Drop_And_Create_Table.py took 0.741 seconds
[2025-05-06T00:27:32.343+0000] {processor.py:157} INFO - Started process (PID=24475) to work on /opt/airflow/dags/Drop_And_Create_Table.py
[2025-05-06T00:27:32.385+0000] {processor.py:829} INFO - Processing file /opt/airflow/dags/Drop_And_Create_Table.py for tasks to queue
[2025-05-06T00:27:32.391+0000] {logging_mixin.py:154} INFO - [2025-05-06T00:27:32.387+0000] {dagbag.py:536} INFO - Filling up the DagBag from /opt/airflow/dags/Drop_And_Create_Table.py
[2025-05-06T00:27:32.516+0000] {processor.py:839} INFO - DAG(s) dict_keys(['Drop_And_Create_Table']) retrieved from /opt/airflow/dags/Drop_And_Create_Table.py
[2025-05-06T00:27:32.960+0000] {logging_mixin.py:154} INFO - [2025-05-06T00:27:32.958+0000] {dag.py:2941} INFO - Sync 1 DAGs
[2025-05-06T00:27:33.204+0000] {logging_mixin.py:154} INFO - [2025-05-06T00:27:33.204+0000] {dag.py:3722} INFO - Setting next_dagrun for Drop_And_Create_Table to None, run_after=None
[2025-05-06T00:27:33.480+0000] {processor.py:179} INFO - Processing /opt/airflow/dags/Drop_And_Create_Table.py took 1.270 seconds
[2025-05-06T00:28:03.857+0000] {processor.py:157} INFO - Started process (PID=24495) to work on /opt/airflow/dags/Drop_And_Create_Table.py
[2025-05-06T00:28:03.881+0000] {processor.py:829} INFO - Processing file /opt/airflow/dags/Drop_And_Create_Table.py for tasks to queue
[2025-05-06T00:28:03.887+0000] {logging_mixin.py:154} INFO - [2025-05-06T00:28:03.885+0000] {dagbag.py:536} INFO - Filling up the DagBag from /opt/airflow/dags/Drop_And_Create_Table.py
[2025-05-06T00:28:04.007+0000] {processor.py:839} INFO - DAG(s) dict_keys(['Drop_And_Create_Table']) retrieved from /opt/airflow/dags/Drop_And_Create_Table.py
[2025-05-06T00:28:04.243+0000] {logging_mixin.py:154} INFO - [2025-05-06T00:28:04.243+0000] {dag.py:2941} INFO - Sync 1 DAGs
[2025-05-06T00:28:04.286+0000] {logging_mixin.py:154} INFO - [2025-05-06T00:28:04.286+0000] {dag.py:3722} INFO - Setting next_dagrun for Drop_And_Create_Table to None, run_after=None
[2025-05-06T00:28:04.382+0000] {processor.py:179} INFO - Processing /opt/airflow/dags/Drop_And_Create_Table.py took 0.622 seconds
[2025-05-06T00:28:34.726+0000] {processor.py:157} INFO - Started process (PID=24515) to work on /opt/airflow/dags/Drop_And_Create_Table.py
[2025-05-06T00:28:34.729+0000] {processor.py:829} INFO - Processing file /opt/airflow/dags/Drop_And_Create_Table.py for tasks to queue
[2025-05-06T00:28:34.731+0000] {logging_mixin.py:154} INFO - [2025-05-06T00:28:34.730+0000] {dagbag.py:536} INFO - Filling up the DagBag from /opt/airflow/dags/Drop_And_Create_Table.py
[2025-05-06T00:28:34.770+0000] {processor.py:839} INFO - DAG(s) dict_keys(['Drop_And_Create_Table']) retrieved from /opt/airflow/dags/Drop_And_Create_Table.py
[2025-05-06T00:28:34.835+0000] {logging_mixin.py:154} INFO - [2025-05-06T00:28:34.835+0000] {dag.py:2941} INFO - Sync 1 DAGs
[2025-05-06T00:28:34.869+0000] {logging_mixin.py:154} INFO - [2025-05-06T00:28:34.868+0000] {dag.py:3722} INFO - Setting next_dagrun for Drop_And_Create_Table to None, run_after=None
[2025-05-06T00:28:34.917+0000] {processor.py:179} INFO - Processing /opt/airflow/dags/Drop_And_Create_Table.py took 0.208 seconds
[2025-05-06T00:29:05.447+0000] {processor.py:157} INFO - Started process (PID=24536) to work on /opt/airflow/dags/Drop_And_Create_Table.py
[2025-05-06T00:29:05.451+0000] {processor.py:829} INFO - Processing file /opt/airflow/dags/Drop_And_Create_Table.py for tasks to queue
[2025-05-06T00:29:05.455+0000] {logging_mixin.py:154} INFO - [2025-05-06T00:29:05.453+0000] {dagbag.py:536} INFO - Filling up the DagBag from /opt/airflow/dags/Drop_And_Create_Table.py
[2025-05-06T00:29:05.494+0000] {processor.py:839} INFO - DAG(s) dict_keys(['Drop_And_Create_Table']) retrieved from /opt/airflow/dags/Drop_And_Create_Table.py
[2025-05-06T00:29:05.657+0000] {logging_mixin.py:154} INFO - [2025-05-06T00:29:05.652+0000] {dag.py:2941} INFO - Sync 1 DAGs
[2025-05-06T00:29:05.776+0000] {logging_mixin.py:154} INFO - [2025-05-06T00:29:05.775+0000] {dag.py:3722} INFO - Setting next_dagrun for Drop_And_Create_Table to None, run_after=None
[2025-05-06T00:29:05.935+0000] {processor.py:179} INFO - Processing /opt/airflow/dags/Drop_And_Create_Table.py took 0.504 seconds
[2025-05-06T00:29:36.380+0000] {processor.py:157} INFO - Started process (PID=24549) to work on /opt/airflow/dags/Drop_And_Create_Table.py
[2025-05-06T00:29:36.383+0000] {processor.py:829} INFO - Processing file /opt/airflow/dags/Drop_And_Create_Table.py for tasks to queue
[2025-05-06T00:29:36.385+0000] {logging_mixin.py:154} INFO - [2025-05-06T00:29:36.384+0000] {dagbag.py:536} INFO - Filling up the DagBag from /opt/airflow/dags/Drop_And_Create_Table.py
[2025-05-06T00:29:36.428+0000] {processor.py:839} INFO - DAG(s) dict_keys(['Drop_And_Create_Table']) retrieved from /opt/airflow/dags/Drop_And_Create_Table.py
[2025-05-06T00:29:36.542+0000] {logging_mixin.py:154} INFO - [2025-05-06T00:29:36.542+0000] {dag.py:2941} INFO - Sync 1 DAGs
[2025-05-06T00:29:36.682+0000] {logging_mixin.py:154} INFO - [2025-05-06T00:29:36.681+0000] {dag.py:3722} INFO - Setting next_dagrun for Drop_And_Create_Table to None, run_after=None
[2025-05-06T00:29:36.776+0000] {processor.py:179} INFO - Processing /opt/airflow/dags/Drop_And_Create_Table.py took 0.416 seconds
[2025-05-06T00:30:07.235+0000] {processor.py:157} INFO - Started process (PID=24567) to work on /opt/airflow/dags/Drop_And_Create_Table.py
[2025-05-06T00:30:07.242+0000] {processor.py:829} INFO - Processing file /opt/airflow/dags/Drop_And_Create_Table.py for tasks to queue
[2025-05-06T00:30:07.244+0000] {logging_mixin.py:154} INFO - [2025-05-06T00:30:07.244+0000] {dagbag.py:536} INFO - Filling up the DagBag from /opt/airflow/dags/Drop_And_Create_Table.py
[2025-05-06T00:30:07.303+0000] {processor.py:839} INFO - DAG(s) dict_keys(['Drop_And_Create_Table']) retrieved from /opt/airflow/dags/Drop_And_Create_Table.py
[2025-05-06T00:30:07.401+0000] {logging_mixin.py:154} INFO - [2025-05-06T00:30:07.401+0000] {dag.py:2941} INFO - Sync 1 DAGs
[2025-05-06T00:30:07.448+0000] {logging_mixin.py:154} INFO - [2025-05-06T00:30:07.448+0000] {dag.py:3722} INFO - Setting next_dagrun for Drop_And_Create_Table to None, run_after=None
[2025-05-06T00:30:07.512+0000] {processor.py:179} INFO - Processing /opt/airflow/dags/Drop_And_Create_Table.py took 0.295 seconds
[2025-05-06T00:30:37.744+0000] {processor.py:157} INFO - Started process (PID=24583) to work on /opt/airflow/dags/Drop_And_Create_Table.py
[2025-05-06T00:30:37.750+0000] {processor.py:829} INFO - Processing file /opt/airflow/dags/Drop_And_Create_Table.py for tasks to queue
[2025-05-06T00:30:37.751+0000] {logging_mixin.py:154} INFO - [2025-05-06T00:30:37.751+0000] {dagbag.py:536} INFO - Filling up the DagBag from /opt/airflow/dags/Drop_And_Create_Table.py
[2025-05-06T00:30:37.784+0000] {processor.py:839} INFO - DAG(s) dict_keys(['Drop_And_Create_Table']) retrieved from /opt/airflow/dags/Drop_And_Create_Table.py
[2025-05-06T00:30:37.863+0000] {logging_mixin.py:154} INFO - [2025-05-06T00:30:37.862+0000] {dag.py:2941} INFO - Sync 1 DAGs
[2025-05-06T00:30:37.889+0000] {logging_mixin.py:154} INFO - [2025-05-06T00:30:37.888+0000] {dag.py:3722} INFO - Setting next_dagrun for Drop_And_Create_Table to None, run_after=None
[2025-05-06T00:30:37.966+0000] {processor.py:179} INFO - Processing /opt/airflow/dags/Drop_And_Create_Table.py took 0.231 seconds
[2025-05-06T00:31:08.542+0000] {processor.py:157} INFO - Started process (PID=24604) to work on /opt/airflow/dags/Drop_And_Create_Table.py
[2025-05-06T00:31:08.546+0000] {processor.py:829} INFO - Processing file /opt/airflow/dags/Drop_And_Create_Table.py for tasks to queue
[2025-05-06T00:31:08.547+0000] {logging_mixin.py:154} INFO - [2025-05-06T00:31:08.547+0000] {dagbag.py:536} INFO - Filling up the DagBag from /opt/airflow/dags/Drop_And_Create_Table.py
[2025-05-06T00:31:08.580+0000] {processor.py:839} INFO - DAG(s) dict_keys(['Drop_And_Create_Table']) retrieved from /opt/airflow/dags/Drop_And_Create_Table.py
[2025-05-06T00:31:08.641+0000] {logging_mixin.py:154} INFO - [2025-05-06T00:31:08.641+0000] {dag.py:2941} INFO - Sync 1 DAGs
[2025-05-06T00:31:08.688+0000] {logging_mixin.py:154} INFO - [2025-05-06T00:31:08.687+0000] {dag.py:3722} INFO - Setting next_dagrun for Drop_And_Create_Table to None, run_after=None
[2025-05-06T00:31:08.753+0000] {processor.py:179} INFO - Processing /opt/airflow/dags/Drop_And_Create_Table.py took 0.222 seconds
[2025-05-06T00:31:39.142+0000] {processor.py:157} INFO - Started process (PID=24625) to work on /opt/airflow/dags/Drop_And_Create_Table.py
[2025-05-06T00:31:39.144+0000] {processor.py:829} INFO - Processing file /opt/airflow/dags/Drop_And_Create_Table.py for tasks to queue
[2025-05-06T00:31:39.146+0000] {logging_mixin.py:154} INFO - [2025-05-06T00:31:39.145+0000] {dagbag.py:536} INFO - Filling up the DagBag from /opt/airflow/dags/Drop_And_Create_Table.py
[2025-05-06T00:31:39.173+0000] {processor.py:839} INFO - DAG(s) dict_keys(['Drop_And_Create_Table']) retrieved from /opt/airflow/dags/Drop_And_Create_Table.py
[2025-05-06T00:31:39.226+0000] {logging_mixin.py:154} INFO - [2025-05-06T00:31:39.226+0000] {dag.py:2941} INFO - Sync 1 DAGs
[2025-05-06T00:31:39.251+0000] {logging_mixin.py:154} INFO - [2025-05-06T00:31:39.251+0000] {dag.py:3722} INFO - Setting next_dagrun for Drop_And_Create_Table to None, run_after=None
[2025-05-06T00:31:39.287+0000] {processor.py:179} INFO - Processing /opt/airflow/dags/Drop_And_Create_Table.py took 0.158 seconds
[2025-05-06T00:32:09.865+0000] {processor.py:157} INFO - Started process (PID=24646) to work on /opt/airflow/dags/Drop_And_Create_Table.py
[2025-05-06T00:32:09.868+0000] {processor.py:829} INFO - Processing file /opt/airflow/dags/Drop_And_Create_Table.py for tasks to queue
[2025-05-06T00:32:09.872+0000] {logging_mixin.py:154} INFO - [2025-05-06T00:32:09.871+0000] {dagbag.py:536} INFO - Filling up the DagBag from /opt/airflow/dags/Drop_And_Create_Table.py
[2025-05-06T00:32:09.904+0000] {processor.py:839} INFO - DAG(s) dict_keys(['Drop_And_Create_Table']) retrieved from /opt/airflow/dags/Drop_And_Create_Table.py
[2025-05-06T00:32:09.997+0000] {logging_mixin.py:154} INFO - [2025-05-06T00:32:09.997+0000] {dag.py:2941} INFO - Sync 1 DAGs
[2025-05-06T00:32:10.028+0000] {logging_mixin.py:154} INFO - [2025-05-06T00:32:10.028+0000] {dag.py:3722} INFO - Setting next_dagrun for Drop_And_Create_Table to None, run_after=None
[2025-05-06T00:32:10.073+0000] {processor.py:179} INFO - Processing /opt/airflow/dags/Drop_And_Create_Table.py took 0.221 seconds
[2025-05-06T00:32:40.760+0000] {processor.py:157} INFO - Started process (PID=24667) to work on /opt/airflow/dags/Drop_And_Create_Table.py
[2025-05-06T00:32:40.768+0000] {processor.py:829} INFO - Processing file /opt/airflow/dags/Drop_And_Create_Table.py for tasks to queue
[2025-05-06T00:32:40.770+0000] {logging_mixin.py:154} INFO - [2025-05-06T00:32:40.769+0000] {dagbag.py:536} INFO - Filling up the DagBag from /opt/airflow/dags/Drop_And_Create_Table.py
[2025-05-06T00:32:40.838+0000] {processor.py:839} INFO - DAG(s) dict_keys(['Drop_And_Create_Table']) retrieved from /opt/airflow/dags/Drop_And_Create_Table.py
[2025-05-06T00:32:40.976+0000] {logging_mixin.py:154} INFO - [2025-05-06T00:32:40.975+0000] {dag.py:2941} INFO - Sync 1 DAGs
[2025-05-06T00:32:41.036+0000] {logging_mixin.py:154} INFO - [2025-05-06T00:32:41.035+0000] {dag.py:3722} INFO - Setting next_dagrun for Drop_And_Create_Table to None, run_after=None
[2025-05-06T00:32:41.116+0000] {processor.py:179} INFO - Processing /opt/airflow/dags/Drop_And_Create_Table.py took 0.377 seconds
[2025-05-06T00:33:11.635+0000] {processor.py:157} INFO - Started process (PID=24680) to work on /opt/airflow/dags/Drop_And_Create_Table.py
[2025-05-06T00:33:11.638+0000] {processor.py:829} INFO - Processing file /opt/airflow/dags/Drop_And_Create_Table.py for tasks to queue
[2025-05-06T00:33:11.639+0000] {logging_mixin.py:154} INFO - [2025-05-06T00:33:11.638+0000] {dagbag.py:536} INFO - Filling up the DagBag from /opt/airflow/dags/Drop_And_Create_Table.py
[2025-05-06T00:33:11.685+0000] {processor.py:839} INFO - DAG(s) dict_keys(['Drop_And_Create_Table']) retrieved from /opt/airflow/dags/Drop_And_Create_Table.py
[2025-05-06T00:33:11.798+0000] {logging_mixin.py:154} INFO - [2025-05-06T00:33:11.798+0000] {dag.py:2941} INFO - Sync 1 DAGs
[2025-05-06T00:33:11.833+0000] {logging_mixin.py:154} INFO - [2025-05-06T00:33:11.832+0000] {dag.py:3722} INFO - Setting next_dagrun for Drop_And_Create_Table to None, run_after=None
[2025-05-06T00:33:11.890+0000] {processor.py:179} INFO - Processing /opt/airflow/dags/Drop_And_Create_Table.py took 0.267 seconds
[2025-05-06T00:33:42.397+0000] {processor.py:157} INFO - Started process (PID=24701) to work on /opt/airflow/dags/Drop_And_Create_Table.py
[2025-05-06T00:33:42.404+0000] {processor.py:829} INFO - Processing file /opt/airflow/dags/Drop_And_Create_Table.py for tasks to queue
[2025-05-06T00:33:42.408+0000] {logging_mixin.py:154} INFO - [2025-05-06T00:33:42.408+0000] {dagbag.py:536} INFO - Filling up the DagBag from /opt/airflow/dags/Drop_And_Create_Table.py
[2025-05-06T00:33:42.484+0000] {processor.py:839} INFO - DAG(s) dict_keys(['Drop_And_Create_Table']) retrieved from /opt/airflow/dags/Drop_And_Create_Table.py
[2025-05-06T00:33:42.555+0000] {logging_mixin.py:154} INFO - [2025-05-06T00:33:42.554+0000] {dag.py:2941} INFO - Sync 1 DAGs
[2025-05-06T00:33:42.597+0000] {logging_mixin.py:154} INFO - [2025-05-06T00:33:42.596+0000] {dag.py:3722} INFO - Setting next_dagrun for Drop_And_Create_Table to None, run_after=None
[2025-05-06T00:33:42.653+0000] {processor.py:179} INFO - Processing /opt/airflow/dags/Drop_And_Create_Table.py took 0.281 seconds
[2025-05-06T00:34:13.066+0000] {processor.py:157} INFO - Started process (PID=24722) to work on /opt/airflow/dags/Drop_And_Create_Table.py
[2025-05-06T00:34:13.071+0000] {processor.py:829} INFO - Processing file /opt/airflow/dags/Drop_And_Create_Table.py for tasks to queue
[2025-05-06T00:34:13.073+0000] {logging_mixin.py:154} INFO - [2025-05-06T00:34:13.073+0000] {dagbag.py:536} INFO - Filling up the DagBag from /opt/airflow/dags/Drop_And_Create_Table.py
[2025-05-06T00:34:13.112+0000] {processor.py:839} INFO - DAG(s) dict_keys(['Drop_And_Create_Table']) retrieved from /opt/airflow/dags/Drop_And_Create_Table.py
[2025-05-06T00:34:13.306+0000] {logging_mixin.py:154} INFO - [2025-05-06T00:34:13.305+0000] {dag.py:2941} INFO - Sync 1 DAGs
[2025-05-06T00:34:13.374+0000] {logging_mixin.py:154} INFO - [2025-05-06T00:34:13.374+0000] {dag.py:3722} INFO - Setting next_dagrun for Drop_And_Create_Table to None, run_after=None
[2025-05-06T00:34:13.448+0000] {processor.py:179} INFO - Processing /opt/airflow/dags/Drop_And_Create_Table.py took 0.401 seconds
[2025-05-06T00:34:43.920+0000] {processor.py:157} INFO - Started process (PID=24735) to work on /opt/airflow/dags/Drop_And_Create_Table.py
[2025-05-06T00:34:43.923+0000] {processor.py:829} INFO - Processing file /opt/airflow/dags/Drop_And_Create_Table.py for tasks to queue
[2025-05-06T00:34:43.926+0000] {logging_mixin.py:154} INFO - [2025-05-06T00:34:43.925+0000] {dagbag.py:536} INFO - Filling up the DagBag from /opt/airflow/dags/Drop_And_Create_Table.py
[2025-05-06T00:34:43.969+0000] {processor.py:839} INFO - DAG(s) dict_keys(['Drop_And_Create_Table']) retrieved from /opt/airflow/dags/Drop_And_Create_Table.py
[2025-05-06T00:34:44.048+0000] {logging_mixin.py:154} INFO - [2025-05-06T00:34:44.048+0000] {dag.py:2941} INFO - Sync 1 DAGs
[2025-05-06T00:34:44.080+0000] {logging_mixin.py:154} INFO - [2025-05-06T00:34:44.080+0000] {dag.py:3722} INFO - Setting next_dagrun for Drop_And_Create_Table to None, run_after=None
[2025-05-06T00:34:44.121+0000] {processor.py:179} INFO - Processing /opt/airflow/dags/Drop_And_Create_Table.py took 0.221 seconds
[2025-05-06T00:35:14.490+0000] {processor.py:157} INFO - Started process (PID=24756) to work on /opt/airflow/dags/Drop_And_Create_Table.py
[2025-05-06T00:35:14.497+0000] {processor.py:829} INFO - Processing file /opt/airflow/dags/Drop_And_Create_Table.py for tasks to queue
[2025-05-06T00:35:14.500+0000] {logging_mixin.py:154} INFO - [2025-05-06T00:35:14.499+0000] {dagbag.py:536} INFO - Filling up the DagBag from /opt/airflow/dags/Drop_And_Create_Table.py
[2025-05-06T00:35:14.571+0000] {processor.py:839} INFO - DAG(s) dict_keys(['Drop_And_Create_Table']) retrieved from /opt/airflow/dags/Drop_And_Create_Table.py
[2025-05-06T00:35:14.651+0000] {logging_mixin.py:154} INFO - [2025-05-06T00:35:14.651+0000] {dag.py:2941} INFO - Sync 1 DAGs
[2025-05-06T00:35:14.683+0000] {logging_mixin.py:154} INFO - [2025-05-06T00:35:14.682+0000] {dag.py:3722} INFO - Setting next_dagrun for Drop_And_Create_Table to None, run_after=None
[2025-05-06T00:35:14.729+0000] {processor.py:179} INFO - Processing /opt/airflow/dags/Drop_And_Create_Table.py took 0.256 seconds
[2025-05-06T00:35:45.227+0000] {processor.py:157} INFO - Started process (PID=24777) to work on /opt/airflow/dags/Drop_And_Create_Table.py
[2025-05-06T00:35:45.230+0000] {processor.py:829} INFO - Processing file /opt/airflow/dags/Drop_And_Create_Table.py for tasks to queue
[2025-05-06T00:35:45.234+0000] {logging_mixin.py:154} INFO - [2025-05-06T00:35:45.231+0000] {dagbag.py:536} INFO - Filling up the DagBag from /opt/airflow/dags/Drop_And_Create_Table.py
[2025-05-06T00:35:45.279+0000] {processor.py:839} INFO - DAG(s) dict_keys(['Drop_And_Create_Table']) retrieved from /opt/airflow/dags/Drop_And_Create_Table.py
[2025-05-06T00:35:45.373+0000] {logging_mixin.py:154} INFO - [2025-05-06T00:35:45.372+0000] {dag.py:2941} INFO - Sync 1 DAGs
[2025-05-06T00:35:45.411+0000] {logging_mixin.py:154} INFO - [2025-05-06T00:35:45.411+0000] {dag.py:3722} INFO - Setting next_dagrun for Drop_And_Create_Table to None, run_after=None
[2025-05-06T00:35:45.467+0000] {processor.py:179} INFO - Processing /opt/airflow/dags/Drop_And_Create_Table.py took 0.253 seconds
[2025-05-06T00:36:15.859+0000] {processor.py:157} INFO - Started process (PID=24794) to work on /opt/airflow/dags/Drop_And_Create_Table.py
[2025-05-06T00:36:15.867+0000] {processor.py:829} INFO - Processing file /opt/airflow/dags/Drop_And_Create_Table.py for tasks to queue
[2025-05-06T00:36:15.869+0000] {logging_mixin.py:154} INFO - [2025-05-06T00:36:15.868+0000] {dagbag.py:536} INFO - Filling up the DagBag from /opt/airflow/dags/Drop_And_Create_Table.py
[2025-05-06T00:36:15.915+0000] {processor.py:839} INFO - DAG(s) dict_keys(['Drop_And_Create_Table']) retrieved from /opt/airflow/dags/Drop_And_Create_Table.py
[2025-05-06T00:36:16.010+0000] {logging_mixin.py:154} INFO - [2025-05-06T00:36:16.010+0000] {dag.py:2941} INFO - Sync 1 DAGs
[2025-05-06T00:36:16.048+0000] {logging_mixin.py:154} INFO - [2025-05-06T00:36:16.047+0000] {dag.py:3722} INFO - Setting next_dagrun for Drop_And_Create_Table to None, run_after=None
[2025-05-06T00:36:16.127+0000] {processor.py:179} INFO - Processing /opt/airflow/dags/Drop_And_Create_Table.py took 0.285 seconds
[2025-05-06T00:36:46.571+0000] {processor.py:157} INFO - Started process (PID=24811) to work on /opt/airflow/dags/Drop_And_Create_Table.py
[2025-05-06T00:36:46.574+0000] {processor.py:829} INFO - Processing file /opt/airflow/dags/Drop_And_Create_Table.py for tasks to queue
[2025-05-06T00:36:46.576+0000] {logging_mixin.py:154} INFO - [2025-05-06T00:36:46.575+0000] {dagbag.py:536} INFO - Filling up the DagBag from /opt/airflow/dags/Drop_And_Create_Table.py
[2025-05-06T00:36:46.604+0000] {processor.py:839} INFO - DAG(s) dict_keys(['Drop_And_Create_Table']) retrieved from /opt/airflow/dags/Drop_And_Create_Table.py
[2025-05-06T00:36:46.694+0000] {logging_mixin.py:154} INFO - [2025-05-06T00:36:46.694+0000] {dag.py:2941} INFO - Sync 1 DAGs
[2025-05-06T00:36:46.728+0000] {logging_mixin.py:154} INFO - [2025-05-06T00:36:46.728+0000] {dag.py:3722} INFO - Setting next_dagrun for Drop_And_Create_Table to None, run_after=None
[2025-05-06T00:36:46.784+0000] {processor.py:179} INFO - Processing /opt/airflow/dags/Drop_And_Create_Table.py took 0.223 seconds
[2025-05-06T00:37:17.443+0000] {processor.py:157} INFO - Started process (PID=24832) to work on /opt/airflow/dags/Drop_And_Create_Table.py
[2025-05-06T00:37:17.448+0000] {processor.py:829} INFO - Processing file /opt/airflow/dags/Drop_And_Create_Table.py for tasks to queue
[2025-05-06T00:37:17.450+0000] {logging_mixin.py:154} INFO - [2025-05-06T00:37:17.449+0000] {dagbag.py:536} INFO - Filling up the DagBag from /opt/airflow/dags/Drop_And_Create_Table.py
[2025-05-06T00:37:17.482+0000] {processor.py:839} INFO - DAG(s) dict_keys(['Drop_And_Create_Table']) retrieved from /opt/airflow/dags/Drop_And_Create_Table.py
[2025-05-06T00:37:17.538+0000] {logging_mixin.py:154} INFO - [2025-05-06T00:37:17.538+0000] {dag.py:2941} INFO - Sync 1 DAGs
[2025-05-06T00:37:17.568+0000] {logging_mixin.py:154} INFO - [2025-05-06T00:37:17.568+0000] {dag.py:3722} INFO - Setting next_dagrun for Drop_And_Create_Table to None, run_after=None
[2025-05-06T00:37:17.621+0000] {processor.py:179} INFO - Processing /opt/airflow/dags/Drop_And_Create_Table.py took 0.190 seconds
[2025-05-06T00:37:48.630+0000] {processor.py:157} INFO - Started process (PID=24853) to work on /opt/airflow/dags/Drop_And_Create_Table.py
[2025-05-06T00:37:48.633+0000] {processor.py:829} INFO - Processing file /opt/airflow/dags/Drop_And_Create_Table.py for tasks to queue
[2025-05-06T00:37:48.637+0000] {logging_mixin.py:154} INFO - [2025-05-06T00:37:48.636+0000] {dagbag.py:536} INFO - Filling up the DagBag from /opt/airflow/dags/Drop_And_Create_Table.py
[2025-05-06T00:37:48.678+0000] {processor.py:839} INFO - DAG(s) dict_keys(['Drop_And_Create_Table']) retrieved from /opt/airflow/dags/Drop_And_Create_Table.py
[2025-05-06T00:37:48.740+0000] {logging_mixin.py:154} INFO - [2025-05-06T00:37:48.740+0000] {dag.py:2941} INFO - Sync 1 DAGs
[2025-05-06T00:37:48.764+0000] {logging_mixin.py:154} INFO - [2025-05-06T00:37:48.763+0000] {dag.py:3722} INFO - Setting next_dagrun for Drop_And_Create_Table to None, run_after=None
[2025-05-06T00:37:48.804+0000] {processor.py:179} INFO - Processing /opt/airflow/dags/Drop_And_Create_Table.py took 0.188 seconds
[2025-05-06T00:38:19.271+0000] {processor.py:157} INFO - Started process (PID=24874) to work on /opt/airflow/dags/Drop_And_Create_Table.py
[2025-05-06T00:38:19.274+0000] {processor.py:829} INFO - Processing file /opt/airflow/dags/Drop_And_Create_Table.py for tasks to queue
[2025-05-06T00:38:19.275+0000] {logging_mixin.py:154} INFO - [2025-05-06T00:38:19.275+0000] {dagbag.py:536} INFO - Filling up the DagBag from /opt/airflow/dags/Drop_And_Create_Table.py
[2025-05-06T00:38:19.312+0000] {processor.py:839} INFO - DAG(s) dict_keys(['Drop_And_Create_Table']) retrieved from /opt/airflow/dags/Drop_And_Create_Table.py
[2025-05-06T00:38:19.376+0000] {logging_mixin.py:154} INFO - [2025-05-06T00:38:19.376+0000] {dag.py:2941} INFO - Sync 1 DAGs
[2025-05-06T00:38:19.403+0000] {logging_mixin.py:154} INFO - [2025-05-06T00:38:19.402+0000] {dag.py:3722} INFO - Setting next_dagrun for Drop_And_Create_Table to None, run_after=None
[2025-05-06T00:38:19.453+0000] {processor.py:179} INFO - Processing /opt/airflow/dags/Drop_And_Create_Table.py took 0.196 seconds
[2025-05-06T00:38:50.227+0000] {processor.py:157} INFO - Started process (PID=24892) to work on /opt/airflow/dags/Drop_And_Create_Table.py
[2025-05-06T00:38:50.231+0000] {processor.py:829} INFO - Processing file /opt/airflow/dags/Drop_And_Create_Table.py for tasks to queue
[2025-05-06T00:38:50.233+0000] {logging_mixin.py:154} INFO - [2025-05-06T00:38:50.232+0000] {dagbag.py:536} INFO - Filling up the DagBag from /opt/airflow/dags/Drop_And_Create_Table.py
[2025-05-06T00:38:50.266+0000] {processor.py:839} INFO - DAG(s) dict_keys(['Drop_And_Create_Table']) retrieved from /opt/airflow/dags/Drop_And_Create_Table.py
[2025-05-06T00:38:50.318+0000] {logging_mixin.py:154} INFO - [2025-05-06T00:38:50.317+0000] {dag.py:2941} INFO - Sync 1 DAGs
[2025-05-06T00:38:50.340+0000] {logging_mixin.py:154} INFO - [2025-05-06T00:38:50.340+0000] {dag.py:3722} INFO - Setting next_dagrun for Drop_And_Create_Table to None, run_after=None
[2025-05-06T00:38:50.392+0000] {processor.py:179} INFO - Processing /opt/airflow/dags/Drop_And_Create_Table.py took 0.187 seconds
[2025-05-06T00:39:20.623+0000] {processor.py:157} INFO - Started process (PID=24908) to work on /opt/airflow/dags/Drop_And_Create_Table.py
[2025-05-06T00:39:20.627+0000] {processor.py:829} INFO - Processing file /opt/airflow/dags/Drop_And_Create_Table.py for tasks to queue
[2025-05-06T00:39:20.630+0000] {logging_mixin.py:154} INFO - [2025-05-06T00:39:20.629+0000] {dagbag.py:536} INFO - Filling up the DagBag from /opt/airflow/dags/Drop_And_Create_Table.py
[2025-05-06T00:39:20.680+0000] {processor.py:839} INFO - DAG(s) dict_keys(['Drop_And_Create_Table']) retrieved from /opt/airflow/dags/Drop_And_Create_Table.py
[2025-05-06T00:39:20.749+0000] {logging_mixin.py:154} INFO - [2025-05-06T00:39:20.748+0000] {dag.py:2941} INFO - Sync 1 DAGs
[2025-05-06T00:39:20.782+0000] {logging_mixin.py:154} INFO - [2025-05-06T00:39:20.782+0000] {dag.py:3722} INFO - Setting next_dagrun for Drop_And_Create_Table to None, run_after=None
[2025-05-06T00:39:20.816+0000] {processor.py:179} INFO - Processing /opt/airflow/dags/Drop_And_Create_Table.py took 0.204 seconds
[2025-05-06T00:39:51.196+0000] {processor.py:157} INFO - Started process (PID=24929) to work on /opt/airflow/dags/Drop_And_Create_Table.py
[2025-05-06T00:39:51.204+0000] {processor.py:829} INFO - Processing file /opt/airflow/dags/Drop_And_Create_Table.py for tasks to queue
[2025-05-06T00:39:51.208+0000] {logging_mixin.py:154} INFO - [2025-05-06T00:39:51.206+0000] {dagbag.py:536} INFO - Filling up the DagBag from /opt/airflow/dags/Drop_And_Create_Table.py
[2025-05-06T00:39:51.275+0000] {processor.py:839} INFO - DAG(s) dict_keys(['Drop_And_Create_Table']) retrieved from /opt/airflow/dags/Drop_And_Create_Table.py
[2025-05-06T00:39:51.389+0000] {logging_mixin.py:154} INFO - [2025-05-06T00:39:51.388+0000] {dag.py:2941} INFO - Sync 1 DAGs
[2025-05-06T00:39:51.425+0000] {logging_mixin.py:154} INFO - [2025-05-06T00:39:51.425+0000] {dag.py:3722} INFO - Setting next_dagrun for Drop_And_Create_Table to None, run_after=None
[2025-05-06T00:39:51.477+0000] {processor.py:179} INFO - Processing /opt/airflow/dags/Drop_And_Create_Table.py took 0.309 seconds
[2025-05-06T00:40:22.255+0000] {processor.py:157} INFO - Started process (PID=24943) to work on /opt/airflow/dags/Drop_And_Create_Table.py
[2025-05-06T00:40:22.264+0000] {processor.py:829} INFO - Processing file /opt/airflow/dags/Drop_And_Create_Table.py for tasks to queue
[2025-05-06T00:40:22.268+0000] {logging_mixin.py:154} INFO - [2025-05-06T00:40:22.268+0000] {dagbag.py:536} INFO - Filling up the DagBag from /opt/airflow/dags/Drop_And_Create_Table.py
[2025-05-06T00:40:22.333+0000] {processor.py:839} INFO - DAG(s) dict_keys(['Drop_And_Create_Table']) retrieved from /opt/airflow/dags/Drop_And_Create_Table.py
[2025-05-06T00:40:22.500+0000] {logging_mixin.py:154} INFO - [2025-05-06T00:40:22.499+0000] {dag.py:2941} INFO - Sync 1 DAGs
[2025-05-06T00:40:22.555+0000] {logging_mixin.py:154} INFO - [2025-05-06T00:40:22.555+0000] {dag.py:3722} INFO - Setting next_dagrun for Drop_And_Create_Table to None, run_after=None
[2025-05-06T00:40:22.636+0000] {processor.py:179} INFO - Processing /opt/airflow/dags/Drop_And_Create_Table.py took 0.397 seconds
[2025-05-06T00:40:53.649+0000] {processor.py:157} INFO - Started process (PID=24963) to work on /opt/airflow/dags/Drop_And_Create_Table.py
[2025-05-06T00:40:53.654+0000] {processor.py:829} INFO - Processing file /opt/airflow/dags/Drop_And_Create_Table.py for tasks to queue
[2025-05-06T00:40:53.656+0000] {logging_mixin.py:154} INFO - [2025-05-06T00:40:53.655+0000] {dagbag.py:536} INFO - Filling up the DagBag from /opt/airflow/dags/Drop_And_Create_Table.py
[2025-05-06T00:40:53.686+0000] {processor.py:839} INFO - DAG(s) dict_keys(['Drop_And_Create_Table']) retrieved from /opt/airflow/dags/Drop_And_Create_Table.py
[2025-05-06T00:40:53.738+0000] {logging_mixin.py:154} INFO - [2025-05-06T00:40:53.738+0000] {dag.py:2941} INFO - Sync 1 DAGs
[2025-05-06T00:40:53.763+0000] {logging_mixin.py:154} INFO - [2025-05-06T00:40:53.763+0000] {dag.py:3722} INFO - Setting next_dagrun for Drop_And_Create_Table to None, run_after=None
[2025-05-06T00:40:53.800+0000] {processor.py:179} INFO - Processing /opt/airflow/dags/Drop_And_Create_Table.py took 0.162 seconds
[2025-05-06T00:41:24.476+0000] {processor.py:157} INFO - Started process (PID=24984) to work on /opt/airflow/dags/Drop_And_Create_Table.py
[2025-05-06T00:41:24.495+0000] {processor.py:829} INFO - Processing file /opt/airflow/dags/Drop_And_Create_Table.py for tasks to queue
[2025-05-06T00:41:24.501+0000] {logging_mixin.py:154} INFO - [2025-05-06T00:41:24.499+0000] {dagbag.py:536} INFO - Filling up the DagBag from /opt/airflow/dags/Drop_And_Create_Table.py
[2025-05-06T00:41:24.576+0000] {processor.py:839} INFO - DAG(s) dict_keys(['Drop_And_Create_Table']) retrieved from /opt/airflow/dags/Drop_And_Create_Table.py
[2025-05-06T00:41:24.649+0000] {logging_mixin.py:154} INFO - [2025-05-06T00:41:24.649+0000] {dag.py:2941} INFO - Sync 1 DAGs
[2025-05-06T00:41:24.677+0000] {logging_mixin.py:154} INFO - [2025-05-06T00:41:24.677+0000] {dag.py:3722} INFO - Setting next_dagrun for Drop_And_Create_Table to None, run_after=None
[2025-05-06T00:41:24.709+0000] {processor.py:179} INFO - Processing /opt/airflow/dags/Drop_And_Create_Table.py took 0.260 seconds
[2025-05-06T00:41:54.972+0000] {processor.py:157} INFO - Started process (PID=25004) to work on /opt/airflow/dags/Drop_And_Create_Table.py
[2025-05-06T00:41:54.989+0000] {processor.py:829} INFO - Processing file /opt/airflow/dags/Drop_And_Create_Table.py for tasks to queue
[2025-05-06T00:41:54.997+0000] {logging_mixin.py:154} INFO - [2025-05-06T00:41:54.995+0000] {dagbag.py:536} INFO - Filling up the DagBag from /opt/airflow/dags/Drop_And_Create_Table.py
[2025-05-06T00:41:55.042+0000] {processor.py:839} INFO - DAG(s) dict_keys(['Drop_And_Create_Table']) retrieved from /opt/airflow/dags/Drop_And_Create_Table.py
[2025-05-06T00:41:55.176+0000] {logging_mixin.py:154} INFO - [2025-05-06T00:41:55.174+0000] {dag.py:2941} INFO - Sync 1 DAGs
[2025-05-06T00:41:55.212+0000] {logging_mixin.py:154} INFO - [2025-05-06T00:41:55.212+0000] {dag.py:3722} INFO - Setting next_dagrun for Drop_And_Create_Table to None, run_after=None
[2025-05-06T00:41:55.312+0000] {processor.py:179} INFO - Processing /opt/airflow/dags/Drop_And_Create_Table.py took 0.396 seconds
[2025-05-06T00:42:26.196+0000] {processor.py:157} INFO - Started process (PID=25024) to work on /opt/airflow/dags/Drop_And_Create_Table.py
[2025-05-06T00:42:26.203+0000] {processor.py:829} INFO - Processing file /opt/airflow/dags/Drop_And_Create_Table.py for tasks to queue
[2025-05-06T00:42:26.207+0000] {logging_mixin.py:154} INFO - [2025-05-06T00:42:26.204+0000] {dagbag.py:536} INFO - Filling up the DagBag from /opt/airflow/dags/Drop_And_Create_Table.py
[2025-05-06T00:42:26.237+0000] {processor.py:839} INFO - DAG(s) dict_keys(['Drop_And_Create_Table']) retrieved from /opt/airflow/dags/Drop_And_Create_Table.py
[2025-05-06T00:42:26.325+0000] {logging_mixin.py:154} INFO - [2025-05-06T00:42:26.325+0000] {dag.py:2941} INFO - Sync 1 DAGs
[2025-05-06T00:42:26.372+0000] {logging_mixin.py:154} INFO - [2025-05-06T00:42:26.372+0000] {dag.py:3722} INFO - Setting next_dagrun for Drop_And_Create_Table to None, run_after=None
[2025-05-06T00:42:26.430+0000] {processor.py:179} INFO - Processing /opt/airflow/dags/Drop_And_Create_Table.py took 0.250 seconds
[2025-05-06T00:42:59.077+0000] {processor.py:157} INFO - Started process (PID=25045) to work on /opt/airflow/dags/Drop_And_Create_Table.py
[2025-05-06T00:42:59.085+0000] {processor.py:829} INFO - Processing file /opt/airflow/dags/Drop_And_Create_Table.py for tasks to queue
[2025-05-06T00:42:59.090+0000] {logging_mixin.py:154} INFO - [2025-05-06T00:42:59.089+0000] {dagbag.py:536} INFO - Filling up the DagBag from /opt/airflow/dags/Drop_And_Create_Table.py
[2025-05-06T00:42:59.171+0000] {processor.py:839} INFO - DAG(s) dict_keys(['Drop_And_Create_Table']) retrieved from /opt/airflow/dags/Drop_And_Create_Table.py
[2025-05-06T00:42:59.270+0000] {logging_mixin.py:154} INFO - [2025-05-06T00:42:59.270+0000] {dag.py:2941} INFO - Sync 1 DAGs
[2025-05-06T00:42:59.303+0000] {logging_mixin.py:154} INFO - [2025-05-06T00:42:59.302+0000] {dag.py:3722} INFO - Setting next_dagrun for Drop_And_Create_Table to None, run_after=None
[2025-05-06T00:42:59.354+0000] {processor.py:179} INFO - Processing /opt/airflow/dags/Drop_And_Create_Table.py took 0.333 seconds
[2025-05-06T00:43:39.527+0000] {processor.py:157} INFO - Started process (PID=25066) to work on /opt/airflow/dags/Drop_And_Create_Table.py
[2025-05-06T00:43:39.540+0000] {processor.py:829} INFO - Processing file /opt/airflow/dags/Drop_And_Create_Table.py for tasks to queue
[2025-05-06T00:43:39.545+0000] {logging_mixin.py:154} INFO - [2025-05-06T00:43:39.541+0000] {dagbag.py:536} INFO - Filling up the DagBag from /opt/airflow/dags/Drop_And_Create_Table.py
[2025-05-06T00:43:39.623+0000] {processor.py:839} INFO - DAG(s) dict_keys(['Drop_And_Create_Table']) retrieved from /opt/airflow/dags/Drop_And_Create_Table.py
[2025-05-06T00:43:39.823+0000] {logging_mixin.py:154} INFO - [2025-05-06T00:43:39.822+0000] {dag.py:2941} INFO - Sync 1 DAGs
[2025-05-06T00:43:39.887+0000] {logging_mixin.py:154} INFO - [2025-05-06T00:43:39.886+0000] {dag.py:3722} INFO - Setting next_dagrun for Drop_And_Create_Table to None, run_after=None
[2025-05-06T00:43:40.015+0000] {processor.py:179} INFO - Processing /opt/airflow/dags/Drop_And_Create_Table.py took 0.525 seconds
[2025-05-06T00:44:12.880+0000] {processor.py:157} INFO - Started process (PID=25083) to work on /opt/airflow/dags/Drop_And_Create_Table.py
[2025-05-06T00:44:12.882+0000] {processor.py:829} INFO - Processing file /opt/airflow/dags/Drop_And_Create_Table.py for tasks to queue
[2025-05-06T00:44:12.885+0000] {logging_mixin.py:154} INFO - [2025-05-06T00:44:12.885+0000] {dagbag.py:536} INFO - Filling up the DagBag from /opt/airflow/dags/Drop_And_Create_Table.py
[2025-05-06T00:44:12.932+0000] {processor.py:839} INFO - DAG(s) dict_keys(['Drop_And_Create_Table']) retrieved from /opt/airflow/dags/Drop_And_Create_Table.py
[2025-05-06T00:44:13.047+0000] {logging_mixin.py:154} INFO - [2025-05-06T00:44:13.047+0000] {dag.py:2941} INFO - Sync 1 DAGs
[2025-05-06T00:44:13.082+0000] {logging_mixin.py:154} INFO - [2025-05-06T00:44:13.081+0000] {dag.py:3722} INFO - Setting next_dagrun for Drop_And_Create_Table to None, run_after=None
[2025-05-06T00:44:13.140+0000] {processor.py:179} INFO - Processing /opt/airflow/dags/Drop_And_Create_Table.py took 0.282 seconds
[2025-05-06T00:44:43.434+0000] {processor.py:157} INFO - Started process (PID=25092) to work on /opt/airflow/dags/Drop_And_Create_Table.py
[2025-05-06T00:44:43.437+0000] {processor.py:829} INFO - Processing file /opt/airflow/dags/Drop_And_Create_Table.py for tasks to queue
[2025-05-06T00:44:43.440+0000] {logging_mixin.py:154} INFO - [2025-05-06T00:44:43.439+0000] {dagbag.py:536} INFO - Filling up the DagBag from /opt/airflow/dags/Drop_And_Create_Table.py
[2025-05-06T00:44:43.483+0000] {processor.py:839} INFO - DAG(s) dict_keys(['Drop_And_Create_Table']) retrieved from /opt/airflow/dags/Drop_And_Create_Table.py
[2025-05-06T00:44:43.643+0000] {logging_mixin.py:154} INFO - [2025-05-06T00:44:43.643+0000] {dag.py:2941} INFO - Sync 1 DAGs
[2025-05-06T00:44:43.697+0000] {logging_mixin.py:154} INFO - [2025-05-06T00:44:43.697+0000] {dag.py:3722} INFO - Setting next_dagrun for Drop_And_Create_Table to None, run_after=None
[2025-05-06T00:44:43.846+0000] {processor.py:179} INFO - Processing /opt/airflow/dags/Drop_And_Create_Table.py took 0.433 seconds
[2025-05-06T00:45:14.151+0000] {processor.py:157} INFO - Started process (PID=25112) to work on /opt/airflow/dags/Drop_And_Create_Table.py
[2025-05-06T00:45:14.173+0000] {processor.py:829} INFO - Processing file /opt/airflow/dags/Drop_And_Create_Table.py for tasks to queue
[2025-05-06T00:45:14.183+0000] {logging_mixin.py:154} INFO - [2025-05-06T00:45:14.174+0000] {dagbag.py:536} INFO - Filling up the DagBag from /opt/airflow/dags/Drop_And_Create_Table.py
[2025-05-06T00:45:14.266+0000] {processor.py:839} INFO - DAG(s) dict_keys(['Drop_And_Create_Table']) retrieved from /opt/airflow/dags/Drop_And_Create_Table.py
[2025-05-06T00:45:14.513+0000] {logging_mixin.py:154} INFO - [2025-05-06T00:45:14.512+0000] {dag.py:2941} INFO - Sync 1 DAGs
[2025-05-06T00:45:14.578+0000] {logging_mixin.py:154} INFO - [2025-05-06T00:45:14.577+0000] {dag.py:3722} INFO - Setting next_dagrun for Drop_And_Create_Table to None, run_after=None
[2025-05-06T00:45:14.634+0000] {processor.py:179} INFO - Processing /opt/airflow/dags/Drop_And_Create_Table.py took 0.540 seconds
[2025-05-06T00:45:45.266+0000] {processor.py:157} INFO - Started process (PID=25132) to work on /opt/airflow/dags/Drop_And_Create_Table.py
[2025-05-06T00:45:45.268+0000] {processor.py:829} INFO - Processing file /opt/airflow/dags/Drop_And_Create_Table.py for tasks to queue
[2025-05-06T00:45:45.270+0000] {logging_mixin.py:154} INFO - [2025-05-06T00:45:45.269+0000] {dagbag.py:536} INFO - Filling up the DagBag from /opt/airflow/dags/Drop_And_Create_Table.py
[2025-05-06T00:45:45.299+0000] {processor.py:839} INFO - DAG(s) dict_keys(['Drop_And_Create_Table']) retrieved from /opt/airflow/dags/Drop_And_Create_Table.py
[2025-05-06T00:45:45.355+0000] {logging_mixin.py:154} INFO - [2025-05-06T00:45:45.354+0000] {dag.py:2941} INFO - Sync 1 DAGs
[2025-05-06T00:45:45.379+0000] {logging_mixin.py:154} INFO - [2025-05-06T00:45:45.379+0000] {dag.py:3722} INFO - Setting next_dagrun for Drop_And_Create_Table to None, run_after=None
[2025-05-06T00:45:45.411+0000] {processor.py:179} INFO - Processing /opt/airflow/dags/Drop_And_Create_Table.py took 0.157 seconds
[2025-05-06T00:46:16.262+0000] {processor.py:157} INFO - Started process (PID=25153) to work on /opt/airflow/dags/Drop_And_Create_Table.py
[2025-05-06T00:46:16.265+0000] {processor.py:829} INFO - Processing file /opt/airflow/dags/Drop_And_Create_Table.py for tasks to queue
[2025-05-06T00:46:16.266+0000] {logging_mixin.py:154} INFO - [2025-05-06T00:46:16.265+0000] {dagbag.py:536} INFO - Filling up the DagBag from /opt/airflow/dags/Drop_And_Create_Table.py
[2025-05-06T00:46:16.299+0000] {processor.py:839} INFO - DAG(s) dict_keys(['Drop_And_Create_Table']) retrieved from /opt/airflow/dags/Drop_And_Create_Table.py
[2025-05-06T00:46:16.350+0000] {logging_mixin.py:154} INFO - [2025-05-06T00:46:16.350+0000] {dag.py:2941} INFO - Sync 1 DAGs
[2025-05-06T00:46:16.374+0000] {logging_mixin.py:154} INFO - [2025-05-06T00:46:16.373+0000] {dag.py:3722} INFO - Setting next_dagrun for Drop_And_Create_Table to None, run_after=None
[2025-05-06T00:46:16.432+0000] {processor.py:179} INFO - Processing /opt/airflow/dags/Drop_And_Create_Table.py took 0.183 seconds
[2025-05-06T00:46:47.057+0000] {processor.py:157} INFO - Started process (PID=25174) to work on /opt/airflow/dags/Drop_And_Create_Table.py
[2025-05-06T00:46:47.060+0000] {processor.py:829} INFO - Processing file /opt/airflow/dags/Drop_And_Create_Table.py for tasks to queue
[2025-05-06T00:46:47.061+0000] {logging_mixin.py:154} INFO - [2025-05-06T00:46:47.061+0000] {dagbag.py:536} INFO - Filling up the DagBag from /opt/airflow/dags/Drop_And_Create_Table.py
[2025-05-06T00:46:47.089+0000] {processor.py:839} INFO - DAG(s) dict_keys(['Drop_And_Create_Table']) retrieved from /opt/airflow/dags/Drop_And_Create_Table.py
[2025-05-06T00:46:47.142+0000] {logging_mixin.py:154} INFO - [2025-05-06T00:46:47.141+0000] {dag.py:2941} INFO - Sync 1 DAGs
[2025-05-06T00:46:47.166+0000] {logging_mixin.py:154} INFO - [2025-05-06T00:46:47.165+0000] {dag.py:3722} INFO - Setting next_dagrun for Drop_And_Create_Table to None, run_after=None
[2025-05-06T00:46:47.198+0000] {processor.py:179} INFO - Processing /opt/airflow/dags/Drop_And_Create_Table.py took 0.152 seconds
