[2025-05-06T00:00:24.116+0000] {processor.py:157} INFO - Started process (PID=23575) to work on /opt/airflow/dags/Load_Data.py
[2025-05-06T00:00:24.118+0000] {processor.py:829} INFO - Processing file /opt/airflow/dags/Load_Data.py for tasks to queue
[2025-05-06T00:00:24.120+0000] {logging_mixin.py:154} INFO - [2025-05-06T00:00:24.120+0000] {dagbag.py:536} INFO - Filling up the DagBag from /opt/airflow/dags/Load_Data.py
[2025-05-06T00:00:26.497+0000] {processor.py:839} INFO - DAG(s) dict_keys(['Load_Data']) retrieved from /opt/airflow/dags/Load_Data.py
[2025-05-06T00:00:26.809+0000] {logging_mixin.py:154} INFO - [2025-05-06T00:00:26.808+0000] {dag.py:2941} INFO - Sync 1 DAGs
[2025-05-06T00:00:26.861+0000] {logging_mixin.py:154} INFO - [2025-05-06T00:00:26.860+0000] {dag.py:3722} INFO - Setting next_dagrun for Load_Data to None, run_after=None
[2025-05-06T00:00:26.963+0000] {processor.py:179} INFO - Processing /opt/airflow/dags/Load_Data.py took 2.860 seconds
[2025-05-06T00:00:57.279+0000] {processor.py:157} INFO - Started process (PID=23592) to work on /opt/airflow/dags/Load_Data.py
[2025-05-06T00:00:57.300+0000] {processor.py:829} INFO - Processing file /opt/airflow/dags/Load_Data.py for tasks to queue
[2025-05-06T00:00:57.301+0000] {logging_mixin.py:154} INFO - [2025-05-06T00:00:57.301+0000] {dagbag.py:536} INFO - Filling up the DagBag from /opt/airflow/dags/Load_Data.py
[2025-05-06T00:01:00.475+0000] {processor.py:839} INFO - DAG(s) dict_keys(['Load_Data']) retrieved from /opt/airflow/dags/Load_Data.py
[2025-05-06T00:01:00.645+0000] {logging_mixin.py:154} INFO - [2025-05-06T00:01:00.644+0000] {dag.py:2941} INFO - Sync 1 DAGs
[2025-05-06T00:01:00.675+0000] {logging_mixin.py:154} INFO - [2025-05-06T00:01:00.674+0000] {dag.py:3722} INFO - Setting next_dagrun for Load_Data to None, run_after=None
[2025-05-06T00:01:00.815+0000] {processor.py:179} INFO - Processing /opt/airflow/dags/Load_Data.py took 3.622 seconds
[2025-05-06T00:01:31.084+0000] {processor.py:157} INFO - Started process (PID=23606) to work on /opt/airflow/dags/Load_Data.py
[2025-05-06T00:01:31.090+0000] {processor.py:829} INFO - Processing file /opt/airflow/dags/Load_Data.py for tasks to queue
[2025-05-06T00:01:31.094+0000] {logging_mixin.py:154} INFO - [2025-05-06T00:01:31.091+0000] {dagbag.py:536} INFO - Filling up the DagBag from /opt/airflow/dags/Load_Data.py
[2025-05-06T00:01:33.677+0000] {processor.py:839} INFO - DAG(s) dict_keys(['Load_Data']) retrieved from /opt/airflow/dags/Load_Data.py
[2025-05-06T00:01:33.820+0000] {logging_mixin.py:154} INFO - [2025-05-06T00:01:33.819+0000] {dag.py:2941} INFO - Sync 1 DAGs
[2025-05-06T00:01:33.864+0000] {logging_mixin.py:154} INFO - [2025-05-06T00:01:33.858+0000] {dag.py:3722} INFO - Setting next_dagrun for Load_Data to None, run_after=None
[2025-05-06T00:01:34.029+0000] {processor.py:179} INFO - Processing /opt/airflow/dags/Load_Data.py took 2.965 seconds
[2025-05-06T00:02:04.518+0000] {processor.py:157} INFO - Started process (PID=23622) to work on /opt/airflow/dags/Load_Data.py
[2025-05-06T00:02:04.520+0000] {processor.py:829} INFO - Processing file /opt/airflow/dags/Load_Data.py for tasks to queue
[2025-05-06T00:02:04.523+0000] {logging_mixin.py:154} INFO - [2025-05-06T00:02:04.521+0000] {dagbag.py:536} INFO - Filling up the DagBag from /opt/airflow/dags/Load_Data.py
[2025-05-06T00:02:07.486+0000] {processor.py:839} INFO - DAG(s) dict_keys(['Load_Data']) retrieved from /opt/airflow/dags/Load_Data.py
[2025-05-06T00:02:07.549+0000] {logging_mixin.py:154} INFO - [2025-05-06T00:02:07.547+0000] {dag.py:2941} INFO - Sync 1 DAGs
[2025-05-06T00:02:07.586+0000] {logging_mixin.py:154} INFO - [2025-05-06T00:02:07.586+0000] {dag.py:3722} INFO - Setting next_dagrun for Load_Data to None, run_after=None
[2025-05-06T00:02:07.639+0000] {processor.py:179} INFO - Processing /opt/airflow/dags/Load_Data.py took 3.150 seconds
[2025-05-06T00:02:38.329+0000] {processor.py:157} INFO - Started process (PID=23643) to work on /opt/airflow/dags/Load_Data.py
[2025-05-06T00:02:38.334+0000] {processor.py:829} INFO - Processing file /opt/airflow/dags/Load_Data.py for tasks to queue
[2025-05-06T00:02:38.342+0000] {logging_mixin.py:154} INFO - [2025-05-06T00:02:38.341+0000] {dagbag.py:536} INFO - Filling up the DagBag from /opt/airflow/dags/Load_Data.py
[2025-05-06T00:02:40.285+0000] {processor.py:839} INFO - DAG(s) dict_keys(['Load_Data']) retrieved from /opt/airflow/dags/Load_Data.py
[2025-05-06T00:02:40.419+0000] {logging_mixin.py:154} INFO - [2025-05-06T00:02:40.415+0000] {dag.py:2941} INFO - Sync 1 DAGs
[2025-05-06T00:02:40.490+0000] {logging_mixin.py:154} INFO - [2025-05-06T00:02:40.489+0000] {dag.py:3722} INFO - Setting next_dagrun for Load_Data to None, run_after=None
[2025-05-06T00:02:40.695+0000] {processor.py:179} INFO - Processing /opt/airflow/dags/Load_Data.py took 2.422 seconds
[2025-05-06T00:03:25.662+0000] {processor.py:157} INFO - Started process (PID=23664) to work on /opt/airflow/dags/Load_Data.py
[2025-05-06T00:03:25.675+0000] {processor.py:829} INFO - Processing file /opt/airflow/dags/Load_Data.py for tasks to queue
[2025-05-06T00:03:25.687+0000] {logging_mixin.py:154} INFO - [2025-05-06T00:03:25.676+0000] {dagbag.py:536} INFO - Filling up the DagBag from /opt/airflow/dags/Load_Data.py
[2025-05-06T00:03:31.798+0000] {processor.py:839} INFO - DAG(s) dict_keys(['Load_Data']) retrieved from /opt/airflow/dags/Load_Data.py
[2025-05-06T00:03:32.069+0000] {logging_mixin.py:154} INFO - [2025-05-06T00:03:32.068+0000] {dag.py:2941} INFO - Sync 1 DAGs
[2025-05-06T00:03:32.220+0000] {logging_mixin.py:154} INFO - [2025-05-06T00:03:32.220+0000] {dag.py:3722} INFO - Setting next_dagrun for Load_Data to None, run_after=None
[2025-05-06T00:03:32.500+0000] {processor.py:179} INFO - Processing /opt/airflow/dags/Load_Data.py took 6.914 seconds
[2025-05-06T00:04:03.786+0000] {processor.py:157} INFO - Started process (PID=23681) to work on /opt/airflow/dags/Load_Data.py
[2025-05-06T00:04:03.789+0000] {processor.py:829} INFO - Processing file /opt/airflow/dags/Load_Data.py for tasks to queue
[2025-05-06T00:04:03.794+0000] {logging_mixin.py:154} INFO - [2025-05-06T00:04:03.793+0000] {dagbag.py:536} INFO - Filling up the DagBag from /opt/airflow/dags/Load_Data.py
[2025-05-06T00:04:05.985+0000] {processor.py:839} INFO - DAG(s) dict_keys(['Load_Data']) retrieved from /opt/airflow/dags/Load_Data.py
[2025-05-06T00:04:06.070+0000] {logging_mixin.py:154} INFO - [2025-05-06T00:04:06.069+0000] {dag.py:2941} INFO - Sync 1 DAGs
[2025-05-06T00:04:06.092+0000] {logging_mixin.py:154} INFO - [2025-05-06T00:04:06.091+0000] {dag.py:3722} INFO - Setting next_dagrun for Load_Data to None, run_after=None
[2025-05-06T00:04:06.149+0000] {processor.py:179} INFO - Processing /opt/airflow/dags/Load_Data.py took 2.388 seconds
[2025-05-06T00:04:36.544+0000] {processor.py:157} INFO - Started process (PID=23695) to work on /opt/airflow/dags/Load_Data.py
[2025-05-06T00:04:36.549+0000] {processor.py:829} INFO - Processing file /opt/airflow/dags/Load_Data.py for tasks to queue
[2025-05-06T00:04:36.553+0000] {logging_mixin.py:154} INFO - [2025-05-06T00:04:36.552+0000] {dagbag.py:536} INFO - Filling up the DagBag from /opt/airflow/dags/Load_Data.py
[2025-05-06T00:04:38.333+0000] {processor.py:839} INFO - DAG(s) dict_keys(['Load_Data']) retrieved from /opt/airflow/dags/Load_Data.py
[2025-05-06T00:04:38.452+0000] {logging_mixin.py:154} INFO - [2025-05-06T00:04:38.451+0000] {dag.py:2941} INFO - Sync 1 DAGs
[2025-05-06T00:04:38.501+0000] {logging_mixin.py:154} INFO - [2025-05-06T00:04:38.498+0000] {dag.py:3722} INFO - Setting next_dagrun for Load_Data to None, run_after=None
[2025-05-06T00:04:38.575+0000] {processor.py:179} INFO - Processing /opt/airflow/dags/Load_Data.py took 2.051 seconds
[2025-05-06T00:05:08.892+0000] {processor.py:157} INFO - Started process (PID=23711) to work on /opt/airflow/dags/Load_Data.py
[2025-05-06T00:05:08.897+0000] {processor.py:829} INFO - Processing file /opt/airflow/dags/Load_Data.py for tasks to queue
[2025-05-06T00:05:08.902+0000] {logging_mixin.py:154} INFO - [2025-05-06T00:05:08.899+0000] {dagbag.py:536} INFO - Filling up the DagBag from /opt/airflow/dags/Load_Data.py
[2025-05-06T00:05:09.976+0000] {processor.py:839} INFO - DAG(s) dict_keys(['Load_Data']) retrieved from /opt/airflow/dags/Load_Data.py
[2025-05-06T00:05:10.036+0000] {logging_mixin.py:154} INFO - [2025-05-06T00:05:10.034+0000] {dag.py:2941} INFO - Sync 1 DAGs
[2025-05-06T00:05:10.063+0000] {logging_mixin.py:154} INFO - [2025-05-06T00:05:10.062+0000] {dag.py:3722} INFO - Setting next_dagrun for Load_Data to None, run_after=None
[2025-05-06T00:05:10.113+0000] {processor.py:179} INFO - Processing /opt/airflow/dags/Load_Data.py took 1.238 seconds
[2025-05-06T00:05:40.723+0000] {processor.py:157} INFO - Started process (PID=23732) to work on /opt/airflow/dags/Load_Data.py
[2025-05-06T00:05:40.726+0000] {processor.py:829} INFO - Processing file /opt/airflow/dags/Load_Data.py for tasks to queue
[2025-05-06T00:05:40.727+0000] {logging_mixin.py:154} INFO - [2025-05-06T00:05:40.727+0000] {dagbag.py:536} INFO - Filling up the DagBag from /opt/airflow/dags/Load_Data.py
[2025-05-06T00:05:41.806+0000] {processor.py:839} INFO - DAG(s) dict_keys(['Load_Data']) retrieved from /opt/airflow/dags/Load_Data.py
[2025-05-06T00:05:41.865+0000] {logging_mixin.py:154} INFO - [2025-05-06T00:05:41.864+0000] {dag.py:2941} INFO - Sync 1 DAGs
[2025-05-06T00:05:41.899+0000] {logging_mixin.py:154} INFO - [2025-05-06T00:05:41.899+0000] {dag.py:3722} INFO - Setting next_dagrun for Load_Data to None, run_after=None
[2025-05-06T00:05:41.942+0000] {processor.py:179} INFO - Processing /opt/airflow/dags/Load_Data.py took 1.235 seconds
[2025-05-06T00:06:12.871+0000] {processor.py:157} INFO - Started process (PID=23754) to work on /opt/airflow/dags/Load_Data.py
[2025-05-06T00:06:12.877+0000] {processor.py:829} INFO - Processing file /opt/airflow/dags/Load_Data.py for tasks to queue
[2025-05-06T00:06:12.879+0000] {logging_mixin.py:154} INFO - [2025-05-06T00:06:12.878+0000] {dagbag.py:536} INFO - Filling up the DagBag from /opt/airflow/dags/Load_Data.py
[2025-05-06T00:06:14.122+0000] {processor.py:839} INFO - DAG(s) dict_keys(['Load_Data']) retrieved from /opt/airflow/dags/Load_Data.py
[2025-05-06T00:06:14.157+0000] {logging_mixin.py:154} INFO - [2025-05-06T00:06:14.156+0000] {dag.py:2941} INFO - Sync 1 DAGs
[2025-05-06T00:06:14.177+0000] {logging_mixin.py:154} INFO - [2025-05-06T00:06:14.176+0000] {dag.py:3722} INFO - Setting next_dagrun for Load_Data to None, run_after=None
[2025-05-06T00:06:14.214+0000] {processor.py:179} INFO - Processing /opt/airflow/dags/Load_Data.py took 1.358 seconds
[2025-05-06T00:06:44.638+0000] {processor.py:157} INFO - Started process (PID=23775) to work on /opt/airflow/dags/Load_Data.py
[2025-05-06T00:06:44.642+0000] {processor.py:829} INFO - Processing file /opt/airflow/dags/Load_Data.py for tasks to queue
[2025-05-06T00:06:44.644+0000] {logging_mixin.py:154} INFO - [2025-05-06T00:06:44.643+0000] {dagbag.py:536} INFO - Filling up the DagBag from /opt/airflow/dags/Load_Data.py
[2025-05-06T00:06:45.871+0000] {processor.py:839} INFO - DAG(s) dict_keys(['Load_Data']) retrieved from /opt/airflow/dags/Load_Data.py
[2025-05-06T00:06:45.905+0000] {logging_mixin.py:154} INFO - [2025-05-06T00:06:45.904+0000] {dag.py:2941} INFO - Sync 1 DAGs
[2025-05-06T00:06:45.922+0000] {logging_mixin.py:154} INFO - [2025-05-06T00:06:45.921+0000] {dag.py:3722} INFO - Setting next_dagrun for Load_Data to None, run_after=None
[2025-05-06T00:06:45.948+0000] {processor.py:179} INFO - Processing /opt/airflow/dags/Load_Data.py took 1.323 seconds
[2025-05-06T00:07:16.888+0000] {processor.py:157} INFO - Started process (PID=23796) to work on /opt/airflow/dags/Load_Data.py
[2025-05-06T00:07:16.897+0000] {processor.py:829} INFO - Processing file /opt/airflow/dags/Load_Data.py for tasks to queue
[2025-05-06T00:07:16.903+0000] {logging_mixin.py:154} INFO - [2025-05-06T00:07:16.900+0000] {dagbag.py:536} INFO - Filling up the DagBag from /opt/airflow/dags/Load_Data.py
[2025-05-06T00:07:18.366+0000] {processor.py:839} INFO - DAG(s) dict_keys(['Load_Data']) retrieved from /opt/airflow/dags/Load_Data.py
[2025-05-06T00:07:18.410+0000] {logging_mixin.py:154} INFO - [2025-05-06T00:07:18.409+0000] {dag.py:2941} INFO - Sync 1 DAGs
[2025-05-06T00:07:18.427+0000] {logging_mixin.py:154} INFO - [2025-05-06T00:07:18.427+0000] {dag.py:3722} INFO - Setting next_dagrun for Load_Data to None, run_after=None
[2025-05-06T00:07:18.471+0000] {processor.py:179} INFO - Processing /opt/airflow/dags/Load_Data.py took 1.613 seconds
[2025-05-06T00:07:48.784+0000] {processor.py:157} INFO - Started process (PID=23817) to work on /opt/airflow/dags/Load_Data.py
[2025-05-06T00:07:48.792+0000] {processor.py:829} INFO - Processing file /opt/airflow/dags/Load_Data.py for tasks to queue
[2025-05-06T00:07:48.794+0000] {logging_mixin.py:154} INFO - [2025-05-06T00:07:48.793+0000] {dagbag.py:536} INFO - Filling up the DagBag from /opt/airflow/dags/Load_Data.py
[2025-05-06T00:07:51.426+0000] {processor.py:839} INFO - DAG(s) dict_keys(['Load_Data']) retrieved from /opt/airflow/dags/Load_Data.py
[2025-05-06T00:07:51.565+0000] {logging_mixin.py:154} INFO - [2025-05-06T00:07:51.565+0000] {dag.py:2941} INFO - Sync 1 DAGs
[2025-05-06T00:07:51.635+0000] {logging_mixin.py:154} INFO - [2025-05-06T00:07:51.627+0000] {dag.py:3722} INFO - Setting next_dagrun for Load_Data to None, run_after=None
[2025-05-06T00:07:51.779+0000] {processor.py:179} INFO - Processing /opt/airflow/dags/Load_Data.py took 3.046 seconds
[2025-05-06T00:08:22.430+0000] {processor.py:157} INFO - Started process (PID=23831) to work on /opt/airflow/dags/Load_Data.py
[2025-05-06T00:08:22.455+0000] {processor.py:829} INFO - Processing file /opt/airflow/dags/Load_Data.py for tasks to queue
[2025-05-06T00:08:22.463+0000] {logging_mixin.py:154} INFO - [2025-05-06T00:08:22.462+0000] {dagbag.py:536} INFO - Filling up the DagBag from /opt/airflow/dags/Load_Data.py
[2025-05-06T00:08:24.255+0000] {processor.py:839} INFO - DAG(s) dict_keys(['Load_Data']) retrieved from /opt/airflow/dags/Load_Data.py
[2025-05-06T00:08:24.426+0000] {logging_mixin.py:154} INFO - [2025-05-06T00:08:24.416+0000] {dag.py:2941} INFO - Sync 1 DAGs
[2025-05-06T00:08:24.537+0000] {logging_mixin.py:154} INFO - [2025-05-06T00:08:24.536+0000] {dag.py:3722} INFO - Setting next_dagrun for Load_Data to None, run_after=None
[2025-05-06T00:08:24.677+0000] {processor.py:179} INFO - Processing /opt/airflow/dags/Load_Data.py took 2.336 seconds
[2025-05-06T00:08:55.714+0000] {processor.py:157} INFO - Started process (PID=23851) to work on /opt/airflow/dags/Load_Data.py
[2025-05-06T00:08:55.716+0000] {processor.py:829} INFO - Processing file /opt/airflow/dags/Load_Data.py for tasks to queue
[2025-05-06T00:08:55.718+0000] {logging_mixin.py:154} INFO - [2025-05-06T00:08:55.717+0000] {dagbag.py:536} INFO - Filling up the DagBag from /opt/airflow/dags/Load_Data.py
[2025-05-06T00:08:56.854+0000] {processor.py:839} INFO - DAG(s) dict_keys(['Load_Data']) retrieved from /opt/airflow/dags/Load_Data.py
[2025-05-06T00:08:56.915+0000] {logging_mixin.py:154} INFO - [2025-05-06T00:08:56.913+0000] {dag.py:2941} INFO - Sync 1 DAGs
[2025-05-06T00:08:56.942+0000] {logging_mixin.py:154} INFO - [2025-05-06T00:08:56.941+0000] {dag.py:3722} INFO - Setting next_dagrun for Load_Data to None, run_after=None
[2025-05-06T00:08:56.992+0000] {processor.py:179} INFO - Processing /opt/airflow/dags/Load_Data.py took 1.287 seconds
[2025-05-06T00:09:27.204+0000] {processor.py:157} INFO - Started process (PID=23872) to work on /opt/airflow/dags/Load_Data.py
[2025-05-06T00:09:27.207+0000] {processor.py:829} INFO - Processing file /opt/airflow/dags/Load_Data.py for tasks to queue
[2025-05-06T00:09:27.209+0000] {logging_mixin.py:154} INFO - [2025-05-06T00:09:27.208+0000] {dagbag.py:536} INFO - Filling up the DagBag from /opt/airflow/dags/Load_Data.py
[2025-05-06T00:09:28.408+0000] {processor.py:839} INFO - DAG(s) dict_keys(['Load_Data']) retrieved from /opt/airflow/dags/Load_Data.py
[2025-05-06T00:09:28.444+0000] {logging_mixin.py:154} INFO - [2025-05-06T00:09:28.444+0000] {dag.py:2941} INFO - Sync 1 DAGs
[2025-05-06T00:09:28.462+0000] {logging_mixin.py:154} INFO - [2025-05-06T00:09:28.462+0000] {dag.py:3722} INFO - Setting next_dagrun for Load_Data to None, run_after=None
[2025-05-06T00:09:28.501+0000] {processor.py:179} INFO - Processing /opt/airflow/dags/Load_Data.py took 1.313 seconds
[2025-05-06T00:09:59.380+0000] {processor.py:157} INFO - Started process (PID=23893) to work on /opt/airflow/dags/Load_Data.py
[2025-05-06T00:09:59.383+0000] {processor.py:829} INFO - Processing file /opt/airflow/dags/Load_Data.py for tasks to queue
[2025-05-06T00:09:59.384+0000] {logging_mixin.py:154} INFO - [2025-05-06T00:09:59.384+0000] {dagbag.py:536} INFO - Filling up the DagBag from /opt/airflow/dags/Load_Data.py
[2025-05-06T00:10:00.374+0000] {processor.py:839} INFO - DAG(s) dict_keys(['Load_Data']) retrieved from /opt/airflow/dags/Load_Data.py
[2025-05-06T00:10:00.408+0000] {logging_mixin.py:154} INFO - [2025-05-06T00:10:00.407+0000] {dag.py:2941} INFO - Sync 1 DAGs
[2025-05-06T00:10:00.425+0000] {logging_mixin.py:154} INFO - [2025-05-06T00:10:00.425+0000] {dag.py:3722} INFO - Setting next_dagrun for Load_Data to None, run_after=None
[2025-05-06T00:10:00.452+0000] {processor.py:179} INFO - Processing /opt/airflow/dags/Load_Data.py took 1.081 seconds
[2025-05-06T00:10:30.566+0000] {processor.py:157} INFO - Started process (PID=23914) to work on /opt/airflow/dags/Load_Data.py
[2025-05-06T00:10:30.569+0000] {processor.py:829} INFO - Processing file /opt/airflow/dags/Load_Data.py for tasks to queue
[2025-05-06T00:10:30.571+0000] {logging_mixin.py:154} INFO - [2025-05-06T00:10:30.571+0000] {dagbag.py:536} INFO - Filling up the DagBag from /opt/airflow/dags/Load_Data.py
[2025-05-06T00:10:31.428+0000] {processor.py:839} INFO - DAG(s) dict_keys(['Load_Data']) retrieved from /opt/airflow/dags/Load_Data.py
[2025-05-06T00:10:31.469+0000] {logging_mixin.py:154} INFO - [2025-05-06T00:10:31.469+0000] {dag.py:2941} INFO - Sync 1 DAGs
[2025-05-06T00:10:31.488+0000] {logging_mixin.py:154} INFO - [2025-05-06T00:10:31.488+0000] {dag.py:3722} INFO - Setting next_dagrun for Load_Data to None, run_after=None
[2025-05-06T00:10:31.522+0000] {processor.py:179} INFO - Processing /opt/airflow/dags/Load_Data.py took 0.969 seconds
[2025-05-06T00:11:02.049+0000] {processor.py:157} INFO - Started process (PID=23935) to work on /opt/airflow/dags/Load_Data.py
[2025-05-06T00:11:02.056+0000] {processor.py:829} INFO - Processing file /opt/airflow/dags/Load_Data.py for tasks to queue
[2025-05-06T00:11:02.059+0000] {logging_mixin.py:154} INFO - [2025-05-06T00:11:02.057+0000] {dagbag.py:536} INFO - Filling up the DagBag from /opt/airflow/dags/Load_Data.py
[2025-05-06T00:11:03.180+0000] {processor.py:839} INFO - DAG(s) dict_keys(['Load_Data']) retrieved from /opt/airflow/dags/Load_Data.py
[2025-05-06T00:11:03.227+0000] {logging_mixin.py:154} INFO - [2025-05-06T00:11:03.226+0000] {dag.py:2941} INFO - Sync 1 DAGs
[2025-05-06T00:11:03.255+0000] {logging_mixin.py:154} INFO - [2025-05-06T00:11:03.255+0000] {dag.py:3722} INFO - Setting next_dagrun for Load_Data to None, run_after=None
[2025-05-06T00:11:03.292+0000] {processor.py:179} INFO - Processing /opt/airflow/dags/Load_Data.py took 1.286 seconds
[2025-05-06T00:11:33.767+0000] {processor.py:157} INFO - Started process (PID=23952) to work on /opt/airflow/dags/Load_Data.py
[2025-05-06T00:11:33.773+0000] {processor.py:829} INFO - Processing file /opt/airflow/dags/Load_Data.py for tasks to queue
[2025-05-06T00:11:33.775+0000] {logging_mixin.py:154} INFO - [2025-05-06T00:11:33.774+0000] {dagbag.py:536} INFO - Filling up the DagBag from /opt/airflow/dags/Load_Data.py
[2025-05-06T00:11:35.246+0000] {processor.py:839} INFO - DAG(s) dict_keys(['Load_Data']) retrieved from /opt/airflow/dags/Load_Data.py
[2025-05-06T00:11:35.328+0000] {logging_mixin.py:154} INFO - [2025-05-06T00:11:35.327+0000] {dag.py:2941} INFO - Sync 1 DAGs
[2025-05-06T00:11:35.388+0000] {logging_mixin.py:154} INFO - [2025-05-06T00:11:35.388+0000] {dag.py:3722} INFO - Setting next_dagrun for Load_Data to None, run_after=None
[2025-05-06T00:11:35.462+0000] {processor.py:179} INFO - Processing /opt/airflow/dags/Load_Data.py took 1.714 seconds
[2025-05-06T00:12:06.187+0000] {processor.py:157} INFO - Started process (PID=23969) to work on /opt/airflow/dags/Load_Data.py
[2025-05-06T00:12:06.190+0000] {processor.py:829} INFO - Processing file /opt/airflow/dags/Load_Data.py for tasks to queue
[2025-05-06T00:12:06.192+0000] {logging_mixin.py:154} INFO - [2025-05-06T00:12:06.192+0000] {dagbag.py:536} INFO - Filling up the DagBag from /opt/airflow/dags/Load_Data.py
[2025-05-06T00:12:07.198+0000] {processor.py:839} INFO - DAG(s) dict_keys(['Load_Data']) retrieved from /opt/airflow/dags/Load_Data.py
[2025-05-06T00:12:07.249+0000] {logging_mixin.py:154} INFO - [2025-05-06T00:12:07.248+0000] {dag.py:2941} INFO - Sync 1 DAGs
[2025-05-06T00:12:07.272+0000] {logging_mixin.py:154} INFO - [2025-05-06T00:12:07.271+0000] {dag.py:3722} INFO - Setting next_dagrun for Load_Data to None, run_after=None
[2025-05-06T00:12:07.298+0000] {processor.py:179} INFO - Processing /opt/airflow/dags/Load_Data.py took 1.120 seconds
[2025-05-06T00:12:37.574+0000] {processor.py:157} INFO - Started process (PID=23986) to work on /opt/airflow/dags/Load_Data.py
[2025-05-06T00:12:37.580+0000] {processor.py:829} INFO - Processing file /opt/airflow/dags/Load_Data.py for tasks to queue
[2025-05-06T00:12:37.588+0000] {logging_mixin.py:154} INFO - [2025-05-06T00:12:37.585+0000] {dagbag.py:536} INFO - Filling up the DagBag from /opt/airflow/dags/Load_Data.py
[2025-05-06T00:12:38.996+0000] {processor.py:839} INFO - DAG(s) dict_keys(['Load_Data']) retrieved from /opt/airflow/dags/Load_Data.py
[2025-05-06T00:12:39.067+0000] {logging_mixin.py:154} INFO - [2025-05-06T00:12:39.067+0000] {dag.py:2941} INFO - Sync 1 DAGs
[2025-05-06T00:12:39.119+0000] {logging_mixin.py:154} INFO - [2025-05-06T00:12:39.118+0000] {dag.py:3722} INFO - Setting next_dagrun for Load_Data to None, run_after=None
[2025-05-06T00:12:39.213+0000] {processor.py:179} INFO - Processing /opt/airflow/dags/Load_Data.py took 1.656 seconds
[2025-05-06T00:13:10.209+0000] {processor.py:157} INFO - Started process (PID=24003) to work on /opt/airflow/dags/Load_Data.py
[2025-05-06T00:13:10.217+0000] {processor.py:829} INFO - Processing file /opt/airflow/dags/Load_Data.py for tasks to queue
[2025-05-06T00:13:10.219+0000] {logging_mixin.py:154} INFO - [2025-05-06T00:13:10.218+0000] {dagbag.py:536} INFO - Filling up the DagBag from /opt/airflow/dags/Load_Data.py
[2025-05-06T00:13:11.529+0000] {processor.py:839} INFO - DAG(s) dict_keys(['Load_Data']) retrieved from /opt/airflow/dags/Load_Data.py
[2025-05-06T00:13:11.601+0000] {logging_mixin.py:154} INFO - [2025-05-06T00:13:11.600+0000] {dag.py:2941} INFO - Sync 1 DAGs
[2025-05-06T00:13:11.652+0000] {logging_mixin.py:154} INFO - [2025-05-06T00:13:11.651+0000] {dag.py:3722} INFO - Setting next_dagrun for Load_Data to None, run_after=None
[2025-05-06T00:13:11.750+0000] {processor.py:179} INFO - Processing /opt/airflow/dags/Load_Data.py took 1.560 seconds
[2025-05-06T00:13:42.213+0000] {processor.py:157} INFO - Started process (PID=24024) to work on /opt/airflow/dags/Load_Data.py
[2025-05-06T00:13:42.220+0000] {processor.py:829} INFO - Processing file /opt/airflow/dags/Load_Data.py for tasks to queue
[2025-05-06T00:13:42.224+0000] {logging_mixin.py:154} INFO - [2025-05-06T00:13:42.221+0000] {dagbag.py:536} INFO - Filling up the DagBag from /opt/airflow/dags/Load_Data.py
[2025-05-06T00:13:44.149+0000] {processor.py:839} INFO - DAG(s) dict_keys(['Load_Data']) retrieved from /opt/airflow/dags/Load_Data.py
[2025-05-06T00:13:44.223+0000] {logging_mixin.py:154} INFO - [2025-05-06T00:13:44.220+0000] {dag.py:2941} INFO - Sync 1 DAGs
[2025-05-06T00:13:44.262+0000] {logging_mixin.py:154} INFO - [2025-05-06T00:13:44.262+0000] {dag.py:3722} INFO - Setting next_dagrun for Load_Data to None, run_after=None
[2025-05-06T00:13:44.316+0000] {processor.py:179} INFO - Processing /opt/airflow/dags/Load_Data.py took 2.145 seconds
[2025-05-06T00:14:14.812+0000] {processor.py:157} INFO - Started process (PID=24045) to work on /opt/airflow/dags/Load_Data.py
[2025-05-06T00:14:14.817+0000] {processor.py:829} INFO - Processing file /opt/airflow/dags/Load_Data.py for tasks to queue
[2025-05-06T00:14:14.818+0000] {logging_mixin.py:154} INFO - [2025-05-06T00:14:14.818+0000] {dagbag.py:536} INFO - Filling up the DagBag from /opt/airflow/dags/Load_Data.py
[2025-05-06T00:14:16.974+0000] {processor.py:839} INFO - DAG(s) dict_keys(['Load_Data']) retrieved from /opt/airflow/dags/Load_Data.py
[2025-05-06T00:14:17.106+0000] {logging_mixin.py:154} INFO - [2025-05-06T00:14:17.105+0000] {dag.py:2941} INFO - Sync 1 DAGs
[2025-05-06T00:14:17.267+0000] {logging_mixin.py:154} INFO - [2025-05-06T00:14:17.267+0000] {dag.py:3722} INFO - Setting next_dagrun for Load_Data to None, run_after=None
[2025-05-06T00:14:17.414+0000] {processor.py:179} INFO - Processing /opt/airflow/dags/Load_Data.py took 2.631 seconds
[2025-05-06T00:14:47.686+0000] {processor.py:157} INFO - Started process (PID=24066) to work on /opt/airflow/dags/Load_Data.py
[2025-05-06T00:14:47.694+0000] {processor.py:829} INFO - Processing file /opt/airflow/dags/Load_Data.py for tasks to queue
[2025-05-06T00:14:47.697+0000] {logging_mixin.py:154} INFO - [2025-05-06T00:14:47.697+0000] {dagbag.py:536} INFO - Filling up the DagBag from /opt/airflow/dags/Load_Data.py
[2025-05-06T00:14:50.201+0000] {processor.py:839} INFO - DAG(s) dict_keys(['Load_Data']) retrieved from /opt/airflow/dags/Load_Data.py
[2025-05-06T00:14:50.262+0000] {logging_mixin.py:154} INFO - [2025-05-06T00:14:50.261+0000] {dag.py:2941} INFO - Sync 1 DAGs
[2025-05-06T00:14:50.313+0000] {logging_mixin.py:154} INFO - [2025-05-06T00:14:50.308+0000] {dag.py:3722} INFO - Setting next_dagrun for Load_Data to None, run_after=None
[2025-05-06T00:14:50.380+0000] {processor.py:179} INFO - Processing /opt/airflow/dags/Load_Data.py took 2.726 seconds
[2025-05-06T00:15:32.354+0000] {processor.py:157} INFO - Started process (PID=24087) to work on /opt/airflow/dags/Load_Data.py
[2025-05-06T00:15:32.365+0000] {processor.py:829} INFO - Processing file /opt/airflow/dags/Load_Data.py for tasks to queue
[2025-05-06T00:15:32.367+0000] {logging_mixin.py:154} INFO - [2025-05-06T00:15:32.366+0000] {dagbag.py:536} INFO - Filling up the DagBag from /opt/airflow/dags/Load_Data.py
[2025-05-06T00:15:36.628+0000] {processor.py:839} INFO - DAG(s) dict_keys(['Load_Data']) retrieved from /opt/airflow/dags/Load_Data.py
[2025-05-06T00:15:36.674+0000] {logging_mixin.py:154} INFO - [2025-05-06T00:15:36.674+0000] {dag.py:2941} INFO - Sync 1 DAGs
[2025-05-06T00:15:36.757+0000] {logging_mixin.py:154} INFO - [2025-05-06T00:15:36.755+0000] {dag.py:3722} INFO - Setting next_dagrun for Load_Data to None, run_after=None
[2025-05-06T00:15:36.876+0000] {processor.py:179} INFO - Processing /opt/airflow/dags/Load_Data.py took 4.539 seconds
[2025-05-06T00:16:13.145+0000] {processor.py:157} INFO - Started process (PID=24105) to work on /opt/airflow/dags/Load_Data.py
[2025-05-06T00:16:13.154+0000] {processor.py:829} INFO - Processing file /opt/airflow/dags/Load_Data.py for tasks to queue
[2025-05-06T00:16:13.167+0000] {logging_mixin.py:154} INFO - [2025-05-06T00:16:13.165+0000] {dagbag.py:536} INFO - Filling up the DagBag from /opt/airflow/dags/Load_Data.py
[2025-05-06T00:16:15.750+0000] {processor.py:839} INFO - DAG(s) dict_keys(['Load_Data']) retrieved from /opt/airflow/dags/Load_Data.py
[2025-05-06T00:16:15.843+0000] {logging_mixin.py:154} INFO - [2025-05-06T00:16:15.842+0000] {dag.py:2941} INFO - Sync 1 DAGs
[2025-05-06T00:16:15.864+0000] {logging_mixin.py:154} INFO - [2025-05-06T00:16:15.864+0000] {dag.py:3722} INFO - Setting next_dagrun for Load_Data to None, run_after=None
[2025-05-06T00:16:15.896+0000] {processor.py:179} INFO - Processing /opt/airflow/dags/Load_Data.py took 2.799 seconds
[2025-05-06T00:16:46.354+0000] {processor.py:157} INFO - Started process (PID=24117) to work on /opt/airflow/dags/Load_Data.py
[2025-05-06T00:16:46.357+0000] {processor.py:829} INFO - Processing file /opt/airflow/dags/Load_Data.py for tasks to queue
[2025-05-06T00:16:46.359+0000] {logging_mixin.py:154} INFO - [2025-05-06T00:16:46.359+0000] {dagbag.py:536} INFO - Filling up the DagBag from /opt/airflow/dags/Load_Data.py
[2025-05-06T00:16:49.455+0000] {processor.py:839} INFO - DAG(s) dict_keys(['Load_Data']) retrieved from /opt/airflow/dags/Load_Data.py
[2025-05-06T00:16:49.539+0000] {logging_mixin.py:154} INFO - [2025-05-06T00:16:49.538+0000] {dag.py:2941} INFO - Sync 1 DAGs
[2025-05-06T00:16:49.574+0000] {logging_mixin.py:154} INFO - [2025-05-06T00:16:49.573+0000] {dag.py:3722} INFO - Setting next_dagrun for Load_Data to None, run_after=None
[2025-05-06T00:16:49.650+0000] {processor.py:179} INFO - Processing /opt/airflow/dags/Load_Data.py took 3.306 seconds
[2025-05-06T00:17:20.608+0000] {processor.py:157} INFO - Started process (PID=24134) to work on /opt/airflow/dags/Load_Data.py
[2025-05-06T00:17:20.623+0000] {processor.py:829} INFO - Processing file /opt/airflow/dags/Load_Data.py for tasks to queue
[2025-05-06T00:17:20.631+0000] {logging_mixin.py:154} INFO - [2025-05-06T00:17:20.624+0000] {dagbag.py:536} INFO - Filling up the DagBag from /opt/airflow/dags/Load_Data.py
[2025-05-06T00:17:22.496+0000] {processor.py:839} INFO - DAG(s) dict_keys(['Load_Data']) retrieved from /opt/airflow/dags/Load_Data.py
[2025-05-06T00:17:22.585+0000] {logging_mixin.py:154} INFO - [2025-05-06T00:17:22.584+0000] {dag.py:2941} INFO - Sync 1 DAGs
[2025-05-06T00:17:22.643+0000] {logging_mixin.py:154} INFO - [2025-05-06T00:17:22.643+0000] {dag.py:3722} INFO - Setting next_dagrun for Load_Data to None, run_after=None
[2025-05-06T00:17:22.715+0000] {processor.py:179} INFO - Processing /opt/airflow/dags/Load_Data.py took 2.152 seconds
[2025-05-06T00:17:53.584+0000] {processor.py:157} INFO - Started process (PID=24155) to work on /opt/airflow/dags/Load_Data.py
[2025-05-06T00:17:53.593+0000] {processor.py:829} INFO - Processing file /opt/airflow/dags/Load_Data.py for tasks to queue
[2025-05-06T00:17:53.595+0000] {logging_mixin.py:154} INFO - [2025-05-06T00:17:53.594+0000] {dagbag.py:536} INFO - Filling up the DagBag from /opt/airflow/dags/Load_Data.py
[2025-05-06T00:17:55.664+0000] {processor.py:839} INFO - DAG(s) dict_keys(['Load_Data']) retrieved from /opt/airflow/dags/Load_Data.py
[2025-05-06T00:17:55.723+0000] {logging_mixin.py:154} INFO - [2025-05-06T00:17:55.723+0000] {dag.py:2941} INFO - Sync 1 DAGs
[2025-05-06T00:17:55.788+0000] {logging_mixin.py:154} INFO - [2025-05-06T00:17:55.788+0000] {dag.py:3722} INFO - Setting next_dagrun for Load_Data to None, run_after=None
[2025-05-06T00:17:55.879+0000] {processor.py:179} INFO - Processing /opt/airflow/dags/Load_Data.py took 2.324 seconds
[2025-05-06T00:18:26.242+0000] {processor.py:157} INFO - Started process (PID=24176) to work on /opt/airflow/dags/Load_Data.py
[2025-05-06T00:18:26.257+0000] {processor.py:829} INFO - Processing file /opt/airflow/dags/Load_Data.py for tasks to queue
[2025-05-06T00:18:26.270+0000] {logging_mixin.py:154} INFO - [2025-05-06T00:18:26.264+0000] {dagbag.py:536} INFO - Filling up the DagBag from /opt/airflow/dags/Load_Data.py
[2025-05-06T00:18:29.090+0000] {processor.py:839} INFO - DAG(s) dict_keys(['Load_Data']) retrieved from /opt/airflow/dags/Load_Data.py
[2025-05-06T00:18:29.216+0000] {logging_mixin.py:154} INFO - [2025-05-06T00:18:29.212+0000] {dag.py:2941} INFO - Sync 1 DAGs
[2025-05-06T00:18:29.301+0000] {logging_mixin.py:154} INFO - [2025-05-06T00:18:29.300+0000] {dag.py:3722} INFO - Setting next_dagrun for Load_Data to None, run_after=None
[2025-05-06T00:18:29.506+0000] {processor.py:179} INFO - Processing /opt/airflow/dags/Load_Data.py took 3.272 seconds
[2025-05-06T00:19:00.995+0000] {processor.py:157} INFO - Started process (PID=24197) to work on /opt/airflow/dags/Load_Data.py
[2025-05-06T00:19:01.056+0000] {processor.py:829} INFO - Processing file /opt/airflow/dags/Load_Data.py for tasks to queue
[2025-05-06T00:19:01.066+0000] {logging_mixin.py:154} INFO - [2025-05-06T00:19:01.057+0000] {dagbag.py:536} INFO - Filling up the DagBag from /opt/airflow/dags/Load_Data.py
[2025-05-06T00:19:04.147+0000] {processor.py:839} INFO - DAG(s) dict_keys(['Load_Data']) retrieved from /opt/airflow/dags/Load_Data.py
[2025-05-06T00:19:04.299+0000] {logging_mixin.py:154} INFO - [2025-05-06T00:19:04.297+0000] {dag.py:2941} INFO - Sync 1 DAGs
[2025-05-06T00:19:04.340+0000] {logging_mixin.py:154} INFO - [2025-05-06T00:19:04.339+0000] {dag.py:3722} INFO - Setting next_dagrun for Load_Data to None, run_after=None
[2025-05-06T00:19:04.409+0000] {processor.py:179} INFO - Processing /opt/airflow/dags/Load_Data.py took 3.565 seconds
[2025-05-06T00:19:34.794+0000] {processor.py:157} INFO - Started process (PID=24214) to work on /opt/airflow/dags/Load_Data.py
[2025-05-06T00:19:34.799+0000] {processor.py:829} INFO - Processing file /opt/airflow/dags/Load_Data.py for tasks to queue
[2025-05-06T00:19:34.801+0000] {logging_mixin.py:154} INFO - [2025-05-06T00:19:34.800+0000] {dagbag.py:536} INFO - Filling up the DagBag from /opt/airflow/dags/Load_Data.py
[2025-05-06T00:19:36.079+0000] {processor.py:839} INFO - DAG(s) dict_keys(['Load_Data']) retrieved from /opt/airflow/dags/Load_Data.py
[2025-05-06T00:19:36.126+0000] {logging_mixin.py:154} INFO - [2025-05-06T00:19:36.126+0000] {dag.py:2941} INFO - Sync 1 DAGs
[2025-05-06T00:19:36.181+0000] {logging_mixin.py:154} INFO - [2025-05-06T00:19:36.175+0000] {dag.py:3722} INFO - Setting next_dagrun for Load_Data to None, run_after=None
[2025-05-06T00:19:36.320+0000] {processor.py:179} INFO - Processing /opt/airflow/dags/Load_Data.py took 1.541 seconds
[2025-05-06T00:20:07.198+0000] {processor.py:157} INFO - Started process (PID=24231) to work on /opt/airflow/dags/Load_Data.py
[2025-05-06T00:20:07.201+0000] {processor.py:829} INFO - Processing file /opt/airflow/dags/Load_Data.py for tasks to queue
[2025-05-06T00:20:07.202+0000] {logging_mixin.py:154} INFO - [2025-05-06T00:20:07.202+0000] {dagbag.py:536} INFO - Filling up the DagBag from /opt/airflow/dags/Load_Data.py
[2025-05-06T00:20:08.874+0000] {processor.py:839} INFO - DAG(s) dict_keys(['Load_Data']) retrieved from /opt/airflow/dags/Load_Data.py
[2025-05-06T00:20:08.932+0000] {logging_mixin.py:154} INFO - [2025-05-06T00:20:08.930+0000] {dag.py:2941} INFO - Sync 1 DAGs
[2025-05-06T00:20:08.957+0000] {logging_mixin.py:154} INFO - [2025-05-06T00:20:08.957+0000] {dag.py:3722} INFO - Setting next_dagrun for Load_Data to None, run_after=None
[2025-05-06T00:20:08.996+0000] {processor.py:179} INFO - Processing /opt/airflow/dags/Load_Data.py took 1.828 seconds
[2025-05-06T00:20:39.779+0000] {processor.py:157} INFO - Started process (PID=24253) to work on /opt/airflow/dags/Load_Data.py
[2025-05-06T00:20:39.784+0000] {processor.py:829} INFO - Processing file /opt/airflow/dags/Load_Data.py for tasks to queue
[2025-05-06T00:20:39.786+0000] {logging_mixin.py:154} INFO - [2025-05-06T00:20:39.785+0000] {dagbag.py:536} INFO - Filling up the DagBag from /opt/airflow/dags/Load_Data.py
[2025-05-06T00:20:41.601+0000] {processor.py:839} INFO - DAG(s) dict_keys(['Load_Data']) retrieved from /opt/airflow/dags/Load_Data.py
[2025-05-06T00:20:41.687+0000] {logging_mixin.py:154} INFO - [2025-05-06T00:20:41.686+0000] {dag.py:2941} INFO - Sync 1 DAGs
[2025-05-06T00:20:41.725+0000] {logging_mixin.py:154} INFO - [2025-05-06T00:20:41.724+0000] {dag.py:3722} INFO - Setting next_dagrun for Load_Data to None, run_after=None
[2025-05-06T00:20:41.784+0000] {processor.py:179} INFO - Processing /opt/airflow/dags/Load_Data.py took 2.018 seconds
[2025-05-06T00:21:12.063+0000] {processor.py:157} INFO - Started process (PID=24270) to work on /opt/airflow/dags/Load_Data.py
[2025-05-06T00:21:12.068+0000] {processor.py:829} INFO - Processing file /opt/airflow/dags/Load_Data.py for tasks to queue
[2025-05-06T00:21:12.070+0000] {logging_mixin.py:154} INFO - [2025-05-06T00:21:12.069+0000] {dagbag.py:536} INFO - Filling up the DagBag from /opt/airflow/dags/Load_Data.py
[2025-05-06T00:21:13.739+0000] {processor.py:839} INFO - DAG(s) dict_keys(['Load_Data']) retrieved from /opt/airflow/dags/Load_Data.py
[2025-05-06T00:21:13.854+0000] {logging_mixin.py:154} INFO - [2025-05-06T00:21:13.848+0000] {dag.py:2941} INFO - Sync 1 DAGs
[2025-05-06T00:21:13.909+0000] {logging_mixin.py:154} INFO - [2025-05-06T00:21:13.908+0000] {dag.py:3722} INFO - Setting next_dagrun for Load_Data to None, run_after=None
[2025-05-06T00:21:14.033+0000] {processor.py:179} INFO - Processing /opt/airflow/dags/Load_Data.py took 1.984 seconds
[2025-05-06T00:21:44.299+0000] {processor.py:157} INFO - Started process (PID=24287) to work on /opt/airflow/dags/Load_Data.py
[2025-05-06T00:21:44.305+0000] {processor.py:829} INFO - Processing file /opt/airflow/dags/Load_Data.py for tasks to queue
[2025-05-06T00:21:44.309+0000] {logging_mixin.py:154} INFO - [2025-05-06T00:21:44.306+0000] {dagbag.py:536} INFO - Filling up the DagBag from /opt/airflow/dags/Load_Data.py
[2025-05-06T00:21:46.523+0000] {processor.py:839} INFO - DAG(s) dict_keys(['Load_Data']) retrieved from /opt/airflow/dags/Load_Data.py
[2025-05-06T00:21:46.605+0000] {logging_mixin.py:154} INFO - [2025-05-06T00:21:46.604+0000] {dag.py:2941} INFO - Sync 1 DAGs
[2025-05-06T00:21:46.648+0000] {logging_mixin.py:154} INFO - [2025-05-06T00:21:46.646+0000] {dag.py:3722} INFO - Setting next_dagrun for Load_Data to None, run_after=None
[2025-05-06T00:21:46.711+0000] {processor.py:179} INFO - Processing /opt/airflow/dags/Load_Data.py took 2.449 seconds
[2025-05-06T00:22:17.686+0000] {processor.py:157} INFO - Started process (PID=24308) to work on /opt/airflow/dags/Load_Data.py
[2025-05-06T00:22:17.709+0000] {processor.py:829} INFO - Processing file /opt/airflow/dags/Load_Data.py for tasks to queue
[2025-05-06T00:22:17.742+0000] {logging_mixin.py:154} INFO - [2025-05-06T00:22:17.710+0000] {dagbag.py:536} INFO - Filling up the DagBag from /opt/airflow/dags/Load_Data.py
[2025-05-06T00:22:20.002+0000] {processor.py:839} INFO - DAG(s) dict_keys(['Load_Data']) retrieved from /opt/airflow/dags/Load_Data.py
[2025-05-06T00:22:20.100+0000] {logging_mixin.py:154} INFO - [2025-05-06T00:22:20.099+0000] {dag.py:2941} INFO - Sync 1 DAGs
[2025-05-06T00:22:20.144+0000] {logging_mixin.py:154} INFO - [2025-05-06T00:22:20.138+0000] {dag.py:3722} INFO - Setting next_dagrun for Load_Data to None, run_after=None
[2025-05-06T00:22:20.240+0000] {processor.py:179} INFO - Processing /opt/airflow/dags/Load_Data.py took 2.596 seconds
[2025-05-06T00:22:51.404+0000] {processor.py:157} INFO - Started process (PID=24325) to work on /opt/airflow/dags/Load_Data.py
[2025-05-06T00:22:51.414+0000] {processor.py:829} INFO - Processing file /opt/airflow/dags/Load_Data.py for tasks to queue
[2025-05-06T00:22:51.418+0000] {logging_mixin.py:154} INFO - [2025-05-06T00:22:51.418+0000] {dagbag.py:536} INFO - Filling up the DagBag from /opt/airflow/dags/Load_Data.py
[2025-05-06T00:22:54.565+0000] {processor.py:839} INFO - DAG(s) dict_keys(['Load_Data']) retrieved from /opt/airflow/dags/Load_Data.py
[2025-05-06T00:22:54.672+0000] {logging_mixin.py:154} INFO - [2025-05-06T00:22:54.671+0000] {dag.py:2941} INFO - Sync 1 DAGs
[2025-05-06T00:22:54.710+0000] {logging_mixin.py:154} INFO - [2025-05-06T00:22:54.709+0000] {dag.py:3722} INFO - Setting next_dagrun for Load_Data to None, run_after=None
[2025-05-06T00:22:54.797+0000] {processor.py:179} INFO - Processing /opt/airflow/dags/Load_Data.py took 3.424 seconds
[2025-05-06T00:23:25.516+0000] {processor.py:157} INFO - Started process (PID=24342) to work on /opt/airflow/dags/Load_Data.py
[2025-05-06T00:23:25.520+0000] {processor.py:829} INFO - Processing file /opt/airflow/dags/Load_Data.py for tasks to queue
[2025-05-06T00:23:25.522+0000] {logging_mixin.py:154} INFO - [2025-05-06T00:23:25.521+0000] {dagbag.py:536} INFO - Filling up the DagBag from /opt/airflow/dags/Load_Data.py
[2025-05-06T00:23:27.458+0000] {processor.py:839} INFO - DAG(s) dict_keys(['Load_Data']) retrieved from /opt/airflow/dags/Load_Data.py
[2025-05-06T00:23:27.614+0000] {logging_mixin.py:154} INFO - [2025-05-06T00:23:27.614+0000] {dag.py:2941} INFO - Sync 1 DAGs
[2025-05-06T00:23:27.650+0000] {logging_mixin.py:154} INFO - [2025-05-06T00:23:27.650+0000] {dag.py:3722} INFO - Setting next_dagrun for Load_Data to None, run_after=None
[2025-05-06T00:23:27.732+0000] {processor.py:179} INFO - Processing /opt/airflow/dags/Load_Data.py took 2.229 seconds
[2025-05-06T00:23:58.234+0000] {processor.py:157} INFO - Started process (PID=24363) to work on /opt/airflow/dags/Load_Data.py
[2025-05-06T00:23:58.242+0000] {processor.py:829} INFO - Processing file /opt/airflow/dags/Load_Data.py for tasks to queue
[2025-05-06T00:23:58.249+0000] {logging_mixin.py:154} INFO - [2025-05-06T00:23:58.244+0000] {dagbag.py:536} INFO - Filling up the DagBag from /opt/airflow/dags/Load_Data.py
[2025-05-06T00:23:59.797+0000] {processor.py:839} INFO - DAG(s) dict_keys(['Load_Data']) retrieved from /opt/airflow/dags/Load_Data.py
[2025-05-06T00:23:59.887+0000] {logging_mixin.py:154} INFO - [2025-05-06T00:23:59.885+0000] {dag.py:2941} INFO - Sync 1 DAGs
[2025-05-06T00:23:59.961+0000] {logging_mixin.py:154} INFO - [2025-05-06T00:23:59.960+0000] {dag.py:3722} INFO - Setting next_dagrun for Load_Data to None, run_after=None
[2025-05-06T00:24:00.140+0000] {processor.py:179} INFO - Processing /opt/airflow/dags/Load_Data.py took 1.922 seconds
[2025-05-06T00:24:31.220+0000] {processor.py:157} INFO - Started process (PID=24384) to work on /opt/airflow/dags/Load_Data.py
[2025-05-06T00:24:31.234+0000] {processor.py:829} INFO - Processing file /opt/airflow/dags/Load_Data.py for tasks to queue
[2025-05-06T00:24:31.236+0000] {logging_mixin.py:154} INFO - [2025-05-06T00:24:31.235+0000] {dagbag.py:536} INFO - Filling up the DagBag from /opt/airflow/dags/Load_Data.py
[2025-05-06T00:24:32.445+0000] {processor.py:839} INFO - DAG(s) dict_keys(['Load_Data']) retrieved from /opt/airflow/dags/Load_Data.py
[2025-05-06T00:24:32.518+0000] {logging_mixin.py:154} INFO - [2025-05-06T00:24:32.517+0000] {dag.py:2941} INFO - Sync 1 DAGs
[2025-05-06T00:24:32.566+0000] {logging_mixin.py:154} INFO - [2025-05-06T00:24:32.565+0000] {dag.py:3722} INFO - Setting next_dagrun for Load_Data to None, run_after=None
[2025-05-06T00:24:32.682+0000] {processor.py:179} INFO - Processing /opt/airflow/dags/Load_Data.py took 1.488 seconds
[2025-05-06T00:25:10.212+0000] {processor.py:157} INFO - Started process (PID=24405) to work on /opt/airflow/dags/Load_Data.py
[2025-05-06T00:25:10.238+0000] {processor.py:829} INFO - Processing file /opt/airflow/dags/Load_Data.py for tasks to queue
[2025-05-06T00:25:10.240+0000] {logging_mixin.py:154} INFO - [2025-05-06T00:25:10.239+0000] {dagbag.py:536} INFO - Filling up the DagBag from /opt/airflow/dags/Load_Data.py
[2025-05-06T00:25:11.769+0000] {processor.py:839} INFO - DAG(s) dict_keys(['Load_Data']) retrieved from /opt/airflow/dags/Load_Data.py
[2025-05-06T00:25:11.857+0000] {logging_mixin.py:154} INFO - [2025-05-06T00:25:11.854+0000] {dag.py:2941} INFO - Sync 1 DAGs
[2025-05-06T00:25:11.953+0000] {logging_mixin.py:154} INFO - [2025-05-06T00:25:11.951+0000] {dag.py:3722} INFO - Setting next_dagrun for Load_Data to None, run_after=None
[2025-05-06T00:25:12.054+0000] {processor.py:179} INFO - Processing /opt/airflow/dags/Load_Data.py took 1.871 seconds
[2025-05-06T00:25:54.832+0000] {processor.py:157} INFO - Started process (PID=24428) to work on /opt/airflow/dags/Load_Data.py
[2025-05-06T00:25:54.855+0000] {processor.py:829} INFO - Processing file /opt/airflow/dags/Load_Data.py for tasks to queue
[2025-05-06T00:25:54.883+0000] {logging_mixin.py:154} INFO - [2025-05-06T00:25:54.875+0000] {dagbag.py:536} INFO - Filling up the DagBag from /opt/airflow/dags/Load_Data.py
[2025-05-06T00:25:58.857+0000] {processor.py:839} INFO - DAG(s) dict_keys(['Load_Data']) retrieved from /opt/airflow/dags/Load_Data.py
[2025-05-06T00:25:58.970+0000] {logging_mixin.py:154} INFO - [2025-05-06T00:25:58.969+0000] {dag.py:2941} INFO - Sync 1 DAGs
[2025-05-06T00:25:59.011+0000] {logging_mixin.py:154} INFO - [2025-05-06T00:25:59.011+0000] {dag.py:3722} INFO - Setting next_dagrun for Load_Data to None, run_after=None
[2025-05-06T00:25:59.080+0000] {processor.py:179} INFO - Processing /opt/airflow/dags/Load_Data.py took 4.378 seconds
[2025-05-06T00:26:29.494+0000] {processor.py:157} INFO - Started process (PID=24446) to work on /opt/airflow/dags/Load_Data.py
[2025-05-06T00:26:29.501+0000] {processor.py:829} INFO - Processing file /opt/airflow/dags/Load_Data.py for tasks to queue
[2025-05-06T00:26:29.503+0000] {logging_mixin.py:154} INFO - [2025-05-06T00:26:29.502+0000] {dagbag.py:536} INFO - Filling up the DagBag from /opt/airflow/dags/Load_Data.py
[2025-05-06T00:26:32.905+0000] {processor.py:839} INFO - DAG(s) dict_keys(['Load_Data']) retrieved from /opt/airflow/dags/Load_Data.py
[2025-05-06T00:26:33.058+0000] {logging_mixin.py:154} INFO - [2025-05-06T00:26:33.056+0000] {dag.py:2941} INFO - Sync 1 DAGs
[2025-05-06T00:26:33.156+0000] {logging_mixin.py:154} INFO - [2025-05-06T00:26:33.146+0000] {dag.py:3722} INFO - Setting next_dagrun for Load_Data to None, run_after=None
[2025-05-06T00:26:33.352+0000] {processor.py:179} INFO - Processing /opt/airflow/dags/Load_Data.py took 3.878 seconds
[2025-05-06T00:27:04.120+0000] {processor.py:157} INFO - Started process (PID=24459) to work on /opt/airflow/dags/Load_Data.py
[2025-05-06T00:27:04.138+0000] {processor.py:829} INFO - Processing file /opt/airflow/dags/Load_Data.py for tasks to queue
[2025-05-06T00:27:04.164+0000] {logging_mixin.py:154} INFO - [2025-05-06T00:27:04.163+0000] {dagbag.py:536} INFO - Filling up the DagBag from /opt/airflow/dags/Load_Data.py
[2025-05-06T00:27:05.832+0000] {processor.py:839} INFO - DAG(s) dict_keys(['Load_Data']) retrieved from /opt/airflow/dags/Load_Data.py
[2025-05-06T00:27:05.915+0000] {logging_mixin.py:154} INFO - [2025-05-06T00:27:05.912+0000] {dag.py:2941} INFO - Sync 1 DAGs
[2025-05-06T00:27:05.967+0000] {logging_mixin.py:154} INFO - [2025-05-06T00:27:05.967+0000] {dag.py:3722} INFO - Setting next_dagrun for Load_Data to None, run_after=None
[2025-05-06T00:27:06.060+0000] {processor.py:179} INFO - Processing /opt/airflow/dags/Load_Data.py took 2.030 seconds
[2025-05-06T00:27:36.820+0000] {processor.py:157} INFO - Started process (PID=24476) to work on /opt/airflow/dags/Load_Data.py
[2025-05-06T00:27:36.824+0000] {processor.py:829} INFO - Processing file /opt/airflow/dags/Load_Data.py for tasks to queue
[2025-05-06T00:27:36.825+0000] {logging_mixin.py:154} INFO - [2025-05-06T00:27:36.825+0000] {dagbag.py:536} INFO - Filling up the DagBag from /opt/airflow/dags/Load_Data.py
[2025-05-06T00:27:38.134+0000] {processor.py:839} INFO - DAG(s) dict_keys(['Load_Data']) retrieved from /opt/airflow/dags/Load_Data.py
[2025-05-06T00:27:38.323+0000] {logging_mixin.py:154} INFO - [2025-05-06T00:27:38.322+0000] {dag.py:2941} INFO - Sync 1 DAGs
[2025-05-06T00:27:38.395+0000] {logging_mixin.py:154} INFO - [2025-05-06T00:27:38.394+0000] {dag.py:3722} INFO - Setting next_dagrun for Load_Data to None, run_after=None
[2025-05-06T00:27:38.531+0000] {processor.py:179} INFO - Processing /opt/airflow/dags/Load_Data.py took 1.726 seconds
[2025-05-06T00:28:08.775+0000] {processor.py:157} INFO - Started process (PID=24497) to work on /opt/airflow/dags/Load_Data.py
[2025-05-06T00:28:08.778+0000] {processor.py:829} INFO - Processing file /opt/airflow/dags/Load_Data.py for tasks to queue
[2025-05-06T00:28:08.782+0000] {logging_mixin.py:154} INFO - [2025-05-06T00:28:08.781+0000] {dagbag.py:536} INFO - Filling up the DagBag from /opt/airflow/dags/Load_Data.py
[2025-05-06T00:28:09.746+0000] {processor.py:839} INFO - DAG(s) dict_keys(['Load_Data']) retrieved from /opt/airflow/dags/Load_Data.py
[2025-05-06T00:28:09.801+0000] {logging_mixin.py:154} INFO - [2025-05-06T00:28:09.800+0000] {dag.py:2941} INFO - Sync 1 DAGs
[2025-05-06T00:28:09.826+0000] {logging_mixin.py:154} INFO - [2025-05-06T00:28:09.825+0000] {dag.py:3722} INFO - Setting next_dagrun for Load_Data to None, run_after=None
[2025-05-06T00:28:09.866+0000] {processor.py:179} INFO - Processing /opt/airflow/dags/Load_Data.py took 1.101 seconds
[2025-05-06T00:28:40.202+0000] {processor.py:157} INFO - Started process (PID=24518) to work on /opt/airflow/dags/Load_Data.py
[2025-05-06T00:28:40.206+0000] {processor.py:829} INFO - Processing file /opt/airflow/dags/Load_Data.py for tasks to queue
[2025-05-06T00:28:40.208+0000] {logging_mixin.py:154} INFO - [2025-05-06T00:28:40.207+0000] {dagbag.py:536} INFO - Filling up the DagBag from /opt/airflow/dags/Load_Data.py
[2025-05-06T00:28:41.235+0000] {processor.py:839} INFO - DAG(s) dict_keys(['Load_Data']) retrieved from /opt/airflow/dags/Load_Data.py
[2025-05-06T00:28:41.316+0000] {logging_mixin.py:154} INFO - [2025-05-06T00:28:41.315+0000] {dag.py:2941} INFO - Sync 1 DAGs
[2025-05-06T00:28:41.350+0000] {logging_mixin.py:154} INFO - [2025-05-06T00:28:41.349+0000] {dag.py:3722} INFO - Setting next_dagrun for Load_Data to None, run_after=None
[2025-05-06T00:28:41.403+0000] {processor.py:179} INFO - Processing /opt/airflow/dags/Load_Data.py took 1.220 seconds
[2025-05-06T00:29:12.193+0000] {processor.py:157} INFO - Started process (PID=24539) to work on /opt/airflow/dags/Load_Data.py
[2025-05-06T00:29:12.198+0000] {processor.py:829} INFO - Processing file /opt/airflow/dags/Load_Data.py for tasks to queue
[2025-05-06T00:29:12.202+0000] {logging_mixin.py:154} INFO - [2025-05-06T00:29:12.199+0000] {dagbag.py:536} INFO - Filling up the DagBag from /opt/airflow/dags/Load_Data.py
[2025-05-06T00:29:13.161+0000] {processor.py:839} INFO - DAG(s) dict_keys(['Load_Data']) retrieved from /opt/airflow/dags/Load_Data.py
[2025-05-06T00:29:13.211+0000] {logging_mixin.py:154} INFO - [2025-05-06T00:29:13.210+0000] {dag.py:2941} INFO - Sync 1 DAGs
[2025-05-06T00:29:13.236+0000] {logging_mixin.py:154} INFO - [2025-05-06T00:29:13.235+0000] {dag.py:3722} INFO - Setting next_dagrun for Load_Data to None, run_after=None
[2025-05-06T00:29:13.283+0000] {processor.py:179} INFO - Processing /opt/airflow/dags/Load_Data.py took 1.103 seconds
[2025-05-06T00:29:43.886+0000] {processor.py:157} INFO - Started process (PID=24560) to work on /opt/airflow/dags/Load_Data.py
[2025-05-06T00:29:43.889+0000] {processor.py:829} INFO - Processing file /opt/airflow/dags/Load_Data.py for tasks to queue
[2025-05-06T00:29:43.893+0000] {logging_mixin.py:154} INFO - [2025-05-06T00:29:43.892+0000] {dagbag.py:536} INFO - Filling up the DagBag from /opt/airflow/dags/Load_Data.py
[2025-05-06T00:29:45.107+0000] {processor.py:839} INFO - DAG(s) dict_keys(['Load_Data']) retrieved from /opt/airflow/dags/Load_Data.py
[2025-05-06T00:29:45.163+0000] {logging_mixin.py:154} INFO - [2025-05-06T00:29:45.160+0000] {dag.py:2941} INFO - Sync 1 DAGs
[2025-05-06T00:29:45.189+0000] {logging_mixin.py:154} INFO - [2025-05-06T00:29:45.188+0000] {dag.py:3722} INFO - Setting next_dagrun for Load_Data to None, run_after=None
[2025-05-06T00:29:45.220+0000] {processor.py:179} INFO - Processing /opt/airflow/dags/Load_Data.py took 1.348 seconds
[2025-05-06T00:30:15.792+0000] {processor.py:157} INFO - Started process (PID=24577) to work on /opt/airflow/dags/Load_Data.py
[2025-05-06T00:30:15.795+0000] {processor.py:829} INFO - Processing file /opt/airflow/dags/Load_Data.py for tasks to queue
[2025-05-06T00:30:15.797+0000] {logging_mixin.py:154} INFO - [2025-05-06T00:30:15.796+0000] {dagbag.py:536} INFO - Filling up the DagBag from /opt/airflow/dags/Load_Data.py
[2025-05-06T00:30:17.294+0000] {processor.py:839} INFO - DAG(s) dict_keys(['Load_Data']) retrieved from /opt/airflow/dags/Load_Data.py
[2025-05-06T00:30:17.414+0000] {logging_mixin.py:154} INFO - [2025-05-06T00:30:17.413+0000] {dag.py:2941} INFO - Sync 1 DAGs
[2025-05-06T00:30:17.450+0000] {logging_mixin.py:154} INFO - [2025-05-06T00:30:17.450+0000] {dag.py:3722} INFO - Setting next_dagrun for Load_Data to None, run_after=None
[2025-05-06T00:30:17.551+0000] {processor.py:179} INFO - Processing /opt/airflow/dags/Load_Data.py took 1.767 seconds
[2025-05-06T00:30:48.294+0000] {processor.py:157} INFO - Started process (PID=24594) to work on /opt/airflow/dags/Load_Data.py
[2025-05-06T00:30:48.297+0000] {processor.py:829} INFO - Processing file /opt/airflow/dags/Load_Data.py for tasks to queue
[2025-05-06T00:30:48.298+0000] {logging_mixin.py:154} INFO - [2025-05-06T00:30:48.298+0000] {dagbag.py:536} INFO - Filling up the DagBag from /opt/airflow/dags/Load_Data.py
[2025-05-06T00:30:49.237+0000] {processor.py:839} INFO - DAG(s) dict_keys(['Load_Data']) retrieved from /opt/airflow/dags/Load_Data.py
[2025-05-06T00:30:49.315+0000] {logging_mixin.py:154} INFO - [2025-05-06T00:30:49.314+0000] {dag.py:2941} INFO - Sync 1 DAGs
[2025-05-06T00:30:49.341+0000] {logging_mixin.py:154} INFO - [2025-05-06T00:30:49.341+0000] {dag.py:3722} INFO - Setting next_dagrun for Load_Data to None, run_after=None
[2025-05-06T00:30:49.404+0000] {processor.py:179} INFO - Processing /opt/airflow/dags/Load_Data.py took 1.123 seconds
[2025-05-06T00:31:19.851+0000] {processor.py:157} INFO - Started process (PID=24615) to work on /opt/airflow/dags/Load_Data.py
[2025-05-06T00:31:19.854+0000] {processor.py:829} INFO - Processing file /opt/airflow/dags/Load_Data.py for tasks to queue
[2025-05-06T00:31:19.857+0000] {logging_mixin.py:154} INFO - [2025-05-06T00:31:19.855+0000] {dagbag.py:536} INFO - Filling up the DagBag from /opt/airflow/dags/Load_Data.py
[2025-05-06T00:31:20.776+0000] {processor.py:839} INFO - DAG(s) dict_keys(['Load_Data']) retrieved from /opt/airflow/dags/Load_Data.py
[2025-05-06T00:31:20.814+0000] {logging_mixin.py:154} INFO - [2025-05-06T00:31:20.813+0000] {dag.py:2941} INFO - Sync 1 DAGs
[2025-05-06T00:31:20.834+0000] {logging_mixin.py:154} INFO - [2025-05-06T00:31:20.834+0000] {dag.py:3722} INFO - Setting next_dagrun for Load_Data to None, run_after=None
[2025-05-06T00:31:20.862+0000] {processor.py:179} INFO - Processing /opt/airflow/dags/Load_Data.py took 1.021 seconds
[2025-05-06T00:31:51.581+0000] {processor.py:157} INFO - Started process (PID=24633) to work on /opt/airflow/dags/Load_Data.py
[2025-05-06T00:31:51.596+0000] {processor.py:829} INFO - Processing file /opt/airflow/dags/Load_Data.py for tasks to queue
[2025-05-06T00:31:51.599+0000] {logging_mixin.py:154} INFO - [2025-05-06T00:31:51.598+0000] {dagbag.py:536} INFO - Filling up the DagBag from /opt/airflow/dags/Load_Data.py
[2025-05-06T00:31:52.944+0000] {processor.py:839} INFO - DAG(s) dict_keys(['Load_Data']) retrieved from /opt/airflow/dags/Load_Data.py
[2025-05-06T00:31:52.979+0000] {logging_mixin.py:154} INFO - [2025-05-06T00:31:52.978+0000] {dag.py:2941} INFO - Sync 1 DAGs
[2025-05-06T00:31:52.999+0000] {logging_mixin.py:154} INFO - [2025-05-06T00:31:52.998+0000] {dag.py:3722} INFO - Setting next_dagrun for Load_Data to None, run_after=None
[2025-05-06T00:31:53.030+0000] {processor.py:179} INFO - Processing /opt/airflow/dags/Load_Data.py took 1.480 seconds
[2025-05-06T00:32:23.298+0000] {processor.py:157} INFO - Started process (PID=24651) to work on /opt/airflow/dags/Load_Data.py
[2025-05-06T00:32:23.303+0000] {processor.py:829} INFO - Processing file /opt/airflow/dags/Load_Data.py for tasks to queue
[2025-05-06T00:32:23.305+0000] {logging_mixin.py:154} INFO - [2025-05-06T00:32:23.304+0000] {dagbag.py:536} INFO - Filling up the DagBag from /opt/airflow/dags/Load_Data.py
[2025-05-06T00:32:24.962+0000] {processor.py:839} INFO - DAG(s) dict_keys(['Load_Data']) retrieved from /opt/airflow/dags/Load_Data.py
[2025-05-06T00:32:25.172+0000] {logging_mixin.py:154} INFO - [2025-05-06T00:32:25.171+0000] {dag.py:2941} INFO - Sync 1 DAGs
[2025-05-06T00:32:25.227+0000] {logging_mixin.py:154} INFO - [2025-05-06T00:32:25.226+0000] {dag.py:3722} INFO - Setting next_dagrun for Load_Data to None, run_after=None
[2025-05-06T00:32:25.292+0000] {processor.py:179} INFO - Processing /opt/airflow/dags/Load_Data.py took 2.017 seconds
[2025-05-06T00:32:56.352+0000] {processor.py:157} INFO - Started process (PID=24670) to work on /opt/airflow/dags/Load_Data.py
[2025-05-06T00:32:56.355+0000] {processor.py:829} INFO - Processing file /opt/airflow/dags/Load_Data.py for tasks to queue
[2025-05-06T00:32:56.357+0000] {logging_mixin.py:154} INFO - [2025-05-06T00:32:56.356+0000] {dagbag.py:536} INFO - Filling up the DagBag from /opt/airflow/dags/Load_Data.py
[2025-05-06T00:32:57.384+0000] {processor.py:839} INFO - DAG(s) dict_keys(['Load_Data']) retrieved from /opt/airflow/dags/Load_Data.py
[2025-05-06T00:32:57.430+0000] {logging_mixin.py:154} INFO - [2025-05-06T00:32:57.429+0000] {dag.py:2941} INFO - Sync 1 DAGs
[2025-05-06T00:32:57.451+0000] {logging_mixin.py:154} INFO - [2025-05-06T00:32:57.451+0000] {dag.py:3722} INFO - Setting next_dagrun for Load_Data to None, run_after=None
[2025-05-06T00:32:57.500+0000] {processor.py:179} INFO - Processing /opt/airflow/dags/Load_Data.py took 1.162 seconds
[2025-05-06T00:33:28.005+0000] {processor.py:157} INFO - Started process (PID=24691) to work on /opt/airflow/dags/Load_Data.py
[2025-05-06T00:33:28.010+0000] {processor.py:829} INFO - Processing file /opt/airflow/dags/Load_Data.py for tasks to queue
[2025-05-06T00:33:28.012+0000] {logging_mixin.py:154} INFO - [2025-05-06T00:33:28.012+0000] {dagbag.py:536} INFO - Filling up the DagBag from /opt/airflow/dags/Load_Data.py
[2025-05-06T00:33:29.004+0000] {processor.py:839} INFO - DAG(s) dict_keys(['Load_Data']) retrieved from /opt/airflow/dags/Load_Data.py
[2025-05-06T00:33:29.041+0000] {logging_mixin.py:154} INFO - [2025-05-06T00:33:29.040+0000] {dag.py:2941} INFO - Sync 1 DAGs
[2025-05-06T00:33:29.060+0000] {logging_mixin.py:154} INFO - [2025-05-06T00:33:29.060+0000] {dag.py:3722} INFO - Setting next_dagrun for Load_Data to None, run_after=None
[2025-05-06T00:33:29.096+0000] {processor.py:179} INFO - Processing /opt/airflow/dags/Load_Data.py took 1.104 seconds
[2025-05-06T00:33:59.207+0000] {processor.py:157} INFO - Started process (PID=24712) to work on /opt/airflow/dags/Load_Data.py
[2025-05-06T00:33:59.212+0000] {processor.py:829} INFO - Processing file /opt/airflow/dags/Load_Data.py for tasks to queue
[2025-05-06T00:33:59.214+0000] {logging_mixin.py:154} INFO - [2025-05-06T00:33:59.213+0000] {dagbag.py:536} INFO - Filling up the DagBag from /opt/airflow/dags/Load_Data.py
[2025-05-06T00:34:00.140+0000] {processor.py:839} INFO - DAG(s) dict_keys(['Load_Data']) retrieved from /opt/airflow/dags/Load_Data.py
[2025-05-06T00:34:00.178+0000] {logging_mixin.py:154} INFO - [2025-05-06T00:34:00.177+0000] {dag.py:2941} INFO - Sync 1 DAGs
[2025-05-06T00:34:00.196+0000] {logging_mixin.py:154} INFO - [2025-05-06T00:34:00.196+0000] {dag.py:3722} INFO - Setting next_dagrun for Load_Data to None, run_after=None
[2025-05-06T00:34:00.225+0000] {processor.py:179} INFO - Processing /opt/airflow/dags/Load_Data.py took 1.028 seconds
[2025-05-06T00:34:30.581+0000] {processor.py:157} INFO - Started process (PID=24730) to work on /opt/airflow/dags/Load_Data.py
[2025-05-06T00:34:30.587+0000] {processor.py:829} INFO - Processing file /opt/airflow/dags/Load_Data.py for tasks to queue
[2025-05-06T00:34:30.590+0000] {logging_mixin.py:154} INFO - [2025-05-06T00:34:30.589+0000] {dagbag.py:536} INFO - Filling up the DagBag from /opt/airflow/dags/Load_Data.py
[2025-05-06T00:34:31.882+0000] {processor.py:839} INFO - DAG(s) dict_keys(['Load_Data']) retrieved from /opt/airflow/dags/Load_Data.py
[2025-05-06T00:34:31.943+0000] {logging_mixin.py:154} INFO - [2025-05-06T00:34:31.942+0000] {dag.py:2941} INFO - Sync 1 DAGs
[2025-05-06T00:34:31.970+0000] {logging_mixin.py:154} INFO - [2025-05-06T00:34:31.970+0000] {dag.py:3722} INFO - Setting next_dagrun for Load_Data to None, run_after=None
[2025-05-06T00:34:32.034+0000] {processor.py:179} INFO - Processing /opt/airflow/dags/Load_Data.py took 1.487 seconds
[2025-05-06T00:35:02.723+0000] {processor.py:157} INFO - Started process (PID=24746) to work on /opt/airflow/dags/Load_Data.py
[2025-05-06T00:35:02.730+0000] {processor.py:829} INFO - Processing file /opt/airflow/dags/Load_Data.py for tasks to queue
[2025-05-06T00:35:02.732+0000] {logging_mixin.py:154} INFO - [2025-05-06T00:35:02.731+0000] {dagbag.py:536} INFO - Filling up the DagBag from /opt/airflow/dags/Load_Data.py
[2025-05-06T00:35:04.327+0000] {processor.py:839} INFO - DAG(s) dict_keys(['Load_Data']) retrieved from /opt/airflow/dags/Load_Data.py
[2025-05-06T00:35:04.508+0000] {logging_mixin.py:154} INFO - [2025-05-06T00:35:04.507+0000] {dag.py:2941} INFO - Sync 1 DAGs
[2025-05-06T00:35:04.564+0000] {logging_mixin.py:154} INFO - [2025-05-06T00:35:04.559+0000] {dag.py:3722} INFO - Setting next_dagrun for Load_Data to None, run_after=None
[2025-05-06T00:35:04.735+0000] {processor.py:179} INFO - Processing /opt/airflow/dags/Load_Data.py took 2.022 seconds
[2025-05-06T00:35:35.076+0000] {processor.py:157} INFO - Started process (PID=24767) to work on /opt/airflow/dags/Load_Data.py
[2025-05-06T00:35:35.078+0000] {processor.py:829} INFO - Processing file /opt/airflow/dags/Load_Data.py for tasks to queue
[2025-05-06T00:35:35.084+0000] {logging_mixin.py:154} INFO - [2025-05-06T00:35:35.083+0000] {dagbag.py:536} INFO - Filling up the DagBag from /opt/airflow/dags/Load_Data.py
[2025-05-06T00:35:36.105+0000] {processor.py:839} INFO - DAG(s) dict_keys(['Load_Data']) retrieved from /opt/airflow/dags/Load_Data.py
[2025-05-06T00:35:36.163+0000] {logging_mixin.py:154} INFO - [2025-05-06T00:35:36.163+0000] {dag.py:2941} INFO - Sync 1 DAGs
[2025-05-06T00:35:36.199+0000] {logging_mixin.py:154} INFO - [2025-05-06T00:35:36.199+0000] {dag.py:3722} INFO - Setting next_dagrun for Load_Data to None, run_after=None
[2025-05-06T00:35:36.252+0000] {processor.py:179} INFO - Processing /opt/airflow/dags/Load_Data.py took 1.187 seconds
[2025-05-06T00:36:06.571+0000] {processor.py:157} INFO - Started process (PID=24788) to work on /opt/airflow/dags/Load_Data.py
[2025-05-06T00:36:06.574+0000] {processor.py:829} INFO - Processing file /opt/airflow/dags/Load_Data.py for tasks to queue
[2025-05-06T00:36:06.578+0000] {logging_mixin.py:154} INFO - [2025-05-06T00:36:06.575+0000] {dagbag.py:536} INFO - Filling up the DagBag from /opt/airflow/dags/Load_Data.py
[2025-05-06T00:36:07.515+0000] {processor.py:839} INFO - DAG(s) dict_keys(['Load_Data']) retrieved from /opt/airflow/dags/Load_Data.py
[2025-05-06T00:36:07.576+0000] {logging_mixin.py:154} INFO - [2025-05-06T00:36:07.575+0000] {dag.py:2941} INFO - Sync 1 DAGs
[2025-05-06T00:36:07.607+0000] {logging_mixin.py:154} INFO - [2025-05-06T00:36:07.606+0000] {dag.py:3722} INFO - Setting next_dagrun for Load_Data to None, run_after=None
[2025-05-06T00:36:07.656+0000] {processor.py:179} INFO - Processing /opt/airflow/dags/Load_Data.py took 1.109 seconds
[2025-05-06T00:36:38.181+0000] {processor.py:157} INFO - Started process (PID=24809) to work on /opt/airflow/dags/Load_Data.py
[2025-05-06T00:36:38.186+0000] {processor.py:829} INFO - Processing file /opt/airflow/dags/Load_Data.py for tasks to queue
[2025-05-06T00:36:38.189+0000] {logging_mixin.py:154} INFO - [2025-05-06T00:36:38.187+0000] {dagbag.py:536} INFO - Filling up the DagBag from /opt/airflow/dags/Load_Data.py
[2025-05-06T00:36:39.266+0000] {processor.py:839} INFO - DAG(s) dict_keys(['Load_Data']) retrieved from /opt/airflow/dags/Load_Data.py
[2025-05-06T00:36:39.320+0000] {logging_mixin.py:154} INFO - [2025-05-06T00:36:39.319+0000] {dag.py:2941} INFO - Sync 1 DAGs
[2025-05-06T00:36:39.341+0000] {logging_mixin.py:154} INFO - [2025-05-06T00:36:39.341+0000] {dag.py:3722} INFO - Setting next_dagrun for Load_Data to None, run_after=None
[2025-05-06T00:36:39.378+0000] {processor.py:179} INFO - Processing /opt/airflow/dags/Load_Data.py took 1.216 seconds
[2025-05-06T00:37:09.753+0000] {processor.py:157} INFO - Started process (PID=24830) to work on /opt/airflow/dags/Load_Data.py
[2025-05-06T00:37:09.756+0000] {processor.py:829} INFO - Processing file /opt/airflow/dags/Load_Data.py for tasks to queue
[2025-05-06T00:37:09.758+0000] {logging_mixin.py:154} INFO - [2025-05-06T00:37:09.757+0000] {dagbag.py:536} INFO - Filling up the DagBag from /opt/airflow/dags/Load_Data.py
[2025-05-06T00:37:10.595+0000] {processor.py:839} INFO - DAG(s) dict_keys(['Load_Data']) retrieved from /opt/airflow/dags/Load_Data.py
[2025-05-06T00:37:10.633+0000] {logging_mixin.py:154} INFO - [2025-05-06T00:37:10.632+0000] {dag.py:2941} INFO - Sync 1 DAGs
[2025-05-06T00:37:10.652+0000] {logging_mixin.py:154} INFO - [2025-05-06T00:37:10.650+0000] {dag.py:3722} INFO - Setting next_dagrun for Load_Data to None, run_after=None
[2025-05-06T00:37:10.685+0000] {processor.py:179} INFO - Processing /opt/airflow/dags/Load_Data.py took 0.942 seconds
[2025-05-06T00:37:41.474+0000] {processor.py:157} INFO - Started process (PID=24851) to work on /opt/airflow/dags/Load_Data.py
[2025-05-06T00:37:41.477+0000] {processor.py:829} INFO - Processing file /opt/airflow/dags/Load_Data.py for tasks to queue
[2025-05-06T00:37:41.479+0000] {logging_mixin.py:154} INFO - [2025-05-06T00:37:41.478+0000] {dagbag.py:536} INFO - Filling up the DagBag from /opt/airflow/dags/Load_Data.py
[2025-05-06T00:37:42.407+0000] {processor.py:839} INFO - DAG(s) dict_keys(['Load_Data']) retrieved from /opt/airflow/dags/Load_Data.py
[2025-05-06T00:37:42.440+0000] {logging_mixin.py:154} INFO - [2025-05-06T00:37:42.440+0000] {dag.py:2941} INFO - Sync 1 DAGs
[2025-05-06T00:37:42.458+0000] {logging_mixin.py:154} INFO - [2025-05-06T00:37:42.457+0000] {dag.py:3722} INFO - Setting next_dagrun for Load_Data to None, run_after=None
[2025-05-06T00:37:42.495+0000] {processor.py:179} INFO - Processing /opt/airflow/dags/Load_Data.py took 1.039 seconds
[2025-05-06T00:38:13.116+0000] {processor.py:157} INFO - Started process (PID=24868) to work on /opt/airflow/dags/Load_Data.py
[2025-05-06T00:38:13.119+0000] {processor.py:829} INFO - Processing file /opt/airflow/dags/Load_Data.py for tasks to queue
[2025-05-06T00:38:13.120+0000] {logging_mixin.py:154} INFO - [2025-05-06T00:38:13.120+0000] {dagbag.py:536} INFO - Filling up the DagBag from /opt/airflow/dags/Load_Data.py
[2025-05-06T00:38:14.230+0000] {processor.py:839} INFO - DAG(s) dict_keys(['Load_Data']) retrieved from /opt/airflow/dags/Load_Data.py
[2025-05-06T00:38:14.278+0000] {logging_mixin.py:154} INFO - [2025-05-06T00:38:14.276+0000] {dag.py:2941} INFO - Sync 1 DAGs
[2025-05-06T00:38:14.310+0000] {logging_mixin.py:154} INFO - [2025-05-06T00:38:14.310+0000] {dag.py:3722} INFO - Setting next_dagrun for Load_Data to None, run_after=None
[2025-05-06T00:38:14.358+0000] {processor.py:179} INFO - Processing /opt/airflow/dags/Load_Data.py took 1.253 seconds
[2025-05-06T00:38:45.111+0000] {processor.py:157} INFO - Started process (PID=24885) to work on /opt/airflow/dags/Load_Data.py
[2025-05-06T00:38:45.113+0000] {processor.py:829} INFO - Processing file /opt/airflow/dags/Load_Data.py for tasks to queue
[2025-05-06T00:38:45.115+0000] {logging_mixin.py:154} INFO - [2025-05-06T00:38:45.114+0000] {dagbag.py:536} INFO - Filling up the DagBag from /opt/airflow/dags/Load_Data.py
[2025-05-06T00:38:45.942+0000] {processor.py:839} INFO - DAG(s) dict_keys(['Load_Data']) retrieved from /opt/airflow/dags/Load_Data.py
[2025-05-06T00:38:46.006+0000] {logging_mixin.py:154} INFO - [2025-05-06T00:38:46.006+0000] {dag.py:2941} INFO - Sync 1 DAGs
[2025-05-06T00:38:46.031+0000] {logging_mixin.py:154} INFO - [2025-05-06T00:38:46.031+0000] {dag.py:3722} INFO - Setting next_dagrun for Load_Data to None, run_after=None
[2025-05-06T00:38:46.057+0000] {processor.py:179} INFO - Processing /opt/airflow/dags/Load_Data.py took 0.956 seconds
[2025-05-06T00:39:16.563+0000] {processor.py:157} INFO - Started process (PID=24906) to work on /opt/airflow/dags/Load_Data.py
[2025-05-06T00:39:16.566+0000] {processor.py:829} INFO - Processing file /opt/airflow/dags/Load_Data.py for tasks to queue
[2025-05-06T00:39:16.567+0000] {logging_mixin.py:154} INFO - [2025-05-06T00:39:16.567+0000] {dagbag.py:536} INFO - Filling up the DagBag from /opt/airflow/dags/Load_Data.py
[2025-05-06T00:39:17.446+0000] {processor.py:839} INFO - DAG(s) dict_keys(['Load_Data']) retrieved from /opt/airflow/dags/Load_Data.py
[2025-05-06T00:39:17.502+0000] {logging_mixin.py:154} INFO - [2025-05-06T00:39:17.501+0000] {dag.py:2941} INFO - Sync 1 DAGs
[2025-05-06T00:39:17.540+0000] {logging_mixin.py:154} INFO - [2025-05-06T00:39:17.540+0000] {dag.py:3722} INFO - Setting next_dagrun for Load_Data to None, run_after=None
[2025-05-06T00:39:17.597+0000] {processor.py:179} INFO - Processing /opt/airflow/dags/Load_Data.py took 1.047 seconds
[2025-05-06T00:39:48.062+0000] {processor.py:157} INFO - Started process (PID=24923) to work on /opt/airflow/dags/Load_Data.py
[2025-05-06T00:39:48.071+0000] {processor.py:829} INFO - Processing file /opt/airflow/dags/Load_Data.py for tasks to queue
[2025-05-06T00:39:48.083+0000] {logging_mixin.py:154} INFO - [2025-05-06T00:39:48.078+0000] {dagbag.py:536} INFO - Filling up the DagBag from /opt/airflow/dags/Load_Data.py
[2025-05-06T00:39:49.119+0000] {processor.py:839} INFO - DAG(s) dict_keys(['Load_Data']) retrieved from /opt/airflow/dags/Load_Data.py
[2025-05-06T00:39:49.154+0000] {logging_mixin.py:154} INFO - [2025-05-06T00:39:49.153+0000] {dag.py:2941} INFO - Sync 1 DAGs
[2025-05-06T00:39:49.172+0000] {logging_mixin.py:154} INFO - [2025-05-06T00:39:49.172+0000] {dag.py:3722} INFO - Setting next_dagrun for Load_Data to None, run_after=None
[2025-05-06T00:39:49.204+0000] {processor.py:179} INFO - Processing /opt/airflow/dags/Load_Data.py took 1.171 seconds
[2025-05-06T00:40:20.157+0000] {processor.py:157} INFO - Started process (PID=24940) to work on /opt/airflow/dags/Load_Data.py
[2025-05-06T00:40:20.160+0000] {processor.py:829} INFO - Processing file /opt/airflow/dags/Load_Data.py for tasks to queue
[2025-05-06T00:40:20.162+0000] {logging_mixin.py:154} INFO - [2025-05-06T00:40:20.161+0000] {dagbag.py:536} INFO - Filling up the DagBag from /opt/airflow/dags/Load_Data.py
[2025-05-06T00:40:20.990+0000] {processor.py:839} INFO - DAG(s) dict_keys(['Load_Data']) retrieved from /opt/airflow/dags/Load_Data.py
[2025-05-06T00:40:21.022+0000] {logging_mixin.py:154} INFO - [2025-05-06T00:40:21.022+0000] {dag.py:2941} INFO - Sync 1 DAGs
[2025-05-06T00:40:21.049+0000] {logging_mixin.py:154} INFO - [2025-05-06T00:40:21.048+0000] {dag.py:3722} INFO - Setting next_dagrun for Load_Data to None, run_after=None
[2025-05-06T00:40:21.101+0000] {processor.py:179} INFO - Processing /opt/airflow/dags/Load_Data.py took 0.956 seconds
[2025-05-06T00:40:51.601+0000] {processor.py:157} INFO - Started process (PID=24961) to work on /opt/airflow/dags/Load_Data.py
[2025-05-06T00:40:51.604+0000] {processor.py:829} INFO - Processing file /opt/airflow/dags/Load_Data.py for tasks to queue
[2025-05-06T00:40:51.605+0000] {logging_mixin.py:154} INFO - [2025-05-06T00:40:51.605+0000] {dagbag.py:536} INFO - Filling up the DagBag from /opt/airflow/dags/Load_Data.py
[2025-05-06T00:40:52.484+0000] {processor.py:839} INFO - DAG(s) dict_keys(['Load_Data']) retrieved from /opt/airflow/dags/Load_Data.py
[2025-05-06T00:40:52.519+0000] {logging_mixin.py:154} INFO - [2025-05-06T00:40:52.518+0000] {dag.py:2941} INFO - Sync 1 DAGs
[2025-05-06T00:40:52.536+0000] {logging_mixin.py:154} INFO - [2025-05-06T00:40:52.535+0000] {dag.py:3722} INFO - Setting next_dagrun for Load_Data to None, run_after=None
[2025-05-06T00:40:52.563+0000] {processor.py:179} INFO - Processing /opt/airflow/dags/Load_Data.py took 0.973 seconds
[2025-05-06T00:41:23.405+0000] {processor.py:157} INFO - Started process (PID=24982) to work on /opt/airflow/dags/Load_Data.py
[2025-05-06T00:41:23.409+0000] {processor.py:829} INFO - Processing file /opt/airflow/dags/Load_Data.py for tasks to queue
[2025-05-06T00:41:23.411+0000] {logging_mixin.py:154} INFO - [2025-05-06T00:41:23.411+0000] {dagbag.py:536} INFO - Filling up the DagBag from /opt/airflow/dags/Load_Data.py
[2025-05-06T00:41:24.309+0000] {processor.py:839} INFO - DAG(s) dict_keys(['Load_Data']) retrieved from /opt/airflow/dags/Load_Data.py
[2025-05-06T00:41:24.375+0000] {logging_mixin.py:154} INFO - [2025-05-06T00:41:24.374+0000] {dag.py:2941} INFO - Sync 1 DAGs
[2025-05-06T00:41:24.401+0000] {logging_mixin.py:154} INFO - [2025-05-06T00:41:24.401+0000] {dag.py:3722} INFO - Setting next_dagrun for Load_Data to None, run_after=None
[2025-05-06T00:41:24.477+0000] {processor.py:179} INFO - Processing /opt/airflow/dags/Load_Data.py took 1.080 seconds
[2025-05-06T00:41:54.846+0000] {processor.py:157} INFO - Started process (PID=25003) to work on /opt/airflow/dags/Load_Data.py
[2025-05-06T00:41:54.858+0000] {processor.py:829} INFO - Processing file /opt/airflow/dags/Load_Data.py for tasks to queue
[2025-05-06T00:41:54.862+0000] {logging_mixin.py:154} INFO - [2025-05-06T00:41:54.859+0000] {dagbag.py:536} INFO - Filling up the DagBag from /opt/airflow/dags/Load_Data.py
[2025-05-06T00:41:56.355+0000] {processor.py:839} INFO - DAG(s) dict_keys(['Load_Data']) retrieved from /opt/airflow/dags/Load_Data.py
[2025-05-06T00:41:56.400+0000] {logging_mixin.py:154} INFO - [2025-05-06T00:41:56.399+0000] {dag.py:2941} INFO - Sync 1 DAGs
[2025-05-06T00:41:56.425+0000] {logging_mixin.py:154} INFO - [2025-05-06T00:41:56.424+0000] {dag.py:3722} INFO - Setting next_dagrun for Load_Data to None, run_after=None
[2025-05-06T00:41:56.458+0000] {processor.py:179} INFO - Processing /opt/airflow/dags/Load_Data.py took 1.634 seconds
[2025-05-06T00:42:27.403+0000] {processor.py:157} INFO - Started process (PID=25025) to work on /opt/airflow/dags/Load_Data.py
[2025-05-06T00:42:27.406+0000] {processor.py:829} INFO - Processing file /opt/airflow/dags/Load_Data.py for tasks to queue
[2025-05-06T00:42:27.408+0000] {logging_mixin.py:154} INFO - [2025-05-06T00:42:27.407+0000] {dagbag.py:536} INFO - Filling up the DagBag from /opt/airflow/dags/Load_Data.py
[2025-05-06T00:42:28.604+0000] {processor.py:839} INFO - DAG(s) dict_keys(['Load_Data']) retrieved from /opt/airflow/dags/Load_Data.py
[2025-05-06T00:42:28.666+0000] {logging_mixin.py:154} INFO - [2025-05-06T00:42:28.665+0000] {dag.py:2941} INFO - Sync 1 DAGs
[2025-05-06T00:42:28.704+0000] {logging_mixin.py:154} INFO - [2025-05-06T00:42:28.703+0000] {dag.py:3722} INFO - Setting next_dagrun for Load_Data to None, run_after=None
[2025-05-06T00:42:28.745+0000] {processor.py:179} INFO - Processing /opt/airflow/dags/Load_Data.py took 1.358 seconds
[2025-05-06T00:42:59.516+0000] {processor.py:157} INFO - Started process (PID=25046) to work on /opt/airflow/dags/Load_Data.py
[2025-05-06T00:42:59.522+0000] {processor.py:829} INFO - Processing file /opt/airflow/dags/Load_Data.py for tasks to queue
[2025-05-06T00:42:59.525+0000] {logging_mixin.py:154} INFO - [2025-05-06T00:42:59.524+0000] {dagbag.py:536} INFO - Filling up the DagBag from /opt/airflow/dags/Load_Data.py
[2025-05-06T00:43:00.653+0000] {processor.py:839} INFO - DAG(s) dict_keys(['Load_Data']) retrieved from /opt/airflow/dags/Load_Data.py
[2025-05-06T00:43:00.688+0000] {logging_mixin.py:154} INFO - [2025-05-06T00:43:00.688+0000] {dag.py:2941} INFO - Sync 1 DAGs
[2025-05-06T00:43:00.713+0000] {logging_mixin.py:154} INFO - [2025-05-06T00:43:00.713+0000] {dag.py:3722} INFO - Setting next_dagrun for Load_Data to None, run_after=None
[2025-05-06T00:43:00.748+0000] {processor.py:179} INFO - Processing /opt/airflow/dags/Load_Data.py took 1.249 seconds
[2025-05-06T00:43:40.291+0000] {processor.py:157} INFO - Started process (PID=25067) to work on /opt/airflow/dags/Load_Data.py
[2025-05-06T00:43:40.305+0000] {processor.py:829} INFO - Processing file /opt/airflow/dags/Load_Data.py for tasks to queue
[2025-05-06T00:43:40.315+0000] {logging_mixin.py:154} INFO - [2025-05-06T00:43:40.306+0000] {dagbag.py:536} INFO - Filling up the DagBag from /opt/airflow/dags/Load_Data.py
[2025-05-06T00:43:41.439+0000] {processor.py:839} INFO - DAG(s) dict_keys(['Load_Data']) retrieved from /opt/airflow/dags/Load_Data.py
[2025-05-06T00:43:41.482+0000] {logging_mixin.py:154} INFO - [2025-05-06T00:43:41.482+0000] {dag.py:2941} INFO - Sync 1 DAGs
[2025-05-06T00:43:41.501+0000] {logging_mixin.py:154} INFO - [2025-05-06T00:43:41.501+0000] {dag.py:3722} INFO - Setting next_dagrun for Load_Data to None, run_after=None
[2025-05-06T00:43:41.536+0000] {processor.py:179} INFO - Processing /opt/airflow/dags/Load_Data.py took 1.297 seconds
[2025-05-06T00:44:13.938+0000] {processor.py:157} INFO - Started process (PID=25084) to work on /opt/airflow/dags/Load_Data.py
[2025-05-06T00:44:13.944+0000] {processor.py:829} INFO - Processing file /opt/airflow/dags/Load_Data.py for tasks to queue
[2025-05-06T00:44:13.946+0000] {logging_mixin.py:154} INFO - [2025-05-06T00:44:13.946+0000] {dagbag.py:536} INFO - Filling up the DagBag from /opt/airflow/dags/Load_Data.py
[2025-05-06T00:44:16.109+0000] {processor.py:839} INFO - DAG(s) dict_keys(['Load_Data']) retrieved from /opt/airflow/dags/Load_Data.py
[2025-05-06T00:44:16.181+0000] {logging_mixin.py:154} INFO - [2025-05-06T00:44:16.180+0000] {dag.py:2941} INFO - Sync 1 DAGs
[2025-05-06T00:44:16.223+0000] {logging_mixin.py:154} INFO - [2025-05-06T00:44:16.223+0000] {dag.py:3722} INFO - Setting next_dagrun for Load_Data to None, run_after=None
[2025-05-06T00:44:16.281+0000] {processor.py:179} INFO - Processing /opt/airflow/dags/Load_Data.py took 2.360 seconds
[2025-05-06T00:44:46.957+0000] {processor.py:157} INFO - Started process (PID=25098) to work on /opt/airflow/dags/Load_Data.py
[2025-05-06T00:44:46.964+0000] {processor.py:829} INFO - Processing file /opt/airflow/dags/Load_Data.py for tasks to queue
[2025-05-06T00:44:46.968+0000] {logging_mixin.py:154} INFO - [2025-05-06T00:44:46.968+0000] {dagbag.py:536} INFO - Filling up the DagBag from /opt/airflow/dags/Load_Data.py
[2025-05-06T00:44:49.306+0000] {processor.py:839} INFO - DAG(s) dict_keys(['Load_Data']) retrieved from /opt/airflow/dags/Load_Data.py
[2025-05-06T00:44:49.385+0000] {logging_mixin.py:154} INFO - [2025-05-06T00:44:49.382+0000] {dag.py:2941} INFO - Sync 1 DAGs
[2025-05-06T00:44:49.419+0000] {logging_mixin.py:154} INFO - [2025-05-06T00:44:49.417+0000] {dag.py:3722} INFO - Setting next_dagrun for Load_Data to None, run_after=None
[2025-05-06T00:44:49.569+0000] {processor.py:179} INFO - Processing /opt/airflow/dags/Load_Data.py took 2.644 seconds
[2025-05-06T00:45:19.772+0000] {processor.py:157} INFO - Started process (PID=25114) to work on /opt/airflow/dags/Load_Data.py
[2025-05-06T00:45:19.777+0000] {processor.py:829} INFO - Processing file /opt/airflow/dags/Load_Data.py for tasks to queue
[2025-05-06T00:45:19.783+0000] {logging_mixin.py:154} INFO - [2025-05-06T00:45:19.781+0000] {dagbag.py:536} INFO - Filling up the DagBag from /opt/airflow/dags/Load_Data.py
[2025-05-06T00:45:21.511+0000] {processor.py:839} INFO - DAG(s) dict_keys(['Load_Data']) retrieved from /opt/airflow/dags/Load_Data.py
[2025-05-06T00:45:21.650+0000] {logging_mixin.py:154} INFO - [2025-05-06T00:45:21.649+0000] {dag.py:2941} INFO - Sync 1 DAGs
[2025-05-06T00:45:21.689+0000] {logging_mixin.py:154} INFO - [2025-05-06T00:45:21.687+0000] {dag.py:3722} INFO - Setting next_dagrun for Load_Data to None, run_after=None
[2025-05-06T00:45:21.763+0000] {processor.py:179} INFO - Processing /opt/airflow/dags/Load_Data.py took 2.002 seconds
[2025-05-06T00:45:52.422+0000] {processor.py:157} INFO - Started process (PID=25135) to work on /opt/airflow/dags/Load_Data.py
[2025-05-06T00:45:52.426+0000] {processor.py:829} INFO - Processing file /opt/airflow/dags/Load_Data.py for tasks to queue
[2025-05-06T00:45:52.429+0000] {logging_mixin.py:154} INFO - [2025-05-06T00:45:52.428+0000] {dagbag.py:536} INFO - Filling up the DagBag from /opt/airflow/dags/Load_Data.py
[2025-05-06T00:45:53.618+0000] {processor.py:839} INFO - DAG(s) dict_keys(['Load_Data']) retrieved from /opt/airflow/dags/Load_Data.py
[2025-05-06T00:45:53.689+0000] {logging_mixin.py:154} INFO - [2025-05-06T00:45:53.688+0000] {dag.py:2941} INFO - Sync 1 DAGs
[2025-05-06T00:45:53.725+0000] {logging_mixin.py:154} INFO - [2025-05-06T00:45:53.722+0000] {dag.py:3722} INFO - Setting next_dagrun for Load_Data to None, run_after=None
[2025-05-06T00:45:53.811+0000] {processor.py:179} INFO - Processing /opt/airflow/dags/Load_Data.py took 1.409 seconds
[2025-05-06T00:46:24.595+0000] {processor.py:157} INFO - Started process (PID=25156) to work on /opt/airflow/dags/Load_Data.py
[2025-05-06T00:46:24.598+0000] {processor.py:829} INFO - Processing file /opt/airflow/dags/Load_Data.py for tasks to queue
[2025-05-06T00:46:24.599+0000] {logging_mixin.py:154} INFO - [2025-05-06T00:46:24.599+0000] {dagbag.py:536} INFO - Filling up the DagBag from /opt/airflow/dags/Load_Data.py
[2025-05-06T00:46:25.584+0000] {processor.py:839} INFO - DAG(s) dict_keys(['Load_Data']) retrieved from /opt/airflow/dags/Load_Data.py
[2025-05-06T00:46:25.623+0000] {logging_mixin.py:154} INFO - [2025-05-06T00:46:25.622+0000] {dag.py:2941} INFO - Sync 1 DAGs
[2025-05-06T00:46:25.642+0000] {logging_mixin.py:154} INFO - [2025-05-06T00:46:25.642+0000] {dag.py:3722} INFO - Setting next_dagrun for Load_Data to None, run_after=None
[2025-05-06T00:46:25.694+0000] {processor.py:179} INFO - Processing /opt/airflow/dags/Load_Data.py took 1.109 seconds
[2025-05-06T00:46:56.235+0000] {processor.py:157} INFO - Started process (PID=25177) to work on /opt/airflow/dags/Load_Data.py
[2025-05-06T00:46:56.239+0000] {processor.py:829} INFO - Processing file /opt/airflow/dags/Load_Data.py for tasks to queue
[2025-05-06T00:46:56.241+0000] {logging_mixin.py:154} INFO - [2025-05-06T00:46:56.240+0000] {dagbag.py:536} INFO - Filling up the DagBag from /opt/airflow/dags/Load_Data.py
