[2025-05-06T00:00:26.196+0000] {processor.py:157} INFO - Started process (PID=23577) to work on /opt/airflow/dags/Preprocess_Data.py
[2025-05-06T00:00:26.198+0000] {processor.py:829} INFO - Processing file /opt/airflow/dags/Preprocess_Data.py for tasks to queue
[2025-05-06T00:00:26.203+0000] {logging_mixin.py:154} INFO - [2025-05-06T00:00:26.203+0000] {dagbag.py:536} INFO - Filling up the DagBag from /opt/airflow/dags/Preprocess_Data.py
[2025-05-06T00:00:28.450+0000] {processor.py:839} INFO - DAG(s) dict_keys(['Preprocess_Data']) retrieved from /opt/airflow/dags/Preprocess_Data.py
[2025-05-06T00:00:29.048+0000] {logging_mixin.py:154} INFO - [2025-05-06T00:00:29.047+0000] {dag.py:2941} INFO - Sync 1 DAGs
[2025-05-06T00:00:29.128+0000] {logging_mixin.py:154} INFO - [2025-05-06T00:00:29.125+0000] {dag.py:3722} INFO - Setting next_dagrun for Preprocess_Data to None, run_after=None
[2025-05-06T00:00:29.236+0000] {processor.py:179} INFO - Processing /opt/airflow/dags/Preprocess_Data.py took 3.061 seconds
[2025-05-06T00:01:01.058+0000] {processor.py:157} INFO - Started process (PID=23594) to work on /opt/airflow/dags/Preprocess_Data.py
[2025-05-06T00:01:01.065+0000] {processor.py:829} INFO - Processing file /opt/airflow/dags/Preprocess_Data.py for tasks to queue
[2025-05-06T00:01:01.067+0000] {logging_mixin.py:154} INFO - [2025-05-06T00:01:01.066+0000] {dagbag.py:536} INFO - Filling up the DagBag from /opt/airflow/dags/Preprocess_Data.py
[2025-05-06T00:01:03.813+0000] {processor.py:839} INFO - DAG(s) dict_keys(['Preprocess_Data']) retrieved from /opt/airflow/dags/Preprocess_Data.py
[2025-05-06T00:01:03.891+0000] {logging_mixin.py:154} INFO - [2025-05-06T00:01:03.890+0000] {dag.py:2941} INFO - Sync 1 DAGs
[2025-05-06T00:01:03.917+0000] {logging_mixin.py:154} INFO - [2025-05-06T00:01:03.917+0000] {dag.py:3722} INFO - Setting next_dagrun for Preprocess_Data to None, run_after=None
[2025-05-06T00:01:03.995+0000] {processor.py:179} INFO - Processing /opt/airflow/dags/Preprocess_Data.py took 2.958 seconds
[2025-05-06T00:01:34.437+0000] {processor.py:157} INFO - Started process (PID=23611) to work on /opt/airflow/dags/Preprocess_Data.py
[2025-05-06T00:01:34.444+0000] {processor.py:829} INFO - Processing file /opt/airflow/dags/Preprocess_Data.py for tasks to queue
[2025-05-06T00:01:34.449+0000] {logging_mixin.py:154} INFO - [2025-05-06T00:01:34.445+0000] {dagbag.py:536} INFO - Filling up the DagBag from /opt/airflow/dags/Preprocess_Data.py
[2025-05-06T00:01:37.081+0000] {processor.py:839} INFO - DAG(s) dict_keys(['Preprocess_Data']) retrieved from /opt/airflow/dags/Preprocess_Data.py
[2025-05-06T00:01:37.340+0000] {logging_mixin.py:154} INFO - [2025-05-06T00:01:37.339+0000] {dag.py:2941} INFO - Sync 1 DAGs
[2025-05-06T00:01:37.389+0000] {logging_mixin.py:154} INFO - [2025-05-06T00:01:37.389+0000] {dag.py:3722} INFO - Setting next_dagrun for Preprocess_Data to None, run_after=None
[2025-05-06T00:01:37.495+0000] {processor.py:179} INFO - Processing /opt/airflow/dags/Preprocess_Data.py took 3.084 seconds
[2025-05-06T00:02:07.900+0000] {processor.py:157} INFO - Started process (PID=23624) to work on /opt/airflow/dags/Preprocess_Data.py
[2025-05-06T00:02:07.908+0000] {processor.py:829} INFO - Processing file /opt/airflow/dags/Preprocess_Data.py for tasks to queue
[2025-05-06T00:02:07.913+0000] {logging_mixin.py:154} INFO - [2025-05-06T00:02:07.912+0000] {dagbag.py:536} INFO - Filling up the DagBag from /opt/airflow/dags/Preprocess_Data.py
[2025-05-06T00:02:10.093+0000] {processor.py:839} INFO - DAG(s) dict_keys(['Preprocess_Data']) retrieved from /opt/airflow/dags/Preprocess_Data.py
[2025-05-06T00:02:10.260+0000] {logging_mixin.py:154} INFO - [2025-05-06T00:02:10.260+0000] {dag.py:2941} INFO - Sync 1 DAGs
[2025-05-06T00:02:10.356+0000] {logging_mixin.py:154} INFO - [2025-05-06T00:02:10.356+0000] {dag.py:3722} INFO - Setting next_dagrun for Preprocess_Data to None, run_after=None
[2025-05-06T00:02:10.501+0000] {processor.py:179} INFO - Processing /opt/airflow/dags/Preprocess_Data.py took 2.639 seconds
[2025-05-06T00:02:40.899+0000] {processor.py:157} INFO - Started process (PID=23645) to work on /opt/airflow/dags/Preprocess_Data.py
[2025-05-06T00:02:40.902+0000] {processor.py:829} INFO - Processing file /opt/airflow/dags/Preprocess_Data.py for tasks to queue
[2025-05-06T00:02:40.904+0000] {logging_mixin.py:154} INFO - [2025-05-06T00:02:40.903+0000] {dagbag.py:536} INFO - Filling up the DagBag from /opt/airflow/dags/Preprocess_Data.py
[2025-05-06T00:02:42.316+0000] {processor.py:839} INFO - DAG(s) dict_keys(['Preprocess_Data']) retrieved from /opt/airflow/dags/Preprocess_Data.py
[2025-05-06T00:02:42.443+0000] {logging_mixin.py:154} INFO - [2025-05-06T00:02:42.442+0000] {dag.py:2941} INFO - Sync 1 DAGs
[2025-05-06T00:02:42.483+0000] {logging_mixin.py:154} INFO - [2025-05-06T00:02:42.482+0000] {dag.py:3722} INFO - Setting next_dagrun for Preprocess_Data to None, run_after=None
[2025-05-06T00:02:42.522+0000] {processor.py:179} INFO - Processing /opt/airflow/dags/Preprocess_Data.py took 1.634 seconds
[2025-05-06T00:03:31.740+0000] {processor.py:157} INFO - Started process (PID=23666) to work on /opt/airflow/dags/Preprocess_Data.py
[2025-05-06T00:03:31.744+0000] {processor.py:829} INFO - Processing file /opt/airflow/dags/Preprocess_Data.py for tasks to queue
[2025-05-06T00:03:31.746+0000] {logging_mixin.py:154} INFO - [2025-05-06T00:03:31.745+0000] {dagbag.py:536} INFO - Filling up the DagBag from /opt/airflow/dags/Preprocess_Data.py
[2025-05-06T00:03:34.588+0000] {processor.py:839} INFO - DAG(s) dict_keys(['Preprocess_Data']) retrieved from /opt/airflow/dags/Preprocess_Data.py
[2025-05-06T00:03:34.665+0000] {logging_mixin.py:154} INFO - [2025-05-06T00:03:34.664+0000] {dag.py:2941} INFO - Sync 1 DAGs
[2025-05-06T00:03:34.706+0000] {logging_mixin.py:154} INFO - [2025-05-06T00:03:34.705+0000] {dag.py:3722} INFO - Setting next_dagrun for Preprocess_Data to None, run_after=None
[2025-05-06T00:03:34.835+0000] {processor.py:179} INFO - Processing /opt/airflow/dags/Preprocess_Data.py took 3.163 seconds
[2025-05-06T00:04:07.526+0000] {processor.py:157} INFO - Started process (PID=23685) to work on /opt/airflow/dags/Preprocess_Data.py
[2025-05-06T00:04:07.531+0000] {processor.py:829} INFO - Processing file /opt/airflow/dags/Preprocess_Data.py for tasks to queue
[2025-05-06T00:04:07.533+0000] {logging_mixin.py:154} INFO - [2025-05-06T00:04:07.532+0000] {dagbag.py:536} INFO - Filling up the DagBag from /opt/airflow/dags/Preprocess_Data.py
[2025-05-06T00:04:08.696+0000] {processor.py:839} INFO - DAG(s) dict_keys(['Preprocess_Data']) retrieved from /opt/airflow/dags/Preprocess_Data.py
[2025-05-06T00:04:08.814+0000] {logging_mixin.py:154} INFO - [2025-05-06T00:04:08.814+0000] {dag.py:2941} INFO - Sync 1 DAGs
[2025-05-06T00:04:08.844+0000] {logging_mixin.py:154} INFO - [2025-05-06T00:04:08.843+0000] {dag.py:3722} INFO - Setting next_dagrun for Preprocess_Data to None, run_after=None
[2025-05-06T00:04:08.962+0000] {processor.py:179} INFO - Processing /opt/airflow/dags/Preprocess_Data.py took 1.449 seconds
[2025-05-06T00:04:39.419+0000] {processor.py:157} INFO - Started process (PID=23701) to work on /opt/airflow/dags/Preprocess_Data.py
[2025-05-06T00:04:39.422+0000] {processor.py:829} INFO - Processing file /opt/airflow/dags/Preprocess_Data.py for tasks to queue
[2025-05-06T00:04:39.423+0000] {logging_mixin.py:154} INFO - [2025-05-06T00:04:39.423+0000] {dagbag.py:536} INFO - Filling up the DagBag from /opt/airflow/dags/Preprocess_Data.py
[2025-05-06T00:04:40.394+0000] {processor.py:839} INFO - DAG(s) dict_keys(['Preprocess_Data']) retrieved from /opt/airflow/dags/Preprocess_Data.py
[2025-05-06T00:04:40.462+0000] {logging_mixin.py:154} INFO - [2025-05-06T00:04:40.461+0000] {dag.py:2941} INFO - Sync 1 DAGs
[2025-05-06T00:04:40.483+0000] {logging_mixin.py:154} INFO - [2025-05-06T00:04:40.483+0000] {dag.py:3722} INFO - Setting next_dagrun for Preprocess_Data to None, run_after=None
[2025-05-06T00:04:40.523+0000] {processor.py:179} INFO - Processing /opt/airflow/dags/Preprocess_Data.py took 1.114 seconds
[2025-05-06T00:05:11.282+0000] {processor.py:157} INFO - Started process (PID=23718) to work on /opt/airflow/dags/Preprocess_Data.py
[2025-05-06T00:05:11.288+0000] {processor.py:829} INFO - Processing file /opt/airflow/dags/Preprocess_Data.py for tasks to queue
[2025-05-06T00:05:11.296+0000] {logging_mixin.py:154} INFO - [2025-05-06T00:05:11.293+0000] {dagbag.py:536} INFO - Filling up the DagBag from /opt/airflow/dags/Preprocess_Data.py
[2025-05-06T00:05:12.458+0000] {processor.py:839} INFO - DAG(s) dict_keys(['Preprocess_Data']) retrieved from /opt/airflow/dags/Preprocess_Data.py
[2025-05-06T00:05:12.505+0000] {logging_mixin.py:154} INFO - [2025-05-06T00:05:12.504+0000] {dag.py:2941} INFO - Sync 1 DAGs
[2025-05-06T00:05:12.525+0000] {logging_mixin.py:154} INFO - [2025-05-06T00:05:12.525+0000] {dag.py:3722} INFO - Setting next_dagrun for Preprocess_Data to None, run_after=None
[2025-05-06T00:05:12.560+0000] {processor.py:179} INFO - Processing /opt/airflow/dags/Preprocess_Data.py took 1.295 seconds
[2025-05-06T00:05:43.209+0000] {processor.py:157} INFO - Started process (PID=23735) to work on /opt/airflow/dags/Preprocess_Data.py
[2025-05-06T00:05:43.213+0000] {processor.py:829} INFO - Processing file /opt/airflow/dags/Preprocess_Data.py for tasks to queue
[2025-05-06T00:05:43.215+0000] {logging_mixin.py:154} INFO - [2025-05-06T00:05:43.214+0000] {dagbag.py:536} INFO - Filling up the DagBag from /opt/airflow/dags/Preprocess_Data.py
[2025-05-06T00:05:44.247+0000] {processor.py:839} INFO - DAG(s) dict_keys(['Preprocess_Data']) retrieved from /opt/airflow/dags/Preprocess_Data.py
[2025-05-06T00:05:44.297+0000] {logging_mixin.py:154} INFO - [2025-05-06T00:05:44.296+0000] {dag.py:2941} INFO - Sync 1 DAGs
[2025-05-06T00:05:44.328+0000] {logging_mixin.py:154} INFO - [2025-05-06T00:05:44.327+0000] {dag.py:3722} INFO - Setting next_dagrun for Preprocess_Data to None, run_after=None
[2025-05-06T00:05:44.372+0000] {processor.py:179} INFO - Processing /opt/airflow/dags/Preprocess_Data.py took 1.194 seconds
[2025-05-06T00:06:15.039+0000] {processor.py:157} INFO - Started process (PID=23756) to work on /opt/airflow/dags/Preprocess_Data.py
[2025-05-06T00:06:15.048+0000] {processor.py:829} INFO - Processing file /opt/airflow/dags/Preprocess_Data.py for tasks to queue
[2025-05-06T00:06:15.054+0000] {logging_mixin.py:154} INFO - [2025-05-06T00:06:15.052+0000] {dagbag.py:536} INFO - Filling up the DagBag from /opt/airflow/dags/Preprocess_Data.py
[2025-05-06T00:06:16.046+0000] {processor.py:839} INFO - DAG(s) dict_keys(['Preprocess_Data']) retrieved from /opt/airflow/dags/Preprocess_Data.py
[2025-05-06T00:06:16.105+0000] {logging_mixin.py:154} INFO - [2025-05-06T00:06:16.104+0000] {dag.py:2941} INFO - Sync 1 DAGs
[2025-05-06T00:06:16.130+0000] {logging_mixin.py:154} INFO - [2025-05-06T00:06:16.129+0000] {dag.py:3722} INFO - Setting next_dagrun for Preprocess_Data to None, run_after=None
[2025-05-06T00:06:16.183+0000] {processor.py:179} INFO - Processing /opt/airflow/dags/Preprocess_Data.py took 1.167 seconds
[2025-05-06T00:06:46.729+0000] {processor.py:157} INFO - Started process (PID=23777) to work on /opt/airflow/dags/Preprocess_Data.py
[2025-05-06T00:06:46.733+0000] {processor.py:829} INFO - Processing file /opt/airflow/dags/Preprocess_Data.py for tasks to queue
[2025-05-06T00:06:46.735+0000] {logging_mixin.py:154} INFO - [2025-05-06T00:06:46.734+0000] {dagbag.py:536} INFO - Filling up the DagBag from /opt/airflow/dags/Preprocess_Data.py
[2025-05-06T00:06:47.730+0000] {processor.py:839} INFO - DAG(s) dict_keys(['Preprocess_Data']) retrieved from /opt/airflow/dags/Preprocess_Data.py
[2025-05-06T00:06:47.781+0000] {logging_mixin.py:154} INFO - [2025-05-06T00:06:47.780+0000] {dag.py:2941} INFO - Sync 1 DAGs
[2025-05-06T00:06:47.807+0000] {logging_mixin.py:154} INFO - [2025-05-06T00:06:47.806+0000] {dag.py:3722} INFO - Setting next_dagrun for Preprocess_Data to None, run_after=None
[2025-05-06T00:06:47.846+0000] {processor.py:179} INFO - Processing /opt/airflow/dags/Preprocess_Data.py took 1.153 seconds
[2025-05-06T00:07:18.602+0000] {processor.py:157} INFO - Started process (PID=23798) to work on /opt/airflow/dags/Preprocess_Data.py
[2025-05-06T00:07:18.607+0000] {processor.py:829} INFO - Processing file /opt/airflow/dags/Preprocess_Data.py for tasks to queue
[2025-05-06T00:07:18.610+0000] {logging_mixin.py:154} INFO - [2025-05-06T00:07:18.609+0000] {dagbag.py:536} INFO - Filling up the DagBag from /opt/airflow/dags/Preprocess_Data.py
[2025-05-06T00:07:19.604+0000] {processor.py:839} INFO - DAG(s) dict_keys(['Preprocess_Data']) retrieved from /opt/airflow/dags/Preprocess_Data.py
[2025-05-06T00:07:19.670+0000] {logging_mixin.py:154} INFO - [2025-05-06T00:07:19.669+0000] {dag.py:2941} INFO - Sync 1 DAGs
[2025-05-06T00:07:19.709+0000] {logging_mixin.py:154} INFO - [2025-05-06T00:07:19.709+0000] {dag.py:3722} INFO - Setting next_dagrun for Preprocess_Data to None, run_after=None
[2025-05-06T00:07:19.782+0000] {processor.py:179} INFO - Processing /opt/airflow/dags/Preprocess_Data.py took 1.197 seconds
[2025-05-06T00:07:52.065+0000] {processor.py:157} INFO - Started process (PID=23819) to work on /opt/airflow/dags/Preprocess_Data.py
[2025-05-06T00:07:52.072+0000] {processor.py:829} INFO - Processing file /opt/airflow/dags/Preprocess_Data.py for tasks to queue
[2025-05-06T00:07:52.076+0000] {logging_mixin.py:154} INFO - [2025-05-06T00:07:52.075+0000] {dagbag.py:536} INFO - Filling up the DagBag from /opt/airflow/dags/Preprocess_Data.py
[2025-05-06T00:07:53.370+0000] {processor.py:839} INFO - DAG(s) dict_keys(['Preprocess_Data']) retrieved from /opt/airflow/dags/Preprocess_Data.py
[2025-05-06T00:07:53.415+0000] {logging_mixin.py:154} INFO - [2025-05-06T00:07:53.414+0000] {dag.py:2941} INFO - Sync 1 DAGs
[2025-05-06T00:07:53.444+0000] {logging_mixin.py:154} INFO - [2025-05-06T00:07:53.443+0000] {dag.py:3722} INFO - Setting next_dagrun for Preprocess_Data to None, run_after=None
[2025-05-06T00:07:53.498+0000] {processor.py:179} INFO - Processing /opt/airflow/dags/Preprocess_Data.py took 1.459 seconds
[2025-05-06T00:08:25.141+0000] {processor.py:157} INFO - Started process (PID=23836) to work on /opt/airflow/dags/Preprocess_Data.py
[2025-05-06T00:08:25.151+0000] {processor.py:829} INFO - Processing file /opt/airflow/dags/Preprocess_Data.py for tasks to queue
[2025-05-06T00:08:25.158+0000] {logging_mixin.py:154} INFO - [2025-05-06T00:08:25.158+0000] {dagbag.py:536} INFO - Filling up the DagBag from /opt/airflow/dags/Preprocess_Data.py
[2025-05-06T00:08:27.603+0000] {processor.py:839} INFO - DAG(s) dict_keys(['Preprocess_Data']) retrieved from /opt/airflow/dags/Preprocess_Data.py
[2025-05-06T00:08:27.646+0000] {logging_mixin.py:154} INFO - [2025-05-06T00:08:27.644+0000] {dag.py:2941} INFO - Sync 1 DAGs
[2025-05-06T00:08:27.669+0000] {logging_mixin.py:154} INFO - [2025-05-06T00:08:27.669+0000] {dag.py:3722} INFO - Setting next_dagrun for Preprocess_Data to None, run_after=None
[2025-05-06T00:08:27.744+0000] {processor.py:179} INFO - Processing /opt/airflow/dags/Preprocess_Data.py took 2.630 seconds
[2025-05-06T00:08:58.042+0000] {processor.py:157} INFO - Started process (PID=23853) to work on /opt/airflow/dags/Preprocess_Data.py
[2025-05-06T00:08:58.050+0000] {processor.py:829} INFO - Processing file /opt/airflow/dags/Preprocess_Data.py for tasks to queue
[2025-05-06T00:08:58.055+0000] {logging_mixin.py:154} INFO - [2025-05-06T00:08:58.054+0000] {dagbag.py:536} INFO - Filling up the DagBag from /opt/airflow/dags/Preprocess_Data.py
[2025-05-06T00:08:59.443+0000] {processor.py:839} INFO - DAG(s) dict_keys(['Preprocess_Data']) retrieved from /opt/airflow/dags/Preprocess_Data.py
[2025-05-06T00:08:59.489+0000] {logging_mixin.py:154} INFO - [2025-05-06T00:08:59.488+0000] {dag.py:2941} INFO - Sync 1 DAGs
[2025-05-06T00:08:59.523+0000] {logging_mixin.py:154} INFO - [2025-05-06T00:08:59.523+0000] {dag.py:3722} INFO - Setting next_dagrun for Preprocess_Data to None, run_after=None
[2025-05-06T00:08:59.567+0000] {processor.py:179} INFO - Processing /opt/airflow/dags/Preprocess_Data.py took 1.551 seconds
[2025-05-06T00:09:30.503+0000] {processor.py:157} INFO - Started process (PID=23874) to work on /opt/airflow/dags/Preprocess_Data.py
[2025-05-06T00:09:30.506+0000] {processor.py:829} INFO - Processing file /opt/airflow/dags/Preprocess_Data.py for tasks to queue
[2025-05-06T00:09:30.509+0000] {logging_mixin.py:154} INFO - [2025-05-06T00:09:30.508+0000] {dagbag.py:536} INFO - Filling up the DagBag from /opt/airflow/dags/Preprocess_Data.py
[2025-05-06T00:09:31.488+0000] {processor.py:839} INFO - DAG(s) dict_keys(['Preprocess_Data']) retrieved from /opt/airflow/dags/Preprocess_Data.py
[2025-05-06T00:09:31.575+0000] {logging_mixin.py:154} INFO - [2025-05-06T00:09:31.574+0000] {dag.py:2941} INFO - Sync 1 DAGs
[2025-05-06T00:09:31.619+0000] {logging_mixin.py:154} INFO - [2025-05-06T00:09:31.616+0000] {dag.py:3722} INFO - Setting next_dagrun for Preprocess_Data to None, run_after=None
[2025-05-06T00:09:31.727+0000] {processor.py:179} INFO - Processing /opt/airflow/dags/Preprocess_Data.py took 1.237 seconds
[2025-05-06T00:10:02.456+0000] {processor.py:157} INFO - Started process (PID=23895) to work on /opt/airflow/dags/Preprocess_Data.py
[2025-05-06T00:10:02.459+0000] {processor.py:829} INFO - Processing file /opt/airflow/dags/Preprocess_Data.py for tasks to queue
[2025-05-06T00:10:02.462+0000] {logging_mixin.py:154} INFO - [2025-05-06T00:10:02.461+0000] {dagbag.py:536} INFO - Filling up the DagBag from /opt/airflow/dags/Preprocess_Data.py
[2025-05-06T00:10:03.594+0000] {processor.py:839} INFO - DAG(s) dict_keys(['Preprocess_Data']) retrieved from /opt/airflow/dags/Preprocess_Data.py
[2025-05-06T00:10:03.674+0000] {logging_mixin.py:154} INFO - [2025-05-06T00:10:03.673+0000] {dag.py:2941} INFO - Sync 1 DAGs
[2025-05-06T00:10:03.725+0000] {logging_mixin.py:154} INFO - [2025-05-06T00:10:03.724+0000] {dag.py:3722} INFO - Setting next_dagrun for Preprocess_Data to None, run_after=None
[2025-05-06T00:10:03.793+0000] {processor.py:179} INFO - Processing /opt/airflow/dags/Preprocess_Data.py took 1.347 seconds
[2025-05-06T00:10:34.637+0000] {processor.py:157} INFO - Started process (PID=23916) to work on /opt/airflow/dags/Preprocess_Data.py
[2025-05-06T00:10:34.644+0000] {processor.py:829} INFO - Processing file /opt/airflow/dags/Preprocess_Data.py for tasks to queue
[2025-05-06T00:10:34.648+0000] {logging_mixin.py:154} INFO - [2025-05-06T00:10:34.648+0000] {dagbag.py:536} INFO - Filling up the DagBag from /opt/airflow/dags/Preprocess_Data.py
[2025-05-06T00:10:35.776+0000] {processor.py:839} INFO - DAG(s) dict_keys(['Preprocess_Data']) retrieved from /opt/airflow/dags/Preprocess_Data.py
[2025-05-06T00:10:35.817+0000] {logging_mixin.py:154} INFO - [2025-05-06T00:10:35.816+0000] {dag.py:2941} INFO - Sync 1 DAGs
[2025-05-06T00:10:35.836+0000] {logging_mixin.py:154} INFO - [2025-05-06T00:10:35.836+0000] {dag.py:3722} INFO - Setting next_dagrun for Preprocess_Data to None, run_after=None
[2025-05-06T00:10:35.861+0000] {processor.py:179} INFO - Processing /opt/airflow/dags/Preprocess_Data.py took 1.247 seconds
[2025-05-06T00:11:06.114+0000] {processor.py:157} INFO - Started process (PID=23937) to work on /opt/airflow/dags/Preprocess_Data.py
[2025-05-06T00:11:06.117+0000] {processor.py:829} INFO - Processing file /opt/airflow/dags/Preprocess_Data.py for tasks to queue
[2025-05-06T00:11:06.119+0000] {logging_mixin.py:154} INFO - [2025-05-06T00:11:06.118+0000] {dagbag.py:536} INFO - Filling up the DagBag from /opt/airflow/dags/Preprocess_Data.py
[2025-05-06T00:11:06.998+0000] {processor.py:839} INFO - DAG(s) dict_keys(['Preprocess_Data']) retrieved from /opt/airflow/dags/Preprocess_Data.py
[2025-05-06T00:11:07.035+0000] {logging_mixin.py:154} INFO - [2025-05-06T00:11:07.034+0000] {dag.py:2941} INFO - Sync 1 DAGs
[2025-05-06T00:11:07.052+0000] {logging_mixin.py:154} INFO - [2025-05-06T00:11:07.051+0000] {dag.py:3722} INFO - Setting next_dagrun for Preprocess_Data to None, run_after=None
[2025-05-06T00:11:07.077+0000] {processor.py:179} INFO - Processing /opt/airflow/dags/Preprocess_Data.py took 0.972 seconds
[2025-05-06T00:11:37.404+0000] {processor.py:157} INFO - Started process (PID=23958) to work on /opt/airflow/dags/Preprocess_Data.py
[2025-05-06T00:11:37.407+0000] {processor.py:829} INFO - Processing file /opt/airflow/dags/Preprocess_Data.py for tasks to queue
[2025-05-06T00:11:37.409+0000] {logging_mixin.py:154} INFO - [2025-05-06T00:11:37.408+0000] {dagbag.py:536} INFO - Filling up the DagBag from /opt/airflow/dags/Preprocess_Data.py
[2025-05-06T00:11:38.671+0000] {processor.py:839} INFO - DAG(s) dict_keys(['Preprocess_Data']) retrieved from /opt/airflow/dags/Preprocess_Data.py
[2025-05-06T00:11:38.743+0000] {logging_mixin.py:154} INFO - [2025-05-06T00:11:38.743+0000] {dag.py:2941} INFO - Sync 1 DAGs
[2025-05-06T00:11:38.775+0000] {logging_mixin.py:154} INFO - [2025-05-06T00:11:38.773+0000] {dag.py:3722} INFO - Setting next_dagrun for Preprocess_Data to None, run_after=None
[2025-05-06T00:11:38.827+0000] {processor.py:179} INFO - Processing /opt/airflow/dags/Preprocess_Data.py took 1.473 seconds
[2025-05-06T00:12:09.402+0000] {processor.py:157} INFO - Started process (PID=23975) to work on /opt/airflow/dags/Preprocess_Data.py
[2025-05-06T00:12:09.407+0000] {processor.py:829} INFO - Processing file /opt/airflow/dags/Preprocess_Data.py for tasks to queue
[2025-05-06T00:12:09.412+0000] {logging_mixin.py:154} INFO - [2025-05-06T00:12:09.409+0000] {dagbag.py:536} INFO - Filling up the DagBag from /opt/airflow/dags/Preprocess_Data.py
[2025-05-06T00:12:10.733+0000] {processor.py:839} INFO - DAG(s) dict_keys(['Preprocess_Data']) retrieved from /opt/airflow/dags/Preprocess_Data.py
[2025-05-06T00:12:10.843+0000] {logging_mixin.py:154} INFO - [2025-05-06T00:12:10.842+0000] {dag.py:2941} INFO - Sync 1 DAGs
[2025-05-06T00:12:10.863+0000] {logging_mixin.py:154} INFO - [2025-05-06T00:12:10.862+0000] {dag.py:3722} INFO - Setting next_dagrun for Preprocess_Data to None, run_after=None
[2025-05-06T00:12:10.892+0000] {processor.py:179} INFO - Processing /opt/airflow/dags/Preprocess_Data.py took 1.510 seconds
[2025-05-06T00:12:41.438+0000] {processor.py:157} INFO - Started process (PID=23992) to work on /opt/airflow/dags/Preprocess_Data.py
[2025-05-06T00:12:41.448+0000] {processor.py:829} INFO - Processing file /opt/airflow/dags/Preprocess_Data.py for tasks to queue
[2025-05-06T00:12:41.450+0000] {logging_mixin.py:154} INFO - [2025-05-06T00:12:41.449+0000] {dagbag.py:536} INFO - Filling up the DagBag from /opt/airflow/dags/Preprocess_Data.py
[2025-05-06T00:12:42.762+0000] {processor.py:839} INFO - DAG(s) dict_keys(['Preprocess_Data']) retrieved from /opt/airflow/dags/Preprocess_Data.py
[2025-05-06T00:12:42.803+0000] {logging_mixin.py:154} INFO - [2025-05-06T00:12:42.802+0000] {dag.py:2941} INFO - Sync 1 DAGs
[2025-05-06T00:12:42.829+0000] {logging_mixin.py:154} INFO - [2025-05-06T00:12:42.828+0000] {dag.py:3722} INFO - Setting next_dagrun for Preprocess_Data to None, run_after=None
[2025-05-06T00:12:42.865+0000] {processor.py:179} INFO - Processing /opt/airflow/dags/Preprocess_Data.py took 1.472 seconds
[2025-05-06T00:13:13.102+0000] {processor.py:157} INFO - Started process (PID=24009) to work on /opt/airflow/dags/Preprocess_Data.py
[2025-05-06T00:13:13.108+0000] {processor.py:829} INFO - Processing file /opt/airflow/dags/Preprocess_Data.py for tasks to queue
[2025-05-06T00:13:13.113+0000] {logging_mixin.py:154} INFO - [2025-05-06T00:13:13.112+0000] {dagbag.py:536} INFO - Filling up the DagBag from /opt/airflow/dags/Preprocess_Data.py
[2025-05-06T00:13:14.745+0000] {processor.py:839} INFO - DAG(s) dict_keys(['Preprocess_Data']) retrieved from /opt/airflow/dags/Preprocess_Data.py
[2025-05-06T00:13:19.874+0000] {logging_mixin.py:154} INFO - [2025-05-06T00:13:19.873+0000] {dag.py:2941} INFO - Sync 1 DAGs
[2025-05-06T00:13:19.914+0000] {logging_mixin.py:154} INFO - [2025-05-06T00:13:19.914+0000] {dag.py:3722} INFO - Setting next_dagrun for Preprocess_Data to None, run_after=None
[2025-05-06T00:13:20.049+0000] {processor.py:179} INFO - Processing /opt/airflow/dags/Preprocess_Data.py took 6.968 seconds
[2025-05-06T00:13:50.612+0000] {processor.py:157} INFO - Started process (PID=24030) to work on /opt/airflow/dags/Preprocess_Data.py
[2025-05-06T00:13:50.614+0000] {processor.py:829} INFO - Processing file /opt/airflow/dags/Preprocess_Data.py for tasks to queue
[2025-05-06T00:13:50.632+0000] {logging_mixin.py:154} INFO - [2025-05-06T00:13:50.621+0000] {dagbag.py:536} INFO - Filling up the DagBag from /opt/airflow/dags/Preprocess_Data.py
[2025-05-06T00:13:53.831+0000] {processor.py:839} INFO - DAG(s) dict_keys(['Preprocess_Data']) retrieved from /opt/airflow/dags/Preprocess_Data.py
[2025-05-06T00:13:53.918+0000] {logging_mixin.py:154} INFO - [2025-05-06T00:13:53.917+0000] {dag.py:2941} INFO - Sync 1 DAGs
[2025-05-06T00:13:53.959+0000] {logging_mixin.py:154} INFO - [2025-05-06T00:13:53.958+0000] {dag.py:3722} INFO - Setting next_dagrun for Preprocess_Data to None, run_after=None
[2025-05-06T00:13:54.049+0000] {processor.py:179} INFO - Processing /opt/airflow/dags/Preprocess_Data.py took 3.456 seconds
[2025-05-06T00:14:24.779+0000] {processor.py:157} INFO - Started process (PID=24047) to work on /opt/airflow/dags/Preprocess_Data.py
[2025-05-06T00:14:24.786+0000] {processor.py:829} INFO - Processing file /opt/airflow/dags/Preprocess_Data.py for tasks to queue
[2025-05-06T00:14:24.788+0000] {logging_mixin.py:154} INFO - [2025-05-06T00:14:24.787+0000] {dagbag.py:536} INFO - Filling up the DagBag from /opt/airflow/dags/Preprocess_Data.py
[2025-05-06T00:14:26.130+0000] {processor.py:839} INFO - DAG(s) dict_keys(['Preprocess_Data']) retrieved from /opt/airflow/dags/Preprocess_Data.py
[2025-05-06T00:14:26.277+0000] {logging_mixin.py:154} INFO - [2025-05-06T00:14:26.275+0000] {dag.py:2941} INFO - Sync 1 DAGs
[2025-05-06T00:14:26.336+0000] {logging_mixin.py:154} INFO - [2025-05-06T00:14:26.331+0000] {dag.py:3722} INFO - Setting next_dagrun for Preprocess_Data to None, run_after=None
[2025-05-06T00:14:26.411+0000] {processor.py:179} INFO - Processing /opt/airflow/dags/Preprocess_Data.py took 1.654 seconds
[2025-05-06T00:14:56.967+0000] {processor.py:157} INFO - Started process (PID=24068) to work on /opt/airflow/dags/Preprocess_Data.py
[2025-05-06T00:14:56.975+0000] {processor.py:829} INFO - Processing file /opt/airflow/dags/Preprocess_Data.py for tasks to queue
[2025-05-06T00:14:56.979+0000] {logging_mixin.py:154} INFO - [2025-05-06T00:14:56.978+0000] {dagbag.py:536} INFO - Filling up the DagBag from /opt/airflow/dags/Preprocess_Data.py
[2025-05-06T00:15:00.613+0000] {processor.py:839} INFO - DAG(s) dict_keys(['Preprocess_Data']) retrieved from /opt/airflow/dags/Preprocess_Data.py
[2025-05-06T00:15:00.749+0000] {logging_mixin.py:154} INFO - [2025-05-06T00:15:00.743+0000] {dag.py:2941} INFO - Sync 1 DAGs
[2025-05-06T00:15:00.825+0000] {logging_mixin.py:154} INFO - [2025-05-06T00:15:00.825+0000] {dag.py:3722} INFO - Setting next_dagrun for Preprocess_Data to None, run_after=None
[2025-05-06T00:15:00.928+0000] {processor.py:179} INFO - Processing /opt/airflow/dags/Preprocess_Data.py took 3.990 seconds
[2025-05-06T00:15:34.332+0000] {processor.py:157} INFO - Started process (PID=24089) to work on /opt/airflow/dags/Preprocess_Data.py
[2025-05-06T00:15:34.342+0000] {processor.py:829} INFO - Processing file /opt/airflow/dags/Preprocess_Data.py for tasks to queue
[2025-05-06T00:15:34.348+0000] {logging_mixin.py:154} INFO - [2025-05-06T00:15:34.344+0000] {dagbag.py:536} INFO - Filling up the DagBag from /opt/airflow/dags/Preprocess_Data.py
[2025-05-06T00:15:37.312+0000] {processor.py:839} INFO - DAG(s) dict_keys(['Preprocess_Data']) retrieved from /opt/airflow/dags/Preprocess_Data.py
[2025-05-06T00:15:37.357+0000] {logging_mixin.py:154} INFO - [2025-05-06T00:15:37.356+0000] {dag.py:2941} INFO - Sync 1 DAGs
[2025-05-06T00:15:37.383+0000] {logging_mixin.py:154} INFO - [2025-05-06T00:15:37.383+0000] {dag.py:3722} INFO - Setting next_dagrun for Preprocess_Data to None, run_after=None
[2025-05-06T00:15:37.416+0000] {processor.py:179} INFO - Processing /opt/airflow/dags/Preprocess_Data.py took 3.148 seconds
[2025-05-06T00:16:16.419+0000] {processor.py:157} INFO - Started process (PID=24110) to work on /opt/airflow/dags/Preprocess_Data.py
[2025-05-06T00:16:16.425+0000] {processor.py:829} INFO - Processing file /opt/airflow/dags/Preprocess_Data.py for tasks to queue
[2025-05-06T00:16:16.427+0000] {logging_mixin.py:154} INFO - [2025-05-06T00:16:16.427+0000] {dagbag.py:536} INFO - Filling up the DagBag from /opt/airflow/dags/Preprocess_Data.py
[2025-05-06T00:16:19.412+0000] {processor.py:839} INFO - DAG(s) dict_keys(['Preprocess_Data']) retrieved from /opt/airflow/dags/Preprocess_Data.py
[2025-05-06T00:16:19.582+0000] {logging_mixin.py:154} INFO - [2025-05-06T00:16:19.579+0000] {dag.py:2941} INFO - Sync 1 DAGs
[2025-05-06T00:16:19.671+0000] {logging_mixin.py:154} INFO - [2025-05-06T00:16:19.671+0000] {dag.py:3722} INFO - Setting next_dagrun for Preprocess_Data to None, run_after=None
[2025-05-06T00:16:19.738+0000] {processor.py:179} INFO - Processing /opt/airflow/dags/Preprocess_Data.py took 3.333 seconds
[2025-05-06T00:16:52.941+0000] {processor.py:157} INFO - Started process (PID=24127) to work on /opt/airflow/dags/Preprocess_Data.py
[2025-05-06T00:16:52.971+0000] {processor.py:829} INFO - Processing file /opt/airflow/dags/Preprocess_Data.py for tasks to queue
[2025-05-06T00:16:52.982+0000] {logging_mixin.py:154} INFO - [2025-05-06T00:16:52.972+0000] {dagbag.py:536} INFO - Filling up the DagBag from /opt/airflow/dags/Preprocess_Data.py
[2025-05-06T00:16:56.160+0000] {processor.py:839} INFO - DAG(s) dict_keys(['Preprocess_Data']) retrieved from /opt/airflow/dags/Preprocess_Data.py
[2025-05-06T00:16:56.308+0000] {logging_mixin.py:154} INFO - [2025-05-06T00:16:56.303+0000] {dag.py:2941} INFO - Sync 1 DAGs
[2025-05-06T00:16:56.378+0000] {logging_mixin.py:154} INFO - [2025-05-06T00:16:56.377+0000] {dag.py:3722} INFO - Setting next_dagrun for Preprocess_Data to None, run_after=None
[2025-05-06T00:16:56.487+0000] {processor.py:179} INFO - Processing /opt/airflow/dags/Preprocess_Data.py took 3.588 seconds
[2025-05-06T00:17:27.006+0000] {processor.py:157} INFO - Started process (PID=24141) to work on /opt/airflow/dags/Preprocess_Data.py
[2025-05-06T00:17:27.010+0000] {processor.py:829} INFO - Processing file /opt/airflow/dags/Preprocess_Data.py for tasks to queue
[2025-05-06T00:17:27.016+0000] {logging_mixin.py:154} INFO - [2025-05-06T00:17:27.011+0000] {dagbag.py:536} INFO - Filling up the DagBag from /opt/airflow/dags/Preprocess_Data.py
[2025-05-06T00:17:29.405+0000] {processor.py:839} INFO - DAG(s) dict_keys(['Preprocess_Data']) retrieved from /opt/airflow/dags/Preprocess_Data.py
[2025-05-06T00:17:29.738+0000] {logging_mixin.py:154} INFO - [2025-05-06T00:17:29.737+0000] {dag.py:2941} INFO - Sync 1 DAGs
[2025-05-06T00:17:29.820+0000] {logging_mixin.py:154} INFO - [2025-05-06T00:17:29.820+0000] {dag.py:3722} INFO - Setting next_dagrun for Preprocess_Data to None, run_after=None
[2025-05-06T00:17:30.210+0000] {processor.py:179} INFO - Processing /opt/airflow/dags/Preprocess_Data.py took 3.216 seconds
[2025-05-06T00:18:01.052+0000] {processor.py:157} INFO - Started process (PID=24157) to work on /opt/airflow/dags/Preprocess_Data.py
[2025-05-06T00:18:01.057+0000] {processor.py:829} INFO - Processing file /opt/airflow/dags/Preprocess_Data.py for tasks to queue
[2025-05-06T00:18:01.060+0000] {logging_mixin.py:154} INFO - [2025-05-06T00:18:01.059+0000] {dagbag.py:536} INFO - Filling up the DagBag from /opt/airflow/dags/Preprocess_Data.py
[2025-05-06T00:18:02.538+0000] {processor.py:839} INFO - DAG(s) dict_keys(['Preprocess_Data']) retrieved from /opt/airflow/dags/Preprocess_Data.py
[2025-05-06T00:18:02.583+0000] {logging_mixin.py:154} INFO - [2025-05-06T00:18:02.582+0000] {dag.py:2941} INFO - Sync 1 DAGs
[2025-05-06T00:18:02.601+0000] {logging_mixin.py:154} INFO - [2025-05-06T00:18:02.601+0000] {dag.py:3722} INFO - Setting next_dagrun for Preprocess_Data to None, run_after=None
[2025-05-06T00:18:02.786+0000] {processor.py:179} INFO - Processing /opt/airflow/dags/Preprocess_Data.py took 1.754 seconds
[2025-05-06T00:18:33.859+0000] {processor.py:157} INFO - Started process (PID=24178) to work on /opt/airflow/dags/Preprocess_Data.py
[2025-05-06T00:18:33.881+0000] {processor.py:829} INFO - Processing file /opt/airflow/dags/Preprocess_Data.py for tasks to queue
[2025-05-06T00:18:33.895+0000] {logging_mixin.py:154} INFO - [2025-05-06T00:18:33.882+0000] {dagbag.py:536} INFO - Filling up the DagBag from /opt/airflow/dags/Preprocess_Data.py
[2025-05-06T00:18:35.760+0000] {processor.py:839} INFO - DAG(s) dict_keys(['Preprocess_Data']) retrieved from /opt/airflow/dags/Preprocess_Data.py
[2025-05-06T00:18:35.856+0000] {logging_mixin.py:154} INFO - [2025-05-06T00:18:35.855+0000] {dag.py:2941} INFO - Sync 1 DAGs
[2025-05-06T00:18:35.953+0000] {logging_mixin.py:154} INFO - [2025-05-06T00:18:35.944+0000] {dag.py:3722} INFO - Setting next_dagrun for Preprocess_Data to None, run_after=None
[2025-05-06T00:18:36.043+0000] {processor.py:179} INFO - Processing /opt/airflow/dags/Preprocess_Data.py took 2.267 seconds
[2025-05-06T00:19:06.742+0000] {processor.py:157} INFO - Started process (PID=24200) to work on /opt/airflow/dags/Preprocess_Data.py
[2025-05-06T00:19:06.746+0000] {processor.py:829} INFO - Processing file /opt/airflow/dags/Preprocess_Data.py for tasks to queue
[2025-05-06T00:19:06.748+0000] {logging_mixin.py:154} INFO - [2025-05-06T00:19:06.748+0000] {dagbag.py:536} INFO - Filling up the DagBag from /opt/airflow/dags/Preprocess_Data.py
[2025-05-06T00:19:08.853+0000] {processor.py:839} INFO - DAG(s) dict_keys(['Preprocess_Data']) retrieved from /opt/airflow/dags/Preprocess_Data.py
[2025-05-06T00:19:08.945+0000] {logging_mixin.py:154} INFO - [2025-05-06T00:19:08.944+0000] {dag.py:2941} INFO - Sync 1 DAGs
[2025-05-06T00:19:08.981+0000] {logging_mixin.py:154} INFO - [2025-05-06T00:19:08.977+0000] {dag.py:3722} INFO - Setting next_dagrun for Preprocess_Data to None, run_after=None
[2025-05-06T00:19:09.053+0000] {processor.py:179} INFO - Processing /opt/airflow/dags/Preprocess_Data.py took 2.325 seconds
[2025-05-06T00:19:39.657+0000] {processor.py:157} INFO - Started process (PID=24221) to work on /opt/airflow/dags/Preprocess_Data.py
[2025-05-06T00:19:39.661+0000] {processor.py:829} INFO - Processing file /opt/airflow/dags/Preprocess_Data.py for tasks to queue
[2025-05-06T00:19:39.663+0000] {logging_mixin.py:154} INFO - [2025-05-06T00:19:39.662+0000] {dagbag.py:536} INFO - Filling up the DagBag from /opt/airflow/dags/Preprocess_Data.py
[2025-05-06T00:19:40.742+0000] {processor.py:839} INFO - DAG(s) dict_keys(['Preprocess_Data']) retrieved from /opt/airflow/dags/Preprocess_Data.py
[2025-05-06T00:19:40.803+0000] {logging_mixin.py:154} INFO - [2025-05-06T00:19:40.802+0000] {dag.py:2941} INFO - Sync 1 DAGs
[2025-05-06T00:19:40.831+0000] {logging_mixin.py:154} INFO - [2025-05-06T00:19:40.831+0000] {dag.py:3722} INFO - Setting next_dagrun for Preprocess_Data to None, run_after=None
[2025-05-06T00:19:40.882+0000] {processor.py:179} INFO - Processing /opt/airflow/dags/Preprocess_Data.py took 1.244 seconds
[2025-05-06T00:20:11.201+0000] {processor.py:157} INFO - Started process (PID=24238) to work on /opt/airflow/dags/Preprocess_Data.py
[2025-05-06T00:20:11.211+0000] {processor.py:829} INFO - Processing file /opt/airflow/dags/Preprocess_Data.py for tasks to queue
[2025-05-06T00:20:11.218+0000] {logging_mixin.py:154} INFO - [2025-05-06T00:20:11.218+0000] {dagbag.py:536} INFO - Filling up the DagBag from /opt/airflow/dags/Preprocess_Data.py
[2025-05-06T00:20:14.328+0000] {processor.py:839} INFO - DAG(s) dict_keys(['Preprocess_Data']) retrieved from /opt/airflow/dags/Preprocess_Data.py
[2025-05-06T00:20:14.528+0000] {logging_mixin.py:154} INFO - [2025-05-06T00:20:14.523+0000] {dag.py:2941} INFO - Sync 1 DAGs
[2025-05-06T00:20:14.633+0000] {logging_mixin.py:154} INFO - [2025-05-06T00:20:14.632+0000] {dag.py:3722} INFO - Setting next_dagrun for Preprocess_Data to None, run_after=None
[2025-05-06T00:20:14.731+0000] {processor.py:179} INFO - Processing /opt/airflow/dags/Preprocess_Data.py took 3.584 seconds
[2025-05-06T00:20:44.959+0000] {processor.py:157} INFO - Started process (PID=24255) to work on /opt/airflow/dags/Preprocess_Data.py
[2025-05-06T00:20:44.963+0000] {processor.py:829} INFO - Processing file /opt/airflow/dags/Preprocess_Data.py for tasks to queue
[2025-05-06T00:20:44.965+0000] {logging_mixin.py:154} INFO - [2025-05-06T00:20:44.964+0000] {dagbag.py:536} INFO - Filling up the DagBag from /opt/airflow/dags/Preprocess_Data.py
[2025-05-06T00:20:46.341+0000] {processor.py:839} INFO - DAG(s) dict_keys(['Preprocess_Data']) retrieved from /opt/airflow/dags/Preprocess_Data.py
[2025-05-06T00:20:46.470+0000] {logging_mixin.py:154} INFO - [2025-05-06T00:20:46.468+0000] {dag.py:2941} INFO - Sync 1 DAGs
[2025-05-06T00:20:46.520+0000] {logging_mixin.py:154} INFO - [2025-05-06T00:20:46.520+0000] {dag.py:3722} INFO - Setting next_dagrun for Preprocess_Data to None, run_after=None
[2025-05-06T00:20:46.686+0000] {processor.py:179} INFO - Processing /opt/airflow/dags/Preprocess_Data.py took 1.741 seconds
[2025-05-06T00:21:17.325+0000] {processor.py:157} INFO - Started process (PID=24273) to work on /opt/airflow/dags/Preprocess_Data.py
[2025-05-06T00:21:17.335+0000] {processor.py:829} INFO - Processing file /opt/airflow/dags/Preprocess_Data.py for tasks to queue
[2025-05-06T00:21:17.340+0000] {logging_mixin.py:154} INFO - [2025-05-06T00:21:17.336+0000] {dagbag.py:536} INFO - Filling up the DagBag from /opt/airflow/dags/Preprocess_Data.py
[2025-05-06T00:21:19.837+0000] {processor.py:839} INFO - DAG(s) dict_keys(['Preprocess_Data']) retrieved from /opt/airflow/dags/Preprocess_Data.py
[2025-05-06T00:21:19.897+0000] {logging_mixin.py:154} INFO - [2025-05-06T00:21:19.896+0000] {dag.py:2941} INFO - Sync 1 DAGs
[2025-05-06T00:21:19.951+0000] {logging_mixin.py:154} INFO - [2025-05-06T00:21:19.950+0000] {dag.py:3722} INFO - Setting next_dagrun for Preprocess_Data to None, run_after=None
[2025-05-06T00:21:20.132+0000] {processor.py:179} INFO - Processing /opt/airflow/dags/Preprocess_Data.py took 2.899 seconds
[2025-05-06T00:21:50.841+0000] {processor.py:157} INFO - Started process (PID=24289) to work on /opt/airflow/dags/Preprocess_Data.py
[2025-05-06T00:21:50.858+0000] {processor.py:829} INFO - Processing file /opt/airflow/dags/Preprocess_Data.py for tasks to queue
[2025-05-06T00:21:50.863+0000] {logging_mixin.py:154} INFO - [2025-05-06T00:21:50.860+0000] {dagbag.py:536} INFO - Filling up the DagBag from /opt/airflow/dags/Preprocess_Data.py
[2025-05-06T00:21:53.063+0000] {processor.py:839} INFO - DAG(s) dict_keys(['Preprocess_Data']) retrieved from /opt/airflow/dags/Preprocess_Data.py
[2025-05-06T00:21:53.320+0000] {logging_mixin.py:154} INFO - [2025-05-06T00:21:53.319+0000] {dag.py:2941} INFO - Sync 1 DAGs
[2025-05-06T00:21:53.449+0000] {logging_mixin.py:154} INFO - [2025-05-06T00:21:53.438+0000] {dag.py:3722} INFO - Setting next_dagrun for Preprocess_Data to None, run_after=None
[2025-05-06T00:21:53.669+0000] {processor.py:179} INFO - Processing /opt/airflow/dags/Preprocess_Data.py took 2.859 seconds
[2025-05-06T00:22:24.055+0000] {processor.py:157} INFO - Started process (PID=24310) to work on /opt/airflow/dags/Preprocess_Data.py
[2025-05-06T00:22:24.060+0000] {processor.py:829} INFO - Processing file /opt/airflow/dags/Preprocess_Data.py for tasks to queue
[2025-05-06T00:22:24.061+0000] {logging_mixin.py:154} INFO - [2025-05-06T00:22:24.061+0000] {dagbag.py:536} INFO - Filling up the DagBag from /opt/airflow/dags/Preprocess_Data.py
[2025-05-06T00:22:25.331+0000] {processor.py:839} INFO - DAG(s) dict_keys(['Preprocess_Data']) retrieved from /opt/airflow/dags/Preprocess_Data.py
[2025-05-06T00:22:25.410+0000] {logging_mixin.py:154} INFO - [2025-05-06T00:22:25.409+0000] {dag.py:2941} INFO - Sync 1 DAGs
[2025-05-06T00:22:25.441+0000] {logging_mixin.py:154} INFO - [2025-05-06T00:22:25.440+0000] {dag.py:3722} INFO - Setting next_dagrun for Preprocess_Data to None, run_after=None
[2025-05-06T00:22:25.480+0000] {processor.py:179} INFO - Processing /opt/airflow/dags/Preprocess_Data.py took 1.434 seconds
[2025-05-06T00:22:56.303+0000] {processor.py:157} INFO - Started process (PID=24331) to work on /opt/airflow/dags/Preprocess_Data.py
[2025-05-06T00:22:56.308+0000] {processor.py:829} INFO - Processing file /opt/airflow/dags/Preprocess_Data.py for tasks to queue
[2025-05-06T00:22:56.313+0000] {logging_mixin.py:154} INFO - [2025-05-06T00:22:56.310+0000] {dagbag.py:536} INFO - Filling up the DagBag from /opt/airflow/dags/Preprocess_Data.py
[2025-05-06T00:22:59.379+0000] {processor.py:839} INFO - DAG(s) dict_keys(['Preprocess_Data']) retrieved from /opt/airflow/dags/Preprocess_Data.py
[2025-05-06T00:22:59.455+0000] {logging_mixin.py:154} INFO - [2025-05-06T00:22:59.452+0000] {dag.py:2941} INFO - Sync 1 DAGs
[2025-05-06T00:22:59.541+0000] {logging_mixin.py:154} INFO - [2025-05-06T00:22:59.541+0000] {dag.py:3722} INFO - Setting next_dagrun for Preprocess_Data to None, run_after=None
[2025-05-06T00:22:59.646+0000] {processor.py:179} INFO - Processing /opt/airflow/dags/Preprocess_Data.py took 3.368 seconds
[2025-05-06T00:23:30.064+0000] {processor.py:157} INFO - Started process (PID=24344) to work on /opt/airflow/dags/Preprocess_Data.py
[2025-05-06T00:23:30.076+0000] {processor.py:829} INFO - Processing file /opt/airflow/dags/Preprocess_Data.py for tasks to queue
[2025-05-06T00:23:30.082+0000] {logging_mixin.py:154} INFO - [2025-05-06T00:23:30.079+0000] {dagbag.py:536} INFO - Filling up the DagBag from /opt/airflow/dags/Preprocess_Data.py
[2025-05-06T00:23:31.742+0000] {processor.py:839} INFO - DAG(s) dict_keys(['Preprocess_Data']) retrieved from /opt/airflow/dags/Preprocess_Data.py
[2025-05-06T00:23:31.785+0000] {logging_mixin.py:154} INFO - [2025-05-06T00:23:31.784+0000] {dag.py:2941} INFO - Sync 1 DAGs
[2025-05-06T00:23:31.809+0000] {logging_mixin.py:154} INFO - [2025-05-06T00:23:31.809+0000] {dag.py:3722} INFO - Setting next_dagrun for Preprocess_Data to None, run_after=None
[2025-05-06T00:23:31.843+0000] {processor.py:179} INFO - Processing /opt/airflow/dags/Preprocess_Data.py took 1.850 seconds
[2025-05-06T00:24:02.490+0000] {processor.py:157} INFO - Started process (PID=24365) to work on /opt/airflow/dags/Preprocess_Data.py
[2025-05-06T00:24:02.505+0000] {processor.py:829} INFO - Processing file /opt/airflow/dags/Preprocess_Data.py for tasks to queue
[2025-05-06T00:24:02.507+0000] {logging_mixin.py:154} INFO - [2025-05-06T00:24:02.506+0000] {dagbag.py:536} INFO - Filling up the DagBag from /opt/airflow/dags/Preprocess_Data.py
[2025-05-06T00:24:03.933+0000] {processor.py:839} INFO - DAG(s) dict_keys(['Preprocess_Data']) retrieved from /opt/airflow/dags/Preprocess_Data.py
[2025-05-06T00:24:04.009+0000] {logging_mixin.py:154} INFO - [2025-05-06T00:24:04.008+0000] {dag.py:2941} INFO - Sync 1 DAGs
[2025-05-06T00:24:04.039+0000] {logging_mixin.py:154} INFO - [2025-05-06T00:24:04.038+0000] {dag.py:3722} INFO - Setting next_dagrun for Preprocess_Data to None, run_after=None
[2025-05-06T00:24:04.119+0000] {processor.py:179} INFO - Processing /opt/airflow/dags/Preprocess_Data.py took 1.681 seconds
[2025-05-06T00:24:34.504+0000] {processor.py:157} INFO - Started process (PID=24386) to work on /opt/airflow/dags/Preprocess_Data.py
[2025-05-06T00:24:34.510+0000] {processor.py:829} INFO - Processing file /opt/airflow/dags/Preprocess_Data.py for tasks to queue
[2025-05-06T00:24:34.513+0000] {logging_mixin.py:154} INFO - [2025-05-06T00:24:34.511+0000] {dagbag.py:536} INFO - Filling up the DagBag from /opt/airflow/dags/Preprocess_Data.py
[2025-05-06T00:24:36.558+0000] {processor.py:839} INFO - DAG(s) dict_keys(['Preprocess_Data']) retrieved from /opt/airflow/dags/Preprocess_Data.py
[2025-05-06T00:24:36.656+0000] {logging_mixin.py:154} INFO - [2025-05-06T00:24:36.655+0000] {dag.py:2941} INFO - Sync 1 DAGs
[2025-05-06T00:24:36.693+0000] {logging_mixin.py:154} INFO - [2025-05-06T00:24:36.693+0000] {dag.py:3722} INFO - Setting next_dagrun for Preprocess_Data to None, run_after=None
[2025-05-06T00:24:36.772+0000] {processor.py:179} INFO - Processing /opt/airflow/dags/Preprocess_Data.py took 2.283 seconds
[2025-05-06T00:25:10.420+0000] {processor.py:157} INFO - Started process (PID=24407) to work on /opt/airflow/dags/Preprocess_Data.py
[2025-05-06T00:25:10.435+0000] {processor.py:829} INFO - Processing file /opt/airflow/dags/Preprocess_Data.py for tasks to queue
[2025-05-06T00:25:10.446+0000] {logging_mixin.py:154} INFO - [2025-05-06T00:25:10.440+0000] {dagbag.py:536} INFO - Filling up the DagBag from /opt/airflow/dags/Preprocess_Data.py
[2025-05-06T00:25:12.148+0000] {processor.py:839} INFO - DAG(s) dict_keys(['Preprocess_Data']) retrieved from /opt/airflow/dags/Preprocess_Data.py
[2025-05-06T00:25:12.205+0000] {logging_mixin.py:154} INFO - [2025-05-06T00:25:12.204+0000] {dag.py:2941} INFO - Sync 1 DAGs
[2025-05-06T00:25:12.223+0000] {logging_mixin.py:154} INFO - [2025-05-06T00:25:12.223+0000] {dag.py:3722} INFO - Setting next_dagrun for Preprocess_Data to None, run_after=None
[2025-05-06T00:25:12.278+0000] {processor.py:179} INFO - Processing /opt/airflow/dags/Preprocess_Data.py took 1.869 seconds
[2025-05-06T00:25:50.489+0000] {processor.py:157} INFO - Started process (PID=24423) to work on /opt/airflow/dags/Preprocess_Data.py
[2025-05-06T00:25:50.493+0000] {processor.py:829} INFO - Processing file /opt/airflow/dags/Preprocess_Data.py for tasks to queue
[2025-05-06T00:25:50.497+0000] {logging_mixin.py:154} INFO - [2025-05-06T00:25:50.494+0000] {dagbag.py:536} INFO - Filling up the DagBag from /opt/airflow/dags/Preprocess_Data.py
[2025-05-06T00:25:53.831+0000] {processor.py:839} INFO - DAG(s) dict_keys(['Preprocess_Data']) retrieved from /opt/airflow/dags/Preprocess_Data.py
[2025-05-06T00:25:53.957+0000] {logging_mixin.py:154} INFO - [2025-05-06T00:25:53.956+0000] {dag.py:2941} INFO - Sync 1 DAGs
[2025-05-06T00:25:54.075+0000] {logging_mixin.py:154} INFO - [2025-05-06T00:25:54.066+0000] {dag.py:3722} INFO - Setting next_dagrun for Preprocess_Data to None, run_after=None
[2025-05-06T00:25:54.259+0000] {processor.py:179} INFO - Processing /opt/airflow/dags/Preprocess_Data.py took 3.788 seconds
[2025-05-06T00:26:25.056+0000] {processor.py:157} INFO - Started process (PID=24436) to work on /opt/airflow/dags/Preprocess_Data.py
[2025-05-06T00:26:25.065+0000] {processor.py:829} INFO - Processing file /opt/airflow/dags/Preprocess_Data.py for tasks to queue
[2025-05-06T00:26:25.077+0000] {logging_mixin.py:154} INFO - [2025-05-06T00:26:25.066+0000] {dagbag.py:536} INFO - Filling up the DagBag from /opt/airflow/dags/Preprocess_Data.py
[2025-05-06T00:26:26.958+0000] {processor.py:839} INFO - DAG(s) dict_keys(['Preprocess_Data']) retrieved from /opt/airflow/dags/Preprocess_Data.py
[2025-05-06T00:26:27.136+0000] {logging_mixin.py:154} INFO - [2025-05-06T00:26:27.131+0000] {dag.py:2941} INFO - Sync 1 DAGs
[2025-05-06T00:26:27.272+0000] {logging_mixin.py:154} INFO - [2025-05-06T00:26:27.272+0000] {dag.py:3722} INFO - Setting next_dagrun for Preprocess_Data to None, run_after=None
[2025-05-06T00:26:27.478+0000] {processor.py:179} INFO - Processing /opt/airflow/dags/Preprocess_Data.py took 2.447 seconds
[2025-05-06T00:26:58.026+0000] {processor.py:157} INFO - Started process (PID=24452) to work on /opt/airflow/dags/Preprocess_Data.py
[2025-05-06T00:26:58.032+0000] {processor.py:829} INFO - Processing file /opt/airflow/dags/Preprocess_Data.py for tasks to queue
[2025-05-06T00:26:58.034+0000] {logging_mixin.py:154} INFO - [2025-05-06T00:26:58.033+0000] {dagbag.py:536} INFO - Filling up the DagBag from /opt/airflow/dags/Preprocess_Data.py
[2025-05-06T00:27:00.543+0000] {processor.py:839} INFO - DAG(s) dict_keys(['Preprocess_Data']) retrieved from /opt/airflow/dags/Preprocess_Data.py
[2025-05-06T00:27:00.610+0000] {logging_mixin.py:154} INFO - [2025-05-06T00:27:00.608+0000] {dag.py:2941} INFO - Sync 1 DAGs
[2025-05-06T00:27:00.652+0000] {logging_mixin.py:154} INFO - [2025-05-06T00:27:00.651+0000] {dag.py:3722} INFO - Setting next_dagrun for Preprocess_Data to None, run_after=None
[2025-05-06T00:27:00.704+0000] {processor.py:179} INFO - Processing /opt/airflow/dags/Preprocess_Data.py took 2.727 seconds
[2025-05-06T00:27:31.116+0000] {processor.py:157} INFO - Started process (PID=24473) to work on /opt/airflow/dags/Preprocess_Data.py
[2025-05-06T00:27:31.120+0000] {processor.py:829} INFO - Processing file /opt/airflow/dags/Preprocess_Data.py for tasks to queue
[2025-05-06T00:27:31.122+0000] {logging_mixin.py:154} INFO - [2025-05-06T00:27:31.122+0000] {dagbag.py:536} INFO - Filling up the DagBag from /opt/airflow/dags/Preprocess_Data.py
[2025-05-06T00:27:32.866+0000] {processor.py:839} INFO - DAG(s) dict_keys(['Preprocess_Data']) retrieved from /opt/airflow/dags/Preprocess_Data.py
[2025-05-06T00:27:33.090+0000] {logging_mixin.py:154} INFO - [2025-05-06T00:27:33.089+0000] {dag.py:2941} INFO - Sync 1 DAGs
[2025-05-06T00:27:33.124+0000] {logging_mixin.py:154} INFO - [2025-05-06T00:27:33.123+0000] {dag.py:3722} INFO - Setting next_dagrun for Preprocess_Data to None, run_after=None
[2025-05-06T00:27:33.240+0000] {processor.py:179} INFO - Processing /opt/airflow/dags/Preprocess_Data.py took 2.172 seconds
[2025-05-06T00:28:03.715+0000] {processor.py:157} INFO - Started process (PID=24494) to work on /opt/airflow/dags/Preprocess_Data.py
[2025-05-06T00:28:03.732+0000] {processor.py:829} INFO - Processing file /opt/airflow/dags/Preprocess_Data.py for tasks to queue
[2025-05-06T00:28:03.735+0000] {logging_mixin.py:154} INFO - [2025-05-06T00:28:03.734+0000] {dagbag.py:536} INFO - Filling up the DagBag from /opt/airflow/dags/Preprocess_Data.py
[2025-05-06T00:28:05.474+0000] {processor.py:839} INFO - DAG(s) dict_keys(['Preprocess_Data']) retrieved from /opt/airflow/dags/Preprocess_Data.py
[2025-05-06T00:28:05.533+0000] {logging_mixin.py:154} INFO - [2025-05-06T00:28:05.532+0000] {dag.py:2941} INFO - Sync 1 DAGs
[2025-05-06T00:28:05.570+0000] {logging_mixin.py:154} INFO - [2025-05-06T00:28:05.570+0000] {dag.py:3722} INFO - Setting next_dagrun for Preprocess_Data to None, run_after=None
[2025-05-06T00:28:05.625+0000] {processor.py:179} INFO - Processing /opt/airflow/dags/Preprocess_Data.py took 1.971 seconds
[2025-05-06T00:28:35.768+0000] {processor.py:157} INFO - Started process (PID=24516) to work on /opt/airflow/dags/Preprocess_Data.py
[2025-05-06T00:28:35.781+0000] {processor.py:829} INFO - Processing file /opt/airflow/dags/Preprocess_Data.py for tasks to queue
[2025-05-06T00:28:35.790+0000] {logging_mixin.py:154} INFO - [2025-05-06T00:28:35.789+0000] {dagbag.py:536} INFO - Filling up the DagBag from /opt/airflow/dags/Preprocess_Data.py
[2025-05-06T00:28:36.837+0000] {processor.py:839} INFO - DAG(s) dict_keys(['Preprocess_Data']) retrieved from /opt/airflow/dags/Preprocess_Data.py
[2025-05-06T00:28:36.879+0000] {logging_mixin.py:154} INFO - [2025-05-06T00:28:36.878+0000] {dag.py:2941} INFO - Sync 1 DAGs
[2025-05-06T00:28:36.899+0000] {logging_mixin.py:154} INFO - [2025-05-06T00:28:36.898+0000] {dag.py:3722} INFO - Setting next_dagrun for Preprocess_Data to None, run_after=None
[2025-05-06T00:28:36.945+0000] {processor.py:179} INFO - Processing /opt/airflow/dags/Preprocess_Data.py took 1.201 seconds
[2025-05-06T00:29:08.101+0000] {processor.py:157} INFO - Started process (PID=24537) to work on /opt/airflow/dags/Preprocess_Data.py
[2025-05-06T00:29:08.103+0000] {processor.py:829} INFO - Processing file /opt/airflow/dags/Preprocess_Data.py for tasks to queue
[2025-05-06T00:29:08.108+0000] {logging_mixin.py:154} INFO - [2025-05-06T00:29:08.107+0000] {dagbag.py:536} INFO - Filling up the DagBag from /opt/airflow/dags/Preprocess_Data.py
[2025-05-06T00:29:09.177+0000] {processor.py:839} INFO - DAG(s) dict_keys(['Preprocess_Data']) retrieved from /opt/airflow/dags/Preprocess_Data.py
[2025-05-06T00:29:09.219+0000] {logging_mixin.py:154} INFO - [2025-05-06T00:29:09.218+0000] {dag.py:2941} INFO - Sync 1 DAGs
[2025-05-06T00:29:09.239+0000] {logging_mixin.py:154} INFO - [2025-05-06T00:29:09.238+0000] {dag.py:3722} INFO - Setting next_dagrun for Preprocess_Data to None, run_after=None
[2025-05-06T00:29:09.286+0000] {processor.py:179} INFO - Processing /opt/airflow/dags/Preprocess_Data.py took 1.194 seconds
[2025-05-06T00:29:39.791+0000] {processor.py:157} INFO - Started process (PID=24554) to work on /opt/airflow/dags/Preprocess_Data.py
[2025-05-06T00:29:39.796+0000] {processor.py:829} INFO - Processing file /opt/airflow/dags/Preprocess_Data.py for tasks to queue
[2025-05-06T00:29:39.801+0000] {logging_mixin.py:154} INFO - [2025-05-06T00:29:39.800+0000] {dagbag.py:536} INFO - Filling up the DagBag from /opt/airflow/dags/Preprocess_Data.py
[2025-05-06T00:29:41.625+0000] {processor.py:839} INFO - DAG(s) dict_keys(['Preprocess_Data']) retrieved from /opt/airflow/dags/Preprocess_Data.py
[2025-05-06T00:29:41.696+0000] {logging_mixin.py:154} INFO - [2025-05-06T00:29:41.695+0000] {dag.py:2941} INFO - Sync 1 DAGs
[2025-05-06T00:29:41.738+0000] {logging_mixin.py:154} INFO - [2025-05-06T00:29:41.737+0000] {dag.py:3722} INFO - Setting next_dagrun for Preprocess_Data to None, run_after=None
[2025-05-06T00:29:41.799+0000] {processor.py:179} INFO - Processing /opt/airflow/dags/Preprocess_Data.py took 2.028 seconds
[2025-05-06T00:30:12.633+0000] {processor.py:157} INFO - Started process (PID=24571) to work on /opt/airflow/dags/Preprocess_Data.py
[2025-05-06T00:30:12.637+0000] {processor.py:829} INFO - Processing file /opt/airflow/dags/Preprocess_Data.py for tasks to queue
[2025-05-06T00:30:12.646+0000] {logging_mixin.py:154} INFO - [2025-05-06T00:30:12.643+0000] {dagbag.py:536} INFO - Filling up the DagBag from /opt/airflow/dags/Preprocess_Data.py
[2025-05-06T00:30:13.622+0000] {processor.py:839} INFO - DAG(s) dict_keys(['Preprocess_Data']) retrieved from /opt/airflow/dags/Preprocess_Data.py
[2025-05-06T00:30:13.710+0000] {logging_mixin.py:154} INFO - [2025-05-06T00:30:13.709+0000] {dag.py:2941} INFO - Sync 1 DAGs
[2025-05-06T00:30:13.764+0000] {logging_mixin.py:154} INFO - [2025-05-06T00:30:13.764+0000] {dag.py:3722} INFO - Setting next_dagrun for Preprocess_Data to None, run_after=None
[2025-05-06T00:30:13.851+0000] {processor.py:179} INFO - Processing /opt/airflow/dags/Preprocess_Data.py took 1.239 seconds
[2025-05-06T00:30:44.227+0000] {processor.py:157} INFO - Started process (PID=24592) to work on /opt/airflow/dags/Preprocess_Data.py
[2025-05-06T00:30:44.230+0000] {processor.py:829} INFO - Processing file /opt/airflow/dags/Preprocess_Data.py for tasks to queue
[2025-05-06T00:30:44.231+0000] {logging_mixin.py:154} INFO - [2025-05-06T00:30:44.231+0000] {dagbag.py:536} INFO - Filling up the DagBag from /opt/airflow/dags/Preprocess_Data.py
[2025-05-06T00:30:45.114+0000] {processor.py:839} INFO - DAG(s) dict_keys(['Preprocess_Data']) retrieved from /opt/airflow/dags/Preprocess_Data.py
[2025-05-06T00:30:45.151+0000] {logging_mixin.py:154} INFO - [2025-05-06T00:30:45.150+0000] {dag.py:2941} INFO - Sync 1 DAGs
[2025-05-06T00:30:45.168+0000] {logging_mixin.py:154} INFO - [2025-05-06T00:30:45.167+0000] {dag.py:3722} INFO - Setting next_dagrun for Preprocess_Data to None, run_after=None
[2025-05-06T00:30:45.199+0000] {processor.py:179} INFO - Processing /opt/airflow/dags/Preprocess_Data.py took 0.992 seconds
[2025-05-06T00:31:15.890+0000] {processor.py:157} INFO - Started process (PID=24610) to work on /opt/airflow/dags/Preprocess_Data.py
[2025-05-06T00:31:15.900+0000] {processor.py:829} INFO - Processing file /opt/airflow/dags/Preprocess_Data.py for tasks to queue
[2025-05-06T00:31:15.906+0000] {logging_mixin.py:154} INFO - [2025-05-06T00:31:15.905+0000] {dagbag.py:536} INFO - Filling up the DagBag from /opt/airflow/dags/Preprocess_Data.py
[2025-05-06T00:31:17.608+0000] {processor.py:839} INFO - DAG(s) dict_keys(['Preprocess_Data']) retrieved from /opt/airflow/dags/Preprocess_Data.py
[2025-05-06T00:31:17.640+0000] {logging_mixin.py:154} INFO - [2025-05-06T00:31:17.639+0000] {dag.py:2941} INFO - Sync 1 DAGs
[2025-05-06T00:31:17.659+0000] {logging_mixin.py:154} INFO - [2025-05-06T00:31:17.659+0000] {dag.py:3722} INFO - Setting next_dagrun for Preprocess_Data to None, run_after=None
[2025-05-06T00:31:17.708+0000] {processor.py:179} INFO - Processing /opt/airflow/dags/Preprocess_Data.py took 1.852 seconds
[2025-05-06T00:31:48.239+0000] {processor.py:157} INFO - Started process (PID=24626) to work on /opt/airflow/dags/Preprocess_Data.py
[2025-05-06T00:31:48.246+0000] {processor.py:829} INFO - Processing file /opt/airflow/dags/Preprocess_Data.py for tasks to queue
[2025-05-06T00:31:48.247+0000] {logging_mixin.py:154} INFO - [2025-05-06T00:31:48.247+0000] {dagbag.py:536} INFO - Filling up the DagBag from /opt/airflow/dags/Preprocess_Data.py
[2025-05-06T00:31:49.275+0000] {processor.py:839} INFO - DAG(s) dict_keys(['Preprocess_Data']) retrieved from /opt/airflow/dags/Preprocess_Data.py
[2025-05-06T00:31:49.325+0000] {logging_mixin.py:154} INFO - [2025-05-06T00:31:49.323+0000] {dag.py:2941} INFO - Sync 1 DAGs
[2025-05-06T00:31:49.351+0000] {logging_mixin.py:154} INFO - [2025-05-06T00:31:49.350+0000] {dag.py:3722} INFO - Setting next_dagrun for Preprocess_Data to None, run_after=None
[2025-05-06T00:31:49.389+0000] {processor.py:179} INFO - Processing /opt/airflow/dags/Preprocess_Data.py took 1.167 seconds
[2025-05-06T00:32:19.962+0000] {processor.py:157} INFO - Started process (PID=24647) to work on /opt/airflow/dags/Preprocess_Data.py
[2025-05-06T00:32:19.965+0000] {processor.py:829} INFO - Processing file /opt/airflow/dags/Preprocess_Data.py for tasks to queue
[2025-05-06T00:32:19.968+0000] {logging_mixin.py:154} INFO - [2025-05-06T00:32:19.967+0000] {dagbag.py:536} INFO - Filling up the DagBag from /opt/airflow/dags/Preprocess_Data.py
[2025-05-06T00:32:20.914+0000] {processor.py:839} INFO - DAG(s) dict_keys(['Preprocess_Data']) retrieved from /opt/airflow/dags/Preprocess_Data.py
[2025-05-06T00:32:20.985+0000] {logging_mixin.py:154} INFO - [2025-05-06T00:32:20.984+0000] {dag.py:2941} INFO - Sync 1 DAGs
[2025-05-06T00:32:21.016+0000] {logging_mixin.py:154} INFO - [2025-05-06T00:32:21.014+0000] {dag.py:3722} INFO - Setting next_dagrun for Preprocess_Data to None, run_after=None
[2025-05-06T00:32:21.066+0000] {processor.py:179} INFO - Processing /opt/airflow/dags/Preprocess_Data.py took 1.119 seconds
[2025-05-06T00:32:51.279+0000] {processor.py:157} INFO - Started process (PID=24668) to work on /opt/airflow/dags/Preprocess_Data.py
[2025-05-06T00:32:51.284+0000] {processor.py:829} INFO - Processing file /opt/airflow/dags/Preprocess_Data.py for tasks to queue
[2025-05-06T00:32:51.287+0000] {logging_mixin.py:154} INFO - [2025-05-06T00:32:51.286+0000] {dagbag.py:536} INFO - Filling up the DagBag from /opt/airflow/dags/Preprocess_Data.py
[2025-05-06T00:32:52.234+0000] {processor.py:839} INFO - DAG(s) dict_keys(['Preprocess_Data']) retrieved from /opt/airflow/dags/Preprocess_Data.py
[2025-05-06T00:32:52.281+0000] {logging_mixin.py:154} INFO - [2025-05-06T00:32:52.280+0000] {dag.py:2941} INFO - Sync 1 DAGs
[2025-05-06T00:32:52.298+0000] {logging_mixin.py:154} INFO - [2025-05-06T00:32:52.298+0000] {dag.py:3722} INFO - Setting next_dagrun for Preprocess_Data to None, run_after=None
[2025-05-06T00:32:52.325+0000] {processor.py:179} INFO - Processing /opt/airflow/dags/Preprocess_Data.py took 1.061 seconds
[2025-05-06T00:33:22.902+0000] {processor.py:157} INFO - Started process (PID=24689) to work on /opt/airflow/dags/Preprocess_Data.py
[2025-05-06T00:33:22.904+0000] {processor.py:829} INFO - Processing file /opt/airflow/dags/Preprocess_Data.py for tasks to queue
[2025-05-06T00:33:22.907+0000] {logging_mixin.py:154} INFO - [2025-05-06T00:33:22.907+0000] {dagbag.py:536} INFO - Filling up the DagBag from /opt/airflow/dags/Preprocess_Data.py
[2025-05-06T00:33:23.887+0000] {processor.py:839} INFO - DAG(s) dict_keys(['Preprocess_Data']) retrieved from /opt/airflow/dags/Preprocess_Data.py
[2025-05-06T00:33:23.922+0000] {logging_mixin.py:154} INFO - [2025-05-06T00:33:23.921+0000] {dag.py:2941} INFO - Sync 1 DAGs
[2025-05-06T00:33:23.940+0000] {logging_mixin.py:154} INFO - [2025-05-06T00:33:23.940+0000] {dag.py:3722} INFO - Setting next_dagrun for Preprocess_Data to None, run_after=None
[2025-05-06T00:33:23.969+0000] {processor.py:179} INFO - Processing /opt/airflow/dags/Preprocess_Data.py took 1.082 seconds
[2025-05-06T00:33:54.890+0000] {processor.py:157} INFO - Started process (PID=24710) to work on /opt/airflow/dags/Preprocess_Data.py
[2025-05-06T00:33:54.892+0000] {processor.py:829} INFO - Processing file /opt/airflow/dags/Preprocess_Data.py for tasks to queue
[2025-05-06T00:33:54.900+0000] {logging_mixin.py:154} INFO - [2025-05-06T00:33:54.897+0000] {dagbag.py:536} INFO - Filling up the DagBag from /opt/airflow/dags/Preprocess_Data.py
[2025-05-06T00:33:56.528+0000] {processor.py:839} INFO - DAG(s) dict_keys(['Preprocess_Data']) retrieved from /opt/airflow/dags/Preprocess_Data.py
[2025-05-06T00:33:56.651+0000] {logging_mixin.py:154} INFO - [2025-05-06T00:33:56.649+0000] {dag.py:2941} INFO - Sync 1 DAGs
[2025-05-06T00:33:56.689+0000] {logging_mixin.py:154} INFO - [2025-05-06T00:33:56.687+0000] {dag.py:3722} INFO - Setting next_dagrun for Preprocess_Data to None, run_after=None
[2025-05-06T00:33:56.743+0000] {processor.py:179} INFO - Processing /opt/airflow/dags/Preprocess_Data.py took 1.861 seconds
[2025-05-06T00:34:27.652+0000] {processor.py:157} INFO - Started process (PID=24727) to work on /opt/airflow/dags/Preprocess_Data.py
[2025-05-06T00:34:27.657+0000] {processor.py:829} INFO - Processing file /opt/airflow/dags/Preprocess_Data.py for tasks to queue
[2025-05-06T00:34:27.661+0000] {logging_mixin.py:154} INFO - [2025-05-06T00:34:27.660+0000] {dagbag.py:536} INFO - Filling up the DagBag from /opt/airflow/dags/Preprocess_Data.py
[2025-05-06T00:34:29.292+0000] {processor.py:839} INFO - DAG(s) dict_keys(['Preprocess_Data']) retrieved from /opt/airflow/dags/Preprocess_Data.py
[2025-05-06T00:34:29.340+0000] {logging_mixin.py:154} INFO - [2025-05-06T00:34:29.339+0000] {dag.py:2941} INFO - Sync 1 DAGs
[2025-05-06T00:34:29.359+0000] {logging_mixin.py:154} INFO - [2025-05-06T00:34:29.359+0000] {dag.py:3722} INFO - Setting next_dagrun for Preprocess_Data to None, run_after=None
[2025-05-06T00:34:29.389+0000] {processor.py:179} INFO - Processing /opt/airflow/dags/Preprocess_Data.py took 1.755 seconds
[2025-05-06T00:34:59.647+0000] {processor.py:157} INFO - Started process (PID=24744) to work on /opt/airflow/dags/Preprocess_Data.py
[2025-05-06T00:34:59.649+0000] {processor.py:829} INFO - Processing file /opt/airflow/dags/Preprocess_Data.py for tasks to queue
[2025-05-06T00:34:59.651+0000] {logging_mixin.py:154} INFO - [2025-05-06T00:34:59.650+0000] {dagbag.py:536} INFO - Filling up the DagBag from /opt/airflow/dags/Preprocess_Data.py
[2025-05-06T00:35:00.581+0000] {processor.py:839} INFO - DAG(s) dict_keys(['Preprocess_Data']) retrieved from /opt/airflow/dags/Preprocess_Data.py
[2025-05-06T00:35:00.622+0000] {logging_mixin.py:154} INFO - [2025-05-06T00:35:00.621+0000] {dag.py:2941} INFO - Sync 1 DAGs
[2025-05-06T00:35:00.640+0000] {logging_mixin.py:154} INFO - [2025-05-06T00:35:00.639+0000] {dag.py:3722} INFO - Setting next_dagrun for Preprocess_Data to None, run_after=None
[2025-05-06T00:35:00.681+0000] {processor.py:179} INFO - Processing /opt/airflow/dags/Preprocess_Data.py took 1.044 seconds
[2025-05-06T00:35:31.011+0000] {processor.py:157} INFO - Started process (PID=24765) to work on /opt/airflow/dags/Preprocess_Data.py
[2025-05-06T00:35:31.014+0000] {processor.py:829} INFO - Processing file /opt/airflow/dags/Preprocess_Data.py for tasks to queue
[2025-05-06T00:35:31.016+0000] {logging_mixin.py:154} INFO - [2025-05-06T00:35:31.016+0000] {dagbag.py:536} INFO - Filling up the DagBag from /opt/airflow/dags/Preprocess_Data.py
[2025-05-06T00:35:32.114+0000] {processor.py:839} INFO - DAG(s) dict_keys(['Preprocess_Data']) retrieved from /opt/airflow/dags/Preprocess_Data.py
[2025-05-06T00:35:32.155+0000] {logging_mixin.py:154} INFO - [2025-05-06T00:35:32.154+0000] {dag.py:2941} INFO - Sync 1 DAGs
[2025-05-06T00:35:32.189+0000] {logging_mixin.py:154} INFO - [2025-05-06T00:35:32.189+0000] {dag.py:3722} INFO - Setting next_dagrun for Preprocess_Data to None, run_after=None
[2025-05-06T00:35:32.247+0000] {processor.py:179} INFO - Processing /opt/airflow/dags/Preprocess_Data.py took 1.248 seconds
[2025-05-06T00:36:02.434+0000] {processor.py:157} INFO - Started process (PID=24786) to work on /opt/airflow/dags/Preprocess_Data.py
[2025-05-06T00:36:02.437+0000] {processor.py:829} INFO - Processing file /opt/airflow/dags/Preprocess_Data.py for tasks to queue
[2025-05-06T00:36:02.439+0000] {logging_mixin.py:154} INFO - [2025-05-06T00:36:02.438+0000] {dagbag.py:536} INFO - Filling up the DagBag from /opt/airflow/dags/Preprocess_Data.py
[2025-05-06T00:36:03.406+0000] {processor.py:839} INFO - DAG(s) dict_keys(['Preprocess_Data']) retrieved from /opt/airflow/dags/Preprocess_Data.py
[2025-05-06T00:36:03.456+0000] {logging_mixin.py:154} INFO - [2025-05-06T00:36:03.456+0000] {dag.py:2941} INFO - Sync 1 DAGs
[2025-05-06T00:36:03.482+0000] {logging_mixin.py:154} INFO - [2025-05-06T00:36:03.481+0000] {dag.py:3722} INFO - Setting next_dagrun for Preprocess_Data to None, run_after=None
[2025-05-06T00:36:03.522+0000] {processor.py:179} INFO - Processing /opt/airflow/dags/Preprocess_Data.py took 1.104 seconds
[2025-05-06T00:36:33.741+0000] {processor.py:157} INFO - Started process (PID=24807) to work on /opt/airflow/dags/Preprocess_Data.py
[2025-05-06T00:36:33.744+0000] {processor.py:829} INFO - Processing file /opt/airflow/dags/Preprocess_Data.py for tasks to queue
[2025-05-06T00:36:33.747+0000] {logging_mixin.py:154} INFO - [2025-05-06T00:36:33.746+0000] {dagbag.py:536} INFO - Filling up the DagBag from /opt/airflow/dags/Preprocess_Data.py
[2025-05-06T00:36:34.793+0000] {processor.py:839} INFO - DAG(s) dict_keys(['Preprocess_Data']) retrieved from /opt/airflow/dags/Preprocess_Data.py
[2025-05-06T00:36:34.842+0000] {logging_mixin.py:154} INFO - [2025-05-06T00:36:34.841+0000] {dag.py:2941} INFO - Sync 1 DAGs
[2025-05-06T00:36:34.872+0000] {logging_mixin.py:154} INFO - [2025-05-06T00:36:34.872+0000] {dag.py:3722} INFO - Setting next_dagrun for Preprocess_Data to None, run_after=None
[2025-05-06T00:36:34.929+0000] {processor.py:179} INFO - Processing /opt/airflow/dags/Preprocess_Data.py took 1.206 seconds
[2025-05-06T00:37:05.266+0000] {processor.py:157} INFO - Started process (PID=24825) to work on /opt/airflow/dags/Preprocess_Data.py
[2025-05-06T00:37:05.270+0000] {processor.py:829} INFO - Processing file /opt/airflow/dags/Preprocess_Data.py for tasks to queue
[2025-05-06T00:37:05.275+0000] {logging_mixin.py:154} INFO - [2025-05-06T00:37:05.275+0000] {dagbag.py:536} INFO - Filling up the DagBag from /opt/airflow/dags/Preprocess_Data.py
[2025-05-06T00:37:07.479+0000] {processor.py:839} INFO - DAG(s) dict_keys(['Preprocess_Data']) retrieved from /opt/airflow/dags/Preprocess_Data.py
[2025-05-06T00:37:07.522+0000] {logging_mixin.py:154} INFO - [2025-05-06T00:37:07.521+0000] {dag.py:2941} INFO - Sync 1 DAGs
[2025-05-06T00:37:07.548+0000] {logging_mixin.py:154} INFO - [2025-05-06T00:37:07.548+0000] {dag.py:3722} INFO - Setting next_dagrun for Preprocess_Data to None, run_after=None
[2025-05-06T00:37:07.614+0000] {processor.py:179} INFO - Processing /opt/airflow/dags/Preprocess_Data.py took 2.388 seconds
[2025-05-06T00:37:37.928+0000] {processor.py:157} INFO - Started process (PID=24845) to work on /opt/airflow/dags/Preprocess_Data.py
[2025-05-06T00:37:37.935+0000] {processor.py:829} INFO - Processing file /opt/airflow/dags/Preprocess_Data.py for tasks to queue
[2025-05-06T00:37:37.936+0000] {logging_mixin.py:154} INFO - [2025-05-06T00:37:37.936+0000] {dagbag.py:536} INFO - Filling up the DagBag from /opt/airflow/dags/Preprocess_Data.py
[2025-05-06T00:37:39.211+0000] {processor.py:839} INFO - DAG(s) dict_keys(['Preprocess_Data']) retrieved from /opt/airflow/dags/Preprocess_Data.py
[2025-05-06T00:37:39.255+0000] {logging_mixin.py:154} INFO - [2025-05-06T00:37:39.254+0000] {dag.py:2941} INFO - Sync 1 DAGs
[2025-05-06T00:37:39.275+0000] {logging_mixin.py:154} INFO - [2025-05-06T00:37:39.274+0000] {dag.py:3722} INFO - Setting next_dagrun for Preprocess_Data to None, run_after=None
[2025-05-06T00:37:39.311+0000] {processor.py:179} INFO - Processing /opt/airflow/dags/Preprocess_Data.py took 1.399 seconds
[2025-05-06T00:38:09.526+0000] {processor.py:157} INFO - Started process (PID=24862) to work on /opt/airflow/dags/Preprocess_Data.py
[2025-05-06T00:38:09.528+0000] {processor.py:829} INFO - Processing file /opt/airflow/dags/Preprocess_Data.py for tasks to queue
[2025-05-06T00:38:09.530+0000] {logging_mixin.py:154} INFO - [2025-05-06T00:38:09.529+0000] {dagbag.py:536} INFO - Filling up the DagBag from /opt/airflow/dags/Preprocess_Data.py
[2025-05-06T00:38:10.360+0000] {processor.py:839} INFO - DAG(s) dict_keys(['Preprocess_Data']) retrieved from /opt/airflow/dags/Preprocess_Data.py
[2025-05-06T00:38:10.396+0000] {logging_mixin.py:154} INFO - [2025-05-06T00:38:10.395+0000] {dag.py:2941} INFO - Sync 1 DAGs
[2025-05-06T00:38:10.418+0000] {logging_mixin.py:154} INFO - [2025-05-06T00:38:10.418+0000] {dag.py:3722} INFO - Setting next_dagrun for Preprocess_Data to None, run_after=None
[2025-05-06T00:38:10.454+0000] {processor.py:179} INFO - Processing /opt/airflow/dags/Preprocess_Data.py took 0.938 seconds
[2025-05-06T00:38:40.733+0000] {processor.py:157} INFO - Started process (PID=24883) to work on /opt/airflow/dags/Preprocess_Data.py
[2025-05-06T00:38:40.738+0000] {processor.py:829} INFO - Processing file /opt/airflow/dags/Preprocess_Data.py for tasks to queue
[2025-05-06T00:38:40.740+0000] {logging_mixin.py:154} INFO - [2025-05-06T00:38:40.739+0000] {dagbag.py:536} INFO - Filling up the DagBag from /opt/airflow/dags/Preprocess_Data.py
[2025-05-06T00:38:41.886+0000] {processor.py:839} INFO - DAG(s) dict_keys(['Preprocess_Data']) retrieved from /opt/airflow/dags/Preprocess_Data.py
[2025-05-06T00:38:41.921+0000] {logging_mixin.py:154} INFO - [2025-05-06T00:38:41.920+0000] {dag.py:2941} INFO - Sync 1 DAGs
[2025-05-06T00:38:41.940+0000] {logging_mixin.py:154} INFO - [2025-05-06T00:38:41.940+0000] {dag.py:3722} INFO - Setting next_dagrun for Preprocess_Data to None, run_after=None
[2025-05-06T00:38:41.969+0000] {processor.py:179} INFO - Processing /opt/airflow/dags/Preprocess_Data.py took 1.247 seconds
[2025-05-06T00:39:12.715+0000] {processor.py:157} INFO - Started process (PID=24900) to work on /opt/airflow/dags/Preprocess_Data.py
[2025-05-06T00:39:12.718+0000] {processor.py:829} INFO - Processing file /opt/airflow/dags/Preprocess_Data.py for tasks to queue
[2025-05-06T00:39:12.722+0000] {logging_mixin.py:154} INFO - [2025-05-06T00:39:12.719+0000] {dagbag.py:536} INFO - Filling up the DagBag from /opt/airflow/dags/Preprocess_Data.py
[2025-05-06T00:39:14.158+0000] {processor.py:839} INFO - DAG(s) dict_keys(['Preprocess_Data']) retrieved from /opt/airflow/dags/Preprocess_Data.py
[2025-05-06T00:39:14.231+0000] {logging_mixin.py:154} INFO - [2025-05-06T00:39:14.230+0000] {dag.py:2941} INFO - Sync 1 DAGs
[2025-05-06T00:39:14.270+0000] {logging_mixin.py:154} INFO - [2025-05-06T00:39:14.270+0000] {dag.py:3722} INFO - Setting next_dagrun for Preprocess_Data to None, run_after=None
[2025-05-06T00:39:14.342+0000] {processor.py:179} INFO - Processing /opt/airflow/dags/Preprocess_Data.py took 1.657 seconds
[2025-05-06T00:39:44.850+0000] {processor.py:157} INFO - Started process (PID=24917) to work on /opt/airflow/dags/Preprocess_Data.py
[2025-05-06T00:39:44.853+0000] {processor.py:829} INFO - Processing file /opt/airflow/dags/Preprocess_Data.py for tasks to queue
[2025-05-06T00:39:44.855+0000] {logging_mixin.py:154} INFO - [2025-05-06T00:39:44.854+0000] {dagbag.py:536} INFO - Filling up the DagBag from /opt/airflow/dags/Preprocess_Data.py
[2025-05-06T00:39:45.750+0000] {processor.py:839} INFO - DAG(s) dict_keys(['Preprocess_Data']) retrieved from /opt/airflow/dags/Preprocess_Data.py
[2025-05-06T00:39:45.793+0000] {logging_mixin.py:154} INFO - [2025-05-06T00:39:45.792+0000] {dag.py:2941} INFO - Sync 1 DAGs
[2025-05-06T00:39:45.810+0000] {logging_mixin.py:154} INFO - [2025-05-06T00:39:45.810+0000] {dag.py:3722} INFO - Setting next_dagrun for Preprocess_Data to None, run_after=None
[2025-05-06T00:39:45.843+0000] {processor.py:179} INFO - Processing /opt/airflow/dags/Preprocess_Data.py took 1.002 seconds
[2025-05-06T00:40:16.099+0000] {processor.py:157} INFO - Started process (PID=24938) to work on /opt/airflow/dags/Preprocess_Data.py
[2025-05-06T00:40:16.101+0000] {processor.py:829} INFO - Processing file /opt/airflow/dags/Preprocess_Data.py for tasks to queue
[2025-05-06T00:40:16.103+0000] {logging_mixin.py:154} INFO - [2025-05-06T00:40:16.102+0000] {dagbag.py:536} INFO - Filling up the DagBag from /opt/airflow/dags/Preprocess_Data.py
[2025-05-06T00:40:17.104+0000] {processor.py:839} INFO - DAG(s) dict_keys(['Preprocess_Data']) retrieved from /opt/airflow/dags/Preprocess_Data.py
[2025-05-06T00:40:17.138+0000] {logging_mixin.py:154} INFO - [2025-05-06T00:40:17.137+0000] {dag.py:2941} INFO - Sync 1 DAGs
[2025-05-06T00:40:17.155+0000] {logging_mixin.py:154} INFO - [2025-05-06T00:40:17.154+0000] {dag.py:3722} INFO - Setting next_dagrun for Preprocess_Data to None, run_after=None
[2025-05-06T00:40:17.191+0000] {processor.py:179} INFO - Processing /opt/airflow/dags/Preprocess_Data.py took 1.102 seconds
[2025-05-06T00:40:47.555+0000] {processor.py:157} INFO - Started process (PID=24959) to work on /opt/airflow/dags/Preprocess_Data.py
[2025-05-06T00:40:47.558+0000] {processor.py:829} INFO - Processing file /opt/airflow/dags/Preprocess_Data.py for tasks to queue
[2025-05-06T00:40:47.559+0000] {logging_mixin.py:154} INFO - [2025-05-06T00:40:47.559+0000] {dagbag.py:536} INFO - Filling up the DagBag from /opt/airflow/dags/Preprocess_Data.py
[2025-05-06T00:40:48.475+0000] {processor.py:839} INFO - DAG(s) dict_keys(['Preprocess_Data']) retrieved from /opt/airflow/dags/Preprocess_Data.py
[2025-05-06T00:40:48.516+0000] {logging_mixin.py:154} INFO - [2025-05-06T00:40:48.515+0000] {dag.py:2941} INFO - Sync 1 DAGs
[2025-05-06T00:40:48.536+0000] {logging_mixin.py:154} INFO - [2025-05-06T00:40:48.536+0000] {dag.py:3722} INFO - Setting next_dagrun for Preprocess_Data to None, run_after=None
[2025-05-06T00:40:48.567+0000] {processor.py:179} INFO - Processing /opt/airflow/dags/Preprocess_Data.py took 1.023 seconds
[2025-05-06T00:41:19.358+0000] {processor.py:157} INFO - Started process (PID=24980) to work on /opt/airflow/dags/Preprocess_Data.py
[2025-05-06T00:41:19.360+0000] {processor.py:829} INFO - Processing file /opt/airflow/dags/Preprocess_Data.py for tasks to queue
[2025-05-06T00:41:19.362+0000] {logging_mixin.py:154} INFO - [2025-05-06T00:41:19.361+0000] {dagbag.py:536} INFO - Filling up the DagBag from /opt/airflow/dags/Preprocess_Data.py
[2025-05-06T00:41:20.217+0000] {processor.py:839} INFO - DAG(s) dict_keys(['Preprocess_Data']) retrieved from /opt/airflow/dags/Preprocess_Data.py
[2025-05-06T00:41:20.252+0000] {logging_mixin.py:154} INFO - [2025-05-06T00:41:20.251+0000] {dag.py:2941} INFO - Sync 1 DAGs
[2025-05-06T00:41:20.269+0000] {logging_mixin.py:154} INFO - [2025-05-06T00:41:20.269+0000] {dag.py:3722} INFO - Setting next_dagrun for Preprocess_Data to None, run_after=None
[2025-05-06T00:41:20.294+0000] {processor.py:179} INFO - Processing /opt/airflow/dags/Preprocess_Data.py took 0.946 seconds
[2025-05-06T00:41:50.760+0000] {processor.py:157} INFO - Started process (PID=25001) to work on /opt/airflow/dags/Preprocess_Data.py
[2025-05-06T00:41:50.762+0000] {processor.py:829} INFO - Processing file /opt/airflow/dags/Preprocess_Data.py for tasks to queue
[2025-05-06T00:41:50.764+0000] {logging_mixin.py:154} INFO - [2025-05-06T00:41:50.763+0000] {dagbag.py:536} INFO - Filling up the DagBag from /opt/airflow/dags/Preprocess_Data.py
[2025-05-06T00:41:51.876+0000] {processor.py:839} INFO - DAG(s) dict_keys(['Preprocess_Data']) retrieved from /opt/airflow/dags/Preprocess_Data.py
[2025-05-06T00:41:51.920+0000] {logging_mixin.py:154} INFO - [2025-05-06T00:41:51.919+0000] {dag.py:2941} INFO - Sync 1 DAGs
[2025-05-06T00:41:51.942+0000] {logging_mixin.py:154} INFO - [2025-05-06T00:41:51.942+0000] {dag.py:3722} INFO - Setting next_dagrun for Preprocess_Data to None, run_after=None
[2025-05-06T00:41:51.980+0000] {processor.py:179} INFO - Processing /opt/airflow/dags/Preprocess_Data.py took 1.237 seconds
[2025-05-06T00:42:22.138+0000] {processor.py:157} INFO - Started process (PID=25022) to work on /opt/airflow/dags/Preprocess_Data.py
[2025-05-06T00:42:22.144+0000] {processor.py:829} INFO - Processing file /opt/airflow/dags/Preprocess_Data.py for tasks to queue
[2025-05-06T00:42:22.150+0000] {logging_mixin.py:154} INFO - [2025-05-06T00:42:22.149+0000] {dagbag.py:536} INFO - Filling up the DagBag from /opt/airflow/dags/Preprocess_Data.py
[2025-05-06T00:42:23.067+0000] {processor.py:839} INFO - DAG(s) dict_keys(['Preprocess_Data']) retrieved from /opt/airflow/dags/Preprocess_Data.py
[2025-05-06T00:42:23.142+0000] {logging_mixin.py:154} INFO - [2025-05-06T00:42:23.139+0000] {dag.py:2941} INFO - Sync 1 DAGs
[2025-05-06T00:42:23.183+0000] {logging_mixin.py:154} INFO - [2025-05-06T00:42:23.182+0000] {dag.py:3722} INFO - Setting next_dagrun for Preprocess_Data to None, run_after=None
[2025-05-06T00:42:23.225+0000] {processor.py:179} INFO - Processing /opt/airflow/dags/Preprocess_Data.py took 1.114 seconds
[2025-05-06T00:42:57.581+0000] {processor.py:157} INFO - Started process (PID=25043) to work on /opt/airflow/dags/Preprocess_Data.py
[2025-05-06T00:42:57.585+0000] {processor.py:829} INFO - Processing file /opt/airflow/dags/Preprocess_Data.py for tasks to queue
[2025-05-06T00:42:57.587+0000] {logging_mixin.py:154} INFO - [2025-05-06T00:42:57.586+0000] {dagbag.py:536} INFO - Filling up the DagBag from /opt/airflow/dags/Preprocess_Data.py
[2025-05-06T00:42:59.204+0000] {processor.py:839} INFO - DAG(s) dict_keys(['Preprocess_Data']) retrieved from /opt/airflow/dags/Preprocess_Data.py
[2025-05-06T00:42:59.270+0000] {logging_mixin.py:154} INFO - [2025-05-06T00:42:59.270+0000] {dag.py:2941} INFO - Sync 1 DAGs
[2025-05-06T00:42:59.307+0000] {logging_mixin.py:154} INFO - [2025-05-06T00:42:59.307+0000] {dag.py:3722} INFO - Setting next_dagrun for Preprocess_Data to None, run_after=None
[2025-05-06T00:42:59.347+0000] {processor.py:179} INFO - Processing /opt/airflow/dags/Preprocess_Data.py took 1.797 seconds
[2025-05-06T00:43:36.422+0000] {processor.py:157} INFO - Started process (PID=25061) to work on /opt/airflow/dags/Preprocess_Data.py
[2025-05-06T00:43:36.428+0000] {processor.py:829} INFO - Processing file /opt/airflow/dags/Preprocess_Data.py for tasks to queue
[2025-05-06T00:43:36.429+0000] {logging_mixin.py:154} INFO - [2025-05-06T00:43:36.429+0000] {dagbag.py:536} INFO - Filling up the DagBag from /opt/airflow/dags/Preprocess_Data.py
[2025-05-06T00:43:38.743+0000] {processor.py:839} INFO - DAG(s) dict_keys(['Preprocess_Data']) retrieved from /opt/airflow/dags/Preprocess_Data.py
[2025-05-06T00:43:38.856+0000] {logging_mixin.py:154} INFO - [2025-05-06T00:43:38.852+0000] {dag.py:2941} INFO - Sync 1 DAGs
[2025-05-06T00:43:39.118+0000] {logging_mixin.py:154} INFO - [2025-05-06T00:43:39.113+0000] {dag.py:3722} INFO - Setting next_dagrun for Preprocess_Data to None, run_after=None
[2025-05-06T00:43:39.229+0000] {processor.py:179} INFO - Processing /opt/airflow/dags/Preprocess_Data.py took 2.823 seconds
[2025-05-06T00:44:09.979+0000] {processor.py:157} INFO - Started process (PID=25074) to work on /opt/airflow/dags/Preprocess_Data.py
[2025-05-06T00:44:09.983+0000] {processor.py:829} INFO - Processing file /opt/airflow/dags/Preprocess_Data.py for tasks to queue
[2025-05-06T00:44:09.985+0000] {logging_mixin.py:154} INFO - [2025-05-06T00:44:09.984+0000] {dagbag.py:536} INFO - Filling up the DagBag from /opt/airflow/dags/Preprocess_Data.py
[2025-05-06T00:44:11.415+0000] {processor.py:839} INFO - DAG(s) dict_keys(['Preprocess_Data']) retrieved from /opt/airflow/dags/Preprocess_Data.py
[2025-05-06T00:44:11.516+0000] {logging_mixin.py:154} INFO - [2025-05-06T00:44:11.512+0000] {dag.py:2941} INFO - Sync 1 DAGs
[2025-05-06T00:44:11.554+0000] {logging_mixin.py:154} INFO - [2025-05-06T00:44:11.553+0000] {dag.py:3722} INFO - Setting next_dagrun for Preprocess_Data to None, run_after=None
[2025-05-06T00:44:11.597+0000] {processor.py:179} INFO - Processing /opt/airflow/dags/Preprocess_Data.py took 1.635 seconds
[2025-05-06T00:44:42.360+0000] {processor.py:157} INFO - Started process (PID=25090) to work on /opt/airflow/dags/Preprocess_Data.py
[2025-05-06T00:44:42.364+0000] {processor.py:829} INFO - Processing file /opt/airflow/dags/Preprocess_Data.py for tasks to queue
[2025-05-06T00:44:42.366+0000] {logging_mixin.py:154} INFO - [2025-05-06T00:44:42.365+0000] {dagbag.py:536} INFO - Filling up the DagBag from /opt/airflow/dags/Preprocess_Data.py
[2025-05-06T00:44:43.319+0000] {processor.py:839} INFO - DAG(s) dict_keys(['Preprocess_Data']) retrieved from /opt/airflow/dags/Preprocess_Data.py
[2025-05-06T00:44:43.365+0000] {logging_mixin.py:154} INFO - [2025-05-06T00:44:43.364+0000] {dag.py:2941} INFO - Sync 1 DAGs
[2025-05-06T00:44:43.402+0000] {logging_mixin.py:154} INFO - [2025-05-06T00:44:43.401+0000] {dag.py:3722} INFO - Setting next_dagrun for Preprocess_Data to None, run_after=None
[2025-05-06T00:44:43.470+0000] {processor.py:179} INFO - Processing /opt/airflow/dags/Preprocess_Data.py took 1.128 seconds
[2025-05-06T00:45:14.054+0000] {processor.py:157} INFO - Started process (PID=25111) to work on /opt/airflow/dags/Preprocess_Data.py
[2025-05-06T00:45:14.058+0000] {processor.py:829} INFO - Processing file /opt/airflow/dags/Preprocess_Data.py for tasks to queue
[2025-05-06T00:45:14.060+0000] {logging_mixin.py:154} INFO - [2025-05-06T00:45:14.059+0000] {dagbag.py:536} INFO - Filling up the DagBag from /opt/airflow/dags/Preprocess_Data.py
[2025-05-06T00:45:15.170+0000] {processor.py:839} INFO - DAG(s) dict_keys(['Preprocess_Data']) retrieved from /opt/airflow/dags/Preprocess_Data.py
[2025-05-06T00:45:15.278+0000] {logging_mixin.py:154} INFO - [2025-05-06T00:45:15.277+0000] {dag.py:2941} INFO - Sync 1 DAGs
[2025-05-06T00:45:15.337+0000] {logging_mixin.py:154} INFO - [2025-05-06T00:45:15.337+0000] {dag.py:3722} INFO - Setting next_dagrun for Preprocess_Data to None, run_after=None
[2025-05-06T00:45:15.408+0000] {processor.py:179} INFO - Processing /opt/airflow/dags/Preprocess_Data.py took 1.363 seconds
[2025-05-06T00:45:46.294+0000] {processor.py:157} INFO - Started process (PID=25133) to work on /opt/airflow/dags/Preprocess_Data.py
[2025-05-06T00:45:46.297+0000] {processor.py:829} INFO - Processing file /opt/airflow/dags/Preprocess_Data.py for tasks to queue
[2025-05-06T00:45:46.298+0000] {logging_mixin.py:154} INFO - [2025-05-06T00:45:46.298+0000] {dagbag.py:536} INFO - Filling up the DagBag from /opt/airflow/dags/Preprocess_Data.py
[2025-05-06T00:45:47.198+0000] {processor.py:839} INFO - DAG(s) dict_keys(['Preprocess_Data']) retrieved from /opt/airflow/dags/Preprocess_Data.py
[2025-05-06T00:45:47.236+0000] {logging_mixin.py:154} INFO - [2025-05-06T00:45:47.235+0000] {dag.py:2941} INFO - Sync 1 DAGs
[2025-05-06T00:45:47.255+0000] {logging_mixin.py:154} INFO - [2025-05-06T00:45:47.254+0000] {dag.py:3722} INFO - Setting next_dagrun for Preprocess_Data to None, run_after=None
[2025-05-06T00:45:47.291+0000] {processor.py:179} INFO - Processing /opt/airflow/dags/Preprocess_Data.py took 1.007 seconds
[2025-05-06T00:46:17.521+0000] {processor.py:157} INFO - Started process (PID=25154) to work on /opt/airflow/dags/Preprocess_Data.py
[2025-05-06T00:46:17.526+0000] {processor.py:829} INFO - Processing file /opt/airflow/dags/Preprocess_Data.py for tasks to queue
[2025-05-06T00:46:17.528+0000] {logging_mixin.py:154} INFO - [2025-05-06T00:46:17.527+0000] {dagbag.py:536} INFO - Filling up the DagBag from /opt/airflow/dags/Preprocess_Data.py
[2025-05-06T00:46:18.478+0000] {processor.py:839} INFO - DAG(s) dict_keys(['Preprocess_Data']) retrieved from /opt/airflow/dags/Preprocess_Data.py
[2025-05-06T00:46:18.523+0000] {logging_mixin.py:154} INFO - [2025-05-06T00:46:18.522+0000] {dag.py:2941} INFO - Sync 1 DAGs
[2025-05-06T00:46:18.540+0000] {logging_mixin.py:154} INFO - [2025-05-06T00:46:18.540+0000] {dag.py:3722} INFO - Setting next_dagrun for Preprocess_Data to None, run_after=None
[2025-05-06T00:46:18.571+0000] {processor.py:179} INFO - Processing /opt/airflow/dags/Preprocess_Data.py took 1.061 seconds
[2025-05-06T00:46:49.175+0000] {processor.py:157} INFO - Started process (PID=25175) to work on /opt/airflow/dags/Preprocess_Data.py
[2025-05-06T00:46:49.177+0000] {processor.py:829} INFO - Processing file /opt/airflow/dags/Preprocess_Data.py for tasks to queue
[2025-05-06T00:46:49.179+0000] {logging_mixin.py:154} INFO - [2025-05-06T00:46:49.178+0000] {dagbag.py:536} INFO - Filling up the DagBag from /opt/airflow/dags/Preprocess_Data.py
[2025-05-06T00:46:49.999+0000] {processor.py:839} INFO - DAG(s) dict_keys(['Preprocess_Data']) retrieved from /opt/airflow/dags/Preprocess_Data.py
[2025-05-06T00:46:50.032+0000] {logging_mixin.py:154} INFO - [2025-05-06T00:46:50.031+0000] {dag.py:2941} INFO - Sync 1 DAGs
[2025-05-06T00:46:50.049+0000] {logging_mixin.py:154} INFO - [2025-05-06T00:46:50.048+0000] {dag.py:3722} INFO - Setting next_dagrun for Preprocess_Data to None, run_after=None
[2025-05-06T00:46:50.085+0000] {processor.py:179} INFO - Processing /opt/airflow/dags/Preprocess_Data.py took 0.919 seconds
