[2025-05-06T00:00:00.892+0000] {processor.py:157} INFO - Started process (PID=23558) to work on /opt/airflow/dags/Train_Data.py
[2025-05-06T00:00:00.917+0000] {processor.py:829} INFO - Processing file /opt/airflow/dags/Train_Data.py for tasks to queue
[2025-05-06T00:00:00.935+0000] {logging_mixin.py:154} INFO - [2025-05-06T00:00:00.934+0000] {dagbag.py:536} INFO - Filling up the DagBag from /opt/airflow/dags/Train_Data.py
[2025-05-06T00:00:09.859+0000] {processor.py:839} INFO - DAG(s) dict_keys(['Train_Model']) retrieved from /opt/airflow/dags/Train_Data.py
[2025-05-06T00:00:10.167+0000] {logging_mixin.py:154} INFO - [2025-05-06T00:00:10.166+0000] {dag.py:2941} INFO - Sync 1 DAGs
[2025-05-06T00:00:10.183+0000] {logging_mixin.py:154} INFO - [2025-05-06T00:00:10.182+0000] {dag.py:3722} INFO - Setting next_dagrun for Train_Model to None, run_after=None
[2025-05-06T00:00:10.347+0000] {processor.py:179} INFO - Processing /opt/airflow/dags/Train_Data.py took 9.505 seconds
[2025-05-06T00:00:41.660+0000] {processor.py:157} INFO - Started process (PID=23580) to work on /opt/airflow/dags/Train_Data.py
[2025-05-06T00:00:41.671+0000] {processor.py:829} INFO - Processing file /opt/airflow/dags/Train_Data.py for tasks to queue
[2025-05-06T00:00:41.673+0000] {logging_mixin.py:154} INFO - [2025-05-06T00:00:41.672+0000] {dagbag.py:536} INFO - Filling up the DagBag from /opt/airflow/dags/Train_Data.py
[2025-05-06T00:00:53.636+0000] {processor.py:839} INFO - DAG(s) dict_keys(['Train_Model']) retrieved from /opt/airflow/dags/Train_Data.py
[2025-05-06T00:00:53.780+0000] {logging_mixin.py:154} INFO - [2025-05-06T00:00:53.779+0000] {dag.py:2941} INFO - Sync 1 DAGs
[2025-05-06T00:00:53.852+0000] {logging_mixin.py:154} INFO - [2025-05-06T00:00:53.850+0000] {dag.py:3722} INFO - Setting next_dagrun for Train_Model to None, run_after=None
[2025-05-06T00:00:53.939+0000] {processor.py:179} INFO - Processing /opt/airflow/dags/Train_Data.py took 12.307 seconds
[2025-05-06T00:01:24.805+0000] {processor.py:157} INFO - Started process (PID=23601) to work on /opt/airflow/dags/Train_Data.py
[2025-05-06T00:01:24.815+0000] {processor.py:829} INFO - Processing file /opt/airflow/dags/Train_Data.py for tasks to queue
[2025-05-06T00:01:24.828+0000] {logging_mixin.py:154} INFO - [2025-05-06T00:01:24.823+0000] {dagbag.py:536} INFO - Filling up the DagBag from /opt/airflow/dags/Train_Data.py
[2025-05-06T00:01:37.971+0000] {processor.py:839} INFO - DAG(s) dict_keys(['Train_Model']) retrieved from /opt/airflow/dags/Train_Data.py
[2025-05-06T00:01:38.060+0000] {logging_mixin.py:154} INFO - [2025-05-06T00:01:38.059+0000] {dag.py:2941} INFO - Sync 1 DAGs
[2025-05-06T00:01:38.109+0000] {logging_mixin.py:154} INFO - [2025-05-06T00:01:38.109+0000] {dag.py:3722} INFO - Setting next_dagrun for Train_Model to None, run_after=None
[2025-05-06T00:01:38.198+0000] {processor.py:179} INFO - Processing /opt/airflow/dags/Train_Data.py took 13.436 seconds
[2025-05-06T00:02:08.649+0000] {processor.py:157} INFO - Started process (PID=23626) to work on /opt/airflow/dags/Train_Data.py
[2025-05-06T00:02:08.656+0000] {processor.py:829} INFO - Processing file /opt/airflow/dags/Train_Data.py for tasks to queue
[2025-05-06T00:02:08.663+0000] {logging_mixin.py:154} INFO - [2025-05-06T00:02:08.662+0000] {dagbag.py:536} INFO - Filling up the DagBag from /opt/airflow/dags/Train_Data.py
[2025-05-06T00:02:30.889+0000] {processor.py:839} INFO - DAG(s) dict_keys(['Train_Model']) retrieved from /opt/airflow/dags/Train_Data.py
[2025-05-06T00:02:31.015+0000] {logging_mixin.py:154} INFO - [2025-05-06T00:02:31.014+0000] {dag.py:2941} INFO - Sync 1 DAGs
[2025-05-06T00:02:31.053+0000] {logging_mixin.py:154} INFO - [2025-05-06T00:02:31.052+0000] {dag.py:3722} INFO - Setting next_dagrun for Train_Model to None, run_after=None
[2025-05-06T00:02:31.530+0000] {processor.py:179} INFO - Processing /opt/airflow/dags/Train_Data.py took 22.914 seconds
[2025-05-06T00:03:02.105+0000] {processor.py:157} INFO - Started process (PID=23648) to work on /opt/airflow/dags/Train_Data.py
[2025-05-06T00:03:02.109+0000] {processor.py:829} INFO - Processing file /opt/airflow/dags/Train_Data.py for tasks to queue
[2025-05-06T00:03:02.111+0000] {logging_mixin.py:154} INFO - [2025-05-06T00:03:02.110+0000] {dagbag.py:536} INFO - Filling up the DagBag from /opt/airflow/dags/Train_Data.py
[2025-05-06T00:03:30.515+0000] {processor.py:839} INFO - DAG(s) dict_keys(['Train_Model']) retrieved from /opt/airflow/dags/Train_Data.py
[2025-05-06T00:03:30.898+0000] {logging_mixin.py:154} INFO - [2025-05-06T00:03:30.897+0000] {dag.py:2941} INFO - Sync 1 DAGs
[2025-05-06T00:03:31.098+0000] {logging_mixin.py:154} INFO - [2025-05-06T00:03:31.098+0000] {dag.py:3722} INFO - Setting next_dagrun for Train_Model to None, run_after=None
[2025-05-06T00:03:31.284+0000] {processor.py:179} INFO - Processing /opt/airflow/dags/Train_Data.py took 29.192 seconds
[2025-05-06T00:04:01.703+0000] {processor.py:157} INFO - Started process (PID=23674) to work on /opt/airflow/dags/Train_Data.py
[2025-05-06T00:04:01.712+0000] {processor.py:829} INFO - Processing file /opt/airflow/dags/Train_Data.py for tasks to queue
[2025-05-06T00:04:01.718+0000] {logging_mixin.py:154} INFO - [2025-05-06T00:04:01.713+0000] {dagbag.py:536} INFO - Filling up the DagBag from /opt/airflow/dags/Train_Data.py
[2025-05-06T00:04:11.628+0000] {processor.py:839} INFO - DAG(s) dict_keys(['Train_Model']) retrieved from /opt/airflow/dags/Train_Data.py
[2025-05-06T00:04:11.671+0000] {logging_mixin.py:154} INFO - [2025-05-06T00:04:11.668+0000] {dag.py:2941} INFO - Sync 1 DAGs
[2025-05-06T00:04:11.698+0000] {logging_mixin.py:154} INFO - [2025-05-06T00:04:11.697+0000] {dag.py:3722} INFO - Setting next_dagrun for Train_Model to None, run_after=None
[2025-05-06T00:04:11.740+0000] {processor.py:179} INFO - Processing /opt/airflow/dags/Train_Data.py took 10.058 seconds
[2025-05-06T00:04:42.521+0000] {processor.py:157} INFO - Started process (PID=23703) to work on /opt/airflow/dags/Train_Data.py
[2025-05-06T00:04:42.526+0000] {processor.py:829} INFO - Processing file /opt/airflow/dags/Train_Data.py for tasks to queue
[2025-05-06T00:04:42.528+0000] {logging_mixin.py:154} INFO - [2025-05-06T00:04:42.527+0000] {dagbag.py:536} INFO - Filling up the DagBag from /opt/airflow/dags/Train_Data.py
[2025-05-06T00:04:48.106+0000] {processor.py:839} INFO - DAG(s) dict_keys(['Train_Model']) retrieved from /opt/airflow/dags/Train_Data.py
[2025-05-06T00:04:48.183+0000] {logging_mixin.py:154} INFO - [2025-05-06T00:04:48.182+0000] {dag.py:2941} INFO - Sync 1 DAGs
[2025-05-06T00:04:48.226+0000] {logging_mixin.py:154} INFO - [2025-05-06T00:04:48.226+0000] {dag.py:3722} INFO - Setting next_dagrun for Train_Model to None, run_after=None
[2025-05-06T00:04:48.262+0000] {processor.py:179} INFO - Processing /opt/airflow/dags/Train_Data.py took 5.760 seconds
[2025-05-06T00:05:18.427+0000] {processor.py:157} INFO - Started process (PID=23724) to work on /opt/airflow/dags/Train_Data.py
[2025-05-06T00:05:18.430+0000] {processor.py:829} INFO - Processing file /opt/airflow/dags/Train_Data.py for tasks to queue
[2025-05-06T00:05:18.432+0000] {logging_mixin.py:154} INFO - [2025-05-06T00:05:18.431+0000] {dagbag.py:536} INFO - Filling up the DagBag from /opt/airflow/dags/Train_Data.py
[2025-05-06T00:05:24.472+0000] {processor.py:839} INFO - DAG(s) dict_keys(['Train_Model']) retrieved from /opt/airflow/dags/Train_Data.py
[2025-05-06T00:05:24.548+0000] {logging_mixin.py:154} INFO - [2025-05-06T00:05:24.543+0000] {dag.py:2941} INFO - Sync 1 DAGs
[2025-05-06T00:05:24.608+0000] {logging_mixin.py:154} INFO - [2025-05-06T00:05:24.608+0000] {dag.py:3722} INFO - Setting next_dagrun for Train_Model to None, run_after=None
[2025-05-06T00:05:24.697+0000] {processor.py:179} INFO - Processing /opt/airflow/dags/Train_Data.py took 6.281 seconds
[2025-05-06T00:05:55.416+0000] {processor.py:157} INFO - Started process (PID=23745) to work on /opt/airflow/dags/Train_Data.py
[2025-05-06T00:05:55.422+0000] {processor.py:829} INFO - Processing file /opt/airflow/dags/Train_Data.py for tasks to queue
[2025-05-06T00:05:55.424+0000] {logging_mixin.py:154} INFO - [2025-05-06T00:05:55.423+0000] {dagbag.py:536} INFO - Filling up the DagBag from /opt/airflow/dags/Train_Data.py
[2025-05-06T00:06:01.414+0000] {processor.py:839} INFO - DAG(s) dict_keys(['Train_Model']) retrieved from /opt/airflow/dags/Train_Data.py
[2025-05-06T00:06:01.485+0000] {logging_mixin.py:154} INFO - [2025-05-06T00:06:01.484+0000] {dag.py:2941} INFO - Sync 1 DAGs
[2025-05-06T00:06:01.521+0000] {logging_mixin.py:154} INFO - [2025-05-06T00:06:01.521+0000] {dag.py:3722} INFO - Setting next_dagrun for Train_Model to None, run_after=None
[2025-05-06T00:06:01.580+0000] {processor.py:179} INFO - Processing /opt/airflow/dags/Train_Data.py took 6.180 seconds
[2025-05-06T00:06:31.775+0000] {processor.py:157} INFO - Started process (PID=23766) to work on /opt/airflow/dags/Train_Data.py
[2025-05-06T00:06:31.778+0000] {processor.py:829} INFO - Processing file /opt/airflow/dags/Train_Data.py for tasks to queue
[2025-05-06T00:06:31.780+0000] {logging_mixin.py:154} INFO - [2025-05-06T00:06:31.779+0000] {dagbag.py:536} INFO - Filling up the DagBag from /opt/airflow/dags/Train_Data.py
[2025-05-06T00:06:36.940+0000] {processor.py:839} INFO - DAG(s) dict_keys(['Train_Model']) retrieved from /opt/airflow/dags/Train_Data.py
[2025-05-06T00:06:36.989+0000] {logging_mixin.py:154} INFO - [2025-05-06T00:06:36.988+0000] {dag.py:2941} INFO - Sync 1 DAGs
[2025-05-06T00:06:37.015+0000] {logging_mixin.py:154} INFO - [2025-05-06T00:06:37.014+0000] {dag.py:3722} INFO - Setting next_dagrun for Train_Model to None, run_after=None
[2025-05-06T00:06:37.059+0000] {processor.py:179} INFO - Processing /opt/airflow/dags/Train_Data.py took 5.294 seconds
[2025-05-06T00:07:07.287+0000] {processor.py:157} INFO - Started process (PID=23787) to work on /opt/airflow/dags/Train_Data.py
[2025-05-06T00:07:07.290+0000] {processor.py:829} INFO - Processing file /opt/airflow/dags/Train_Data.py for tasks to queue
[2025-05-06T00:07:07.292+0000] {logging_mixin.py:154} INFO - [2025-05-06T00:07:07.291+0000] {dagbag.py:536} INFO - Filling up the DagBag from /opt/airflow/dags/Train_Data.py
[2025-05-06T00:07:13.248+0000] {processor.py:839} INFO - DAG(s) dict_keys(['Train_Model']) retrieved from /opt/airflow/dags/Train_Data.py
[2025-05-06T00:07:13.346+0000] {logging_mixin.py:154} INFO - [2025-05-06T00:07:13.345+0000] {dag.py:2941} INFO - Sync 1 DAGs
[2025-05-06T00:07:13.400+0000] {logging_mixin.py:154} INFO - [2025-05-06T00:07:13.400+0000] {dag.py:3722} INFO - Setting next_dagrun for Train_Model to None, run_after=None
[2025-05-06T00:07:13.536+0000] {processor.py:179} INFO - Processing /opt/airflow/dags/Train_Data.py took 6.258 seconds
[2025-05-06T00:07:43.850+0000] {processor.py:157} INFO - Started process (PID=23808) to work on /opt/airflow/dags/Train_Data.py
[2025-05-06T00:07:43.854+0000] {processor.py:829} INFO - Processing file /opt/airflow/dags/Train_Data.py for tasks to queue
[2025-05-06T00:07:43.855+0000] {logging_mixin.py:154} INFO - [2025-05-06T00:07:43.855+0000] {dagbag.py:536} INFO - Filling up the DagBag from /opt/airflow/dags/Train_Data.py
[2025-05-06T00:07:51.964+0000] {processor.py:839} INFO - DAG(s) dict_keys(['Train_Model']) retrieved from /opt/airflow/dags/Train_Data.py
[2025-05-06T00:07:52.012+0000] {logging_mixin.py:154} INFO - [2025-05-06T00:07:52.010+0000] {dag.py:2941} INFO - Sync 1 DAGs
[2025-05-06T00:07:52.033+0000] {logging_mixin.py:154} INFO - [2025-05-06T00:07:52.033+0000] {dag.py:3722} INFO - Setting next_dagrun for Train_Model to None, run_after=None
[2025-05-06T00:07:52.059+0000] {processor.py:179} INFO - Processing /opt/airflow/dags/Train_Data.py took 8.230 seconds
[2025-05-06T00:08:22.327+0000] {processor.py:157} INFO - Started process (PID=23830) to work on /opt/airflow/dags/Train_Data.py
[2025-05-06T00:08:22.330+0000] {processor.py:829} INFO - Processing file /opt/airflow/dags/Train_Data.py for tasks to queue
[2025-05-06T00:08:22.334+0000] {logging_mixin.py:154} INFO - [2025-05-06T00:08:22.333+0000] {dagbag.py:536} INFO - Filling up the DagBag from /opt/airflow/dags/Train_Data.py
[2025-05-06T00:08:31.236+0000] {processor.py:839} INFO - DAG(s) dict_keys(['Train_Model']) retrieved from /opt/airflow/dags/Train_Data.py
[2025-05-06T00:08:31.322+0000] {logging_mixin.py:154} INFO - [2025-05-06T00:08:31.321+0000] {dag.py:2941} INFO - Sync 1 DAGs
[2025-05-06T00:08:31.349+0000] {logging_mixin.py:154} INFO - [2025-05-06T00:08:31.349+0000] {dag.py:3722} INFO - Setting next_dagrun for Train_Model to None, run_after=None
[2025-05-06T00:08:31.381+0000] {processor.py:179} INFO - Processing /opt/airflow/dags/Train_Data.py took 9.106 seconds
[2025-05-06T00:09:01.720+0000] {processor.py:157} INFO - Started process (PID=23855) to work on /opt/airflow/dags/Train_Data.py
[2025-05-06T00:09:01.729+0000] {processor.py:829} INFO - Processing file /opt/airflow/dags/Train_Data.py for tasks to queue
[2025-05-06T00:09:01.731+0000] {logging_mixin.py:154} INFO - [2025-05-06T00:09:01.730+0000] {dagbag.py:536} INFO - Filling up the DagBag from /opt/airflow/dags/Train_Data.py
[2025-05-06T00:09:07.234+0000] {processor.py:839} INFO - DAG(s) dict_keys(['Train_Model']) retrieved from /opt/airflow/dags/Train_Data.py
[2025-05-06T00:09:07.306+0000] {logging_mixin.py:154} INFO - [2025-05-06T00:09:07.305+0000] {dag.py:2941} INFO - Sync 1 DAGs
[2025-05-06T00:09:07.340+0000] {logging_mixin.py:154} INFO - [2025-05-06T00:09:07.339+0000] {dag.py:3722} INFO - Setting next_dagrun for Train_Model to None, run_after=None
[2025-05-06T00:09:07.405+0000] {processor.py:179} INFO - Processing /opt/airflow/dags/Train_Data.py took 5.697 seconds
[2025-05-06T00:09:37.787+0000] {processor.py:157} INFO - Started process (PID=23876) to work on /opt/airflow/dags/Train_Data.py
[2025-05-06T00:09:37.790+0000] {processor.py:829} INFO - Processing file /opt/airflow/dags/Train_Data.py for tasks to queue
[2025-05-06T00:09:37.792+0000] {logging_mixin.py:154} INFO - [2025-05-06T00:09:37.791+0000] {dagbag.py:536} INFO - Filling up the DagBag from /opt/airflow/dags/Train_Data.py
[2025-05-06T00:09:42.838+0000] {processor.py:839} INFO - DAG(s) dict_keys(['Train_Model']) retrieved from /opt/airflow/dags/Train_Data.py
[2025-05-06T00:09:42.924+0000] {logging_mixin.py:154} INFO - [2025-05-06T00:09:42.923+0000] {dag.py:2941} INFO - Sync 1 DAGs
[2025-05-06T00:09:42.955+0000] {logging_mixin.py:154} INFO - [2025-05-06T00:09:42.954+0000] {dag.py:3722} INFO - Setting next_dagrun for Train_Model to None, run_after=None
[2025-05-06T00:09:43.022+0000] {processor.py:179} INFO - Processing /opt/airflow/dags/Train_Data.py took 5.251 seconds
[2025-05-06T00:10:13.712+0000] {processor.py:157} INFO - Started process (PID=23897) to work on /opt/airflow/dags/Train_Data.py
[2025-05-06T00:10:13.716+0000] {processor.py:829} INFO - Processing file /opt/airflow/dags/Train_Data.py for tasks to queue
[2025-05-06T00:10:13.717+0000] {logging_mixin.py:154} INFO - [2025-05-06T00:10:13.717+0000] {dagbag.py:536} INFO - Filling up the DagBag from /opt/airflow/dags/Train_Data.py
[2025-05-06T00:10:18.424+0000] {processor.py:839} INFO - DAG(s) dict_keys(['Train_Model']) retrieved from /opt/airflow/dags/Train_Data.py
[2025-05-06T00:10:18.483+0000] {logging_mixin.py:154} INFO - [2025-05-06T00:10:18.480+0000] {dag.py:2941} INFO - Sync 1 DAGs
[2025-05-06T00:10:18.521+0000] {logging_mixin.py:154} INFO - [2025-05-06T00:10:18.519+0000] {dag.py:3722} INFO - Setting next_dagrun for Train_Model to None, run_after=None
[2025-05-06T00:10:18.619+0000] {processor.py:179} INFO - Processing /opt/airflow/dags/Train_Data.py took 4.919 seconds
[2025-05-06T00:10:49.012+0000] {processor.py:157} INFO - Started process (PID=23919) to work on /opt/airflow/dags/Train_Data.py
[2025-05-06T00:10:49.016+0000] {processor.py:829} INFO - Processing file /opt/airflow/dags/Train_Data.py for tasks to queue
[2025-05-06T00:10:49.023+0000] {logging_mixin.py:154} INFO - [2025-05-06T00:10:49.022+0000] {dagbag.py:536} INFO - Filling up the DagBag from /opt/airflow/dags/Train_Data.py
[2025-05-06T00:10:53.674+0000] {processor.py:839} INFO - DAG(s) dict_keys(['Train_Model']) retrieved from /opt/airflow/dags/Train_Data.py
[2025-05-06T00:10:53.720+0000] {logging_mixin.py:154} INFO - [2025-05-06T00:10:53.718+0000] {dag.py:2941} INFO - Sync 1 DAGs
[2025-05-06T00:10:53.744+0000] {logging_mixin.py:154} INFO - [2025-05-06T00:10:53.744+0000] {dag.py:3722} INFO - Setting next_dagrun for Train_Model to None, run_after=None
[2025-05-06T00:10:53.769+0000] {processor.py:179} INFO - Processing /opt/airflow/dags/Train_Data.py took 4.770 seconds
[2025-05-06T00:11:24.306+0000] {processor.py:157} INFO - Started process (PID=23940) to work on /opt/airflow/dags/Train_Data.py
[2025-05-06T00:11:24.310+0000] {processor.py:829} INFO - Processing file /opt/airflow/dags/Train_Data.py for tasks to queue
[2025-05-06T00:11:24.311+0000] {logging_mixin.py:154} INFO - [2025-05-06T00:11:24.311+0000] {dagbag.py:536} INFO - Filling up the DagBag from /opt/airflow/dags/Train_Data.py
[2025-05-06T00:11:28.873+0000] {processor.py:839} INFO - DAG(s) dict_keys(['Train_Model']) retrieved from /opt/airflow/dags/Train_Data.py
[2025-05-06T00:11:28.928+0000] {logging_mixin.py:154} INFO - [2025-05-06T00:11:28.927+0000] {dag.py:2941} INFO - Sync 1 DAGs
[2025-05-06T00:11:28.951+0000] {logging_mixin.py:154} INFO - [2025-05-06T00:11:28.951+0000] {dag.py:3722} INFO - Setting next_dagrun for Train_Model to None, run_after=None
[2025-05-06T00:11:28.990+0000] {processor.py:179} INFO - Processing /opt/airflow/dags/Train_Data.py took 4.694 seconds
[2025-05-06T00:11:59.856+0000] {processor.py:157} INFO - Started process (PID=23961) to work on /opt/airflow/dags/Train_Data.py
[2025-05-06T00:11:59.859+0000] {processor.py:829} INFO - Processing file /opt/airflow/dags/Train_Data.py for tasks to queue
[2025-05-06T00:11:59.862+0000] {logging_mixin.py:154} INFO - [2025-05-06T00:11:59.861+0000] {dagbag.py:536} INFO - Filling up the DagBag from /opt/airflow/dags/Train_Data.py
[2025-05-06T00:12:05.025+0000] {processor.py:839} INFO - DAG(s) dict_keys(['Train_Model']) retrieved from /opt/airflow/dags/Train_Data.py
[2025-05-06T00:12:05.060+0000] {logging_mixin.py:154} INFO - [2025-05-06T00:12:05.059+0000] {dag.py:2941} INFO - Sync 1 DAGs
[2025-05-06T00:12:05.078+0000] {logging_mixin.py:154} INFO - [2025-05-06T00:12:05.078+0000] {dag.py:3722} INFO - Setting next_dagrun for Train_Model to None, run_after=None
[2025-05-06T00:12:05.113+0000] {processor.py:179} INFO - Processing /opt/airflow/dags/Train_Data.py took 5.271 seconds
[2025-05-06T00:12:35.464+0000] {processor.py:157} INFO - Started process (PID=23982) to work on /opt/airflow/dags/Train_Data.py
[2025-05-06T00:12:35.467+0000] {processor.py:829} INFO - Processing file /opt/airflow/dags/Train_Data.py for tasks to queue
[2025-05-06T00:12:35.470+0000] {logging_mixin.py:154} INFO - [2025-05-06T00:12:35.469+0000] {dagbag.py:536} INFO - Filling up the DagBag from /opt/airflow/dags/Train_Data.py
[2025-05-06T00:12:41.072+0000] {processor.py:839} INFO - DAG(s) dict_keys(['Train_Model']) retrieved from /opt/airflow/dags/Train_Data.py
[2025-05-06T00:12:41.119+0000] {logging_mixin.py:154} INFO - [2025-05-06T00:12:41.113+0000] {dag.py:2941} INFO - Sync 1 DAGs
[2025-05-06T00:12:41.144+0000] {logging_mixin.py:154} INFO - [2025-05-06T00:12:41.144+0000] {dag.py:3722} INFO - Setting next_dagrun for Train_Model to None, run_after=None
[2025-05-06T00:12:41.179+0000] {processor.py:179} INFO - Processing /opt/airflow/dags/Train_Data.py took 5.725 seconds
[2025-05-06T00:13:12.003+0000] {processor.py:157} INFO - Started process (PID=24005) to work on /opt/airflow/dags/Train_Data.py
[2025-05-06T00:13:12.007+0000] {processor.py:829} INFO - Processing file /opt/airflow/dags/Train_Data.py for tasks to queue
[2025-05-06T00:13:12.010+0000] {logging_mixin.py:154} INFO - [2025-05-06T00:13:12.008+0000] {dagbag.py:536} INFO - Filling up the DagBag from /opt/airflow/dags/Train_Data.py
[2025-05-06T00:13:18.522+0000] {processor.py:839} INFO - DAG(s) dict_keys(['Train_Model']) retrieved from /opt/airflow/dags/Train_Data.py
[2025-05-06T00:13:18.599+0000] {logging_mixin.py:154} INFO - [2025-05-06T00:13:18.598+0000] {dag.py:2941} INFO - Sync 1 DAGs
[2025-05-06T00:13:18.623+0000] {logging_mixin.py:154} INFO - [2025-05-06T00:13:18.622+0000] {dag.py:3722} INFO - Setting next_dagrun for Train_Model to None, run_after=None
[2025-05-06T00:13:18.672+0000] {processor.py:179} INFO - Processing /opt/airflow/dags/Train_Data.py took 6.685 seconds
[2025-05-06T00:13:49.334+0000] {processor.py:157} INFO - Started process (PID=24026) to work on /opt/airflow/dags/Train_Data.py
[2025-05-06T00:13:49.339+0000] {processor.py:829} INFO - Processing file /opt/airflow/dags/Train_Data.py for tasks to queue
[2025-05-06T00:13:49.341+0000] {logging_mixin.py:154} INFO - [2025-05-06T00:13:49.340+0000] {dagbag.py:536} INFO - Filling up the DagBag from /opt/airflow/dags/Train_Data.py
[2025-05-06T00:13:59.079+0000] {processor.py:839} INFO - DAG(s) dict_keys(['Train_Model']) retrieved from /opt/airflow/dags/Train_Data.py
[2025-05-06T00:13:59.123+0000] {logging_mixin.py:154} INFO - [2025-05-06T00:13:59.122+0000] {dag.py:2941} INFO - Sync 1 DAGs
[2025-05-06T00:13:59.143+0000] {logging_mixin.py:154} INFO - [2025-05-06T00:13:59.142+0000] {dag.py:3722} INFO - Setting next_dagrun for Train_Model to None, run_after=None
[2025-05-06T00:13:59.170+0000] {processor.py:179} INFO - Processing /opt/airflow/dags/Train_Data.py took 9.849 seconds
[2025-05-06T00:14:29.735+0000] {processor.py:157} INFO - Started process (PID=24050) to work on /opt/airflow/dags/Train_Data.py
[2025-05-06T00:14:29.760+0000] {processor.py:829} INFO - Processing file /opt/airflow/dags/Train_Data.py for tasks to queue
[2025-05-06T00:14:29.764+0000] {logging_mixin.py:154} INFO - [2025-05-06T00:14:29.763+0000] {dagbag.py:536} INFO - Filling up the DagBag from /opt/airflow/dags/Train_Data.py
[2025-05-06T00:14:43.954+0000] {processor.py:839} INFO - DAG(s) dict_keys(['Train_Model']) retrieved from /opt/airflow/dags/Train_Data.py
[2025-05-06T00:14:44.043+0000] {logging_mixin.py:154} INFO - [2025-05-06T00:14:44.039+0000] {dag.py:2941} INFO - Sync 1 DAGs
[2025-05-06T00:14:44.084+0000] {logging_mixin.py:154} INFO - [2025-05-06T00:14:44.083+0000] {dag.py:3722} INFO - Setting next_dagrun for Train_Model to None, run_after=None
[2025-05-06T00:14:44.138+0000] {processor.py:179} INFO - Processing /opt/airflow/dags/Train_Data.py took 14.452 seconds
[2025-05-06T00:15:15.175+0000] {processor.py:157} INFO - Started process (PID=24071) to work on /opt/airflow/dags/Train_Data.py
[2025-05-06T00:15:15.259+0000] {processor.py:829} INFO - Processing file /opt/airflow/dags/Train_Data.py for tasks to queue
[2025-05-06T00:15:15.260+0000] {logging_mixin.py:154} INFO - [2025-05-06T00:15:15.260+0000] {dagbag.py:536} INFO - Filling up the DagBag from /opt/airflow/dags/Train_Data.py
[2025-05-06T00:15:33.382+0000] {processor.py:839} INFO - DAG(s) dict_keys(['Train_Model']) retrieved from /opt/airflow/dags/Train_Data.py
[2025-05-06T00:15:33.576+0000] {logging_mixin.py:154} INFO - [2025-05-06T00:15:33.572+0000] {dag.py:2941} INFO - Sync 1 DAGs
[2025-05-06T00:15:33.624+0000] {logging_mixin.py:154} INFO - [2025-05-06T00:15:33.624+0000] {dag.py:3722} INFO - Setting next_dagrun for Train_Model to None, run_after=None
[2025-05-06T00:15:33.749+0000] {processor.py:179} INFO - Processing /opt/airflow/dags/Train_Data.py took 18.688 seconds
[2025-05-06T00:16:05.136+0000] {processor.py:157} INFO - Started process (PID=24096) to work on /opt/airflow/dags/Train_Data.py
[2025-05-06T00:16:05.140+0000] {processor.py:829} INFO - Processing file /opt/airflow/dags/Train_Data.py for tasks to queue
[2025-05-06T00:16:05.141+0000] {logging_mixin.py:154} INFO - [2025-05-06T00:16:05.141+0000] {dagbag.py:536} INFO - Filling up the DagBag from /opt/airflow/dags/Train_Data.py
[2025-05-06T00:16:18.031+0000] {processor.py:839} INFO - DAG(s) dict_keys(['Train_Model']) retrieved from /opt/airflow/dags/Train_Data.py
[2025-05-06T00:16:18.283+0000] {logging_mixin.py:154} INFO - [2025-05-06T00:16:18.282+0000] {dag.py:2941} INFO - Sync 1 DAGs
[2025-05-06T00:16:18.369+0000] {logging_mixin.py:154} INFO - [2025-05-06T00:16:18.368+0000] {dag.py:3722} INFO - Setting next_dagrun for Train_Model to None, run_after=None
[2025-05-06T00:16:18.579+0000] {processor.py:179} INFO - Processing /opt/airflow/dags/Train_Data.py took 13.465 seconds
[2025-05-06T00:16:49.935+0000] {processor.py:157} INFO - Started process (PID=24120) to work on /opt/airflow/dags/Train_Data.py
[2025-05-06T00:16:49.939+0000] {processor.py:829} INFO - Processing file /opt/airflow/dags/Train_Data.py for tasks to queue
[2025-05-06T00:16:49.943+0000] {logging_mixin.py:154} INFO - [2025-05-06T00:16:49.941+0000] {dagbag.py:536} INFO - Filling up the DagBag from /opt/airflow/dags/Train_Data.py
[2025-05-06T00:17:01.181+0000] {processor.py:839} INFO - DAG(s) dict_keys(['Train_Model']) retrieved from /opt/airflow/dags/Train_Data.py
[2025-05-06T00:17:01.229+0000] {logging_mixin.py:154} INFO - [2025-05-06T00:17:01.227+0000] {dag.py:2941} INFO - Sync 1 DAGs
[2025-05-06T00:17:01.250+0000] {logging_mixin.py:154} INFO - [2025-05-06T00:17:01.250+0000] {dag.py:3722} INFO - Setting next_dagrun for Train_Model to None, run_after=None
[2025-05-06T00:17:01.282+0000] {processor.py:179} INFO - Processing /opt/airflow/dags/Train_Data.py took 11.361 seconds
[2025-05-06T00:17:31.988+0000] {processor.py:157} INFO - Started process (PID=24147) to work on /opt/airflow/dags/Train_Data.py
[2025-05-06T00:17:31.992+0000] {processor.py:829} INFO - Processing file /opt/airflow/dags/Train_Data.py for tasks to queue
[2025-05-06T00:17:31.997+0000] {logging_mixin.py:154} INFO - [2025-05-06T00:17:31.996+0000] {dagbag.py:536} INFO - Filling up the DagBag from /opt/airflow/dags/Train_Data.py
[2025-05-06T00:17:41.145+0000] {processor.py:839} INFO - DAG(s) dict_keys(['Train_Model']) retrieved from /opt/airflow/dags/Train_Data.py
[2025-05-06T00:17:41.232+0000] {logging_mixin.py:154} INFO - [2025-05-06T00:17:41.226+0000] {dag.py:2941} INFO - Sync 1 DAGs
[2025-05-06T00:17:41.284+0000] {logging_mixin.py:154} INFO - [2025-05-06T00:17:41.279+0000] {dag.py:3722} INFO - Setting next_dagrun for Train_Model to None, run_after=None
[2025-05-06T00:17:41.369+0000] {processor.py:179} INFO - Processing /opt/airflow/dags/Train_Data.py took 9.399 seconds
[2025-05-06T00:18:11.761+0000] {processor.py:157} INFO - Started process (PID=24168) to work on /opt/airflow/dags/Train_Data.py
[2025-05-06T00:18:11.782+0000] {processor.py:829} INFO - Processing file /opt/airflow/dags/Train_Data.py for tasks to queue
[2025-05-06T00:18:11.788+0000] {logging_mixin.py:154} INFO - [2025-05-06T00:18:11.786+0000] {dagbag.py:536} INFO - Filling up the DagBag from /opt/airflow/dags/Train_Data.py
[2025-05-06T00:18:21.795+0000] {processor.py:839} INFO - DAG(s) dict_keys(['Train_Model']) retrieved from /opt/airflow/dags/Train_Data.py
[2025-05-06T00:18:21.930+0000] {logging_mixin.py:154} INFO - [2025-05-06T00:18:21.928+0000] {dag.py:2941} INFO - Sync 1 DAGs
[2025-05-06T00:18:22.004+0000] {logging_mixin.py:154} INFO - [2025-05-06T00:18:22.004+0000] {dag.py:3722} INFO - Setting next_dagrun for Train_Model to None, run_after=None
[2025-05-06T00:18:22.134+0000] {processor.py:179} INFO - Processing /opt/airflow/dags/Train_Data.py took 10.401 seconds
[2025-05-06T00:18:52.500+0000] {processor.py:157} INFO - Started process (PID=24189) to work on /opt/airflow/dags/Train_Data.py
[2025-05-06T00:18:52.514+0000] {processor.py:829} INFO - Processing file /opt/airflow/dags/Train_Data.py for tasks to queue
[2025-05-06T00:18:52.515+0000] {logging_mixin.py:154} INFO - [2025-05-06T00:18:52.515+0000] {dagbag.py:536} INFO - Filling up the DagBag from /opt/airflow/dags/Train_Data.py
[2025-05-06T00:19:01.834+0000] {processor.py:839} INFO - DAG(s) dict_keys(['Train_Model']) retrieved from /opt/airflow/dags/Train_Data.py
[2025-05-06T00:19:01.886+0000] {logging_mixin.py:154} INFO - [2025-05-06T00:19:01.882+0000] {dag.py:2941} INFO - Sync 1 DAGs
[2025-05-06T00:19:01.915+0000] {logging_mixin.py:154} INFO - [2025-05-06T00:19:01.914+0000] {dag.py:3722} INFO - Setting next_dagrun for Train_Model to None, run_after=None
[2025-05-06T00:19:01.964+0000] {processor.py:179} INFO - Processing /opt/airflow/dags/Train_Data.py took 9.495 seconds
[2025-05-06T00:19:32.665+0000] {processor.py:157} INFO - Started process (PID=24210) to work on /opt/airflow/dags/Train_Data.py
[2025-05-06T00:19:32.668+0000] {processor.py:829} INFO - Processing file /opt/airflow/dags/Train_Data.py for tasks to queue
[2025-05-06T00:19:32.669+0000] {logging_mixin.py:154} INFO - [2025-05-06T00:19:32.669+0000] {dagbag.py:536} INFO - Filling up the DagBag from /opt/airflow/dags/Train_Data.py
[2025-05-06T00:19:39.511+0000] {processor.py:839} INFO - DAG(s) dict_keys(['Train_Model']) retrieved from /opt/airflow/dags/Train_Data.py
[2025-05-06T00:19:39.580+0000] {logging_mixin.py:154} INFO - [2025-05-06T00:19:39.578+0000] {dag.py:2941} INFO - Sync 1 DAGs
[2025-05-06T00:19:39.617+0000] {logging_mixin.py:154} INFO - [2025-05-06T00:19:39.615+0000] {dag.py:3722} INFO - Setting next_dagrun for Train_Model to None, run_after=None
[2025-05-06T00:19:39.691+0000] {processor.py:179} INFO - Processing /opt/airflow/dags/Train_Data.py took 7.040 seconds
[2025-05-06T00:20:10.092+0000] {processor.py:157} INFO - Started process (PID=24234) to work on /opt/airflow/dags/Train_Data.py
[2025-05-06T00:20:10.102+0000] {processor.py:829} INFO - Processing file /opt/airflow/dags/Train_Data.py for tasks to queue
[2025-05-06T00:20:10.110+0000] {logging_mixin.py:154} INFO - [2025-05-06T00:20:10.103+0000] {dagbag.py:536} INFO - Filling up the DagBag from /opt/airflow/dags/Train_Data.py
[2025-05-06T00:20:20.096+0000] {processor.py:839} INFO - DAG(s) dict_keys(['Train_Model']) retrieved from /opt/airflow/dags/Train_Data.py
[2025-05-06T00:20:20.172+0000] {logging_mixin.py:154} INFO - [2025-05-06T00:20:20.168+0000] {dag.py:2941} INFO - Sync 1 DAGs
[2025-05-06T00:20:20.200+0000] {logging_mixin.py:154} INFO - [2025-05-06T00:20:20.200+0000] {dag.py:3722} INFO - Setting next_dagrun for Train_Model to None, run_after=None
[2025-05-06T00:20:20.242+0000] {processor.py:179} INFO - Processing /opt/airflow/dags/Train_Data.py took 10.200 seconds
[2025-05-06T00:20:50.990+0000] {processor.py:157} INFO - Started process (PID=24257) to work on /opt/airflow/dags/Train_Data.py
[2025-05-06T00:20:50.999+0000] {processor.py:829} INFO - Processing file /opt/airflow/dags/Train_Data.py for tasks to queue
[2025-05-06T00:20:51.004+0000] {logging_mixin.py:154} INFO - [2025-05-06T00:20:51.003+0000] {dagbag.py:536} INFO - Filling up the DagBag from /opt/airflow/dags/Train_Data.py
[2025-05-06T00:20:58.982+0000] {processor.py:839} INFO - DAG(s) dict_keys(['Train_Model']) retrieved from /opt/airflow/dags/Train_Data.py
[2025-05-06T00:20:59.129+0000] {logging_mixin.py:154} INFO - [2025-05-06T00:20:59.125+0000] {dag.py:2941} INFO - Sync 1 DAGs
[2025-05-06T00:20:59.186+0000] {logging_mixin.py:154} INFO - [2025-05-06T00:20:59.185+0000] {dag.py:3722} INFO - Setting next_dagrun for Train_Model to None, run_after=None
[2025-05-06T00:20:59.266+0000] {processor.py:179} INFO - Processing /opt/airflow/dags/Train_Data.py took 8.297 seconds
[2025-05-06T00:21:29.649+0000] {processor.py:157} INFO - Started process (PID=24278) to work on /opt/airflow/dags/Train_Data.py
[2025-05-06T00:21:29.654+0000] {processor.py:829} INFO - Processing file /opt/airflow/dags/Train_Data.py for tasks to queue
[2025-05-06T00:21:29.659+0000] {logging_mixin.py:154} INFO - [2025-05-06T00:21:29.656+0000] {dagbag.py:536} INFO - Filling up the DagBag from /opt/airflow/dags/Train_Data.py
[2025-05-06T00:21:39.722+0000] {processor.py:839} INFO - DAG(s) dict_keys(['Train_Model']) retrieved from /opt/airflow/dags/Train_Data.py
[2025-05-06T00:21:39.792+0000] {logging_mixin.py:154} INFO - [2025-05-06T00:21:39.791+0000] {dag.py:2941} INFO - Sync 1 DAGs
[2025-05-06T00:21:39.825+0000] {logging_mixin.py:154} INFO - [2025-05-06T00:21:39.825+0000] {dag.py:3722} INFO - Setting next_dagrun for Train_Model to None, run_after=None
[2025-05-06T00:21:39.909+0000] {processor.py:179} INFO - Processing /opt/airflow/dags/Train_Data.py took 10.288 seconds
[2025-05-06T00:22:10.106+0000] {processor.py:157} INFO - Started process (PID=24299) to work on /opt/airflow/dags/Train_Data.py
[2025-05-06T00:22:10.114+0000] {processor.py:829} INFO - Processing file /opt/airflow/dags/Train_Data.py for tasks to queue
[2025-05-06T00:22:10.116+0000] {logging_mixin.py:154} INFO - [2025-05-06T00:22:10.115+0000] {dagbag.py:536} INFO - Filling up the DagBag from /opt/airflow/dags/Train_Data.py
[2025-05-06T00:22:18.137+0000] {processor.py:839} INFO - DAG(s) dict_keys(['Train_Model']) retrieved from /opt/airflow/dags/Train_Data.py
[2025-05-06T00:22:18.497+0000] {logging_mixin.py:154} INFO - [2025-05-06T00:22:18.496+0000] {dag.py:2941} INFO - Sync 1 DAGs
[2025-05-06T00:22:18.622+0000] {logging_mixin.py:154} INFO - [2025-05-06T00:22:18.619+0000] {dag.py:3722} INFO - Setting next_dagrun for Train_Model to None, run_after=None
[2025-05-06T00:22:18.696+0000] {processor.py:179} INFO - Processing /opt/airflow/dags/Train_Data.py took 8.610 seconds
[2025-05-06T00:22:49.169+0000] {processor.py:157} INFO - Started process (PID=24321) to work on /opt/airflow/dags/Train_Data.py
[2025-05-06T00:22:49.177+0000] {processor.py:829} INFO - Processing file /opt/airflow/dags/Train_Data.py for tasks to queue
[2025-05-06T00:22:49.185+0000] {logging_mixin.py:154} INFO - [2025-05-06T00:22:49.184+0000] {dagbag.py:536} INFO - Filling up the DagBag from /opt/airflow/dags/Train_Data.py
[2025-05-06T00:22:59.930+0000] {processor.py:839} INFO - DAG(s) dict_keys(['Train_Model']) retrieved from /opt/airflow/dags/Train_Data.py
[2025-05-06T00:23:00.001+0000] {logging_mixin.py:154} INFO - [2025-05-06T00:22:59.995+0000] {dag.py:2941} INFO - Sync 1 DAGs
[2025-05-06T00:23:00.039+0000] {logging_mixin.py:154} INFO - [2025-05-06T00:23:00.039+0000] {dag.py:3722} INFO - Setting next_dagrun for Train_Model to None, run_after=None
[2025-05-06T00:23:00.123+0000] {processor.py:179} INFO - Processing /opt/airflow/dags/Train_Data.py took 10.966 seconds
[2025-05-06T00:23:31.113+0000] {processor.py:157} INFO - Started process (PID=24346) to work on /opt/airflow/dags/Train_Data.py
[2025-05-06T00:23:31.147+0000] {processor.py:829} INFO - Processing file /opt/airflow/dags/Train_Data.py for tasks to queue
[2025-05-06T00:23:31.164+0000] {logging_mixin.py:154} INFO - [2025-05-06T00:23:31.162+0000] {dagbag.py:536} INFO - Filling up the DagBag from /opt/airflow/dags/Train_Data.py
[2025-05-06T00:23:41.367+0000] {processor.py:839} INFO - DAG(s) dict_keys(['Train_Model']) retrieved from /opt/airflow/dags/Train_Data.py
[2025-05-06T00:23:41.493+0000] {logging_mixin.py:154} INFO - [2025-05-06T00:23:41.491+0000] {dag.py:2941} INFO - Sync 1 DAGs
[2025-05-06T00:23:41.525+0000] {logging_mixin.py:154} INFO - [2025-05-06T00:23:41.523+0000] {dag.py:3722} INFO - Setting next_dagrun for Train_Model to None, run_after=None
[2025-05-06T00:23:41.723+0000] {processor.py:179} INFO - Processing /opt/airflow/dags/Train_Data.py took 10.739 seconds
[2025-05-06T00:24:12.441+0000] {processor.py:157} INFO - Started process (PID=24367) to work on /opt/airflow/dags/Train_Data.py
[2025-05-06T00:24:12.446+0000] {processor.py:829} INFO - Processing file /opt/airflow/dags/Train_Data.py for tasks to queue
[2025-05-06T00:24:12.453+0000] {logging_mixin.py:154} INFO - [2025-05-06T00:24:12.452+0000] {dagbag.py:536} INFO - Filling up the DagBag from /opt/airflow/dags/Train_Data.py
[2025-05-06T00:24:25.409+0000] {processor.py:839} INFO - DAG(s) dict_keys(['Train_Model']) retrieved from /opt/airflow/dags/Train_Data.py
[2025-05-06T00:24:25.504+0000] {logging_mixin.py:154} INFO - [2025-05-06T00:24:25.500+0000] {dag.py:2941} INFO - Sync 1 DAGs
[2025-05-06T00:24:25.545+0000] {logging_mixin.py:154} INFO - [2025-05-06T00:24:25.544+0000] {dag.py:3722} INFO - Setting next_dagrun for Train_Model to None, run_after=None
[2025-05-06T00:24:25.622+0000] {processor.py:179} INFO - Processing /opt/airflow/dags/Train_Data.py took 13.198 seconds
[2025-05-06T00:24:56.410+0000] {processor.py:157} INFO - Started process (PID=24389) to work on /opt/airflow/dags/Train_Data.py
[2025-05-06T00:24:56.416+0000] {processor.py:829} INFO - Processing file /opt/airflow/dags/Train_Data.py for tasks to queue
[2025-05-06T00:24:56.418+0000] {logging_mixin.py:154} INFO - [2025-05-06T00:24:56.417+0000] {dagbag.py:536} INFO - Filling up the DagBag from /opt/airflow/dags/Train_Data.py
[2025-05-06T00:25:09.823+0000] {processor.py:839} INFO - DAG(s) dict_keys(['Train_Model']) retrieved from /opt/airflow/dags/Train_Data.py
[2025-05-06T00:25:09.966+0000] {logging_mixin.py:154} INFO - [2025-05-06T00:25:09.957+0000] {dag.py:2941} INFO - Sync 1 DAGs
[2025-05-06T00:25:10.007+0000] {logging_mixin.py:154} INFO - [2025-05-06T00:25:10.005+0000] {dag.py:3722} INFO - Setting next_dagrun for Train_Model to None, run_after=None
[2025-05-06T00:25:10.109+0000] {processor.py:179} INFO - Processing /opt/airflow/dags/Train_Data.py took 13.715 seconds
[2025-05-06T00:25:40.857+0000] {processor.py:157} INFO - Started process (PID=24410) to work on /opt/airflow/dags/Train_Data.py
[2025-05-06T00:25:40.867+0000] {processor.py:829} INFO - Processing file /opt/airflow/dags/Train_Data.py for tasks to queue
[2025-05-06T00:25:40.871+0000] {logging_mixin.py:154} INFO - [2025-05-06T00:25:40.870+0000] {dagbag.py:536} INFO - Filling up the DagBag from /opt/airflow/dags/Train_Data.py
[2025-05-06T00:25:56.340+0000] {processor.py:839} INFO - DAG(s) dict_keys(['Train_Model']) retrieved from /opt/airflow/dags/Train_Data.py
[2025-05-06T00:25:56.558+0000] {logging_mixin.py:154} INFO - [2025-05-06T00:25:56.550+0000] {dag.py:2941} INFO - Sync 1 DAGs
[2025-05-06T00:25:56.624+0000] {logging_mixin.py:154} INFO - [2025-05-06T00:25:56.624+0000] {dag.py:3722} INFO - Setting next_dagrun for Train_Model to None, run_after=None
[2025-05-06T00:25:56.687+0000] {processor.py:179} INFO - Processing /opt/airflow/dags/Train_Data.py took 15.850 seconds
[2025-05-06T00:26:27.411+0000] {processor.py:157} INFO - Started process (PID=24441) to work on /opt/airflow/dags/Train_Data.py
[2025-05-06T00:26:27.426+0000] {processor.py:829} INFO - Processing file /opt/airflow/dags/Train_Data.py for tasks to queue
[2025-05-06T00:26:27.432+0000] {logging_mixin.py:154} INFO - [2025-05-06T00:26:27.431+0000] {dagbag.py:536} INFO - Filling up the DagBag from /opt/airflow/dags/Train_Data.py
[2025-05-06T00:26:36.522+0000] {processor.py:839} INFO - DAG(s) dict_keys(['Train_Model']) retrieved from /opt/airflow/dags/Train_Data.py
[2025-05-06T00:26:36.658+0000] {logging_mixin.py:154} INFO - [2025-05-06T00:26:36.657+0000] {dag.py:2941} INFO - Sync 1 DAGs
[2025-05-06T00:26:36.688+0000] {logging_mixin.py:154} INFO - [2025-05-06T00:26:36.687+0000] {dag.py:3722} INFO - Setting next_dagrun for Train_Model to None, run_after=None
[2025-05-06T00:26:36.768+0000] {processor.py:179} INFO - Processing /opt/airflow/dags/Train_Data.py took 9.401 seconds
[2025-05-06T00:27:07.169+0000] {processor.py:157} INFO - Started process (PID=24462) to work on /opt/airflow/dags/Train_Data.py
[2025-05-06T00:27:07.177+0000] {processor.py:829} INFO - Processing file /opt/airflow/dags/Train_Data.py for tasks to queue
[2025-05-06T00:27:07.179+0000] {logging_mixin.py:154} INFO - [2025-05-06T00:27:07.178+0000] {dagbag.py:536} INFO - Filling up the DagBag from /opt/airflow/dags/Train_Data.py
[2025-05-06T00:27:15.981+0000] {processor.py:839} INFO - DAG(s) dict_keys(['Train_Model']) retrieved from /opt/airflow/dags/Train_Data.py
[2025-05-06T00:27:16.070+0000] {logging_mixin.py:154} INFO - [2025-05-06T00:27:16.068+0000] {dag.py:2941} INFO - Sync 1 DAGs
[2025-05-06T00:27:16.104+0000] {logging_mixin.py:154} INFO - [2025-05-06T00:27:16.104+0000] {dag.py:3722} INFO - Setting next_dagrun for Train_Model to None, run_after=None
[2025-05-06T00:27:16.156+0000] {processor.py:179} INFO - Processing /opt/airflow/dags/Train_Data.py took 9.013 seconds
[2025-05-06T00:27:47.151+0000] {processor.py:157} INFO - Started process (PID=24483) to work on /opt/airflow/dags/Train_Data.py
[2025-05-06T00:27:47.164+0000] {processor.py:829} INFO - Processing file /opt/airflow/dags/Train_Data.py for tasks to queue
[2025-05-06T00:27:47.172+0000] {logging_mixin.py:154} INFO - [2025-05-06T00:27:47.170+0000] {dagbag.py:536} INFO - Filling up the DagBag from /opt/airflow/dags/Train_Data.py
[2025-05-06T00:27:55.093+0000] {processor.py:839} INFO - DAG(s) dict_keys(['Train_Model']) retrieved from /opt/airflow/dags/Train_Data.py
[2025-05-06T00:27:55.148+0000] {logging_mixin.py:154} INFO - [2025-05-06T00:27:55.147+0000] {dag.py:2941} INFO - Sync 1 DAGs
[2025-05-06T00:27:55.190+0000] {logging_mixin.py:154} INFO - [2025-05-06T00:27:55.190+0000] {dag.py:3722} INFO - Setting next_dagrun for Train_Model to None, run_after=None
[2025-05-06T00:27:55.314+0000] {processor.py:179} INFO - Processing /opt/airflow/dags/Train_Data.py took 8.211 seconds
[2025-05-06T00:28:26.182+0000] {processor.py:157} INFO - Started process (PID=24507) to work on /opt/airflow/dags/Train_Data.py
[2025-05-06T00:28:26.185+0000] {processor.py:829} INFO - Processing file /opt/airflow/dags/Train_Data.py for tasks to queue
[2025-05-06T00:28:26.188+0000] {logging_mixin.py:154} INFO - [2025-05-06T00:28:26.186+0000] {dagbag.py:536} INFO - Filling up the DagBag from /opt/airflow/dags/Train_Data.py
[2025-05-06T00:28:31.321+0000] {processor.py:839} INFO - DAG(s) dict_keys(['Train_Model']) retrieved from /opt/airflow/dags/Train_Data.py
[2025-05-06T00:28:31.436+0000] {logging_mixin.py:154} INFO - [2025-05-06T00:28:31.435+0000] {dag.py:2941} INFO - Sync 1 DAGs
[2025-05-06T00:28:31.471+0000] {logging_mixin.py:154} INFO - [2025-05-06T00:28:31.471+0000] {dag.py:3722} INFO - Setting next_dagrun for Train_Model to None, run_after=None
[2025-05-06T00:28:31.551+0000] {processor.py:179} INFO - Processing /opt/airflow/dags/Train_Data.py took 5.380 seconds
[2025-05-06T00:29:01.732+0000] {processor.py:157} INFO - Started process (PID=24528) to work on /opt/airflow/dags/Train_Data.py
[2025-05-06T00:29:01.737+0000] {processor.py:829} INFO - Processing file /opt/airflow/dags/Train_Data.py for tasks to queue
[2025-05-06T00:29:01.739+0000] {logging_mixin.py:154} INFO - [2025-05-06T00:29:01.739+0000] {dagbag.py:536} INFO - Filling up the DagBag from /opt/airflow/dags/Train_Data.py
[2025-05-06T00:29:06.908+0000] {processor.py:839} INFO - DAG(s) dict_keys(['Train_Model']) retrieved from /opt/airflow/dags/Train_Data.py
[2025-05-06T00:29:06.944+0000] {logging_mixin.py:154} INFO - [2025-05-06T00:29:06.943+0000] {dag.py:2941} INFO - Sync 1 DAGs
[2025-05-06T00:29:06.967+0000] {logging_mixin.py:154} INFO - [2025-05-06T00:29:06.966+0000] {dag.py:3722} INFO - Setting next_dagrun for Train_Model to None, run_after=None
[2025-05-06T00:29:07.001+0000] {processor.py:179} INFO - Processing /opt/airflow/dags/Train_Data.py took 5.289 seconds
[2025-05-06T00:29:37.732+0000] {processor.py:157} INFO - Started process (PID=24550) to work on /opt/airflow/dags/Train_Data.py
[2025-05-06T00:29:37.741+0000] {processor.py:829} INFO - Processing file /opt/airflow/dags/Train_Data.py for tasks to queue
[2025-05-06T00:29:37.742+0000] {logging_mixin.py:154} INFO - [2025-05-06T00:29:37.742+0000] {dagbag.py:536} INFO - Filling up the DagBag from /opt/airflow/dags/Train_Data.py
[2025-05-06T00:29:44.030+0000] {processor.py:839} INFO - DAG(s) dict_keys(['Train_Model']) retrieved from /opt/airflow/dags/Train_Data.py
[2025-05-06T00:29:44.173+0000] {logging_mixin.py:154} INFO - [2025-05-06T00:29:44.171+0000] {dag.py:2941} INFO - Sync 1 DAGs
[2025-05-06T00:29:44.246+0000] {logging_mixin.py:154} INFO - [2025-05-06T00:29:44.245+0000] {dag.py:3722} INFO - Setting next_dagrun for Train_Model to None, run_after=None
[2025-05-06T00:29:44.345+0000] {processor.py:179} INFO - Processing /opt/airflow/dags/Train_Data.py took 6.628 seconds
[2025-05-06T00:30:14.734+0000] {processor.py:157} INFO - Started process (PID=24573) to work on /opt/airflow/dags/Train_Data.py
[2025-05-06T00:30:14.739+0000] {processor.py:829} INFO - Processing file /opt/airflow/dags/Train_Data.py for tasks to queue
[2025-05-06T00:30:14.745+0000] {logging_mixin.py:154} INFO - [2025-05-06T00:30:14.742+0000] {dagbag.py:536} INFO - Filling up the DagBag from /opt/airflow/dags/Train_Data.py
[2025-05-06T00:30:20.330+0000] {processor.py:839} INFO - DAG(s) dict_keys(['Train_Model']) retrieved from /opt/airflow/dags/Train_Data.py
[2025-05-06T00:30:20.381+0000] {logging_mixin.py:154} INFO - [2025-05-06T00:30:20.380+0000] {dag.py:2941} INFO - Sync 1 DAGs
[2025-05-06T00:30:20.414+0000] {logging_mixin.py:154} INFO - [2025-05-06T00:30:20.414+0000] {dag.py:3722} INFO - Setting next_dagrun for Train_Model to None, run_after=None
[2025-05-06T00:30:20.467+0000] {processor.py:179} INFO - Processing /opt/airflow/dags/Train_Data.py took 5.760 seconds
[2025-05-06T00:30:51.367+0000] {processor.py:157} INFO - Started process (PID=24596) to work on /opt/airflow/dags/Train_Data.py
[2025-05-06T00:30:51.370+0000] {processor.py:829} INFO - Processing file /opt/airflow/dags/Train_Data.py for tasks to queue
[2025-05-06T00:30:51.373+0000] {logging_mixin.py:154} INFO - [2025-05-06T00:30:51.373+0000] {dagbag.py:536} INFO - Filling up the DagBag from /opt/airflow/dags/Train_Data.py
[2025-05-06T00:30:56.213+0000] {processor.py:839} INFO - DAG(s) dict_keys(['Train_Model']) retrieved from /opt/airflow/dags/Train_Data.py
[2025-05-06T00:30:56.253+0000] {logging_mixin.py:154} INFO - [2025-05-06T00:30:56.252+0000] {dag.py:2941} INFO - Sync 1 DAGs
[2025-05-06T00:30:56.271+0000] {logging_mixin.py:154} INFO - [2025-05-06T00:30:56.271+0000] {dag.py:3722} INFO - Setting next_dagrun for Train_Model to None, run_after=None
[2025-05-06T00:30:56.301+0000] {processor.py:179} INFO - Processing /opt/airflow/dags/Train_Data.py took 4.952 seconds
[2025-05-06T00:31:26.974+0000] {processor.py:157} INFO - Started process (PID=24617) to work on /opt/airflow/dags/Train_Data.py
[2025-05-06T00:31:26.978+0000] {processor.py:829} INFO - Processing file /opt/airflow/dags/Train_Data.py for tasks to queue
[2025-05-06T00:31:26.982+0000] {logging_mixin.py:154} INFO - [2025-05-06T00:31:26.981+0000] {dagbag.py:536} INFO - Filling up the DagBag from /opt/airflow/dags/Train_Data.py
[2025-05-06T00:31:31.170+0000] {processor.py:839} INFO - DAG(s) dict_keys(['Train_Model']) retrieved from /opt/airflow/dags/Train_Data.py
[2025-05-06T00:31:31.239+0000] {logging_mixin.py:154} INFO - [2025-05-06T00:31:31.237+0000] {dag.py:2941} INFO - Sync 1 DAGs
[2025-05-06T00:31:31.262+0000] {logging_mixin.py:154} INFO - [2025-05-06T00:31:31.262+0000] {dag.py:3722} INFO - Setting next_dagrun for Train_Model to None, run_after=None
[2025-05-06T00:31:31.318+0000] {processor.py:179} INFO - Processing /opt/airflow/dags/Train_Data.py took 4.355 seconds
[2025-05-06T00:32:01.763+0000] {processor.py:157} INFO - Started process (PID=24638) to work on /opt/airflow/dags/Train_Data.py
[2025-05-06T00:32:01.766+0000] {processor.py:829} INFO - Processing file /opt/airflow/dags/Train_Data.py for tasks to queue
[2025-05-06T00:32:01.767+0000] {logging_mixin.py:154} INFO - [2025-05-06T00:32:01.767+0000] {dagbag.py:536} INFO - Filling up the DagBag from /opt/airflow/dags/Train_Data.py
[2025-05-06T00:32:06.045+0000] {processor.py:839} INFO - DAG(s) dict_keys(['Train_Model']) retrieved from /opt/airflow/dags/Train_Data.py
[2025-05-06T00:32:06.083+0000] {logging_mixin.py:154} INFO - [2025-05-06T00:32:06.081+0000] {dag.py:2941} INFO - Sync 1 DAGs
[2025-05-06T00:32:06.101+0000] {logging_mixin.py:154} INFO - [2025-05-06T00:32:06.100+0000] {dag.py:3722} INFO - Setting next_dagrun for Train_Model to None, run_after=None
[2025-05-06T00:32:06.129+0000] {processor.py:179} INFO - Processing /opt/airflow/dags/Train_Data.py took 4.383 seconds
[2025-05-06T00:32:36.641+0000] {processor.py:157} INFO - Started process (PID=24659) to work on /opt/airflow/dags/Train_Data.py
[2025-05-06T00:32:36.647+0000] {processor.py:829} INFO - Processing file /opt/airflow/dags/Train_Data.py for tasks to queue
[2025-05-06T00:32:36.648+0000] {logging_mixin.py:154} INFO - [2025-05-06T00:32:36.648+0000] {dagbag.py:536} INFO - Filling up the DagBag from /opt/airflow/dags/Train_Data.py
[2025-05-06T00:32:41.463+0000] {processor.py:839} INFO - DAG(s) dict_keys(['Train_Model']) retrieved from /opt/airflow/dags/Train_Data.py
[2025-05-06T00:32:41.540+0000] {logging_mixin.py:154} INFO - [2025-05-06T00:32:41.537+0000] {dag.py:2941} INFO - Sync 1 DAGs
[2025-05-06T00:32:41.572+0000] {logging_mixin.py:154} INFO - [2025-05-06T00:32:41.571+0000] {dag.py:3722} INFO - Setting next_dagrun for Train_Model to None, run_after=None
[2025-05-06T00:32:41.629+0000] {processor.py:179} INFO - Processing /opt/airflow/dags/Train_Data.py took 4.997 seconds
[2025-05-06T00:33:12.025+0000] {processor.py:157} INFO - Started process (PID=24681) to work on /opt/airflow/dags/Train_Data.py
[2025-05-06T00:33:12.028+0000] {processor.py:829} INFO - Processing file /opt/airflow/dags/Train_Data.py for tasks to queue
[2025-05-06T00:33:12.030+0000] {logging_mixin.py:154} INFO - [2025-05-06T00:33:12.030+0000] {dagbag.py:536} INFO - Filling up the DagBag from /opt/airflow/dags/Train_Data.py
[2025-05-06T00:33:17.592+0000] {processor.py:839} INFO - DAG(s) dict_keys(['Train_Model']) retrieved from /opt/airflow/dags/Train_Data.py
[2025-05-06T00:33:17.653+0000] {logging_mixin.py:154} INFO - [2025-05-06T00:33:17.652+0000] {dag.py:2941} INFO - Sync 1 DAGs
[2025-05-06T00:33:17.679+0000] {logging_mixin.py:154} INFO - [2025-05-06T00:33:17.679+0000] {dag.py:3722} INFO - Setting next_dagrun for Train_Model to None, run_after=None
[2025-05-06T00:33:17.725+0000] {processor.py:179} INFO - Processing /opt/airflow/dags/Train_Data.py took 5.713 seconds
[2025-05-06T00:33:48.661+0000] {processor.py:157} INFO - Started process (PID=24702) to work on /opt/airflow/dags/Train_Data.py
[2025-05-06T00:33:48.666+0000] {processor.py:829} INFO - Processing file /opt/airflow/dags/Train_Data.py for tasks to queue
[2025-05-06T00:33:48.669+0000] {logging_mixin.py:154} INFO - [2025-05-06T00:33:48.668+0000] {dagbag.py:536} INFO - Filling up the DagBag from /opt/airflow/dags/Train_Data.py
[2025-05-06T00:33:55.638+0000] {processor.py:839} INFO - DAG(s) dict_keys(['Train_Model']) retrieved from /opt/airflow/dags/Train_Data.py
[2025-05-06T00:33:55.752+0000] {logging_mixin.py:154} INFO - [2025-05-06T00:33:55.751+0000] {dag.py:2941} INFO - Sync 1 DAGs
[2025-05-06T00:33:55.815+0000] {logging_mixin.py:154} INFO - [2025-05-06T00:33:55.813+0000] {dag.py:3722} INFO - Setting next_dagrun for Train_Model to None, run_after=None
[2025-05-06T00:33:55.919+0000] {processor.py:179} INFO - Processing /opt/airflow/dags/Train_Data.py took 7.275 seconds
[2025-05-06T00:34:26.571+0000] {processor.py:157} INFO - Started process (PID=24723) to work on /opt/airflow/dags/Train_Data.py
[2025-05-06T00:34:26.574+0000] {processor.py:829} INFO - Processing file /opt/airflow/dags/Train_Data.py for tasks to queue
[2025-05-06T00:34:26.576+0000] {logging_mixin.py:154} INFO - [2025-05-06T00:34:26.575+0000] {dagbag.py:536} INFO - Filling up the DagBag from /opt/airflow/dags/Train_Data.py
[2025-05-06T00:34:32.633+0000] {processor.py:839} INFO - DAG(s) dict_keys(['Train_Model']) retrieved from /opt/airflow/dags/Train_Data.py
[2025-05-06T00:34:32.689+0000] {logging_mixin.py:154} INFO - [2025-05-06T00:34:32.687+0000] {dag.py:2941} INFO - Sync 1 DAGs
[2025-05-06T00:34:32.727+0000] {logging_mixin.py:154} INFO - [2025-05-06T00:34:32.726+0000] {dag.py:3722} INFO - Setting next_dagrun for Train_Model to None, run_after=None
[2025-05-06T00:34:32.793+0000] {processor.py:179} INFO - Processing /opt/airflow/dags/Train_Data.py took 6.233 seconds
[2025-05-06T00:35:03.811+0000] {processor.py:157} INFO - Started process (PID=24748) to work on /opt/airflow/dags/Train_Data.py
[2025-05-06T00:35:03.825+0000] {processor.py:829} INFO - Processing file /opt/airflow/dags/Train_Data.py for tasks to queue
[2025-05-06T00:35:03.832+0000] {logging_mixin.py:154} INFO - [2025-05-06T00:35:03.826+0000] {dagbag.py:536} INFO - Filling up the DagBag from /opt/airflow/dags/Train_Data.py
[2025-05-06T00:35:09.085+0000] {processor.py:839} INFO - DAG(s) dict_keys(['Train_Model']) retrieved from /opt/airflow/dags/Train_Data.py
[2025-05-06T00:35:09.136+0000] {logging_mixin.py:154} INFO - [2025-05-06T00:35:09.132+0000] {dag.py:2941} INFO - Sync 1 DAGs
[2025-05-06T00:35:09.161+0000] {logging_mixin.py:154} INFO - [2025-05-06T00:35:09.160+0000] {dag.py:3722} INFO - Setting next_dagrun for Train_Model to None, run_after=None
[2025-05-06T00:35:09.199+0000] {processor.py:179} INFO - Processing /opt/airflow/dags/Train_Data.py took 5.425 seconds
[2025-05-06T00:35:39.456+0000] {processor.py:157} INFO - Started process (PID=24769) to work on /opt/airflow/dags/Train_Data.py
[2025-05-06T00:35:39.462+0000] {processor.py:829} INFO - Processing file /opt/airflow/dags/Train_Data.py for tasks to queue
[2025-05-06T00:35:39.464+0000] {logging_mixin.py:154} INFO - [2025-05-06T00:35:39.463+0000] {dagbag.py:536} INFO - Filling up the DagBag from /opt/airflow/dags/Train_Data.py
[2025-05-06T00:35:44.034+0000] {processor.py:839} INFO - DAG(s) dict_keys(['Train_Model']) retrieved from /opt/airflow/dags/Train_Data.py
[2025-05-06T00:35:44.076+0000] {logging_mixin.py:154} INFO - [2025-05-06T00:35:44.075+0000] {dag.py:2941} INFO - Sync 1 DAGs
[2025-05-06T00:35:44.094+0000] {logging_mixin.py:154} INFO - [2025-05-06T00:35:44.094+0000] {dag.py:3722} INFO - Setting next_dagrun for Train_Model to None, run_after=None
[2025-05-06T00:35:44.122+0000] {processor.py:179} INFO - Processing /opt/airflow/dags/Train_Data.py took 4.676 seconds
[2025-05-06T00:36:14.796+0000] {processor.py:157} INFO - Started process (PID=24790) to work on /opt/airflow/dags/Train_Data.py
[2025-05-06T00:36:14.800+0000] {processor.py:829} INFO - Processing file /opt/airflow/dags/Train_Data.py for tasks to queue
[2025-05-06T00:36:14.803+0000] {logging_mixin.py:154} INFO - [2025-05-06T00:36:14.802+0000] {dagbag.py:536} INFO - Filling up the DagBag from /opt/airflow/dags/Train_Data.py
[2025-05-06T00:36:20.395+0000] {processor.py:839} INFO - DAG(s) dict_keys(['Train_Model']) retrieved from /opt/airflow/dags/Train_Data.py
[2025-05-06T00:36:20.489+0000] {logging_mixin.py:154} INFO - [2025-05-06T00:36:20.488+0000] {dag.py:2941} INFO - Sync 1 DAGs
[2025-05-06T00:36:20.525+0000] {logging_mixin.py:154} INFO - [2025-05-06T00:36:20.524+0000] {dag.py:3722} INFO - Setting next_dagrun for Train_Model to None, run_after=None
[2025-05-06T00:36:20.594+0000] {processor.py:179} INFO - Processing /opt/airflow/dags/Train_Data.py took 5.810 seconds
[2025-05-06T00:36:50.910+0000] {processor.py:157} INFO - Started process (PID=24812) to work on /opt/airflow/dags/Train_Data.py
[2025-05-06T00:36:50.915+0000] {processor.py:829} INFO - Processing file /opt/airflow/dags/Train_Data.py for tasks to queue
[2025-05-06T00:36:50.917+0000] {logging_mixin.py:154} INFO - [2025-05-06T00:36:50.916+0000] {dagbag.py:536} INFO - Filling up the DagBag from /opt/airflow/dags/Train_Data.py
[2025-05-06T00:36:55.744+0000] {processor.py:839} INFO - DAG(s) dict_keys(['Train_Model']) retrieved from /opt/airflow/dags/Train_Data.py
[2025-05-06T00:36:55.817+0000] {logging_mixin.py:154} INFO - [2025-05-06T00:36:55.816+0000] {dag.py:2941} INFO - Sync 1 DAGs
[2025-05-06T00:36:55.835+0000] {logging_mixin.py:154} INFO - [2025-05-06T00:36:55.835+0000] {dag.py:3722} INFO - Setting next_dagrun for Train_Model to None, run_after=None
[2025-05-06T00:36:55.869+0000] {processor.py:179} INFO - Processing /opt/airflow/dags/Train_Data.py took 4.971 seconds
[2025-05-06T00:37:26.526+0000] {processor.py:157} INFO - Started process (PID=24833) to work on /opt/airflow/dags/Train_Data.py
[2025-05-06T00:37:26.530+0000] {processor.py:829} INFO - Processing file /opt/airflow/dags/Train_Data.py for tasks to queue
[2025-05-06T00:37:26.531+0000] {logging_mixin.py:154} INFO - [2025-05-06T00:37:26.531+0000] {dagbag.py:536} INFO - Filling up the DagBag from /opt/airflow/dags/Train_Data.py
[2025-05-06T00:37:31.117+0000] {processor.py:839} INFO - DAG(s) dict_keys(['Train_Model']) retrieved from /opt/airflow/dags/Train_Data.py
[2025-05-06T00:37:31.162+0000] {logging_mixin.py:154} INFO - [2025-05-06T00:37:31.161+0000] {dag.py:2941} INFO - Sync 1 DAGs
[2025-05-06T00:37:31.181+0000] {logging_mixin.py:154} INFO - [2025-05-06T00:37:31.181+0000] {dag.py:3722} INFO - Setting next_dagrun for Train_Model to None, run_after=None
[2025-05-06T00:37:31.206+0000] {processor.py:179} INFO - Processing /opt/airflow/dags/Train_Data.py took 4.689 seconds
[2025-05-06T00:38:01.807+0000] {processor.py:157} INFO - Started process (PID=24854) to work on /opt/airflow/dags/Train_Data.py
[2025-05-06T00:38:01.812+0000] {processor.py:829} INFO - Processing file /opt/airflow/dags/Train_Data.py for tasks to queue
[2025-05-06T00:38:01.813+0000] {logging_mixin.py:154} INFO - [2025-05-06T00:38:01.813+0000] {dagbag.py:536} INFO - Filling up the DagBag from /opt/airflow/dags/Train_Data.py
[2025-05-06T00:38:06.226+0000] {processor.py:839} INFO - DAG(s) dict_keys(['Train_Model']) retrieved from /opt/airflow/dags/Train_Data.py
[2025-05-06T00:38:06.268+0000] {logging_mixin.py:154} INFO - [2025-05-06T00:38:06.266+0000] {dag.py:2941} INFO - Sync 1 DAGs
[2025-05-06T00:38:06.295+0000] {logging_mixin.py:154} INFO - [2025-05-06T00:38:06.294+0000] {dag.py:3722} INFO - Setting next_dagrun for Train_Model to None, run_after=None
[2025-05-06T00:38:06.329+0000] {processor.py:179} INFO - Processing /opt/airflow/dags/Train_Data.py took 4.535 seconds
[2025-05-06T00:38:36.645+0000] {processor.py:157} INFO - Started process (PID=24875) to work on /opt/airflow/dags/Train_Data.py
[2025-05-06T00:38:36.648+0000] {processor.py:829} INFO - Processing file /opt/airflow/dags/Train_Data.py for tasks to queue
[2025-05-06T00:38:36.651+0000] {logging_mixin.py:154} INFO - [2025-05-06T00:38:36.651+0000] {dagbag.py:536} INFO - Filling up the DagBag from /opt/airflow/dags/Train_Data.py
[2025-05-06T00:38:41.140+0000] {processor.py:839} INFO - DAG(s) dict_keys(['Train_Model']) retrieved from /opt/airflow/dags/Train_Data.py
[2025-05-06T00:38:41.209+0000] {logging_mixin.py:154} INFO - [2025-05-06T00:38:41.208+0000] {dag.py:2941} INFO - Sync 1 DAGs
[2025-05-06T00:38:41.247+0000] {logging_mixin.py:154} INFO - [2025-05-06T00:38:41.246+0000] {dag.py:3722} INFO - Setting next_dagrun for Train_Model to None, run_after=None
[2025-05-06T00:38:41.325+0000] {processor.py:179} INFO - Processing /opt/airflow/dags/Train_Data.py took 4.690 seconds
[2025-05-06T00:39:11.655+0000] {processor.py:157} INFO - Started process (PID=24896) to work on /opt/airflow/dags/Train_Data.py
[2025-05-06T00:39:11.659+0000] {processor.py:829} INFO - Processing file /opt/airflow/dags/Train_Data.py for tasks to queue
[2025-05-06T00:39:11.660+0000] {logging_mixin.py:154} INFO - [2025-05-06T00:39:11.660+0000] {dagbag.py:536} INFO - Filling up the DagBag from /opt/airflow/dags/Train_Data.py
[2025-05-06T00:39:16.459+0000] {processor.py:839} INFO - DAG(s) dict_keys(['Train_Model']) retrieved from /opt/airflow/dags/Train_Data.py
[2025-05-06T00:39:16.576+0000] {logging_mixin.py:154} INFO - [2025-05-06T00:39:16.575+0000] {dag.py:2941} INFO - Sync 1 DAGs
[2025-05-06T00:39:16.604+0000] {logging_mixin.py:154} INFO - [2025-05-06T00:39:16.603+0000] {dag.py:3722} INFO - Setting next_dagrun for Train_Model to None, run_after=None
[2025-05-06T00:39:16.653+0000] {processor.py:179} INFO - Processing /opt/airflow/dags/Train_Data.py took 5.011 seconds
[2025-05-06T00:39:46.896+0000] {processor.py:157} INFO - Started process (PID=24919) to work on /opt/airflow/dags/Train_Data.py
[2025-05-06T00:39:46.899+0000] {processor.py:829} INFO - Processing file /opt/airflow/dags/Train_Data.py for tasks to queue
[2025-05-06T00:39:46.900+0000] {logging_mixin.py:154} INFO - [2025-05-06T00:39:46.900+0000] {dagbag.py:536} INFO - Filling up the DagBag from /opt/airflow/dags/Train_Data.py
[2025-05-06T00:39:51.611+0000] {processor.py:839} INFO - DAG(s) dict_keys(['Train_Model']) retrieved from /opt/airflow/dags/Train_Data.py
[2025-05-06T00:39:51.668+0000] {logging_mixin.py:154} INFO - [2025-05-06T00:39:51.667+0000] {dag.py:2941} INFO - Sync 1 DAGs
[2025-05-06T00:39:51.695+0000] {logging_mixin.py:154} INFO - [2025-05-06T00:39:51.695+0000] {dag.py:3722} INFO - Setting next_dagrun for Train_Model to None, run_after=None
[2025-05-06T00:39:51.750+0000] {processor.py:179} INFO - Processing /opt/airflow/dags/Train_Data.py took 4.865 seconds
[2025-05-06T00:40:22.199+0000] {processor.py:157} INFO - Started process (PID=24942) to work on /opt/airflow/dags/Train_Data.py
[2025-05-06T00:40:22.204+0000] {processor.py:829} INFO - Processing file /opt/airflow/dags/Train_Data.py for tasks to queue
[2025-05-06T00:40:22.205+0000] {logging_mixin.py:154} INFO - [2025-05-06T00:40:22.205+0000] {dagbag.py:536} INFO - Filling up the DagBag from /opt/airflow/dags/Train_Data.py
[2025-05-06T00:40:26.754+0000] {processor.py:839} INFO - DAG(s) dict_keys(['Train_Model']) retrieved from /opt/airflow/dags/Train_Data.py
[2025-05-06T00:40:26.822+0000] {logging_mixin.py:154} INFO - [2025-05-06T00:40:26.821+0000] {dag.py:2941} INFO - Sync 1 DAGs
[2025-05-06T00:40:26.854+0000] {logging_mixin.py:154} INFO - [2025-05-06T00:40:26.850+0000] {dag.py:3722} INFO - Setting next_dagrun for Train_Model to None, run_after=None
[2025-05-06T00:40:26.902+0000] {processor.py:179} INFO - Processing /opt/airflow/dags/Train_Data.py took 4.714 seconds
[2025-05-06T00:40:57.714+0000] {processor.py:157} INFO - Started process (PID=24964) to work on /opt/airflow/dags/Train_Data.py
[2025-05-06T00:40:57.719+0000] {processor.py:829} INFO - Processing file /opt/airflow/dags/Train_Data.py for tasks to queue
[2025-05-06T00:40:57.721+0000] {logging_mixin.py:154} INFO - [2025-05-06T00:40:57.720+0000] {dagbag.py:536} INFO - Filling up the DagBag from /opt/airflow/dags/Train_Data.py
[2025-05-06T00:41:01.922+0000] {processor.py:839} INFO - DAG(s) dict_keys(['Train_Model']) retrieved from /opt/airflow/dags/Train_Data.py
[2025-05-06T00:41:01.964+0000] {logging_mixin.py:154} INFO - [2025-05-06T00:41:01.962+0000] {dag.py:2941} INFO - Sync 1 DAGs
[2025-05-06T00:41:01.987+0000] {logging_mixin.py:154} INFO - [2025-05-06T00:41:01.986+0000] {dag.py:3722} INFO - Setting next_dagrun for Train_Model to None, run_after=None
[2025-05-06T00:41:02.036+0000] {processor.py:179} INFO - Processing /opt/airflow/dags/Train_Data.py took 4.331 seconds
[2025-05-06T00:41:32.733+0000] {processor.py:157} INFO - Started process (PID=24985) to work on /opt/airflow/dags/Train_Data.py
[2025-05-06T00:41:32.739+0000] {processor.py:829} INFO - Processing file /opt/airflow/dags/Train_Data.py for tasks to queue
[2025-05-06T00:41:32.741+0000] {logging_mixin.py:154} INFO - [2025-05-06T00:41:32.740+0000] {dagbag.py:536} INFO - Filling up the DagBag from /opt/airflow/dags/Train_Data.py
[2025-05-06T00:41:38.324+0000] {processor.py:839} INFO - DAG(s) dict_keys(['Train_Model']) retrieved from /opt/airflow/dags/Train_Data.py
[2025-05-06T00:41:38.434+0000] {logging_mixin.py:154} INFO - [2025-05-06T00:41:38.433+0000] {dag.py:2941} INFO - Sync 1 DAGs
[2025-05-06T00:41:38.561+0000] {logging_mixin.py:154} INFO - [2025-05-06T00:41:38.561+0000] {dag.py:3722} INFO - Setting next_dagrun for Train_Model to None, run_after=None
[2025-05-06T00:41:38.724+0000] {processor.py:179} INFO - Processing /opt/airflow/dags/Train_Data.py took 6.006 seconds
[2025-05-06T00:42:09.633+0000] {processor.py:157} INFO - Started process (PID=25006) to work on /opt/airflow/dags/Train_Data.py
[2025-05-06T00:42:09.636+0000] {processor.py:829} INFO - Processing file /opt/airflow/dags/Train_Data.py for tasks to queue
[2025-05-06T00:42:09.637+0000] {logging_mixin.py:154} INFO - [2025-05-06T00:42:09.637+0000] {dagbag.py:536} INFO - Filling up the DagBag from /opt/airflow/dags/Train_Data.py
[2025-05-06T00:42:17.775+0000] {processor.py:839} INFO - DAG(s) dict_keys(['Train_Model']) retrieved from /opt/airflow/dags/Train_Data.py
[2025-05-06T00:42:17.902+0000] {logging_mixin.py:154} INFO - [2025-05-06T00:42:17.899+0000] {dag.py:2941} INFO - Sync 1 DAGs
[2025-05-06T00:42:17.992+0000] {logging_mixin.py:154} INFO - [2025-05-06T00:42:17.991+0000] {dag.py:3722} INFO - Setting next_dagrun for Train_Model to None, run_after=None
[2025-05-06T00:42:18.123+0000] {processor.py:179} INFO - Processing /opt/airflow/dags/Train_Data.py took 8.505 seconds
[2025-05-06T00:42:48.776+0000] {processor.py:157} INFO - Started process (PID=25027) to work on /opt/airflow/dags/Train_Data.py
[2025-05-06T00:42:48.785+0000] {processor.py:829} INFO - Processing file /opt/airflow/dags/Train_Data.py for tasks to queue
[2025-05-06T00:42:48.788+0000] {logging_mixin.py:154} INFO - [2025-05-06T00:42:48.786+0000] {dagbag.py:536} INFO - Filling up the DagBag from /opt/airflow/dags/Train_Data.py
[2025-05-06T00:42:58.175+0000] {processor.py:839} INFO - DAG(s) dict_keys(['Train_Model']) retrieved from /opt/airflow/dags/Train_Data.py
[2025-05-06T00:42:58.374+0000] {logging_mixin.py:154} INFO - [2025-05-06T00:42:58.368+0000] {dag.py:2941} INFO - Sync 1 DAGs
[2025-05-06T00:42:58.440+0000] {logging_mixin.py:154} INFO - [2025-05-06T00:42:58.439+0000] {dag.py:3722} INFO - Setting next_dagrun for Train_Model to None, run_after=None
[2025-05-06T00:42:58.514+0000] {processor.py:179} INFO - Processing /opt/airflow/dags/Train_Data.py took 9.749 seconds
[2025-05-06T00:43:29.232+0000] {processor.py:157} INFO - Started process (PID=25052) to work on /opt/airflow/dags/Train_Data.py
[2025-05-06T00:43:29.237+0000] {processor.py:829} INFO - Processing file /opt/airflow/dags/Train_Data.py for tasks to queue
[2025-05-06T00:43:29.239+0000] {logging_mixin.py:154} INFO - [2025-05-06T00:43:29.238+0000] {dagbag.py:536} INFO - Filling up the DagBag from /opt/airflow/dags/Train_Data.py
[2025-05-06T00:43:40.078+0000] {processor.py:839} INFO - DAG(s) dict_keys(['Train_Model']) retrieved from /opt/airflow/dags/Train_Data.py
[2025-05-06T00:43:40.156+0000] {logging_mixin.py:154} INFO - [2025-05-06T00:43:40.153+0000] {dag.py:2941} INFO - Sync 1 DAGs
[2025-05-06T00:43:40.188+0000] {logging_mixin.py:154} INFO - [2025-05-06T00:43:40.188+0000] {dag.py:3722} INFO - Setting next_dagrun for Train_Model to None, run_after=None
[2025-05-06T00:43:40.247+0000] {processor.py:179} INFO - Processing /opt/airflow/dags/Train_Data.py took 11.041 seconds
[2025-05-06T00:44:11.821+0000] {processor.py:157} INFO - Started process (PID=25076) to work on /opt/airflow/dags/Train_Data.py
[2025-05-06T00:44:11.824+0000] {processor.py:829} INFO - Processing file /opt/airflow/dags/Train_Data.py for tasks to queue
[2025-05-06T00:44:11.826+0000] {logging_mixin.py:154} INFO - [2025-05-06T00:44:11.825+0000] {dagbag.py:536} INFO - Filling up the DagBag from /opt/airflow/dags/Train_Data.py
[2025-05-06T00:44:18.821+0000] {processor.py:839} INFO - DAG(s) dict_keys(['Train_Model']) retrieved from /opt/airflow/dags/Train_Data.py
[2025-05-06T00:44:18.858+0000] {logging_mixin.py:154} INFO - [2025-05-06T00:44:18.857+0000] {dag.py:2941} INFO - Sync 1 DAGs
[2025-05-06T00:44:18.879+0000] {logging_mixin.py:154} INFO - [2025-05-06T00:44:18.878+0000] {dag.py:3722} INFO - Setting next_dagrun for Train_Model to None, run_after=None
[2025-05-06T00:44:18.925+0000] {processor.py:179} INFO - Processing /opt/airflow/dags/Train_Data.py took 7.127 seconds
[2025-05-06T00:44:49.719+0000] {processor.py:157} INFO - Started process (PID=25103) to work on /opt/airflow/dags/Train_Data.py
[2025-05-06T00:44:49.726+0000] {processor.py:829} INFO - Processing file /opt/airflow/dags/Train_Data.py for tasks to queue
[2025-05-06T00:44:49.728+0000] {logging_mixin.py:154} INFO - [2025-05-06T00:44:49.727+0000] {dagbag.py:536} INFO - Filling up the DagBag from /opt/airflow/dags/Train_Data.py
[2025-05-06T00:44:55.073+0000] {processor.py:839} INFO - DAG(s) dict_keys(['Train_Model']) retrieved from /opt/airflow/dags/Train_Data.py
[2025-05-06T00:44:55.142+0000] {logging_mixin.py:154} INFO - [2025-05-06T00:44:55.141+0000] {dag.py:2941} INFO - Sync 1 DAGs
[2025-05-06T00:44:55.174+0000] {logging_mixin.py:154} INFO - [2025-05-06T00:44:55.174+0000] {dag.py:3722} INFO - Setting next_dagrun for Train_Model to None, run_after=None
[2025-05-06T00:44:55.231+0000] {processor.py:179} INFO - Processing /opt/airflow/dags/Train_Data.py took 5.528 seconds
[2025-05-06T00:45:26.017+0000] {processor.py:157} INFO - Started process (PID=25124) to work on /opt/airflow/dags/Train_Data.py
[2025-05-06T00:45:26.022+0000] {processor.py:829} INFO - Processing file /opt/airflow/dags/Train_Data.py for tasks to queue
[2025-05-06T00:45:26.024+0000] {logging_mixin.py:154} INFO - [2025-05-06T00:45:26.023+0000] {dagbag.py:536} INFO - Filling up the DagBag from /opt/airflow/dags/Train_Data.py
[2025-05-06T00:45:31.274+0000] {processor.py:839} INFO - DAG(s) dict_keys(['Train_Model']) retrieved from /opt/airflow/dags/Train_Data.py
[2025-05-06T00:45:31.340+0000] {logging_mixin.py:154} INFO - [2025-05-06T00:45:31.339+0000] {dag.py:2941} INFO - Sync 1 DAGs
[2025-05-06T00:45:31.362+0000] {logging_mixin.py:154} INFO - [2025-05-06T00:45:31.361+0000] {dag.py:3722} INFO - Setting next_dagrun for Train_Model to None, run_after=None
[2025-05-06T00:45:31.396+0000] {processor.py:179} INFO - Processing /opt/airflow/dags/Train_Data.py took 5.404 seconds
[2025-05-06T00:46:02.078+0000] {processor.py:157} INFO - Started process (PID=25145) to work on /opt/airflow/dags/Train_Data.py
[2025-05-06T00:46:02.082+0000] {processor.py:829} INFO - Processing file /opt/airflow/dags/Train_Data.py for tasks to queue
[2025-05-06T00:46:02.083+0000] {logging_mixin.py:154} INFO - [2025-05-06T00:46:02.083+0000] {dagbag.py:536} INFO - Filling up the DagBag from /opt/airflow/dags/Train_Data.py
[2025-05-06T00:46:06.854+0000] {processor.py:839} INFO - DAG(s) dict_keys(['Train_Model']) retrieved from /opt/airflow/dags/Train_Data.py
[2025-05-06T00:46:06.919+0000] {logging_mixin.py:154} INFO - [2025-05-06T00:46:06.917+0000] {dag.py:2941} INFO - Sync 1 DAGs
[2025-05-06T00:46:06.941+0000] {logging_mixin.py:154} INFO - [2025-05-06T00:46:06.941+0000] {dag.py:3722} INFO - Setting next_dagrun for Train_Model to None, run_after=None
[2025-05-06T00:46:06.988+0000] {processor.py:179} INFO - Processing /opt/airflow/dags/Train_Data.py took 4.922 seconds
[2025-05-06T00:46:37.603+0000] {processor.py:157} INFO - Started process (PID=25166) to work on /opt/airflow/dags/Train_Data.py
[2025-05-06T00:46:37.606+0000] {processor.py:829} INFO - Processing file /opt/airflow/dags/Train_Data.py for tasks to queue
[2025-05-06T00:46:37.608+0000] {logging_mixin.py:154} INFO - [2025-05-06T00:46:37.607+0000] {dagbag.py:536} INFO - Filling up the DagBag from /opt/airflow/dags/Train_Data.py
[2025-05-06T00:46:42.739+0000] {processor.py:839} INFO - DAG(s) dict_keys(['Train_Model']) retrieved from /opt/airflow/dags/Train_Data.py
[2025-05-06T00:46:42.808+0000] {logging_mixin.py:154} INFO - [2025-05-06T00:46:42.807+0000] {dag.py:2941} INFO - Sync 1 DAGs
[2025-05-06T00:46:42.849+0000] {logging_mixin.py:154} INFO - [2025-05-06T00:46:42.849+0000] {dag.py:3722} INFO - Setting next_dagrun for Train_Model to None, run_after=None
[2025-05-06T00:46:42.905+0000] {processor.py:179} INFO - Processing /opt/airflow/dags/Train_Data.py took 5.312 seconds
